Build started 1/20/2015 3:10:47 PM.
     1>Project "E:\Project\Openh264\Source_WP8\codec\build\windowsphone\dec\DecoderRTComponent.vcxproj" on node 2 (Build target(s)).
     1>Building with tools version "12.0".
     1>Target "_CheckForInvalidConfigurationAndPlatform" in file "C:\Program Files (x86)\MSBuild\12.0\bin\Microsoft.Common.CurrentVersion.targets" from project "E:\Project\Openh264\Source_WP8\codec\build\windowsphone\dec\DecoderRTComponent.vcxproj" (entry point):
       Task "Error" skipped, due to false condition; ( '$(_InvalidConfigurationError)' == 'true' ) was evaluated as ( '' == 'true' ).
       Task "Warning" skipped, due to false condition; ( '$(_InvalidConfigurationWarning)' == 'true' ) was evaluated as ( '' == 'true' ).
       Task "Message"
         Configuration=Release
       Done executing task "Message".
       Task "Message"
         Platform=ARM
       Done executing task "Message".
       Task "Error" skipped, due to false condition; ('$(OutDir)' != '' and !HasTrailingSlash('$(OutDir)')) was evaluated as ('..\..\..\..\bin\ARM\Release\' != '' and !HasTrailingSlash('..\..\..\..\bin\ARM\Release\')).
       Task "Error" skipped, due to false condition; ('$(BaseIntermediateOutputPath)' != '' and !HasTrailingSlash('$(BaseIntermediateOutputPath)')) was evaluated as ('obj\' != '' and !HasTrailingSlash('obj\')).
       Task "Error" skipped, due to false condition; ('$(IntermediateOutputPath)' != '' and !HasTrailingSlash('$(IntermediateOutputPath)')) was evaluated as ('ARM\Release\' != '' and !HasTrailingSlash('ARM\Release\')).
     1>Done building target "_CheckForInvalidConfigurationAndPlatform" in project "DecoderRTComponent.vcxproj".
     1>Target "MSBuild64BitCheck" in file "C:\Program Files (x86)\MSBuild\Microsoft\WindowsPhone\v8.0\Microsoft.Cpp.WindowsPhone.8.0.targets" from project "E:\Project\Openh264\Source_WP8\codec\build\windowsphone\dec\DecoderRTComponent.vcxproj" (entry point):
       Task "Error" skipped, due to false condition; ('$([System.Environment]::Is64BitProcess)'=='True') was evaluated as ('False'=='True').
     1>Done building target "MSBuild64BitCheck" in project "DecoderRTComponent.vcxproj".
     1>Target "_PrepareForBuild" in file "C:\Program Files (x86)\MSBuild\Microsoft.Cpp\v4.0\V110\Microsoft.BuildSteps.Targets" from project "E:\Project\Openh264\Source_WP8\codec\build\windowsphone\dec\DecoderRTComponent.vcxproj" (target "Build" depends on it):
       Task "CreateItem" skipped, due to false condition; ('%(CustomBuild.IncludeFileToTool)'!='') was evaluated as (''!='').
     1>Done building target "_PrepareForBuild" in project "DecoderRTComponent.vcxproj".
     1>Target "_PrepareForReferenceResolution" in file "C:\Program Files (x86)\MSBuild\Microsoft.Cpp\v4.0\V110\Microsoft.CppBuild.targets" from project "E:\Project\Openh264\Source_WP8\codec\build\windowsphone\dec\DecoderRTComponent.vcxproj" (target "ResolveReferences" depends on it):
       Task "Message" skipped, due to false condition; ('$(_REFERENCE_DEBUG)'=='true') was evaluated as (''=='true').
     1>Done building target "_PrepareForReferenceResolution" in project "DecoderRTComponent.vcxproj".
       Target "ComputeCrtSDKReference" skipped, due to false condition; ('@(ClCompile)'!='' and '$(WindowsAppContainer)'=='true' and '$(UseCrtSDKReference)' != 'false') was evaluated as ('..\..\..\console\common\src\read_config.cpp;..\..\..\console\dec\src\d3d9_utils.cpp;..\..\..\console\dec\src\h264dec.cpp;DecoderRTComponent\DecoderRTComponent.cpp'!='' and 'false'=='true' and 'false' != 'false').
     1>Target "BeforeResolveReferences" in file "C:\Program Files (x86)\MSBuild\12.0\bin\Microsoft.Common.CurrentVersion.targets" from project "E:\Project\Openh264\Source_WP8\codec\build\windowsphone\dec\DecoderRTComponent.vcxproj" (target "ResolveReferences" depends on it):
     1>Done building target "BeforeResolveReferences" in project "DecoderRTComponent.vcxproj".
     1>Target "AssignProjectConfiguration" in file "C:\Program Files (x86)\MSBuild\12.0\bin\Microsoft.Common.CurrentVersion.targets" from project "E:\Project\Openh264\Source_WP8\codec\build\windowsphone\dec\DecoderRTComponent.vcxproj" (target "ResolveReferences" depends on it):
       Task "AssignProjectConfiguration"
       Done executing task "AssignProjectConfiguration".
     1>Done building target "AssignProjectConfiguration" in project "DecoderRTComponent.vcxproj".
       Target "AssignProjectConfiguration" skipped. Previously built successfully.
     1>Target "_SplitProjectReferencesByFileExistence" in file "C:\Program Files (x86)\MSBuild\12.0\bin\Microsoft.Common.CurrentVersion.targets" from project "E:\Project\Openh264\Source_WP8\codec\build\windowsphone\dec\DecoderRTComponent.vcxproj" (target "ResolveProjectReferences" depends on it):
       Task "ResolveNonMSBuildProjectOutput" skipped, due to false condition; ('$(BuildingInsideVisualStudio)'=='true' and '@(ProjectReferenceWithConfiguration)'!='') was evaluated as ('true'=='true' and ''!='').
     1>Done building target "_SplitProjectReferencesByFileExistence" in project "DecoderRTComponent.vcxproj".
       Target "_RemoveNameMetadataFromProjectReferenceItems" skipped, due to false condition; ('@(ProjectReference)'!='') was evaluated as (''!='').
     1>Target "ResolveProjectReferences" in file "C:\Program Files (x86)\MSBuild\12.0\bin\Microsoft.Common.CurrentVersion.targets" from project "E:\Project\Openh264\Source_WP8\codec\build\windowsphone\dec\DecoderRTComponent.vcxproj" (target "ResolveReferences" depends on it):
       Task "MSBuild" skipped, due to false condition; ('%(_MSBuildProjectReferenceExistent.BuildReference)' == 'true' and '@(ProjectReferenceWithConfiguration)' != '' and ('$(BuildingInsideVisualStudio)' == 'true' or '$(BuildProjectReferences)' != 'true') and '$(VisualStudioVersion)' != '10.0' and '@(_MSBuildProjectReferenceExistent)' != '') was evaluated as ('' == 'true' and '' != '' and ('true' == 'true' or 'true' != 'true') and '12.0' != '10.0' and '' != '').
       Task "MSBuild" skipped, due to false condition; ('%(_MSBuildProjectReferenceExistent.BuildReference)' == 'true' and '@(ProjectReferenceWithConfiguration)' != '' and ('$(BuildingInsideVisualStudio)' == 'true' or '$(BuildProjectReferences)' != 'true') and '$(VisualStudioVersion)' == '10.0' and '@(_MSBuildProjectReferenceExistent)' != '') was evaluated as ('' == 'true' and '' != '' and ('true' == 'true' or 'true' != 'true') and '12.0' == '10.0' and '' != '').
       Task "MSBuild" skipped, due to false condition; ('%(_MSBuildProjectReferenceExistent.BuildReference)' == 'true' and '@(ProjectReferenceWithConfiguration)' != '' and '$(BuildingInsideVisualStudio)' != 'true' and '$(BuildProjectReferences)' == 'true' and '@(_MSBuildProjectReferenceExistent)' != '') was evaluated as ('' == 'true' and '' != '' and 'true' != 'true' and 'true' == 'true' and '' != '').
       Task "MSBuild" skipped, due to false condition; ('%(_MSBuildProjectReferenceExistent.BuildReference)' == 'true' and '@(ProjectReferenceWithConfiguration)' != '' and '$(BuildingProject)' == 'true' and '@(_MSBuildProjectReferenceExistent)' != '') was evaluated as ('' == 'true' and '' != '' and 'true' == 'true' and '' != '').
       Task "Warning" skipped, due to false condition; ('@(ProjectReferenceWithConfiguration)' != '' and '@(_MSBuildProjectReferenceNonexistent)' != '') was evaluated as ('' != '' and '' != '').
     1>Done building target "ResolveProjectReferences" in project "DecoderRTComponent.vcxproj".
       Target "FindInvalidProjectReferences" skipped, due to false condition; ('$(FindInvalidProjectReferences)' == 'true') was evaluated as ('' == 'true').
       Target "ResolveNativeReferences" skipped, due to false condition; ('@(NativeReference)'!='') was evaluated as (''!='').
       Target "_PrepareForReferenceResolution" skipped. Previously built successfully.
     1>Target "GetFrameworkPaths" in file "C:\Program Files (x86)\MSBuild\12.0\bin\Microsoft.Common.CurrentVersion.targets" from project "E:\Project\Openh264\Source_WP8\codec\build\windowsphone\dec\DecoderRTComponent.vcxproj" (target "ResolveAssemblyReferences" depends on it):
     1>Done building target "GetFrameworkPaths" in project "DecoderRTComponent.vcxproj".
     1>Target "GetReferenceAssemblyPaths" in file "C:\Program Files (x86)\MSBuild\12.0\bin\Microsoft.Common.CurrentVersion.targets" from project "E:\Project\Openh264\Source_WP8\codec\build\windowsphone\dec\DecoderRTComponent.vcxproj" (target "ResolveAssemblyReferences" depends on it):
       Task "GetReferenceAssemblyPaths" skipped, due to false condition; ('$(TargetFrameworkMoniker)' != '' and ('$(_TargetFrameworkDirectories)' == '' or '$(_FullFrameworkReferenceAssemblyPaths)' == '')) was evaluated as ('' != '' and ('' == '' or '' == '')).
     1>Done building target "GetReferenceAssemblyPaths" in project "DecoderRTComponent.vcxproj".
     1>Target "SetBuildDefaultEnvironmentVariables" in file "C:\Program Files (x86)\MSBuild\Microsoft.Cpp\v4.0\V120\Microsoft.Cpp.targets" from project "E:\Project\Openh264\Source_WP8\codec\build\windowsphone\dec\DecoderRTComponent.vcxproj" (target "PrepareForBuild" depends on it):
       Using "SetEnv" task from assembly "C:\Program Files (x86)\MSBuild\Microsoft.Cpp\v4.0\V120\Microsoft.Build.CppTasks.Common.dll".
       Task "SetEnv"
         PATH=C:\Program Files (x86)\Microsoft Visual Studio 11.0\VC\WPSDK\WP80\bin\x86_arm;C:\Program Files (x86)\Microsoft Visual Studio 11.0\VC\WPSDK\WP80\bin;C:\Program Files (x86)\Windows Phone Kits\8.0\bin\x86;;C:\Program Files (x86)\Microsoft SDKs\Windows\v8.0A\bin\NETFX 4.0 Tools;C:\Program Files (x86)\Windows Kits\8.0\bin\arm;C:\Program Files (x86)\Windows Kits\8.0\bin\x86;C:\Program Files (x86)\Microsoft Visual Studio 11.0\Common7\Tools\bin;C:\Program Files (x86)\Microsoft Visual Studio 11.0\Common7\tools;C:\Program Files (x86)\Microsoft Visual Studio 11.0\Common7\ide;C:\Program Files (x86)\HTML Help Workshop;C:\Program Files (x86)\MSBuild\12.0\bin\;C:\Program Files (x86)\Microsoft Visual Studio 11.0\;C:\Windows\SysWow64;;C:\Program Files (x86)\Microsoft Visual Studio 12.0\Common7\IDE\CommonExtensions\Microsoft\TeamFoundation\Team Explorer\NativeBinaries/x86;C:\Windows\system32;C:\Windows;C:\Windows\System32\Wbem;C:\Windows\System32\WindowsPowerShell\v1.0\;C:\Program Files (x86)\Windows Kits\8.1\Windows Performance Toolkit\;C:\Program Files\Microsoft SQL Server\110\Tools\Binn\;C:\Program Files (x86)\Microsoft SDKs\TypeScript\1.0\;C:\Program Files\Microsoft SQL Server\120\Tools\Binn\;C:\Program Files\TortoiseSVN\bin;;C:\Windows\Microsoft.NET\Framework\v4.0.30319\;
       Done executing task "SetEnv".
       Task "SetEnv"
         LIB=C:\Program Files (x86)\Microsoft Visual Studio 11.0\VC\WPSDK\WP80\lib\arm;C:\Program Files (x86)\Windows Phone Kits\8.0\lib\arm;;
       Done executing task "SetEnv".
       Task "SetEnv"
         LIBPATH=C:\Program Files (x86)\Microsoft Visual Studio 11.0\VC\WPSDK\WP80\lib\arm
       Done executing task "SetEnv".
       Task "SetEnv"
         INCLUDE=C:\Program Files (x86)\Microsoft Visual Studio 11.0\VC\WPSDK\WP80\include;C:\Program Files (x86)\Windows Phone Kits\8.0\Include;C:\Program Files (x86)\Windows Phone Kits\8.0\Include\abi;C:\Program Files (x86)\Windows Phone Kits\8.0\Include\mincore;C:\Program Files (x86)\Windows Phone Kits\8.0\Include\minwin;C:\Program Files (x86)\Windows Phone Kits\8.0\Include\wrl;;
       Done executing task "SetEnv".
     1>Done building target "SetBuildDefaultEnvironmentVariables" in project "DecoderRTComponent.vcxproj".
       Target "SetUserMacroEnvironmentVariables" skipped, due to false condition; ('@(BuildMacro)' != '') was evaluated as ('' != '').
     1>Target "GetResolvedWinMD" in file "C:\Program Files (x86)\MSBuild\Microsoft.Cpp\v4.0\V110\Microsoft.CppBuild.targets" from project "E:\Project\Openh264\Source_WP8\codec\build\windowsphone\dec\DecoderRTComponent.vcxproj" (target "PrepareForBuild" depends on it):
     1>Done building target "GetResolvedWinMD" in project "DecoderRTComponent.vcxproj".
     1>Target "PlatformPrepareForBuild" in file "C:\Program Files (x86)\MSBuild\Microsoft.Cpp\v4.0\V120\Microsoft.Cpp.Platform.targets" from project "E:\Project\Openh264\Source_WP8\codec\build\windowsphone\dec\DecoderRTComponent.vcxproj" (target "PrepareForBuild" depends on it):
       Task "VCMessage" skipped, due to false condition; ('$(_Error64bitToolsNotInstalled)' == 'true') was evaluated as ('' == 'true').
       Task "VCMessage" skipped, due to false condition; ('$(ConfigurationPlatformExists)' != 'true') was evaluated as ('true' != 'true').
       Task "VCMessage" skipped, due to false condition; ('$(ToolsetTargetsFound)' != 'true') was evaluated as ('true' != 'true').
     1>Done building target "PlatformPrepareForBuild" in project "DecoderRTComponent.vcxproj".
       Target "PlatformPrepareForBuild" skipped. Previously built successfully.
       Target "GetFrameworkPaths" skipped. Previously built successfully.
       Target "GetReferenceAssemblyPaths" skipped. Previously built successfully.
       Target "AssignLinkMetadata" skipped, due to false condition; ( '$(SynthesizeLinkMetadata)' == 'true' ) was evaluated as ( '' == 'true' ).
     1>Target "SetCABuildNativeEnvironmentVariables" in file "C:\Program Files (x86)\MSBuild\Microsoft\VisualStudio\v12.0\CodeAnalysis\Microsoft.CodeAnalysis.targets" from project "E:\Project\Openh264\Source_WP8\codec\build\windowsphone\dec\DecoderRTComponent.vcxproj" (target "PrepareForBuild" depends on it):
       Initializing task factory "CodeTaskFactory" from assembly "C:\Program Files (x86)\MSBuild\12.0\bin\Microsoft.Build.Tasks.v12.0.dll".
       Using "SetEnvironmentVariable" task from the task factory "Code Task Factory".
       Task "SetEnvironmentVariable"
       Done executing task "SetEnvironmentVariable".
     1>Done building target "SetCABuildNativeEnvironmentVariables" in project "DecoderRTComponent.vcxproj".
     1>Target "PrepareForBuild" in file "C:\Program Files (x86)\MSBuild\Microsoft.Cpp\v4.0\V110\Microsoft.CppBuild.targets" from project "E:\Project\Openh264\Source_WP8\codec\build\windowsphone\dec\DecoderRTComponent.vcxproj" (target "ResolveAssemblyReferences" depends on it):
       Task "VCMessage" skipped, due to false condition; ('$(DesignTimeBuild)'!='true' and '$(ConfigurationPlatformExists)' != 'true') was evaluated as (''!='true' and 'true' != 'true').
       Task "MakeDir"
       Done executing task "MakeDir".
       Task "VCMessage" skipped, due to false condition; ('$(DesignTimeBuild)'!='true' and '$(WindowsAppContainer)'=='true' and '$(ConfigurationType)'!='Application' and '$(ConfigurationType)'!='DynamicLibrary' and '$(ConfigurationType)'!='StaticLibrary') was evaluated as (''!='true' and 'false'=='true' and 'DynamicLibrary'!='Application' and 'DynamicLibrary'!='DynamicLibrary' and 'DynamicLibrary'!='StaticLibrary').
       Task "VCMessage" skipped, due to false condition; ('$(DesignTimeBuild)'!='true' and '$(VCInstallDir)'=='' and '$(UseEnv)' != 'true' and ($(TargetFrameworkVersion)=='v3.5' or $(TargetFrameworkVersion)=='v3.0' or $(TargetFrameworkVersion)=='v2.0' )) was evaluated as (''!='true' and 'C:\Program Files (x86)\Microsoft Visual Studio 11.0\VC\'=='' and '' != 'true' and (v8.0=='v3.5' or v8.0=='v3.0' or v8.0=='v2.0' )).
       Task "VCMessage" skipped, due to false condition; ('$(DesignTimeBuild)'!='true' and '$(VCInstallDir)'=='' and '$(UseEnv)' != 'true' and '$(PlatformToolset)'=='v90') was evaluated as (''!='true' and 'C:\Program Files (x86)\Microsoft Visual Studio 11.0\VC\'=='' and '' != 'true' and 'v110_wp80'=='v90').
       Task "VCMessage" skipped, due to false condition; ('$(VCInstallDir)'=='' and '$(UseEnv)' != 'true') was evaluated as ('C:\Program Files (x86)\Microsoft Visual Studio 11.0\VC\'=='' and '' != 'true').
       Task "VCMessage" skipped, due to false condition; ('$(WindowsSDKDir)'=='' and '$(UseEnv)' != 'true') was evaluated as ('C:\Program Files (x86)\Windows Phone Kits\8.0\'=='' and '' != 'true').
       Task "VCMessage" skipped, due to false condition; ('$(IntDirTrailingSlashWarning)'=='true') was evaluated as (''=='true').
       Task "VCMessage" skipped, due to false condition; ('$(OutDirTrailingSlashWarning)'=='true') was evaluated as (''=='true').
       Task "VCMessage" skipped, due to false condition; ('%(CompatibilityIssues.Identity)' != '' and '$(DesignTimeBuild)'!='true') was evaluated as ('' != '' and ''!='true').
       Task "MakeDir"
       Done executing task "MakeDir".
     1>Done building target "PrepareForBuild" in project "DecoderRTComponent.vcxproj".
       Target "_PrepareForReferenceResolution" skipped. Previously built successfully.
       Target "ComputeCrtSDKReference" skipped, due to false condition; ('@(ClCompile)'!='' and '$(WindowsAppContainer)'=='true' and '$(UseCrtSDKReference)' != 'false') was evaluated as ('..\..\..\console\common\src\read_config.cpp;..\..\..\console\dec\src\d3d9_utils.cpp;..\..\..\console\dec\src\h264dec.cpp;DecoderRTComponent\DecoderRTComponent.cpp'!='' and 'false'=='true' and 'false' != 'false').
     1>Target "GetInstalledSDKLocations" in file "C:\Program Files (x86)\MSBuild\12.0\bin\Microsoft.Common.CurrentVersion.targets" from project "E:\Project\Openh264\Source_WP8\codec\build\windowsphone\dec\DecoderRTComponent.vcxproj" (target "ResolveSDKReferences" depends on it):
       Task "GetInstalledSDKLocations" skipped, due to false condition; ('@(SDKReference)' != '') was evaluated as ('' != '').
     1>Done building target "GetInstalledSDKLocations" in project "DecoderRTComponent.vcxproj".
     1>Target "ResolveSDKReferences" in file "C:\Program Files (x86)\MSBuild\12.0\bin\Microsoft.Common.CurrentVersion.targets" from project "E:\Project\Openh264\Source_WP8\codec\build\windowsphone\dec\DecoderRTComponent.vcxproj" (target "ResolveAssemblyReferences" depends on it):
       Task "ResolveSDKReference" skipped, due to false condition; ('@(SDKReference)'!='') was evaluated as (''!='').
     1>Done building target "ResolveSDKReferences" in project "DecoderRTComponent.vcxproj".
       Target "ResolveSDKReferences" skipped. Previously built successfully.
     1>Target "ExpandSDKReferences" in file "C:\Program Files (x86)\MSBuild\12.0\bin\Microsoft.Common.CurrentVersion.targets" from project "E:\Project\Openh264\Source_WP8\codec\build\windowsphone\dec\DecoderRTComponent.vcxproj" (target "ResolveAssemblyReferences" depends on it):
       Task "GetSDKReferenceFiles" skipped, due to false condition; ('@(ResolvedSDKReference)'!='') was evaluated as (''!='').
     1>Done building target "ExpandSDKReferences" in project "DecoderRTComponent.vcxproj".
     1>Target "ResolveAssemblyReferences" in file "C:\Program Files (x86)\MSBuild\12.0\bin\Microsoft.Common.CurrentVersion.targets" from project "E:\Project\Openh264\Source_WP8\codec\build\windowsphone\dec\DecoderRTComponent.vcxproj" (target "ResolveReferences" depends on it):
       Task "ResolveAssemblyReference"
         TargetFrameworkMoniker:
             
         TargetFrameworkMonikerDisplayName:
             
         TargetedRuntimeVersion:
             
         Assemblies:
             platform.winmd
                 Private = 'false'
             C:\Program Files (x86)\Windows Phone Kits\8.0\Windows Metadata\Windows.winmd
         AssemblyFiles:
         CandidateAssemblyFiles:
         TargetFrameworkDirectories:
             C:\Program Files (x86)\Windows Phone Kits\8.0\Windows Metadata
         InstalledAssemblyTables:
         IgnoreInstalledAssemblyTable:
             False
         SearchPaths:
             {CandidateAssemblyFiles}
             C:\Program Files (x86)\Microsoft Visual Studio 11.0\VC\WPSDK\WP80\lib\arm
             {HintPathFromItem}
             {TargetFrameworkDirectory}
             {Registry:Software\Microsoft\,,AssemblyFoldersEx}
             {GAC}
             {RawFileName}
             ..\..\..\..\bin\ARM\Release\
         AllowedAssemblyExtensions:
             .winmd
             .dll
             .exe
         AllowedRelatedFileExtensions:
             .pdb
             .xml
             .pri
         AppConfigFile:
             
         AutoUnify:
             True
         CopyLocalDependenciesWhenParentReferenceInGac:
             True
         FindDependencies:
             False
         TargetProcessorArchitecture:
             arm
         StateFile:
             ARM\Release\DecoderRTComponent.vcxprojResolveAssemblyReference.cache
         InstalledAssemblySubsetTables:
         IgnoreInstalledAssemblySubsetTable:
             False
         TargetFrameworkSubsets:
         FullTargetFrameworkSubsetNames:
             Full
         ProfileName:
             
         FullFrameworkFolders:
         LatestTargetFrameworkDirectories:
         ProfileTablesLocation:
         Primary reference "platform, Version=255.255.255.255, Culture=neutral, PublicKeyToken=null, ContentType=WindowsRuntime".
             Resolved file path is "C:\Program Files (x86)\Microsoft Visual Studio 11.0\VC\WPSDK\WP80\lib\arm\platform.winmd".
             Reference found at search path location "C:\Program Files (x86)\Microsoft Visual Studio 11.0\VC\WPSDK\WP80\lib\arm".
                 For SearchPath "C:\Program Files (x86)\Microsoft Visual Studio 11.0\VC\WPSDK\WP80\lib\arm".
                 Considered "C:\Program Files (x86)\Microsoft Visual Studio 11.0\VC\WPSDK\WP80\lib\arm\platform.winmd.winmd", but it didn't exist.
                 Considered "C:\Program Files (x86)\Microsoft Visual Studio 11.0\VC\WPSDK\WP80\lib\arm\platform.winmd.dll", but it didn't exist.
                 Considered "C:\Program Files (x86)\Microsoft Visual Studio 11.0\VC\WPSDK\WP80\lib\arm\platform.winmd.exe", but it didn't exist.
             This reference is not "CopyLocal" because at least one source item had "Private" set to "false" and no source items had "Private" set to "true".
             The ImageRuntimeVersion for this reference is "WindowsRuntime 1.2;Native code 1.2".
             This reference is a WinMDFile.
         Primary reference "Windows, Version=255.255.255.255, Culture=neutral, PublicKeyToken=null, ContentType=WindowsRuntime".
             Resolved file path is "C:\Program Files (x86)\Windows Phone Kits\8.0\Windows Metadata\Windows.winmd".
             Reference found at search path location "{RawFileName}".
             This reference is not "CopyLocal" because it's in a Frameworks directory.
             The ImageRuntimeVersion for this reference is "WindowsRuntime 1.2".
             This reference is a WinMDFile.
       Done executing task "ResolveAssemblyReference".
     1>Done building target "ResolveAssemblyReferences" in project "DecoderRTComponent.vcxproj".
       Target "GenerateBindingRedirects" skipped, due to false condition; ('$(AutoGenerateBindingRedirects)' == 'true' and '$(GenerateBindingRedirectsOutputType)' == 'true') was evaluated as ('' == 'true' and '' == 'true').
       Target "GenerateBindingRedirectsUpdateAppConfig" skipped, due to false condition; ('$(AutoGenerateBindingRedirects)' == 'true' and '$(GenerateBindingRedirectsOutputType)' == 'true' and Exists('$(_GenerateBindingRedirectsIntermediateAppConfig)')) was evaluated as ('' == 'true' and '' == 'true' and Exists('ARM\Release\DecoderRTComponent.vcxproj.DecoderRTComponent.dll.config')).
       Target "ResolveComReferences" skipped, due to false condition; ('@(COMReference)'!='' or '@(COMFileReference)'!='') was evaluated as (''!='' or ''!='').
     1>Target "AfterResolveReferences" in file "C:\Program Files (x86)\MSBuild\12.0\bin\Microsoft.Common.CurrentVersion.targets" from project "E:\Project\Openh264\Source_WP8\codec\build\windowsphone\dec\DecoderRTComponent.vcxproj" (target "ResolveReferences" depends on it):
     1>Done building target "AfterResolveReferences" in project "DecoderRTComponent.vcxproj".
       Target "ResolveTestReferences" skipped, due to false condition; ('@(Shadow)'!='') was evaluated as (''!='').
     1>Target "ResolveReferences" in file "C:\Program Files (x86)\MSBuild\12.0\bin\Microsoft.Common.CurrentVersion.targets" from project "E:\Project\Openh264\Source_WP8\codec\build\windowsphone\dec\DecoderRTComponent.vcxproj" (target "Build" depends on it):
     1>Done building target "ResolveReferences" in project "DecoderRTComponent.vcxproj".
       Target "PrepareForBuild" skipped. Previously built successfully.
       Target "PrepareForBuild" skipped. Previously built successfully.
     1>Target "InitializeBuildStatus" in file "C:\Program Files (x86)\MSBuild\Microsoft.Cpp\v4.0\V110\Microsoft.CppBuild.targets" from project "E:\Project\Openh264\Source_WP8\codec\build\windowsphone\dec\DecoderRTComponent.vcxproj" (target "Build" depends on it):
       Task "ReadLinesFromFile"
       Done executing task "ReadLinesFromFile".
       Task "WriteLinesToFile"
       Done executing task "WriteLinesToFile".
       Task "Touch"
         Creating "ARM\Release\DecoderRTComponent.unsuccessfulbuild" because "AlwaysCreate" was specified.
       Done executing task "Touch".
     1>Done building target "InitializeBuildStatus" in project "DecoderRTComponent.vcxproj".
       Target "AssignProjectConfiguration" skipped. Previously built successfully.
       Target "_SplitProjectReferencesByFileExistence" skipped. Previously built successfully.
     1>Target "BuildGenerateSourcesTraverse" in file "C:\Program Files (x86)\MSBuild\12.0\bin\Microsoft.Common.CurrentVersion.targets" from project "E:\Project\Openh264\Source_WP8\codec\build\windowsphone\dec\DecoderRTComponent.vcxproj" (target "BuildGenerateSources" depends on it):
       Task "MSBuild" skipped, due to false condition; ('$(BuildPassReferences)' == 'true' and '@(ProjectReferenceWithConfiguration)' != '' and '@(_MSBuildProjectReferenceExistent)' != '' and '%(_MSBuildProjectReferenceExistent.BuildReference)' == 'true') was evaluated as ('' == 'true' and '' != '' and '' != '' and '' == 'true').
     1>Done building target "BuildGenerateSourcesTraverse" in project "DecoderRTComponent.vcxproj".
       Target "PrepareForBuild" skipped. Previously built successfully.
       Target "ResolveReferences" skipped. Previously built successfully.
     1>Target "BeforeBuildGenerateSources" in file "C:\Program Files (x86)\MSBuild\Microsoft.Cpp\v4.0\V110\Microsoft.BuildSteps.Targets" from project "E:\Project\Openh264\Source_WP8\codec\build\windowsphone\dec\DecoderRTComponent.vcxproj" (target "_BuildGenerateSourcesAction" depends on it):
     1>Done building target "BeforeBuildGenerateSources" in project "DecoderRTComponent.vcxproj".
     1>Target "PreBuildEvent" in file "C:\Program Files (x86)\MSBuild\Microsoft.Cpp\v4.0\V110\Microsoft.CppCommon.targets" from project "E:\Project\Openh264\Source_WP8\codec\build\windowsphone\dec\DecoderRTComponent.vcxproj" (target "_BuildGenerateSourcesAction" depends on it):
       Task "Message" skipped, due to false condition; ('%(PreBuildEvent.Message)' != '' and '%(PreBuildEvent.Command)' != '') was evaluated as ('' != '' and '' != '').
       Task "Exec" skipped, due to false condition; ('%(PreBuildEvent.Command)' != '') was evaluated as ('' != '').
     1>Done building target "PreBuildEvent" in project "DecoderRTComponent.vcxproj".
       Target "CustomBuild" skipped, due to false condition; ('@(CustomBuild)' != '') was evaluated as ('' != '').
       Target "FxCompile" skipped, due to false condition; ('@(FxCompile)' != '') was evaluated as ('' != '').
       Target "Xsd" skipped, due to false condition; ('@(Xsd)' != '') was evaluated as ('' != '').
     1>Target "_Xsd" in file "C:\Program Files (x86)\MSBuild\Microsoft.Cpp\v4.0\V110\Microsoft.CppBuild.targets" from project "E:\Project\Openh264\Source_WP8\codec\build\windowsphone\dec\DecoderRTComponent.vcxproj" (target "_BuildGenerateSourcesAction" depends on it):
     1>Done building target "_Xsd" in project "DecoderRTComponent.vcxproj".
     1>Target "MakeDirsForMidl" in file "C:\Program Files (x86)\MSBuild\Microsoft.Cpp\v4.0\V110\Microsoft.CppBuild.targets" from project "E:\Project\Openh264\Source_WP8\codec\build\windowsphone\dec\DecoderRTComponent.vcxproj" (target "_Midl" depends on it):
       Task "Makedir"
       Done executing task "Makedir".
     1>Done building target "MakeDirsForMidl" in project "DecoderRTComponent.vcxproj".
       Target "Midl" skipped, due to false condition; ('@(Midl)' != '') was evaluated as ('' != '').
       Target "CustomBuild" skipped, due to false condition; ('@(CustomBuild)' != '') was evaluated as ('' != '').
       Target "FxCompile" skipped, due to false condition; ('@(FxCompile)' != '') was evaluated as ('' != '').
     1>Target "ComputeMIDLGeneratedCompileInputs" in file "C:\Program Files (x86)\MSBuild\Microsoft.Cpp\v4.0\V110\Microsoft.CppBuild.targets" from project "E:\Project\Openh264\Source_WP8\codec\build\windowsphone\dec\DecoderRTComponent.vcxproj" (target "_Midl" depends on it):
     1>Done building target "ComputeMIDLGeneratedCompileInputs" in project "DecoderRTComponent.vcxproj".
     1>Target "AfterMidl" in file "C:\Program Files (x86)\MSBuild\Microsoft.Cpp\v4.0\V110\Microsoft.CppBuild.targets" from project "E:\Project\Openh264\Source_WP8\codec\build\windowsphone\dec\DecoderRTComponent.vcxproj" (target "_Midl" depends on it):
     1>Done building target "AfterMidl" in project "DecoderRTComponent.vcxproj".
     1>Target "_Midl" in file "C:\Program Files (x86)\MSBuild\Microsoft.Cpp\v4.0\V110\Microsoft.CppBuild.targets" from project "E:\Project\Openh264\Source_WP8\codec\build\windowsphone\dec\DecoderRTComponent.vcxproj" (target "_BuildGenerateSourcesAction" depends on it):
     1>Done building target "_Midl" in project "DecoderRTComponent.vcxproj".
     1>Target "AfterBuildGenerateSources" in file "C:\Program Files (x86)\MSBuild\Microsoft.Cpp\v4.0\V110\Microsoft.BuildSteps.Targets" from project "E:\Project\Openh264\Source_WP8\codec\build\windowsphone\dec\DecoderRTComponent.vcxproj" (target "_BuildGenerateSourcesAction" depends on it):
     1>Done building target "AfterBuildGenerateSources" in project "DecoderRTComponent.vcxproj".
     1>Target "AfterBuildGenerateSourcesEvent" in file "C:\Program Files (x86)\MSBuild\Microsoft.Cpp\v4.0\V110\Microsoft.CppBuild.targets" from project "E:\Project\Openh264\Source_WP8\codec\build\windowsphone\dec\DecoderRTComponent.vcxproj" (target "_BuildGenerateSourcesAction" depends on it):
     1>Done building target "AfterBuildGenerateSourcesEvent" in project "DecoderRTComponent.vcxproj".
     1>Target "_BuildGenerateSourcesAction" in file "C:\Program Files (x86)\MSBuild\Microsoft.Cpp\v4.0\V110\Microsoft.CppBuild.targets" from project "E:\Project\Openh264\Source_WP8\codec\build\windowsphone\dec\DecoderRTComponent.vcxproj" (target "BuildGenerateSources" depends on it):
     1>Done building target "_BuildGenerateSourcesAction" in project "DecoderRTComponent.vcxproj".
     1>Target "BuildGenerateSources" in file "C:\Program Files (x86)\MSBuild\12.0\bin\Microsoft.Common.CurrentVersion.targets" from project "E:\Project\Openh264\Source_WP8\codec\build\windowsphone\dec\DecoderRTComponent.vcxproj" (target "Build" depends on it):
     1>Done building target "BuildGenerateSources" in project "DecoderRTComponent.vcxproj".
       Target "AssignProjectConfiguration" skipped. Previously built successfully.
       Target "_SplitProjectReferencesByFileExistence" skipped. Previously built successfully.
     1>Target "BuildCompileTraverse" in file "C:\Program Files (x86)\MSBuild\12.0\bin\Microsoft.Common.CurrentVersion.targets" from project "E:\Project\Openh264\Source_WP8\codec\build\windowsphone\dec\DecoderRTComponent.vcxproj" (target "BuildCompile" depends on it):
       Task "MSBuild" skipped, due to false condition; ('$(BuildPassReferences)' == 'true' and '@(ProjectReferenceWithConfiguration)' != '' and '@(_MSBuildProjectReferenceExistent)' != ''  and '%(_MSBuildProjectReferenceExistent.BuildReference)' == 'true') was evaluated as ('' == 'true' and '' != '' and '' != ''  and '' == 'true').
     1>Done building target "BuildCompileTraverse" in project "DecoderRTComponent.vcxproj".
       Target "PrepareForBuild" skipped. Previously built successfully.
       Target "ResolveReferences" skipped. Previously built successfully.
     1>Target "BeforeClCompile" in file "C:\Program Files (x86)\MSBuild\Microsoft.Cpp\v4.0\V110\Microsoft.CppBuild.targets" from project "E:\Project\Openh264\Source_WP8\codec\build\windowsphone\dec\DecoderRTComponent.vcxproj" (target "_ClCompile" depends on it):
     1>Done building target "BeforeClCompile" in project "DecoderRTComponent.vcxproj".
       Target "ComputeMIDLGeneratedCompileInputs" skipped. Previously built successfully.
     1>Target "ComputeCLInputPDBName" in file "C:\Program Files (x86)\MSBuild\Microsoft.Cpp\v4.0\V110\Microsoft.CppBuild.targets" from project "E:\Project\Openh264\Source_WP8\codec\build\windowsphone\dec\DecoderRTComponent.vcxproj" (target "_ClCompile" depends on it):
     1>Done building target "ComputeCLInputPDBName" in project "DecoderRTComponent.vcxproj".
       Target "ResolveReferences" skipped. Previously built successfully.
     1>Target "ComputeReferenceCLInput" in file "C:\Program Files (x86)\MSBuild\Microsoft.Cpp\v4.0\V110\Microsoft.CppBuild.targets" from project "E:\Project\Openh264\Source_WP8\codec\build\windowsphone\dec\DecoderRTComponent.vcxproj" (target "_ClCompile" depends on it):
       Task "WriteLinesToFile" skipped, due to false condition; (('@(_ReferenceCopyLocalPaths)'!='') and '$(DesignTimeBuild)' != 'true') was evaluated as ((''!='') and '' != 'true').
       Task "Message" skipped, due to false condition; ('$(_REFERENCE_DEBUG)'=='true') was evaluated as (''=='true').
     1>Done building target "ComputeReferenceCLInput" in project "DecoderRTComponent.vcxproj".
     1>Target "MakeDirsForCl" in file "C:\Program Files (x86)\MSBuild\Microsoft.Cpp\v4.0\V110\Microsoft.CppBuild.targets" from project "E:\Project\Openh264\Source_WP8\codec\build\windowsphone\dec\DecoderRTComponent.vcxproj" (target "_ClCompile" depends on it):
       Task "MakeDir"
       Done executing task "MakeDir".
     1>Done building target "MakeDirsForCl" in project "DecoderRTComponent.vcxproj".
       Target "PrepareForBuild" skipped. Previously built successfully.
       Target "SetBuildDefaultEnvironmentVariables" skipped. Previously built successfully.
       Target "SetUserMacroEnvironmentVariables" skipped, due to false condition; ('@(BuildMacro)' != '') was evaluated as ('' != '').
     1>Target "_SelectedFiles" in file "C:\Program Files (x86)\MSBuild\Microsoft.Cpp\v4.0\V110\Microsoft.CppBuild.targets" from project "E:\Project\Openh264\Source_WP8\codec\build\windowsphone\dec\DecoderRTComponent.vcxproj" (target "SelectClCompile" depends on it):
     1>Done building target "_SelectedFiles" in project "DecoderRTComponent.vcxproj".
       Target "ComputeMIDLGeneratedCompileInputs" skipped. Previously built successfully.
       Target "ComputeCLInputPDBName" skipped. Previously built successfully.
       Target "ComputeReferenceCLInput" skipped. Previously built successfully.
       Target "_SelectedFiles" skipped. Previously built successfully.
     1>Target "SelectCustomBuild" in file "C:\Program Files (x86)\MSBuild\Microsoft.Cpp\v4.0\V110\Microsoft.CppBuild.targets" from project "E:\Project\Openh264\Source_WP8\codec\build\windowsphone\dec\DecoderRTComponent.vcxproj" (target "SelectClCompile" depends on it):
     1>Done building target "SelectCustomBuild" in project "DecoderRTComponent.vcxproj".
     1>Target "SelectClCompile" in file "C:\Program Files (x86)\MSBuild\Microsoft.Cpp\v4.0\V110\Microsoft.CppBuild.targets" from project "E:\Project\Openh264\Source_WP8\codec\build\windowsphone\dec\DecoderRTComponent.vcxproj" (target "ClCompile" depends on it):
     1>Done building target "SelectClCompile" in project "DecoderRTComponent.vcxproj".
       Target "GenerateTargetFrameworkMonikerAttribute" skipped, due to false condition; ('$(GenerateTargetFrameworkAttribute)' == 'true') was evaluated as ('false' == 'true').
       Target "ManagedIncrementalBuildPreProcessDependencyGraph" skipped, due to false condition; ('@(ClCompile)' != '' and '$(EnableManagedIncrementalBuild)' == 'True') was evaluated as ('..\..\..\console\common\src\read_config.cpp;..\..\..\console\dec\src\d3d9_utils.cpp;..\..\..\console\dec\src\h264dec.cpp;DecoderRTComponent\DecoderRTComponent.cpp' != '' and 'false' == 'True').
     1>Target "ClCompile" in file "C:\Program Files (x86)\MSBuild\Microsoft.Cpp\v4.0\V110\Microsoft.CppCommon.targets" from project "E:\Project\Openh264\Source_WP8\codec\build\windowsphone\dec\DecoderRTComponent.vcxproj" (target "_ClCompile" depends on it):
       Task "Delete" skipped, due to false condition; ('%(ClCompile.DebugInformationFormat)' != '' and '%(ClCompile.DebugInformationFormat)' != 'OldStyle' and '%(ClCompile.ProgramDataBaseFileName)' != '' and !Exists(%(ClCompile.ProgramDataBaseFileName))) was evaluated as ('ProgramDatabase' != '' and 'ProgramDatabase' != 'OldStyle' and 'ARM\Release\vc110.pdb' != '' and !Exists(ARM\Release\vc110.pdb)).
       Task "CL" skipped, due to false condition; ('%(ClCompile.PrecompiledHeader)' == 'Create' and '%(ClCompile.ExcludedFromBuild)'!='true' and '%(ClCompile.CompilerIteration)' == '') was evaluated as ('NotUsing' == 'Create' and ''!='true' and '' == '').
       Using "CL" task from assembly "Microsoft.Build.CppTasks.Common.v110, Version=4.0.0.0, Culture=neutral, PublicKeyToken=b03f5f7f11d50a3a".
       Task "CL"
         Read Tracking Logs:
         	ARM\Release\cl.read.1.tlog
         	ARM\Release\CL.4668.read.1.tlog
         	ARM\Release\CL.8628.read.1.tlog
         Outputs for E:\PROJECT\OPENH264\SOURCE_WP8\CODEC\BUILD\WINDOWSPHONE\DEC\DECODERRTCOMPONENT\DECODERRTCOMPONENT.CPP|E:\PROJECT\OPENH264\SOURCE_WP8\CODEC\CONSOLE\COMMON\SRC\READ_CONFIG.CPP|E:\PROJECT\OPENH264\SOURCE_WP8\CODEC\CONSOLE\DEC\SRC\D3D9_UTILS.CPP|E:\PROJECT\OPENH264\SOURCE_WP8\CODEC\CONSOLE\DEC\SRC\H264DEC.CPP:
         	E:\PROJECT\OPENH264\SOURCE_WP8\CODEC\BUILD\WINDOWSPHONE\DEC\ARM\RELEASE\READ_CONFIG.OBJ
         	E:\PROJECT\OPENH264\SOURCE_WP8\CODEC\BUILD\WINDOWSPHONE\DEC\ARM\RELEASE\D3D9_UTILS.OBJ
         	E:\PROJECT\OPENH264\SOURCE_WP8\CODEC\BUILD\WINDOWSPHONE\DEC\ARM\RELEASE\H264DEC.OBJ
         	E:\PROJECT\OPENH264\SOURCE_WP8\CODEC\BUILD\WINDOWSPHONE\DEC\ARM\RELEASE\DECODERRTCOMPONENT.OBJ
         ..\..\..\console\common\src\read_config.cpp will be compiled as it was not found in the tracking log.
         ..\..\..\console\dec\src\d3d9_utils.cpp will be compiled as it was not found in the tracking log.
         ..\..\..\console\dec\src\h264dec.cpp will be compiled as it was not found in the tracking log.
         DecoderRTComponent\DecoderRTComponent.cpp will be compiled as it was not found in the tracking log.
         Write Tracking Logs:
         	ARM\Release\cl.write.1.tlog
         	ARM\Release\CL.4668.write.1.tlog
         	ARM\Release\CL.8628.write.1.tlog
         Environment Variables passed to tool:
           VS_UNICODE_OUTPUT=744
         C:\Program Files (x86)\Microsoft Visual Studio 11.0\VC\WPSDK\WP80\bin\x86_arm\CL.exe /c /I..\..\..\console\dec\inc /I..\..\..\console\common\inc /I..\..\..\api\svc /I..\..\..\common\inc /IE:\Project\Openh264\Source_WP8\codec\build\windowsphone\dec\ /I"Generated Files\\" /IARM\Release\ /AI"C:\Program Files (x86)\Windows Phone Kits\8.0\Windows Metadata" /Zi /ZW /ZW:nostdlib /nologo /W3 /WX- /sdl /MP /O2 /Oi /Oy- /GL /D WELS_WIN_PHONE /D _WINRT_DLL /D _CRT_SECURE_NO_WARNINGS /D NDEBUG /D _WINDLL /D _UNICODE /D UNICODE /D WINAPI_FAMILY=WINAPI_FAMILY_PHONE_APP /Gm- /EHsc /MD /GS /Gy /fp:precise /Zc:wchar_t /Zc:forScope /Fo"ARM\Release\\" /Fd"ARM\Release\vc110.pdb" /Gd /TP /FU"C:\Program Files (x86)\Microsoft Visual Studio 11.0\VC\WPSDK\WP80\lib\arm\platform.winmd" /FU"C:\Program Files (x86)\Windows Phone Kits\8.0\Windows Metadata\Windows.winmd" /analyze- /errorReport:prompt ..\..\..\console\common\src\read_config.cpp ..\..\..\console\dec\src\d3d9_utils.cpp ..\..\..\console\dec\src\h264dec.cpp DecoderRTComponent\DecoderRTComponent.cpp
         Tracking command:
         C:\Program Files (x86)\Microsoft SDKs\Windows\v8.0A\bin\NETFX 4.0 Tools\Tracker.exe /d C:\Windows\Microsoft.NET\Framework\v4.0.30319\FileTracker.dll /i E:\Project\Openh264\Source_WP8\codec\build\windowsphone\dec\ARM\Release /r "E:\PROJECT\OPENH264\SOURCE_WP8\CODEC\BUILD\WINDOWSPHONE\DEC\DECODERRTCOMPONENT\DECODERRTCOMPONENT.CPP|E:\PROJECT\OPENH264\SOURCE_WP8\CODEC\CONSOLE\COMMON\SRC\READ_CONFIG.CPP|E:\PROJECT\OPENH264\SOURCE_WP8\CODEC\CONSOLE\DEC\SRC\D3D9_UTILS.CPP|E:\PROJECT\OPENH264\SOURCE_WP8\CODEC\CONSOLE\DEC\SRC\H264DEC.CPP" /b MSBuildConsole_CancelEvent375a4e96069f41889e5f0b7c7b6aa988  /c "C:\Program Files (x86)\Microsoft Visual Studio 11.0\VC\WPSDK\WP80\bin\x86_arm\CL.exe"  /c /I..\..\..\console\dec\inc /I..\..\..\console\common\inc /I..\..\..\api\svc /I..\..\..\common\inc /IE:\Project\Openh264\Source_WP8\codec\build\windowsphone\dec\ /I"Generated Files\\" /IARM\Release\ /AI"C:\Program Files (x86)\Windows Phone Kits\8.0\Windows Metadata" /Zi /ZW /ZW:nostdlib /nologo /W3 /WX- /sdl /MP /O2 /Oi /Oy- /GL /D WELS_WIN_PHONE /D _WINRT_DLL /D _CRT_SECURE_NO_WARNINGS /D NDEBUG /D _WINDLL /D _UNICODE /D UNICODE /D WINAPI_FAMILY=WINAPI_FAMILY_PHONE_APP /Gm- /EHsc /MD /GS /Gy /fp:precise /Zc:wchar_t /Zc:forScope /Fo"ARM\Release\\" /Fd"ARM\Release\vc110.pdb" /Gd /TP /FU"C:\Program Files (x86)\Microsoft Visual Studio 11.0\VC\WPSDK\WP80\lib\arm\platform.winmd" /FU"C:\Program Files (x86)\Windows Phone Kits\8.0\Windows Metadata\Windows.winmd" /analyze- /errorReport:prompt ..\..\..\console\common\src\read_config.cpp ..\..\..\console\dec\src\d3d9_utils.cpp ..\..\..\console\dec\src\h264dec.cpp DecoderRTComponent\DecoderRTComponent.cpp
         read_config.cpp
         d3d9_utils.cpp
         h264dec.cpp
         DecoderRTComponent.cpp
     1>..\..\..\console\common\src\read_config.cpp(41): warning C4005: '_CRT_SECURE_NO_WARNINGS' : macro redefinition
                 command-line arguments :  see previous definition of '_CRT_SECURE_NO_WARNINGS'
     1>..\..\..\console\dec\src\h264dec.cpp(35): warning C4005: '_CRT_SECURE_NO_WARNINGS' : macro redefinition
                 command-line arguments :  see previous definition of '_CRT_SECURE_NO_WARNINGS'
     1>DecoderRTComponent\DecoderRTComponent.cpp(77): warning C4101: 'Buffer' : unreferenced local variable
       Done executing task "CL".
     1>Done building target "ClCompile" in project "DecoderRTComponent.vcxproj".
       Target "ManagedIncrementalBuildPostProcessDependencyGraph" skipped, due to false condition; ('@(ClCompile)' != '' and '$(EnableManagedIncrementalBuild)' == 'True') was evaluated as ('..\..\..\console\common\src\read_config.cpp;..\..\..\console\dec\src\d3d9_utils.cpp;..\..\..\console\dec\src\h264dec.cpp;DecoderRTComponent\DecoderRTComponent.cpp' != '' and 'false' == 'True').
     1>Target "AfterClCompile" in file "C:\Program Files (x86)\MSBuild\Microsoft.Cpp\v4.0\V110\Microsoft.CppBuild.targets" from project "E:\Project\Openh264\Source_WP8\codec\build\windowsphone\dec\DecoderRTComponent.vcxproj" (target "_ClCompile" depends on it):
     1>Done building target "AfterClCompile" in project "DecoderRTComponent.vcxproj".
     1>Target "_ClCompile" in file "C:\Program Files (x86)\MSBuild\Microsoft.Cpp\v4.0\V110\Microsoft.CppBuild.targets" from project "E:\Project\Openh264\Source_WP8\codec\build\windowsphone\dec\DecoderRTComponent.vcxproj" (target "_BuildCompileAction" depends on it):
     1>Done building target "_ClCompile" in project "DecoderRTComponent.vcxproj".
       Target "_ResGen" skipped, due to false condition; ('@(EmbeddedResource)'!='') was evaluated as (''!='').
     1>Target "BeforeResourceCompile" in file "C:\Program Files (x86)\MSBuild\Microsoft.Cpp\v4.0\V110\Microsoft.CppBuild.targets" from project "E:\Project\Openh264\Source_WP8\codec\build\windowsphone\dec\DecoderRTComponent.vcxproj" (target "_ResourceCompile" depends on it):
     1>Done building target "BeforeResourceCompile" in project "DecoderRTComponent.vcxproj".
     1>Target "MakeDirsForResourceCompile" in file "C:\Program Files (x86)\MSBuild\Microsoft.Cpp\v4.0\V110\Microsoft.CppBuild.targets" from project "E:\Project\Openh264\Source_WP8\codec\build\windowsphone\dec\DecoderRTComponent.vcxproj" (target "_ResourceCompile" depends on it):
       Task "MakeDir"
       Done executing task "MakeDir".
     1>Done building target "MakeDirsForResourceCompile" in project "DecoderRTComponent.vcxproj".
       Target "ResourceCompile" skipped, due to false condition; ('@(ResourceCompile)' != '') was evaluated as ('' != '').
     1>Target "AfterResourceCompile" in file "C:\Program Files (x86)\MSBuild\Microsoft.Cpp\v4.0\V110\Microsoft.CppBuild.targets" from project "E:\Project\Openh264\Source_WP8\codec\build\windowsphone\dec\DecoderRTComponent.vcxproj" (target "_ResourceCompile" depends on it):
     1>Done building target "AfterResourceCompile" in project "DecoderRTComponent.vcxproj".
     1>Target "_ResourceCompile" in file "C:\Program Files (x86)\MSBuild\Microsoft.Cpp\v4.0\V110\Microsoft.CppBuild.targets" from project "E:\Project\Openh264\Source_WP8\codec\build\windowsphone\dec\DecoderRTComponent.vcxproj" (target "_BuildCompileAction" depends on it):
     1>Done building target "_ResourceCompile" in project "DecoderRTComponent.vcxproj".
       Target "_ImpLib" skipped, due to false condition; ('$(ImpLibCompiled)' == 'true') was evaluated as ('' == 'true').
       Target "_Lib" skipped, due to false condition; ('$(LibCompiled)' == 'true') was evaluated as ('' == 'true').
     1>Target "AfterBuildCompileEvent" in file "C:\Program Files (x86)\MSBuild\Microsoft.Cpp\v4.0\V110\Microsoft.CppBuild.targets" from project "E:\Project\Openh264\Source_WP8\codec\build\windowsphone\dec\DecoderRTComponent.vcxproj" (target "_BuildCompileAction" depends on it):
     1>Done building target "AfterBuildCompileEvent" in project "DecoderRTComponent.vcxproj".
     1>Target "_BuildCompileAction" in file "C:\Program Files (x86)\MSBuild\Microsoft.Cpp\v4.0\V110\Microsoft.CppBuild.targets" from project "E:\Project\Openh264\Source_WP8\codec\build\windowsphone\dec\DecoderRTComponent.vcxproj" (target "BuildCompile" depends on it):
     1>Done building target "_BuildCompileAction" in project "DecoderRTComponent.vcxproj".
     1>Target "BuildCompile" in file "C:\Program Files (x86)\MSBuild\12.0\bin\Microsoft.Common.CurrentVersion.targets" from project "E:\Project\Openh264\Source_WP8\codec\build\windowsphone\dec\DecoderRTComponent.vcxproj" (target "Build" depends on it):
     1>Done building target "BuildCompile" in project "DecoderRTComponent.vcxproj".
       Target "AssignProjectConfiguration" skipped. Previously built successfully.
       Target "_SplitProjectReferencesByFileExistence" skipped. Previously built successfully.
     1>Target "BuildLinkTraverse" in file "C:\Program Files (x86)\MSBuild\12.0\bin\Microsoft.Common.CurrentVersion.targets" from project "E:\Project\Openh264\Source_WP8\codec\build\windowsphone\dec\DecoderRTComponent.vcxproj" (target "BuildLink" depends on it):
       Task "MSBuild" skipped, due to false condition; ('$(BuildPassReferences)' == 'true' and '@(ProjectReferenceWithConfiguration)' != '' and '@(_MSBuildProjectReferenceExistent)' != ''  and '%(_MSBuildProjectReferenceExistent.BuildReference)' == 'true') was evaluated as ('' == 'true' and '' != '' and '' != ''  and '' == 'true').
     1>Done building target "BuildLinkTraverse" in project "DecoderRTComponent.vcxproj".
       Target "PrepareForBuild" skipped. Previously built successfully.
       Target "ResolveReferences" skipped. Previously built successfully.
     1>Target "ComputeLegacyManifestEmbedding" in file "C:\Program Files (x86)\MSBuild\Microsoft.Cpp\v4.0\V110\Microsoft.CppBuild.targets" from project "E:\Project\Openh264\Source_WP8\codec\build\windowsphone\dec\DecoderRTComponent.vcxproj" (target "_BuildLinkAction" depends on it):
       Task "VCMessage" skipped, due to false condition; ('$(RevertManifestEmbedding)' == 'true' and '$(_LegacyManifestEmbeddingDebug)' == 'true') was evaluated as ('true' == 'true' and '' == 'true').
     1>Done building target "ComputeLegacyManifestEmbedding" in project "DecoderRTComponent.vcxproj".
     1>Target "BeforeLink" in file "C:\Program Files (x86)\MSBuild\Microsoft.Cpp\v4.0\V110\Microsoft.CppBuild.targets" from project "E:\Project\Openh264\Source_WP8\codec\build\windowsphone\dec\DecoderRTComponent.vcxproj" (target "_Link" depends on it):
     1>Done building target "BeforeLink" in project "DecoderRTComponent.vcxproj".
     1>Target "ComputeRCOutputs" in file "C:\Program Files (x86)\MSBuild\Microsoft.Cpp\v4.0\V110\Microsoft.CppBuild.targets" from project "E:\Project\Openh264\Source_WP8\codec\build\windowsphone\dec\DecoderRTComponent.vcxproj" (target "ComputeRCGeneratedLinkInputs" depends on it):
     1>Done building target "ComputeRCOutputs" in project "DecoderRTComponent.vcxproj".
     1>Target "ComputeRCGeneratedLinkInputs" in file "C:\Program Files (x86)\MSBuild\Microsoft.Cpp\v4.0\V110\Microsoft.CppBuild.targets" from project "E:\Project\Openh264\Source_WP8\codec\build\windowsphone\dec\DecoderRTComponent.vcxproj" (target "_Link" depends on it):
     1>Done building target "ComputeRCGeneratedLinkInputs" in project "DecoderRTComponent.vcxproj".
     1>Target "ComputeManifestGeneratedLinkerInputs" in file "C:\Program Files (x86)\MSBuild\Microsoft.Cpp\v4.0\V110\Microsoft.CppBuild.targets" from project "E:\Project\Openh264\Source_WP8\codec\build\windowsphone\dec\DecoderRTComponent.vcxproj" (target "_Link" depends on it):
     1>Done building target "ComputeManifestGeneratedLinkerInputs" in project "DecoderRTComponent.vcxproj".
     1>Target "ComputeCustomBuildOutput" in file "C:\Program Files (x86)\MSBuild\Microsoft.Cpp\v4.0\V110\Microsoft.CppBuild.targets" from project "E:\Project\Openh264\Source_WP8\codec\build\windowsphone\dec\DecoderRTComponent.vcxproj" (target "_Link" depends on it):
       Task "CreateItem" skipped, due to false condition; ('%(CustomBuildDirsToMake.OutputFileToTool)'!='') was evaluated as (''!='').
       Task "MakeDir"
       Done executing task "MakeDir".
     1>Done building target "ComputeCustomBuildOutput" in project "DecoderRTComponent.vcxproj".
       Target "ComputeMIDLGeneratedCompileInputs" skipped. Previously built successfully.
       Target "ComputeCLInputPDBName" skipped. Previously built successfully.
       Target "ComputeReferenceCLInput" skipped. Previously built successfully.
     1>Target "ComputeCLOutputs" in file "C:\Program Files (x86)\MSBuild\Microsoft.Cpp\v4.0\V110\Microsoft.CppBuild.targets" from project "E:\Project\Openh264\Source_WP8\codec\build\windowsphone\dec\DecoderRTComponent.vcxproj" (target "ComputeCLGeneratedLinkInputs" depends on it):
     1>Done building target "ComputeCLOutputs" in project "DecoderRTComponent.vcxproj".
     1>Target "ComputeCLGeneratedLinkInputs" in file "C:\Program Files (x86)\MSBuild\Microsoft.Cpp\v4.0\V110\Microsoft.CppBuild.targets" from project "E:\Project\Openh264\Source_WP8\codec\build\windowsphone\dec\DecoderRTComponent.vcxproj" (target "_Link" depends on it):
     1>Done building target "ComputeCLGeneratedLinkInputs" in project "DecoderRTComponent.vcxproj".
     1>Target "ComputeLinkInputsFromProject" in file "C:\Program Files (x86)\MSBuild\Microsoft.Cpp\v4.0\V110\Microsoft.CppBuild.targets" from project "E:\Project\Openh264\Source_WP8\codec\build\windowsphone\dec\DecoderRTComponent.vcxproj" (target "_Link" depends on it):
     1>Done building target "ComputeLinkInputsFromProject" in project "DecoderRTComponent.vcxproj".
       Target "ComputeReferenceLinkInputs" skipped, due to false condition; (@(ProjectReference) != '') was evaluated as ( != '').
     1>Target "ComputeManifestInputsTargets" in file "C:\Program Files (x86)\MSBuild\Microsoft.Cpp\v4.0\V110\Microsoft.CppBuild.targets" from project "E:\Project\Openh264\Source_WP8\codec\build\windowsphone\dec\DecoderRTComponent.vcxproj" (target "_Link" depends on it):
     1>Done building target "ComputeManifestInputsTargets" in project "DecoderRTComponent.vcxproj".
       Target "ManifestResourceCompile" skipped, due to false condition; ('$(EmbedManifestBy)' == 'LINK' and '@(Manifest)' != '') was evaluated as ('' == 'LINK' and '' != '').
     1>Target "AssignTargetPaths" in file "C:\Program Files (x86)\MSBuild\12.0\bin\Microsoft.Common.CurrentVersion.targets" from project "E:\Project\Openh264\Source_WP8\codec\build\windowsphone\dec\DecoderRTComponent.vcxproj" (target "PrepareResourceNames" depends on it):
       Task "AssignTargetPath"
       Done executing task "AssignTargetPath".
       Task "AssignTargetPath"
       Done executing task "AssignTargetPath".
       Task "AssignTargetPath"
       Done executing task "AssignTargetPath".
       Task "AssignTargetPath"
       Done executing task "AssignTargetPath".
       Task "AssignTargetPath" skipped, due to false condition; ('@(_DeploymentBaseManifestWithTargetPath)'=='' and '%(None.Extension)'=='.manifest') was evaluated as (''=='' and ''=='.manifest').
     1>Done building target "AssignTargetPaths" in project "DecoderRTComponent.vcxproj".
       Target "AssignTargetPaths" skipped. Previously built successfully.
     1>Target "SplitResourcesByCulture" in file "C:\Program Files (x86)\MSBuild\12.0\bin\Microsoft.Common.CurrentVersion.targets" from project "E:\Project\Openh264\Source_WP8\codec\build\windowsphone\dec\DecoderRTComponent.vcxproj" (target "PrepareResourceNames" depends on it):
       Task "Warning" skipped, due to false condition; ('@(ResxWithNoCulture)'!='') was evaluated as (''!='').
       Task "Warning" skipped, due to false condition; ('@(ResxWithCulture)'!='') was evaluated as (''!='').
       Task "Warning" skipped, due to false condition; ('@(NonResxWithCulture)'!='') was evaluated as (''!='').
       Task "Warning" skipped, due to false condition; ('@(NonResxWithNoCulture)'!='') was evaluated as (''!='').
       Task "AssignCulture"
       Done executing task "AssignCulture".
     1>Done building target "SplitResourcesByCulture" in project "DecoderRTComponent.vcxproj".
       Target "CreateManifestResourceNames" skipped, due to false condition; ('@(EmbeddedResource)' != '') was evaluated as ('' != '').
     1>Target "CreateCustomManifestResourceNames" in file "C:\Program Files (x86)\MSBuild\12.0\bin\Microsoft.Common.CurrentVersion.targets" from project "E:\Project\Openh264\Source_WP8\codec\build\windowsphone\dec\DecoderRTComponent.vcxproj" (target "PrepareResourceNames" depends on it):
     1>Done building target "CreateCustomManifestResourceNames" in project "DecoderRTComponent.vcxproj".
     1>Target "PrepareResourceNames" in file "C:\Program Files (x86)\MSBuild\12.0\bin\Microsoft.Common.CurrentVersion.targets" from project "E:\Project\Openh264\Source_WP8\codec\build\windowsphone\dec\DecoderRTComponent.vcxproj" (target "_Link" depends on it):
     1>Done building target "PrepareResourceNames" in project "DecoderRTComponent.vcxproj".
     1>Target "MakeDirsForLink" in file "C:\Program Files (x86)\MSBuild\Microsoft.Cpp\v4.0\V110\Microsoft.CppBuild.targets" from project "E:\Project\Openh264\Source_WP8\codec\build\windowsphone\dec\DecoderRTComponent.vcxproj" (target "_Link" depends on it):
       Task "MakeDir"
       Done executing task "MakeDir".
     1>Done building target "MakeDirsForLink" in project "DecoderRTComponent.vcxproj".
     1>Target "DoLinkOutputFilesMatch" in file "C:\Program Files (x86)\MSBuild\Microsoft.Cpp\v4.0\V110\Microsoft.CppBuild.targets" from project "E:\Project\Openh264\Source_WP8\codec\build\windowsphone\dec\DecoderRTComponent.vcxproj" (target "_Link" depends on it):
       Task "VCMessage" skipped, due to false condition; ('@(_OutputFileFromLink)' == '') was evaluated as ('..\..\..\..\bin\ARM\Release\DecoderRTComponent.dll' == '').
       Task "VCMessage" skipped, due to false condition; ('@(_OutputFileFromLink)' != '' and '%(_OutputFileFromLink.FullPath)' != '$([System.IO.Path]::GetFullPath($(TargetPath)))') was evaluated as ('..\..\..\..\bin\ARM\Release\DecoderRTComponent.dll' != '' and 'E:\Project\Openh264\Source_WP8\bin\ARM\Release\DecoderRTComponent.dll' != 'E:\Project\Openh264\Source_WP8\bin\ARM\Release\DecoderRTComponent.dll').
       Task "VCMessage" skipped, due to false condition; ('@(_OutputFileFromLink)' != '' and '%(_OutputFileFromLink.Extension)' != '$(TargetExt)') was evaluated as ('..\..\..\..\bin\ARM\Release\DecoderRTComponent.dll' != '' and '.dll' != '.dll').
       Task "VCMessage" skipped, due to false condition; ('@(_OutputFileFromLink)' != '' and '%(_OutputFileFromLink.Filename)' != '$(TargetName)') was evaluated as ('..\..\..\..\bin\ARM\Release\DecoderRTComponent.dll' != '' and 'DecoderRTComponent' != 'DecoderRTComponent').
     1>Done building target "DoLinkOutputFilesMatch" in project "DecoderRTComponent.vcxproj".
     1>Target "PreLinkEvent" in file "C:\Program Files (x86)\MSBuild\Microsoft.Cpp\v4.0\V110\Microsoft.CppCommon.targets" from project "E:\Project\Openh264\Source_WP8\codec\build\windowsphone\dec\DecoderRTComponent.vcxproj" (target "_Link" depends on it):
       Task "Message" skipped, due to false condition; ('%(PreLinkEvent.Message)' != '' and '%(PreLinkEvent.Command)' != '') was evaluated as ('' != '' and '' != '').
       Task "Exec" skipped, due to false condition; ('%(PreLinkEvent.Command)' != '') was evaluated as ('' != '').
     1>Done building target "PreLinkEvent" in project "DecoderRTComponent.vcxproj".
     1>Target "ComputeLinkSwitches" in file "C:\Program Files (x86)\MSBuild\Microsoft.Cpp\v4.0\V110\Microsoft.CppCommon.targets" from project "E:\Project\Openh264\Source_WP8\codec\build\windowsphone\dec\DecoderRTComponent.vcxproj" (target "Link" depends on it):
     1>Done building target "ComputeLinkSwitches" in project "DecoderRTComponent.vcxproj".
     1>Target "Link" in file "C:\Program Files (x86)\MSBuild\Microsoft.Cpp\v4.0\V110\Microsoft.CppCommon.targets" from project "E:\Project\Openh264\Source_WP8\codec\build\windowsphone\dec\DecoderRTComponent.vcxproj" (target "_Link" depends on it):
       Using "Link" task from assembly "Microsoft.Build.CppTasks.Common.v110, Version=4.0.0.0, Culture=neutral, PublicKeyToken=b03f5f7f11d50a3a".
       Task "Link"
         Environment Variables passed to tool:
           VS_UNICODE_OUTPUT=1540
         C:\Program Files (x86)\Microsoft Visual Studio 11.0\VC\WPSDK\WP80\bin\x86_arm\link.exe /ERRORREPORT:PROMPT /OUT:"..\..\..\..\bin\ARM\Release\DecoderRTComponent.dll" /NOLOGO /LIBPATH:..\..\..\..\bin\ARM\Release\ welsdec.lib WindowsPhoneCore.lib RuntimeObject.lib PhoneAppModelHost.lib /NODEFAULTLIB:ole32.lib /MANIFEST:NO /DEBUG /PDB:"..\..\..\..\bin\ARM\Release\DecoderRTComponent.pdb" /SUBSYSTEM:CONSOLE /OPT:REF /OPT:ICF /LTCG /TLBID:1 /WINMD /WINMDFILE:"..\..\..\..\bin\ARM\Release\DecoderRTComponent.winmd" /DYNAMICBASE /NXCOMPAT /MACHINE:ARM /DLL ARM\Release\read_config.obj
         ARM\Release\d3d9_utils.obj
         ARM\Release\h264dec.obj
         ARM\Release\DecoderRTComponent.obj
         Tracking command:
         C:\Program Files (x86)\Microsoft SDKs\Windows\v8.0A\bin\NETFX 4.0 Tools\Tracker.exe /a /d C:\Windows\Microsoft.NET\Framework\v4.0.30319\FileTracker.dll /i E:\Project\Openh264\Source_WP8\codec\build\windowsphone\dec\ARM\Release /r "E:\PROJECT\OPENH264\SOURCE_WP8\CODEC\BUILD\WINDOWSPHONE\DEC\ARM\RELEASE\D3D9_UTILS.OBJ|E:\PROJECT\OPENH264\SOURCE_WP8\CODEC\BUILD\WINDOWSPHONE\DEC\ARM\RELEASE\DECODERRTCOMPONENT.OBJ|E:\PROJECT\OPENH264\SOURCE_WP8\CODEC\BUILD\WINDOWSPHONE\DEC\ARM\RELEASE\H264DEC.OBJ|E:\PROJECT\OPENH264\SOURCE_WP8\CODEC\BUILD\WINDOWSPHONE\DEC\ARM\RELEASE\READ_CONFIG.OBJ" /b MSBuildConsole_CancelEventc60b8d95904e499c8e9c0cae079e2fed  /c "C:\Program Files (x86)\Microsoft Visual Studio 11.0\VC\WPSDK\WP80\bin\x86_arm\link.exe"  /ERRORREPORT:PROMPT /OUT:"..\..\..\..\bin\ARM\Release\DecoderRTComponent.dll" /NOLOGO /LIBPATH:..\..\..\..\bin\ARM\Release\ welsdec.lib WindowsPhoneCore.lib RuntimeObject.lib PhoneAppModelHost.lib /NODEFAULTLIB:ole32.lib /MANIFEST:NO /DEBUG /PDB:"..\..\..\..\bin\ARM\Release\DecoderRTComponent.pdb" /SUBSYSTEM:CONSOLE /OPT:REF /OPT:ICF /LTCG /TLBID:1 /WINMD /WINMDFILE:"..\..\..\..\bin\ARM\Release\DecoderRTComponent.winmd" /DYNAMICBASE /NXCOMPAT /MACHINE:ARM /DLL ARM\Release\read_config.obj
         ARM\Release\d3d9_utils.obj
         ARM\Release\h264dec.obj
         ARM\Release\DecoderRTComponent.obj
            Creating library ..\..\..\..\bin\ARM\Release\DecoderRTComponent.lib and object ..\..\..\..\bin\ARM\Release\DecoderRTComponent.exp
         Generating code
         Finished generating code
       Done executing task "Link".
       Task "Message"
         DecoderRTComponent.vcxproj -> E:\Project\Openh264\Source_WP8\codec\build\windowsphone\dec\..\..\..\..\bin\ARM\Release\DecoderRTComponent.dll
       Done executing task "Message".
     1>Done building target "Link" in project "DecoderRTComponent.vcxproj".
       Target "MetaGenInputsOutputs" skipped, due to false condition; ('$(EnableManagedIncrementalBuild)' == 'True') was evaluated as ('false' == 'True').
       Target "ComputeMetaGenInputs" skipped, due to false condition; ('$(CLRSupport)'!='' and '$(CLRSupport)'!='false') was evaluated as ('false'!='' and 'false'!='false').
       Target "MetaGen" skipped, due to false condition; ('@(MetaGen)' != '') was evaluated as ('' != '').
     1>Target "ComputeLinkImportLibraryOutputsForClean" in file "C:\Program Files (x86)\MSBuild\Microsoft.Cpp\v4.0\V110\Microsoft.CppBuild.targets" from project "E:\Project\Openh264\Source_WP8\codec\build\windowsphone\dec\DecoderRTComponent.vcxproj" (target "_Link" depends on it):
       Task "WriteLinesToFile"
       Done executing task "WriteLinesToFile".
     1>Done building target "ComputeLinkImportLibraryOutputsForClean" in project "DecoderRTComponent.vcxproj".
     1>Target "AfterLink" in file "C:\Program Files (x86)\MSBuild\Microsoft.Cpp\v4.0\V110\Microsoft.CppBuild.targets" from project "E:\Project\Openh264\Source_WP8\codec\build\windowsphone\dec\DecoderRTComponent.vcxproj" (target "_Link" depends on it):
     1>Done building target "AfterLink" in project "DecoderRTComponent.vcxproj".
     1>Target "_Link" in file "C:\Program Files (x86)\MSBuild\Microsoft.Cpp\v4.0\V110\Microsoft.CppBuild.targets" from project "E:\Project\Openh264\Source_WP8\codec\build\windowsphone\dec\DecoderRTComponent.vcxproj" (target "_BuildLinkAction" depends on it):
     1>Done building target "_Link" in project "DecoderRTComponent.vcxproj".
     1>Target "_ALink" in file "C:\Program Files (x86)\MSBuild\Microsoft.Cpp\v4.0\V110\Microsoft.CppBuild.targets" from project "E:\Project\Openh264\Source_WP8\codec\build\windowsphone\dec\DecoderRTComponent.vcxproj" (target "_BuildLinkAction" depends on it):
     1>Done building target "_ALink" in project "DecoderRTComponent.vcxproj".
       Target "ComputeLegacyManifestEmbedding" skipped. Previously built successfully.
     1>Target "_Manifest" in file "C:\Program Files (x86)\MSBuild\Microsoft.Cpp\v4.0\V110\Microsoft.CppBuild.targets" from project "E:\Project\Openh264\Source_WP8\codec\build\windowsphone\dec\DecoderRTComponent.vcxproj" (target "_BuildLinkAction" depends on it):
       Task "CallTarget"
       Done executing task "CallTarget".
     1>Done building target "_Manifest" in project "DecoderRTComponent.vcxproj".
       Target "RegisterOutput" skipped, due to false condition; ('$(EmbedManifest)'=='true' and '$(LinkSkippedExecution)' != 'true' and ('$(_IsNativeEnvironment)' == 'true' or '$(Platform)' == 'Win32')) was evaluated as ('false'=='true' and 'False' != 'true' and ('' == 'true' or 'ARM' == 'Win32')).
       Target "PrepareForBuild" skipped. Previously built successfully.
       Target "ResolveReferences" skipped. Previously built successfully.
     1>Target "ResolvedXDCMake" in file "C:\Program Files (x86)\MSBuild\Microsoft.Cpp\v4.0\V110\Microsoft.CppBuild.targets" from project "E:\Project\Openh264\Source_WP8\codec\build\windowsphone\dec\DecoderRTComponent.vcxproj" (target "_XdcMake" depends on it):
       Task "MSBuild" skipped, due to false condition; ('%(_MSBuildProjectReferenceExistent.Extension)' == '.vcxproj' and '@(ProjectReferenceWithConfiguration)' != '' and '@(_MSBuildProjectReferenceExistent)' != '' and '$(_ClCompileGenerateXMLDocumentationFiles)' == 'true') was evaluated as ('' == '.vcxproj' and '' != '' and '' != '' and '' == 'true').
     1>Done building target "ResolvedXDCMake" in project "DecoderRTComponent.vcxproj".
     1>Target "ComputeCLCompileGeneratedXDCFiles" in file "C:\Program Files (x86)\MSBuild\Microsoft.Cpp\v4.0\V110\Microsoft.CppBuild.targets" from project "E:\Project\Openh264\Source_WP8\codec\build\windowsphone\dec\DecoderRTComponent.vcxproj" (target "_XdcMake" depends on it):
     1>Done building target "ComputeCLCompileGeneratedXDCFiles" in project "DecoderRTComponent.vcxproj".
     1>Target "MakeDirsForXdcMake" in file "C:\Program Files (x86)\MSBuild\Microsoft.Cpp\v4.0\V110\Microsoft.CppBuild.targets" from project "E:\Project\Openh264\Source_WP8\codec\build\windowsphone\dec\DecoderRTComponent.vcxproj" (target "_XdcMake" depends on it):
       Task "MakeDir"
       Done executing task "MakeDir".
     1>Done building target "MakeDirsForXdcMake" in project "DecoderRTComponent.vcxproj".
       Target "XdcMake" skipped, due to false condition; ('@(XdcMake)' != '') was evaluated as ('' != '').
     1>Target "_XdcMake" in file "C:\Program Files (x86)\MSBuild\Microsoft.Cpp\v4.0\V110\Microsoft.CppBuild.targets" from project "E:\Project\Openh264\Source_WP8\codec\build\windowsphone\dec\DecoderRTComponent.vcxproj" (target "_BuildLinkAction" depends on it):
     1>Done building target "_XdcMake" in project "DecoderRTComponent.vcxproj".
     1>Target "ComputeCLCompileGeneratedSbrFiles" in file "C:\Program Files (x86)\MSBuild\Microsoft.Cpp\v4.0\V110\Microsoft.CppBuild.targets" from project "E:\Project\Openh264\Source_WP8\codec\build\windowsphone\dec\DecoderRTComponent.vcxproj" (target "_BscMake" depends on it):
     1>Done building target "ComputeCLCompileGeneratedSbrFiles" in project "DecoderRTComponent.vcxproj".
     1>Target "MakeDirsForBscMake" in file "C:\Program Files (x86)\MSBuild\Microsoft.Cpp\v4.0\V110\Microsoft.CppBuild.targets" from project "E:\Project\Openh264\Source_WP8\codec\build\windowsphone\dec\DecoderRTComponent.vcxproj" (target "_BscMake" depends on it):
       Task "MakeDir"
       Done executing task "MakeDir".
     1>Done building target "MakeDirsForBscMake" in project "DecoderRTComponent.vcxproj".
       Target "BscMake" skipped, due to false condition; ('@(BscMake)' != '') was evaluated as ('' != '').
       Target "CustomBuildStep" skipped, due to false condition; ('@(CustomBuildStep)' != '' and '$(SelectedFiles)'=='') was evaluated as ('' != '' and ''=='').
     1>Target "_BscMake" in file "C:\Program Files (x86)\MSBuild\Microsoft.Cpp\v4.0\V110\Microsoft.CppBuild.targets" from project "E:\Project\Openh264\Source_WP8\codec\build\windowsphone\dec\DecoderRTComponent.vcxproj" (target "_BuildLinkAction" depends on it):
     1>Done building target "_BscMake" in project "DecoderRTComponent.vcxproj".
       Target "RunMergeNativeCodeAnalysis" skipped, due to false condition; ('$(Language)'=='C++' and '$(RunCodeAnalysisOnThisProject)'=='true') was evaluated as ('C++'=='C++' and ''=='true').
       Target "RunNativeCodeAnalysis" skipped, due to false condition; ('$(Language)'=='C++' and '$(RunCodeAnalysisOnThisProject)'=='true') was evaluated as ('C++'=='C++' and ''=='true').
     1>Target "_GenerateSatelliteAssemblyInputs" in file "C:\Program Files (x86)\MSBuild\12.0\bin\Microsoft.Common.CurrentVersion.targets" from project "E:\Project\Openh264\Source_WP8\codec\build\windowsphone\dec\DecoderRTComponent.vcxproj" (target "CreateSatelliteAssemblies" depends on it):
       Task "Warning" skipped, due to false condition; ('@(ManifestResourceWithCulture)'!='' and '%(ManifestResourceWithCulture.EmittedForCompatibilityOnly)'=='') was evaluated as (''!='' and ''=='').
       Task "Warning" skipped, due to false condition; ('@(ManifestNonResxWithCultureOnDisk)'!='' and '%(ManifestNonResxWithCultureOnDisk.EmittedForCompatibilityOnly)'=='') was evaluated as (''!='' and ''=='').
     1>Done building target "_GenerateSatelliteAssemblyInputs" in project "DecoderRTComponent.vcxproj".
       Target "ComputeIntermediateSatelliteAssemblies" skipped, due to false condition; (@(ReferenceSatellitePaths->'%(DestinationSubDirectory)') != '') was evaluated as ( != '').
       Target "GenerateSatelliteAssemblies" skipped, due to false condition; ('@(_SatelliteAssemblyResourceInputs)' != '') was evaluated as ('' != '').
     1>Target "CreateSatelliteAssemblies" in file "C:\Program Files (x86)\MSBuild\12.0\bin\Microsoft.Common.CurrentVersion.targets" from project "E:\Project\Openh264\Source_WP8\codec\build\windowsphone\dec\DecoderRTComponent.vcxproj" (target "_BuildLinkAction" depends on it):
     1>Done building target "CreateSatelliteAssemblies" in project "DecoderRTComponent.vcxproj".
     1>Target "_Appverifier" in file "C:\Program Files (x86)\MSBuild\Microsoft.Cpp\v4.0\V110\Microsoft.CppBuild.targets" from project "E:\Project\Openh264\Source_WP8\codec\build\windowsphone\dec\DecoderRTComponent.vcxproj" (target "_BuildLinkAction" depends on it):
     1>Done building target "_Appverifier" in project "DecoderRTComponent.vcxproj".
     1>Target "_Deploy" in file "C:\Program Files (x86)\MSBuild\Microsoft.Cpp\v4.0\V110\Microsoft.CppBuild.targets" from project "E:\Project\Openh264\Source_WP8\codec\build\windowsphone\dec\DecoderRTComponent.vcxproj" (target "_BuildLinkAction" depends on it):
     1>Done building target "_Deploy" in project "DecoderRTComponent.vcxproj".
       Target "ComputeIntermediateSatelliteAssemblies" skipped, due to false condition; (@(ReferenceSatellitePaths->'%(DestinationSubDirectory)') != '') was evaluated as ( != '').
       Target "_CopyFilesMarkedCopyLocal" skipped, due to false condition; ('@(ReferenceCopyLocalPaths)' != '') was evaluated as ('' != '').
       Target "AssignTargetPaths" skipped. Previously built successfully.
       Target "_SplitProjectReferencesByFileExistence" skipped. Previously built successfully.
     1>Target "GetCopyToOutputDirectoryXamlAppDefs" in file "C:\Windows\Microsoft.NET\Framework\v4.0.30319\Microsoft.Xaml.targets" from project "E:\Project\Openh264\Source_WP8\codec\build\windowsphone\dec\DecoderRTComponent.vcxproj" (target "GetCopyToOutputDirectoryItems" depends on it):
       Task "AssignTargetPath"
       Done executing task "AssignTargetPath".
     1>Done building target "GetCopyToOutputDirectoryXamlAppDefs" in project "DecoderRTComponent.vcxproj".
     1>Target "GetCopyToOutputDirectoryItems" in file "C:\Program Files (x86)\MSBuild\12.0\bin\Microsoft.Common.CurrentVersion.targets" from project "E:\Project\Openh264\Source_WP8\codec\build\windowsphone\dec\DecoderRTComponent.vcxproj" (target "_CopySourceItemsToOutputDirectory" depends on it):
       Task "MSBuild" skipped, due to false condition; ('@(_MSBuildProjectReferenceExistent)' != '' and '$(_GetChildProjectCopyToOutputDirectoryItems)' == 'true' and '%(_MSBuildProjectReferenceExistent.Private)' != 'false' and '$(UseCommonOutputDirectory)' != 'true') was evaluated as ('' != '' and 'true' == 'true' and '' != 'false' and 'false' != 'true').
       Task "AssignTargetPath"
       Done executing task "AssignTargetPath".
     1>Done building target "GetCopyToOutputDirectoryItems" in project "DecoderRTComponent.vcxproj".
       Target "_CopyOutOfDateSourceItemsToOutputDirectory" skipped, due to false condition; ( '@(_SourceItemsToCopyToOutputDirectory)' != '' ) was evaluated as ( '' != '' ).
       Target "_CopyOutOfDateSourceItemsToOutputDirectoryAlways" skipped, due to false condition; ( '@(_SourceItemsToCopyToOutputDirectoryAlways)' != '' ) was evaluated as ( '' != '' ).
     1>Target "_CopySourceItemsToOutputDirectory" in file "C:\Program Files (x86)\MSBuild\12.0\bin\Microsoft.Common.CurrentVersion.targets" from project "E:\Project\Openh264\Source_WP8\codec\build\windowsphone\dec\DecoderRTComponent.vcxproj" (target "CopyFilesToOutputDirectory" depends on it):
     1>Done building target "_CopySourceItemsToOutputDirectory" in project "DecoderRTComponent.vcxproj".
       Target "_CopyAppConfigFile" skipped, due to false condition; ( '@(AppConfigWithTargetPath)' != '' ) was evaluated as ( '' != '' ).
       Target "_CopyManifestFiles" skipped, due to false condition; ( '$(_DeploymentCopyApplicationManifest)'=='true' or '$(GenerateClickOnceManifests)'=='true' ) was evaluated as ( ''=='true' or ''=='true' ).
     1>Target "_CheckForCompileOutputs" in file "C:\Program Files (x86)\MSBuild\12.0\bin\Microsoft.Common.CurrentVersion.targets" from project "E:\Project\Openh264\Source_WP8\codec\build\windowsphone\dec\DecoderRTComponent.vcxproj" (target "CopyFilesToOutputDirectory" depends on it):
     1>Done building target "_CheckForCompileOutputs" in project "DecoderRTComponent.vcxproj".
       Target "_SGenCheckForOutputs" skipped, due to false condition; ('$(_SGenGenerateSerializationAssembliesConfig)' == 'On' or ('@(WebReferenceUrl)'!='' and '$(_SGenGenerateSerializationAssembliesConfig)' == 'Auto')) was evaluated as ('Auto' == 'On' or (''!='' and 'Auto' == 'Auto')).
     1>Target "CopyFilesToOutputDirectory" in file "C:\Program Files (x86)\MSBuild\12.0\bin\Microsoft.Common.CurrentVersion.targets" from project "E:\Project\Openh264\Source_WP8\codec\build\windowsphone\dec\DecoderRTComponent.vcxproj" (target "PrepareForRun" depends on it):
       Task "Copy" skipped, due to false condition; ('$(CopyBuildOutputToOutputDirectory)' == 'true' and '$(SkipCopyBuildProduct)' != 'true') was evaluated as ('true' == 'true' and 'true' != 'true').
       Task "Message" skipped, due to false condition; ('$(CopyBuildOutputToOutputDirectory)' == 'true' and '$(SkipCopyBuildProduct)'!='true') was evaluated as ('true' == 'true' and 'true'!='true').
       Task "Copy" skipped, due to false condition; ('@(AddModules)' != '') was evaluated as ('' != '').
       Task "Copy" skipped, due to false condition; ('$(_SGenDllCreated)'=='true') was evaluated as ('false'=='true').
       Task "Copy" skipped, due to false condition; ('$(_DebugSymbolsProduced)'=='true' and '$(SkipCopyingSymbolsToOutputDirectory)' != 'true' and '$(CopyOutputSymbolsToOutputDirectory)'=='true') was evaluated as ('false'=='true' and '' != 'true' and 'true'=='true').
       Task "Copy" skipped, due to false condition; ('$(_DocumentationFileProduced)'=='true') was evaluated as ('false'=='true').
       Task "Copy" skipped, due to false condition; ('@(IntermediateSatelliteAssembliesWithTargetPath)' != '') was evaluated as ('' != '').
       Task "Copy" skipped, due to false condition; ('@(ReferenceComWrappersToCopyLocal)' != '' or '@(ResolvedIsolatedComModules)' != '' or '@(_DeploymentLooseManifestFile)' != '' or '@(NativeReferenceFile)' != '' ) was evaluated as ('' != '' or '' != '' or '' != '' or '' != '' ).
       Task "Copy" skipped, due to false condition; ('$(SkipCopyWinMDArtifact)' != 'true' and '@(WinMDExpArtifacts)' != '') was evaluated as ('' != 'true' and '' != '').
       Task "Message" skipped, due to false condition; ('$(SkipCopyWinMDArtifact)' != 'true' and '$(_WindowsMetadataOutputPath)' != '') was evaluated as ('' != 'true' and '' != '').
     1>Done building target "CopyFilesToOutputDirectory" in project "DecoderRTComponent.vcxproj".
     1>Target "PrepareForRun" in file "C:\Program Files (x86)\MSBuild\12.0\bin\Microsoft.Common.CurrentVersion.targets" from project "E:\Project\Openh264\Source_WP8\codec\build\windowsphone\dec\DecoderRTComponent.vcxproj" (target "_BuildLinkAction" depends on it):
     1>Done building target "PrepareForRun" in project "DecoderRTComponent.vcxproj".
       Target "CustomBuildStep" skipped, due to false condition; ('@(CustomBuildStep)' != '' and '$(SelectedFiles)'=='') was evaluated as ('' != '' and ''=='').
     1>Target "PostBuildEvent" in file "C:\Program Files (x86)\MSBuild\Microsoft.Cpp\v4.0\V110\Microsoft.CppCommon.targets" from project "E:\Project\Openh264\Source_WP8\codec\build\windowsphone\dec\DecoderRTComponent.vcxproj" (target "_BuildLinkAction" depends on it):
       Task "Message" skipped, due to false condition; ('%(PostBuildEvent.Message)' != '' and '%(PostBuildEvent.Command)' != '') was evaluated as ('' != '' and '' != '').
       Task "Exec" skipped, due to false condition; ('%(PostBuildEvent.Command)' != '') was evaluated as ('' != '').
     1>Done building target "PostBuildEvent" in project "DecoderRTComponent.vcxproj".
     1>Target "_BuildLinkAction" in file "C:\Program Files (x86)\MSBuild\Microsoft.Cpp\v4.0\V110\Microsoft.CppBuild.targets" from project "E:\Project\Openh264\Source_WP8\codec\build\windowsphone\dec\DecoderRTComponent.vcxproj" (target "BuildLink" depends on it):
     1>Done building target "_BuildLinkAction" in project "DecoderRTComponent.vcxproj".
     1>Target "BuildLink" in file "C:\Program Files (x86)\MSBuild\12.0\bin\Microsoft.Common.CurrentVersion.targets" from project "E:\Project\Openh264\Source_WP8\codec\build\windowsphone\dec\DecoderRTComponent.vcxproj" (target "Build" depends on it):
     1>Done building target "BuildLink" in project "DecoderRTComponent.vcxproj".
       Target "CreateTfsBuildInfoResource" skipped, due to false condition; ( $(AddBuildInfoToAssembly)==true ) was evaluated as ( false==true ).
     1>Target "AfterBuild" in file "C:\Program Files (x86)\MSBuild\Microsoft.Cpp\v4.0\V110\Microsoft.BuildSteps.Targets" from project "E:\Project\Openh264\Source_WP8\codec\build\windowsphone\dec\DecoderRTComponent.vcxproj" (target "Build" depends on it):
     1>Done building target "AfterBuild" in project "DecoderRTComponent.vcxproj".
     1>Target "FinalizeBuildStatus" in file "C:\Program Files (x86)\MSBuild\Microsoft.Cpp\v4.0\V110\Microsoft.CppBuild.targets" from project "E:\Project\Openh264\Source_WP8\codec\build\windowsphone\dec\DecoderRTComponent.vcxproj" (target "Build" depends on it):
       Task "Delete"
         Deleting file "ARM\Release\DecoderRTComponent.unsuccessfulbuild".
       Done executing task "Delete".
       Task "Touch"
         Touching "ARM\Release\DecoderRTComponent.lastbuildstate".
       Done executing task "Touch".
     1>Done building target "FinalizeBuildStatus" in project "DecoderRTComponent.vcxproj".
     1>Target "Build" in file "C:\Program Files (x86)\MSBuild\Microsoft.Cpp\v4.0\V110\Microsoft.BuildSteps.Targets" from project "E:\Project\Openh264\Source_WP8\codec\build\windowsphone\dec\DecoderRTComponent.vcxproj" (entry point):
     1>Done building target "Build" in project "DecoderRTComponent.vcxproj".
     1>Done Building Project "E:\Project\Openh264\Source_WP8\codec\build\windowsphone\dec\DecoderRTComponent.vcxproj" (Build target(s)).

Build succeeded.

Time Elapsed 00:00:01.95
