Build started 1/28/2015 5:43:28 PM.
     1>Project "E:\Project\Openh264\Source_WP8\codec\build\windowsphone\dec\WelsDecCore.vcxproj" on node 3 (Build target(s)).
     1>Building with tools version "12.0".
     1>Target "_CheckForInvalidConfigurationAndPlatform" in file "C:\Program Files (x86)\MSBuild\12.0\bin\Microsoft.Common.CurrentVersion.targets" from project "E:\Project\Openh264\Source_WP8\codec\build\windowsphone\dec\WelsDecCore.vcxproj" (entry point):
       Task "Error" skipped, due to false condition; ( '$(_InvalidConfigurationError)' == 'true' ) was evaluated as ( '' == 'true' ).
       Task "Warning" skipped, due to false condition; ( '$(_InvalidConfigurationWarning)' == 'true' ) was evaluated as ( '' == 'true' ).
       Using "Message" task from assembly "Microsoft.Build.Tasks.v12.0, Version=12.0.0.0, Culture=neutral, PublicKeyToken=b03f5f7f11d50a3a".
       Task "Message"
         Configuration=Release
       Done executing task "Message".
       Task "Message"
         Platform=ARM
       Done executing task "Message".
       Task "Error" skipped, due to false condition; ('$(OutDir)' != '' and !HasTrailingSlash('$(OutDir)')) was evaluated as ('..\..\..\..\bin\ARM\Release\' != '' and !HasTrailingSlash('..\..\..\..\bin\ARM\Release\')).
       Task "Error" skipped, due to false condition; ('$(BaseIntermediateOutputPath)' != '' and !HasTrailingSlash('$(BaseIntermediateOutputPath)')) was evaluated as ('obj\' != '' and !HasTrailingSlash('obj\')).
       Task "Error" skipped, due to false condition; ('$(IntermediateOutputPath)' != '' and !HasTrailingSlash('$(IntermediateOutputPath)')) was evaluated as ('ARM\Release\' != '' and !HasTrailingSlash('ARM\Release\')).
     1>Done building target "_CheckForInvalidConfigurationAndPlatform" in project "WelsDecCore.vcxproj".
     1>Target "MSBuild64BitCheck" in file "C:\Program Files (x86)\MSBuild\Microsoft\WindowsPhone\v8.0\Microsoft.Cpp.WindowsPhone.8.0.targets" from project "E:\Project\Openh264\Source_WP8\codec\build\windowsphone\dec\WelsDecCore.vcxproj" (entry point):
       Task "Error" skipped, due to false condition; ('$([System.Environment]::Is64BitProcess)'=='True') was evaluated as ('False'=='True').
     1>Done building target "MSBuild64BitCheck" in project "WelsDecCore.vcxproj".
     1>Target "_PrepareForBuild" in file "C:\Program Files (x86)\MSBuild\Microsoft.Cpp\v4.0\V110\Microsoft.BuildSteps.Targets" from project "E:\Project\Openh264\Source_WP8\codec\build\windowsphone\dec\WelsDecCore.vcxproj" (target "Build" depends on it):
       Task "CreateItem" skipped, due to false condition; ('%(CustomBuild.IncludeFileToTool)'!='') was evaluated as (''!='').
     1>Done building target "_PrepareForBuild" in project "WelsDecCore.vcxproj".
     1>Target "_PrepareForReferenceResolution" in file "C:\Program Files (x86)\MSBuild\Microsoft.Cpp\v4.0\V110\Microsoft.CppBuild.targets" from project "E:\Project\Openh264\Source_WP8\codec\build\windowsphone\dec\WelsDecCore.vcxproj" (target "ResolveReferences" depends on it):
       Task "Message" skipped, due to false condition; ('$(_REFERENCE_DEBUG)'=='true') was evaluated as (''=='true').
     1>Done building target "_PrepareForReferenceResolution" in project "WelsDecCore.vcxproj".
       Target "ComputeCrtSDKReference" skipped, due to false condition; ('@(ClCompile)'!='' and '$(WindowsAppContainer)'=='true' and '$(UseCrtSDKReference)' != 'false') was evaluated as ('..\..\..\common\src\common_tables.cpp;..\..\..\common\src\copy_mb.cpp;..\..\..\common\src\cpu.cpp;..\..\..\common\src\crt_util_safe_x.cpp;..\..\..\common\src\deblocking_common.cpp;..\..\..\common\src\expand_pic.cpp;..\..\..\common\src\utils.cpp;..\..\..\decoder\core\src\au_parser.cpp;..\..\..\decoder\core\src\bit_stream.cpp;..\..\..\decoder\core\src\cabac_decoder.cpp;..\..\..\decoder\core\src\deblocking.cpp;..\..\..\decoder\core\src\decoder.cpp;..\..\..\decoder\core\src\decoder_core.cpp;..\..\..\decoder\core\src\decoder_data_tables.cpp;..\..\..\decoder\core\src\decode_mb_aux.cpp;..\..\..\decoder\core\src\decode_slice.cpp;..\..\..\decoder\core\src\error_concealment.cpp;..\..\..\decoder\core\src\fmo.cpp;..\..\..\decoder\core\src\get_intra_predictor.cpp;..\..\..\decoder\core\src\manage_dec_ref.cpp;..\..\..\decoder\core\src\mc.cpp;..\..\..\decoder\core\src\memmgr_nal_unit.cpp;..\..\..\decoder\core\src\mem_align.cpp;..\..\..\decoder\core\src\mv_pred.cpp;..\..\..\decoder\core\src\parse_mb_syn_cabac.cpp;..\..\..\decoder\core\src\parse_mb_syn_cavlc.cpp;..\..\..\decoder\core\src\pic_queue.cpp;..\..\..\decoder\core\src\rec_mb.cpp'!='' and 'false'=='true' and 'false' != 'false').
     1>Target "BeforeResolveReferences" in file "C:\Program Files (x86)\MSBuild\12.0\bin\Microsoft.Common.CurrentVersion.targets" from project "E:\Project\Openh264\Source_WP8\codec\build\windowsphone\dec\WelsDecCore.vcxproj" (target "ResolveReferences" depends on it):
     1>Done building target "BeforeResolveReferences" in project "WelsDecCore.vcxproj".
     1>Target "AssignProjectConfiguration" in file "C:\Program Files (x86)\MSBuild\12.0\bin\Microsoft.Common.CurrentVersion.targets" from project "E:\Project\Openh264\Source_WP8\codec\build\windowsphone\dec\WelsDecCore.vcxproj" (target "ResolveReferences" depends on it):
       Using "AssignProjectConfiguration" task from assembly "Microsoft.Build.Tasks.v12.0, Version=12.0.0.0, Culture=neutral, PublicKeyToken=b03f5f7f11d50a3a".
       Task "AssignProjectConfiguration"
       Done executing task "AssignProjectConfiguration".
     1>Done building target "AssignProjectConfiguration" in project "WelsDecCore.vcxproj".
       Target "AssignProjectConfiguration" skipped. Previously built successfully.
     1>Target "_SplitProjectReferencesByFileExistence" in file "C:\Program Files (x86)\MSBuild\12.0\bin\Microsoft.Common.CurrentVersion.targets" from project "E:\Project\Openh264\Source_WP8\codec\build\windowsphone\dec\WelsDecCore.vcxproj" (target "ResolveProjectReferences" depends on it):
       Task "ResolveNonMSBuildProjectOutput" skipped, due to false condition; ('$(BuildingInsideVisualStudio)'=='true' and '@(ProjectReferenceWithConfiguration)'!='') was evaluated as ('true'=='true' and ''!='').
     1>Done building target "_SplitProjectReferencesByFileExistence" in project "WelsDecCore.vcxproj".
       Target "_RemoveNameMetadataFromProjectReferenceItems" skipped, due to false condition; ('@(ProjectReference)'!='') was evaluated as (''!='').
     1>Target "ResolveProjectReferences" in file "C:\Program Files (x86)\MSBuild\12.0\bin\Microsoft.Common.CurrentVersion.targets" from project "E:\Project\Openh264\Source_WP8\codec\build\windowsphone\dec\WelsDecCore.vcxproj" (target "ResolveReferences" depends on it):
       Task "MSBuild" skipped, due to false condition; ('%(_MSBuildProjectReferenceExistent.BuildReference)' == 'true' and '@(ProjectReferenceWithConfiguration)' != '' and ('$(BuildingInsideVisualStudio)' == 'true' or '$(BuildProjectReferences)' != 'true') and '$(VisualStudioVersion)' != '10.0' and '@(_MSBuildProjectReferenceExistent)' != '') was evaluated as ('' == 'true' and '' != '' and ('true' == 'true' or 'true' != 'true') and '12.0' != '10.0' and '' != '').
       Task "MSBuild" skipped, due to false condition; ('%(_MSBuildProjectReferenceExistent.BuildReference)' == 'true' and '@(ProjectReferenceWithConfiguration)' != '' and ('$(BuildingInsideVisualStudio)' == 'true' or '$(BuildProjectReferences)' != 'true') and '$(VisualStudioVersion)' == '10.0' and '@(_MSBuildProjectReferenceExistent)' != '') was evaluated as ('' == 'true' and '' != '' and ('true' == 'true' or 'true' != 'true') and '12.0' == '10.0' and '' != '').
       Task "MSBuild" skipped, due to false condition; ('%(_MSBuildProjectReferenceExistent.BuildReference)' == 'true' and '@(ProjectReferenceWithConfiguration)' != '' and '$(BuildingInsideVisualStudio)' != 'true' and '$(BuildProjectReferences)' == 'true' and '@(_MSBuildProjectReferenceExistent)' != '') was evaluated as ('' == 'true' and '' != '' and 'true' != 'true' and 'true' == 'true' and '' != '').
       Task "MSBuild" skipped, due to false condition; ('%(_MSBuildProjectReferenceExistent.BuildReference)' == 'true' and '@(ProjectReferenceWithConfiguration)' != '' and '$(BuildingProject)' == 'true' and '@(_MSBuildProjectReferenceExistent)' != '') was evaluated as ('' == 'true' and '' != '' and 'true' == 'true' and '' != '').
       Task "Warning" skipped, due to false condition; ('@(ProjectReferenceWithConfiguration)' != '' and '@(_MSBuildProjectReferenceNonexistent)' != '') was evaluated as ('' != '' and '' != '').
     1>Done building target "ResolveProjectReferences" in project "WelsDecCore.vcxproj".
       Target "FindInvalidProjectReferences" skipped, due to false condition; ('$(FindInvalidProjectReferences)' == 'true') was evaluated as ('' == 'true').
       Target "ResolveNativeReferences" skipped, due to false condition; ('@(NativeReference)'!='') was evaluated as (''!='').
       Target "_PrepareForReferenceResolution" skipped. Previously built successfully.
     1>Target "GetFrameworkPaths" in file "C:\Program Files (x86)\MSBuild\12.0\bin\Microsoft.NetFramework.CurrentVersion.targets" from project "E:\Project\Openh264\Source_WP8\codec\build\windowsphone\dec\WelsDecCore.vcxproj" (target "ResolveAssemblyReferences" depends on it):
     1>Done building target "GetFrameworkPaths" in project "WelsDecCore.vcxproj".
       Target "GetWinFXPath" skipped, due to false condition; (('@(Page)' != '' or '@(ApplicationDefinition)' != '' or '@(Resource)' != '') and ('$(GetWinFXNativePath)' != '' or '$(GetWinFXWoWPath)' != '' )) was evaluated as (('' != '' or '' != '' or '' != '') and ('' != '' or '' != '' )).
     1>Target "GetReferenceAssemblyPaths" in file "C:\Program Files (x86)\MSBuild\12.0\bin\Microsoft.Common.CurrentVersion.targets" from project "E:\Project\Openh264\Source_WP8\codec\build\windowsphone\dec\WelsDecCore.vcxproj" (target "ResolveAssemblyReferences" depends on it):
       Task "GetReferenceAssemblyPaths" skipped, due to false condition; ('$(TargetFrameworkMoniker)' != '' and ('$(_TargetFrameworkDirectories)' == '' or '$(_FullFrameworkReferenceAssemblyPaths)' == '')) was evaluated as ('' != '' and ('C:\Program Files (x86)\Reference Assemblies\Microsoft\Framework\.NETFramework\v4.0' == '' or 'C:\Program Files (x86)\Reference Assemblies\Microsoft\Framework\.NETFramework\v4.0' == '')).
     1>Done building target "GetReferenceAssemblyPaths" in project "WelsDecCore.vcxproj".
     1>Target "SetBuildDefaultEnvironmentVariables" in file "C:\Program Files (x86)\MSBuild\Microsoft.Cpp\v4.0\V120\Microsoft.Cpp.targets" from project "E:\Project\Openh264\Source_WP8\codec\build\windowsphone\dec\WelsDecCore.vcxproj" (target "PrepareForBuild" depends on it):
       Using "SetEnv" task from assembly "C:\Program Files (x86)\MSBuild\Microsoft.Cpp\v4.0\V120\Microsoft.Build.CppTasks.Common.dll".
       Task "SetEnv"
         PATH=C:\Program Files (x86)\Microsoft Visual Studio 11.0\VC\WPSDK\WP80\bin\x86_arm;C:\Program Files (x86)\Microsoft Visual Studio 11.0\VC\WPSDK\WP80\bin;C:\Program Files (x86)\Windows Phone Kits\8.0\bin\x86;;C:\Program Files (x86)\Microsoft SDKs\Windows\v8.0A\bin\NETFX 4.0 Tools;C:\Program Files (x86)\Windows Kits\8.0\bin\arm;C:\Program Files (x86)\Windows Kits\8.0\bin\x86;C:\Program Files (x86)\Microsoft Visual Studio 11.0\Common7\Tools\bin;C:\Program Files (x86)\Microsoft Visual Studio 11.0\Common7\tools;C:\Program Files (x86)\Microsoft Visual Studio 11.0\Common7\ide;C:\Program Files (x86)\HTML Help Workshop;C:\Program Files (x86)\MSBuild\12.0\bin\;C:\Program Files (x86)\Microsoft Visual Studio 11.0\;C:\Windows\SysWow64;;C:\Program Files (x86)\Microsoft Visual Studio 12.0\Common7\IDE\CommonExtensions\Microsoft\TeamFoundation\Team Explorer\NativeBinaries/x86;C:\Windows\system32;C:\Windows;C:\Windows\System32\Wbem;C:\Windows\System32\WindowsPowerShell\v1.0\;C:\Program Files (x86)\Windows Kits\8.1\Windows Performance Toolkit\;C:\Program Files\Microsoft SQL Server\110\Tools\Binn\;C:\Program Files (x86)\Microsoft SDKs\TypeScript\1.0\;C:\Program Files\Microsoft SQL Server\120\Tools\Binn\;C:\Program Files\TortoiseSVN\bin;;C:\Windows\Microsoft.NET\Framework\v4.0.30319\;
       Done executing task "SetEnv".
       Task "SetEnv"
         LIB=C:\Program Files (x86)\Microsoft Visual Studio 11.0\VC\WPSDK\WP80\lib\arm;C:\Program Files (x86)\Windows Phone Kits\8.0\lib\arm;;
       Done executing task "SetEnv".
       Task "SetEnv"
         LIBPATH=C:\Program Files (x86)\Microsoft Visual Studio 11.0\VC\WPSDK\WP80\lib\arm
       Done executing task "SetEnv".
       Task "SetEnv"
         INCLUDE=C:\Program Files (x86)\Microsoft Visual Studio 11.0\VC\WPSDK\WP80\include;C:\Program Files (x86)\Windows Phone Kits\8.0\Include;C:\Program Files (x86)\Windows Phone Kits\8.0\Include\abi;C:\Program Files (x86)\Windows Phone Kits\8.0\Include\mincore;C:\Program Files (x86)\Windows Phone Kits\8.0\Include\minwin;C:\Program Files (x86)\Windows Phone Kits\8.0\Include\wrl;;
       Done executing task "SetEnv".
     1>Done building target "SetBuildDefaultEnvironmentVariables" in project "WelsDecCore.vcxproj".
       Target "SetUserMacroEnvironmentVariables" skipped, due to false condition; ('@(BuildMacro)' != '') was evaluated as ('' != '').
     1>Target "GetResolvedWinMD" in file "C:\Program Files (x86)\MSBuild\Microsoft.Cpp\v4.0\V110\Microsoft.CppBuild.targets" from project "E:\Project\Openh264\Source_WP8\codec\build\windowsphone\dec\WelsDecCore.vcxproj" (target "PrepareForBuild" depends on it):
     1>Done building target "GetResolvedWinMD" in project "WelsDecCore.vcxproj".
     1>Target "PlatformPrepareForBuild" in file "C:\Program Files (x86)\MSBuild\Microsoft.Cpp\v4.0\V120\Microsoft.Cpp.Platform.targets" from project "E:\Project\Openh264\Source_WP8\codec\build\windowsphone\dec\WelsDecCore.vcxproj" (target "PrepareForBuild" depends on it):
       Task "VCMessage" skipped, due to false condition; ('$(_Error64bitToolsNotInstalled)' == 'true') was evaluated as ('' == 'true').
       Task "VCMessage" skipped, due to false condition; ('$(ConfigurationPlatformExists)' != 'true') was evaluated as ('true' != 'true').
       Task "VCMessage" skipped, due to false condition; ('$(ToolsetTargetsFound)' != 'true') was evaluated as ('true' != 'true').
     1>Done building target "PlatformPrepareForBuild" in project "WelsDecCore.vcxproj".
       Target "PlatformPrepareForBuild" skipped. Previously built successfully.
       Target "GetFrameworkPaths" skipped. Previously built successfully.
       Target "GetReferenceAssemblyPaths" skipped. Previously built successfully.
       Target "AssignLinkMetadata" skipped, due to false condition; ( '$(SynthesizeLinkMetadata)' == 'true' ) was evaluated as ( '' == 'true' ).
     1>Target "SetCABuildNativeEnvironmentVariables" in file "C:\Program Files (x86)\MSBuild\Microsoft\VisualStudio\v12.0\CodeAnalysis\Microsoft.CodeAnalysis.targets" from project "E:\Project\Openh264\Source_WP8\codec\build\windowsphone\dec\WelsDecCore.vcxproj" (target "PrepareForBuild" depends on it):
       Initializing task factory "CodeTaskFactory" from assembly "C:\Program Files (x86)\MSBuild\12.0\bin\Microsoft.Build.Tasks.v12.0.dll".
       Using "SetEnvironmentVariable" task from the task factory "Code Task Factory".
       Task "SetEnvironmentVariable"
       Done executing task "SetEnvironmentVariable".
     1>Done building target "SetCABuildNativeEnvironmentVariables" in project "WelsDecCore.vcxproj".
     1>Target "PrepareForBuild" in file "C:\Program Files (x86)\MSBuild\Microsoft.Cpp\v4.0\V110\Microsoft.CppBuild.targets" from project "E:\Project\Openh264\Source_WP8\codec\build\windowsphone\dec\WelsDecCore.vcxproj" (target "ResolveAssemblyReferences" depends on it):
       Task "VCMessage" skipped, due to false condition; ('$(DesignTimeBuild)'!='true' and '$(ConfigurationPlatformExists)' != 'true') was evaluated as (''!='true' and 'true' != 'true').
       Using "MakeDir" task from assembly "Microsoft.Build.Tasks.v12.0, Version=12.0.0.0, Culture=neutral, PublicKeyToken=b03f5f7f11d50a3a".
       Task "MakeDir"
       Done executing task "MakeDir".
       Task "VCMessage" skipped, due to false condition; ('$(DesignTimeBuild)'!='true' and '$(WindowsAppContainer)'=='true' and '$(ConfigurationType)'!='Application' and '$(ConfigurationType)'!='DynamicLibrary' and '$(ConfigurationType)'!='StaticLibrary') was evaluated as (''!='true' and 'false'=='true' and 'StaticLibrary'!='Application' and 'StaticLibrary'!='DynamicLibrary' and 'StaticLibrary'!='StaticLibrary').
       Task "VCMessage" skipped, due to false condition; ('$(DesignTimeBuild)'!='true' and '$(VCInstallDir)'=='' and '$(UseEnv)' != 'true' and ($(TargetFrameworkVersion)=='v3.5' or $(TargetFrameworkVersion)=='v3.0' or $(TargetFrameworkVersion)=='v2.0' )) was evaluated as (''!='true' and 'C:\Program Files (x86)\Microsoft Visual Studio 11.0\VC\'=='' and '' != 'true' and (v4.0=='v3.5' or v4.0=='v3.0' or v4.0=='v2.0' )).
       Task "VCMessage" skipped, due to false condition; ('$(DesignTimeBuild)'!='true' and '$(VCInstallDir)'=='' and '$(UseEnv)' != 'true' and '$(PlatformToolset)'=='v90') was evaluated as (''!='true' and 'C:\Program Files (x86)\Microsoft Visual Studio 11.0\VC\'=='' and '' != 'true' and 'v110_wp80'=='v90').
       Task "VCMessage" skipped, due to false condition; ('$(VCInstallDir)'=='' and '$(UseEnv)' != 'true') was evaluated as ('C:\Program Files (x86)\Microsoft Visual Studio 11.0\VC\'=='' and '' != 'true').
       Task "VCMessage" skipped, due to false condition; ('$(WindowsSDKDir)'=='' and '$(UseEnv)' != 'true') was evaluated as ('C:\Program Files (x86)\Windows Phone Kits\8.0\'=='' and '' != 'true').
       Task "VCMessage" skipped, due to false condition; ('$(IntDirTrailingSlashWarning)'=='true') was evaluated as (''=='true').
       Task "VCMessage" skipped, due to false condition; ('$(OutDirTrailingSlashWarning)'=='true') was evaluated as (''=='true').
       Task "VCMessage" skipped, due to false condition; ('%(CompatibilityIssues.Identity)' != '' and '$(DesignTimeBuild)'!='true') was evaluated as ('' != '' and ''!='true').
       Task "MakeDir"
       Done executing task "MakeDir".
     1>Done building target "PrepareForBuild" in project "WelsDecCore.vcxproj".
       Target "_PrepareForReferenceResolution" skipped. Previously built successfully.
       Target "ComputeCrtSDKReference" skipped, due to false condition; ('@(ClCompile)'!='' and '$(WindowsAppContainer)'=='true' and '$(UseCrtSDKReference)' != 'false') was evaluated as ('..\..\..\common\src\common_tables.cpp;..\..\..\common\src\copy_mb.cpp;..\..\..\common\src\cpu.cpp;..\..\..\common\src\crt_util_safe_x.cpp;..\..\..\common\src\deblocking_common.cpp;..\..\..\common\src\expand_pic.cpp;..\..\..\common\src\utils.cpp;..\..\..\decoder\core\src\au_parser.cpp;..\..\..\decoder\core\src\bit_stream.cpp;..\..\..\decoder\core\src\cabac_decoder.cpp;..\..\..\decoder\core\src\deblocking.cpp;..\..\..\decoder\core\src\decoder.cpp;..\..\..\decoder\core\src\decoder_core.cpp;..\..\..\decoder\core\src\decoder_data_tables.cpp;..\..\..\decoder\core\src\decode_mb_aux.cpp;..\..\..\decoder\core\src\decode_slice.cpp;..\..\..\decoder\core\src\error_concealment.cpp;..\..\..\decoder\core\src\fmo.cpp;..\..\..\decoder\core\src\get_intra_predictor.cpp;..\..\..\decoder\core\src\manage_dec_ref.cpp;..\..\..\decoder\core\src\mc.cpp;..\..\..\decoder\core\src\memmgr_nal_unit.cpp;..\..\..\decoder\core\src\mem_align.cpp;..\..\..\decoder\core\src\mv_pred.cpp;..\..\..\decoder\core\src\parse_mb_syn_cabac.cpp;..\..\..\decoder\core\src\parse_mb_syn_cavlc.cpp;..\..\..\decoder\core\src\pic_queue.cpp;..\..\..\decoder\core\src\rec_mb.cpp'!='' and 'false'=='true' and 'false' != 'false').
     1>Target "GetInstalledSDKLocations" in file "C:\Program Files (x86)\MSBuild\12.0\bin\Microsoft.Common.CurrentVersion.targets" from project "E:\Project\Openh264\Source_WP8\codec\build\windowsphone\dec\WelsDecCore.vcxproj" (target "ResolveSDKReferences" depends on it):
       Task "GetInstalledSDKLocations" skipped, due to false condition; ('@(SDKReference)' != '') was evaluated as ('' != '').
     1>Done building target "GetInstalledSDKLocations" in project "WelsDecCore.vcxproj".
     1>Target "ResolveSDKReferences" in file "C:\Program Files (x86)\MSBuild\12.0\bin\Microsoft.Common.CurrentVersion.targets" from project "E:\Project\Openh264\Source_WP8\codec\build\windowsphone\dec\WelsDecCore.vcxproj" (target "ResolveAssemblyReferences" depends on it):
       Task "ResolveSDKReference" skipped, due to false condition; ('@(SDKReference)'!='') was evaluated as (''!='').
     1>Done building target "ResolveSDKReferences" in project "WelsDecCore.vcxproj".
       Target "ResolveSDKReferences" skipped. Previously built successfully.
     1>Target "ExpandSDKReferences" in file "C:\Program Files (x86)\MSBuild\12.0\bin\Microsoft.Common.CurrentVersion.targets" from project "E:\Project\Openh264\Source_WP8\codec\build\windowsphone\dec\WelsDecCore.vcxproj" (target "ResolveAssemblyReferences" depends on it):
       Task "GetSDKReferenceFiles" skipped, due to false condition; ('@(ResolvedSDKReference)'!='') was evaluated as (''!='').
     1>Done building target "ExpandSDKReferences" in project "WelsDecCore.vcxproj".
     1>Target "ResolveAssemblyReferences" in file "C:\Program Files (x86)\MSBuild\12.0\bin\Microsoft.Common.CurrentVersion.targets" from project "E:\Project\Openh264\Source_WP8\codec\build\windowsphone\dec\WelsDecCore.vcxproj" (target "ResolveReferences" depends on it):
       Using "ResolveAssemblyReference" task from assembly "Microsoft.Build.Tasks.v12.0, Version=12.0.0.0, Culture=neutral, PublicKeyToken=b03f5f7f11d50a3a".
       Task "ResolveAssemblyReference"
         TargetFrameworkMoniker:
             
         TargetFrameworkMonikerDisplayName:
             .NET Framework 4
         TargetedRuntimeVersion:
             v4.0.30319
         Assemblies:
             Windows
             platform.winmd
                 Private = 'false'
         AssemblyFiles:
         CandidateAssemblyFiles:
         TargetFrameworkDirectories:
             C:\Program Files (x86)\Reference Assemblies\Microsoft\Framework\.NETFramework\v4.0,C:\Program Files (x86)\Windows Phone Kits\8.0\Windows Metadata
         InstalledAssemblyTables:
         IgnoreInstalledAssemblyTable:
             False
         SearchPaths:
             {CandidateAssemblyFiles}
             C:\Program Files (x86)\Microsoft Visual Studio 11.0\VC\WPSDK\WP80\lib\arm
             {HintPathFromItem}
             {TargetFrameworkDirectory}
             {Registry:Software\Microsoft\.NETFramework,v4.0,AssemblyFoldersEx}
             {AssemblyFolders}
             {GAC}
             {RawFileName}
             ..\..\..\..\bin\ARM\Release\
         AllowedAssemblyExtensions:
             .winmd
             .dll
             .exe
         AllowedRelatedFileExtensions:
             .pdb
             .xml
             .pri
         AppConfigFile:
             
         AutoUnify:
             True
         CopyLocalDependenciesWhenParentReferenceInGac:
             True
         FindDependencies:
             False
         TargetProcessorArchitecture:
             arm
         StateFile:
             ARM\Release\WelsDecCore.vcxprojResolveAssemblyReference.cache
         InstalledAssemblySubsetTables:
         IgnoreInstalledAssemblySubsetTable:
             False
         TargetFrameworkSubsets:
         FullTargetFrameworkSubsetNames:
             Full
         ProfileName:
             
         FullFrameworkFolders:
             C:\Program Files (x86)\Reference Assemblies\Microsoft\Framework\.NETFramework\v4.0
         LatestTargetFrameworkDirectories:
         ProfileTablesLocation:
         Primary reference "Windows, Version=255.255.255.255, Culture=neutral, PublicKeyToken=null, ContentType=WindowsRuntime".
             Resolved file path is "C:\Program Files (x86)\Windows Phone Kits\8.0\Windows Metadata\Windows.winmd".
             Reference found at search path location "{TargetFrameworkDirectory}".
                 For SearchPath "C:\Program Files (x86)\Microsoft Visual Studio 11.0\VC\WPSDK\WP80\lib\arm".
                 Considered "C:\Program Files (x86)\Microsoft Visual Studio 11.0\VC\WPSDK\WP80\lib\arm\Windows.winmd", but it didn't exist.
                 Considered "C:\Program Files (x86)\Microsoft Visual Studio 11.0\VC\WPSDK\WP80\lib\arm\Windows.dll", but it didn't exist.
                 Considered "C:\Program Files (x86)\Microsoft Visual Studio 11.0\VC\WPSDK\WP80\lib\arm\Windows.exe", but it didn't exist.
                 For SearchPath "{TargetFrameworkDirectory}".
                 Considered "C:\Program Files (x86)\Reference Assemblies\Microsoft\Framework\.NETFramework\v4.0\Windows.winmd", but it didn't exist.
                 Considered "C:\Program Files (x86)\Reference Assemblies\Microsoft\Framework\.NETFramework\v4.0\Windows.dll", but it didn't exist.
                 Considered "C:\Program Files (x86)\Reference Assemblies\Microsoft\Framework\.NETFramework\v4.0\Windows.exe", but it didn't exist.
             This reference is not "CopyLocal" because it's in a Frameworks directory.
             The ImageRuntimeVersion for this reference is "WindowsRuntime 1.2".
             This reference is a WinMDFile.
         Primary reference "platform, Version=255.255.255.255, Culture=neutral, PublicKeyToken=null, ContentType=WindowsRuntime".
             Resolved file path is "C:\Program Files (x86)\Microsoft Visual Studio 11.0\VC\WPSDK\WP80\lib\arm\platform.winmd".
             Reference found at search path location "C:\Program Files (x86)\Microsoft Visual Studio 11.0\VC\WPSDK\WP80\lib\arm".
                 For SearchPath "C:\Program Files (x86)\Microsoft Visual Studio 11.0\VC\WPSDK\WP80\lib\arm".
                 Considered "C:\Program Files (x86)\Microsoft Visual Studio 11.0\VC\WPSDK\WP80\lib\arm\platform.winmd.winmd", but it didn't exist.
                 Considered "C:\Program Files (x86)\Microsoft Visual Studio 11.0\VC\WPSDK\WP80\lib\arm\platform.winmd.dll", but it didn't exist.
                 Considered "C:\Program Files (x86)\Microsoft Visual Studio 11.0\VC\WPSDK\WP80\lib\arm\platform.winmd.exe", but it didn't exist.
             This reference is not "CopyLocal" because at least one source item had "Private" set to "false" and no source items had "Private" set to "true".
             The ImageRuntimeVersion for this reference is "WindowsRuntime 1.2;Native code 1.2".
             This reference is a WinMDFile.
       Done executing task "ResolveAssemblyReference".
     1>Done building target "ResolveAssemblyReferences" in project "WelsDecCore.vcxproj".
       Target "GenerateBindingRedirects" skipped, due to false condition; ('$(AutoGenerateBindingRedirects)' == 'true' and '$(GenerateBindingRedirectsOutputType)' == 'true') was evaluated as ('' == 'true' and '' == 'true').
       Target "GenerateBindingRedirectsUpdateAppConfig" skipped, due to false condition; ('$(AutoGenerateBindingRedirects)' == 'true' and '$(GenerateBindingRedirectsOutputType)' == 'true' and Exists('$(_GenerateBindingRedirectsIntermediateAppConfig)')) was evaluated as ('' == 'true' and '' == 'true' and Exists('ARM\Release\WelsDecCore.vcxproj.welsdcore.lib.config')).
       Target "ResolveComReferences" skipped, due to false condition; ('@(COMReference)'!='' or '@(COMFileReference)'!='') was evaluated as (''!='' or ''!='').
     1>Target "AfterResolveReferences" in file "C:\Program Files (x86)\MSBuild\12.0\bin\Microsoft.Common.CurrentVersion.targets" from project "E:\Project\Openh264\Source_WP8\codec\build\windowsphone\dec\WelsDecCore.vcxproj" (target "ResolveReferences" depends on it):
     1>Done building target "AfterResolveReferences" in project "WelsDecCore.vcxproj".
       Target "ImplicitlyExpandDesignTimeFacades" skipped, due to false condition; ('$(ImplicitlyExpandDesignTimeFacades)' == 'true') was evaluated as ('' == 'true').
       Target "ResolveTestReferences" skipped, due to false condition; ('@(Shadow)'!='') was evaluated as (''!='').
     1>Target "ResolveReferences" in file "C:\Program Files (x86)\MSBuild\12.0\bin\Microsoft.Common.CurrentVersion.targets" from project "E:\Project\Openh264\Source_WP8\codec\build\windowsphone\dec\WelsDecCore.vcxproj" (target "Build" depends on it):
     1>Done building target "ResolveReferences" in project "WelsDecCore.vcxproj".
       Target "PrepareForBuild" skipped. Previously built successfully.
       Target "PrepareForBuild" skipped. Previously built successfully.
     1>Target "InitializeBuildStatus" in file "C:\Program Files (x86)\MSBuild\Microsoft.Cpp\v4.0\V110\Microsoft.CppBuild.targets" from project "E:\Project\Openh264\Source_WP8\codec\build\windowsphone\dec\WelsDecCore.vcxproj" (target "Build" depends on it):
       Using "ReadLinesFromFile" task from assembly "Microsoft.Build.Tasks.v12.0, Version=12.0.0.0, Culture=neutral, PublicKeyToken=b03f5f7f11d50a3a".
       Task "ReadLinesFromFile"
       Done executing task "ReadLinesFromFile".
       Using "WriteLinesToFile" task from assembly "Microsoft.Build.Tasks.v12.0, Version=12.0.0.0, Culture=neutral, PublicKeyToken=b03f5f7f11d50a3a".
       Task "WriteLinesToFile"
       Done executing task "WriteLinesToFile".
       Using "Touch" task from assembly "Microsoft.Build.Tasks.v12.0, Version=12.0.0.0, Culture=neutral, PublicKeyToken=b03f5f7f11d50a3a".
       Task "Touch"
         Creating "ARM\Release\WelsDecCore.unsuccessfulbuild" because "AlwaysCreate" was specified.
       Done executing task "Touch".
     1>Done building target "InitializeBuildStatus" in project "WelsDecCore.vcxproj".
       Target "AssignProjectConfiguration" skipped. Previously built successfully.
       Target "_SplitProjectReferencesByFileExistence" skipped. Previously built successfully.
     1>Target "BuildGenerateSourcesTraverse" in file "C:\Program Files (x86)\MSBuild\12.0\bin\Microsoft.Common.CurrentVersion.targets" from project "E:\Project\Openh264\Source_WP8\codec\build\windowsphone\dec\WelsDecCore.vcxproj" (target "BuildGenerateSources" depends on it):
       Task "MSBuild" skipped, due to false condition; ('$(BuildPassReferences)' == 'true' and '@(ProjectReferenceWithConfiguration)' != '' and '@(_MSBuildProjectReferenceExistent)' != '' and '%(_MSBuildProjectReferenceExistent.BuildReference)' == 'true') was evaluated as ('' == 'true' and '' != '' and '' != '' and '' == 'true').
     1>Done building target "BuildGenerateSourcesTraverse" in project "WelsDecCore.vcxproj".
       Target "PrepareForBuild" skipped. Previously built successfully.
       Target "ResolveReferences" skipped. Previously built successfully.
     1>Target "BeforeBuildGenerateSources" in file "C:\Program Files (x86)\MSBuild\Microsoft.Cpp\v4.0\V110\Microsoft.BuildSteps.Targets" from project "E:\Project\Openh264\Source_WP8\codec\build\windowsphone\dec\WelsDecCore.vcxproj" (target "_BuildGenerateSourcesAction" depends on it):
     1>Done building target "BeforeBuildGenerateSources" in project "WelsDecCore.vcxproj".
     1>Target "PreBuildEvent" in file "C:\Program Files (x86)\MSBuild\Microsoft.Cpp\v4.0\V110\Microsoft.CppCommon.targets" from project "E:\Project\Openh264\Source_WP8\codec\build\windowsphone\dec\WelsDecCore.vcxproj" (target "_BuildGenerateSourcesAction" depends on it):
       Task "Message" skipped, due to false condition; ('%(PreBuildEvent.Message)' != '' and '%(PreBuildEvent.Command)' != '') was evaluated as ('' != '' and '' != '').
       Task "Exec" skipped, due to false condition; ('%(PreBuildEvent.Command)' != '') was evaluated as ('' != '').
     1>Done building target "PreBuildEvent" in project "WelsDecCore.vcxproj".
       Target "CustomBuild" skipped, due to false condition; ('@(CustomBuild)' != '') was evaluated as ('' != '').
       Target "FxCompile" skipped, due to false condition; ('@(FxCompile)' != '') was evaluated as ('' != '').
       Target "Xsd" skipped, due to false condition; ('@(Xsd)' != '') was evaluated as ('' != '').
     1>Target "_Xsd" in file "C:\Program Files (x86)\MSBuild\Microsoft.Cpp\v4.0\V110\Microsoft.CppBuild.targets" from project "E:\Project\Openh264\Source_WP8\codec\build\windowsphone\dec\WelsDecCore.vcxproj" (target "_BuildGenerateSourcesAction" depends on it):
     1>Done building target "_Xsd" in project "WelsDecCore.vcxproj".
     1>Target "MakeDirsForMidl" in file "C:\Program Files (x86)\MSBuild\Microsoft.Cpp\v4.0\V110\Microsoft.CppBuild.targets" from project "E:\Project\Openh264\Source_WP8\codec\build\windowsphone\dec\WelsDecCore.vcxproj" (target "_Midl" depends on it):
       Task "Makedir"
       Done executing task "Makedir".
     1>Done building target "MakeDirsForMidl" in project "WelsDecCore.vcxproj".
       Target "Midl" skipped, due to false condition; ('@(Midl)' != '') was evaluated as ('' != '').
       Target "CustomBuild" skipped, due to false condition; ('@(CustomBuild)' != '') was evaluated as ('' != '').
       Target "FxCompile" skipped, due to false condition; ('@(FxCompile)' != '') was evaluated as ('' != '').
     1>Target "ComputeMIDLGeneratedCompileInputs" in file "C:\Program Files (x86)\MSBuild\Microsoft.Cpp\v4.0\V110\Microsoft.CppBuild.targets" from project "E:\Project\Openh264\Source_WP8\codec\build\windowsphone\dec\WelsDecCore.vcxproj" (target "_Midl" depends on it):
     1>Done building target "ComputeMIDLGeneratedCompileInputs" in project "WelsDecCore.vcxproj".
     1>Target "AfterMidl" in file "C:\Program Files (x86)\MSBuild\Microsoft.Cpp\v4.0\V110\Microsoft.CppBuild.targets" from project "E:\Project\Openh264\Source_WP8\codec\build\windowsphone\dec\WelsDecCore.vcxproj" (target "_Midl" depends on it):
     1>Done building target "AfterMidl" in project "WelsDecCore.vcxproj".
     1>Target "_Midl" in file "C:\Program Files (x86)\MSBuild\Microsoft.Cpp\v4.0\V110\Microsoft.CppBuild.targets" from project "E:\Project\Openh264\Source_WP8\codec\build\windowsphone\dec\WelsDecCore.vcxproj" (target "_BuildGenerateSourcesAction" depends on it):
     1>Done building target "_Midl" in project "WelsDecCore.vcxproj".
     1>Target "AfterBuildGenerateSources" in file "C:\Program Files (x86)\MSBuild\Microsoft.Cpp\v4.0\V110\Microsoft.BuildSteps.Targets" from project "E:\Project\Openh264\Source_WP8\codec\build\windowsphone\dec\WelsDecCore.vcxproj" (target "_BuildGenerateSourcesAction" depends on it):
     1>Done building target "AfterBuildGenerateSources" in project "WelsDecCore.vcxproj".
     1>Target "AfterBuildGenerateSourcesEvent" in file "C:\Program Files (x86)\MSBuild\Microsoft.Cpp\v4.0\V110\Microsoft.CppBuild.targets" from project "E:\Project\Openh264\Source_WP8\codec\build\windowsphone\dec\WelsDecCore.vcxproj" (target "_BuildGenerateSourcesAction" depends on it):
     1>Done building target "AfterBuildGenerateSourcesEvent" in project "WelsDecCore.vcxproj".
     1>Target "_BuildGenerateSourcesAction" in file "C:\Program Files (x86)\MSBuild\Microsoft.Cpp\v4.0\V110\Microsoft.CppBuild.targets" from project "E:\Project\Openh264\Source_WP8\codec\build\windowsphone\dec\WelsDecCore.vcxproj" (target "BuildGenerateSources" depends on it):
     1>Done building target "_BuildGenerateSourcesAction" in project "WelsDecCore.vcxproj".
     1>Target "BuildGenerateSources" in file "C:\Program Files (x86)\MSBuild\12.0\bin\Microsoft.Common.CurrentVersion.targets" from project "E:\Project\Openh264\Source_WP8\codec\build\windowsphone\dec\WelsDecCore.vcxproj" (target "Build" depends on it):
     1>Done building target "BuildGenerateSources" in project "WelsDecCore.vcxproj".
       Target "AssignProjectConfiguration" skipped. Previously built successfully.
       Target "_SplitProjectReferencesByFileExistence" skipped. Previously built successfully.
     1>Target "BuildCompileTraverse" in file "C:\Program Files (x86)\MSBuild\12.0\bin\Microsoft.Common.CurrentVersion.targets" from project "E:\Project\Openh264\Source_WP8\codec\build\windowsphone\dec\WelsDecCore.vcxproj" (target "BuildCompile" depends on it):
       Task "MSBuild" skipped, due to false condition; ('$(BuildPassReferences)' == 'true' and '@(ProjectReferenceWithConfiguration)' != '' and '@(_MSBuildProjectReferenceExistent)' != ''  and '%(_MSBuildProjectReferenceExistent.BuildReference)' == 'true') was evaluated as ('' == 'true' and '' != '' and '' != ''  and '' == 'true').
     1>Done building target "BuildCompileTraverse" in project "WelsDecCore.vcxproj".
       Target "PrepareForBuild" skipped. Previously built successfully.
       Target "ResolveReferences" skipped. Previously built successfully.
     1>Target "BeforeClCompile" in file "C:\Program Files (x86)\MSBuild\Microsoft.Cpp\v4.0\V110\Microsoft.CppBuild.targets" from project "E:\Project\Openh264\Source_WP8\codec\build\windowsphone\dec\WelsDecCore.vcxproj" (target "_ClCompile" depends on it):
     1>Done building target "BeforeClCompile" in project "WelsDecCore.vcxproj".
       Target "ComputeMIDLGeneratedCompileInputs" skipped. Previously built successfully.
     1>Target "ComputeCLInputPDBName" in file "C:\Program Files (x86)\MSBuild\Microsoft.Cpp\v4.0\V110\Microsoft.CppBuild.targets" from project "E:\Project\Openh264\Source_WP8\codec\build\windowsphone\dec\WelsDecCore.vcxproj" (target "_ClCompile" depends on it):
     1>Done building target "ComputeCLInputPDBName" in project "WelsDecCore.vcxproj".
       Target "ResolveReferences" skipped. Previously built successfully.
     1>Target "ComputeReferenceCLInput" in file "C:\Program Files (x86)\MSBuild\Microsoft.Cpp\v4.0\V110\Microsoft.CppBuild.targets" from project "E:\Project\Openh264\Source_WP8\codec\build\windowsphone\dec\WelsDecCore.vcxproj" (target "_ClCompile" depends on it):
       Task "WriteLinesToFile" skipped, due to false condition; (('@(_ReferenceCopyLocalPaths)'!='') and '$(DesignTimeBuild)' != 'true') was evaluated as ((''!='') and '' != 'true').
       Task "Message" skipped, due to false condition; ('$(_REFERENCE_DEBUG)'=='true') was evaluated as (''=='true').
     1>Done building target "ComputeReferenceCLInput" in project "WelsDecCore.vcxproj".
     1>Target "MakeDirsForCl" in file "C:\Program Files (x86)\MSBuild\Microsoft.Cpp\v4.0\V110\Microsoft.CppBuild.targets" from project "E:\Project\Openh264\Source_WP8\codec\build\windowsphone\dec\WelsDecCore.vcxproj" (target "_ClCompile" depends on it):
       Task "MakeDir"
       Done executing task "MakeDir".
     1>Done building target "MakeDirsForCl" in project "WelsDecCore.vcxproj".
       Target "PrepareForBuild" skipped. Previously built successfully.
       Target "SetBuildDefaultEnvironmentVariables" skipped. Previously built successfully.
       Target "SetUserMacroEnvironmentVariables" skipped, due to false condition; ('@(BuildMacro)' != '') was evaluated as ('' != '').
     1>Target "_SelectedFiles" in file "C:\Program Files (x86)\MSBuild\Microsoft.Cpp\v4.0\V110\Microsoft.CppBuild.targets" from project "E:\Project\Openh264\Source_WP8\codec\build\windowsphone\dec\WelsDecCore.vcxproj" (target "SelectClCompile" depends on it):
     1>Done building target "_SelectedFiles" in project "WelsDecCore.vcxproj".
       Target "ComputeMIDLGeneratedCompileInputs" skipped. Previously built successfully.
       Target "ComputeCLInputPDBName" skipped. Previously built successfully.
       Target "ComputeReferenceCLInput" skipped. Previously built successfully.
       Target "_SelectedFiles" skipped. Previously built successfully.
     1>Target "SelectCustomBuild" in file "C:\Program Files (x86)\MSBuild\Microsoft.Cpp\v4.0\V110\Microsoft.CppBuild.targets" from project "E:\Project\Openh264\Source_WP8\codec\build\windowsphone\dec\WelsDecCore.vcxproj" (target "SelectClCompile" depends on it):
     1>Done building target "SelectCustomBuild" in project "WelsDecCore.vcxproj".
     1>Target "SelectClCompile" in file "C:\Program Files (x86)\MSBuild\Microsoft.Cpp\v4.0\V110\Microsoft.CppBuild.targets" from project "E:\Project\Openh264\Source_WP8\codec\build\windowsphone\dec\WelsDecCore.vcxproj" (target "ClCompile" depends on it):
     1>Done building target "SelectClCompile" in project "WelsDecCore.vcxproj".
       Target "GenerateTargetFrameworkMonikerAttribute" skipped, due to false condition; ('$(GenerateTargetFrameworkAttribute)' == 'true') was evaluated as ('false' == 'true').
       Target "ManagedIncrementalBuildPreProcessDependencyGraph" skipped, due to false condition; ('@(ClCompile)' != '' and '$(EnableManagedIncrementalBuild)' == 'True') was evaluated as ('..\..\..\common\src\common_tables.cpp;..\..\..\common\src\copy_mb.cpp;..\..\..\common\src\cpu.cpp;..\..\..\common\src\crt_util_safe_x.cpp;..\..\..\common\src\deblocking_common.cpp;..\..\..\common\src\expand_pic.cpp;..\..\..\common\src\utils.cpp;..\..\..\decoder\core\src\au_parser.cpp;..\..\..\decoder\core\src\bit_stream.cpp;..\..\..\decoder\core\src\cabac_decoder.cpp;..\..\..\decoder\core\src\deblocking.cpp;..\..\..\decoder\core\src\decoder.cpp;..\..\..\decoder\core\src\decoder_core.cpp;..\..\..\decoder\core\src\decoder_data_tables.cpp;..\..\..\decoder\core\src\decode_mb_aux.cpp;..\..\..\decoder\core\src\decode_slice.cpp;..\..\..\decoder\core\src\error_concealment.cpp;..\..\..\decoder\core\src\fmo.cpp;..\..\..\decoder\core\src\get_intra_predictor.cpp;..\..\..\decoder\core\src\manage_dec_ref.cpp;..\..\..\decoder\core\src\mc.cpp;..\..\..\decoder\core\src\memmgr_nal_unit.cpp;..\..\..\decoder\core\src\mem_align.cpp;..\..\..\decoder\core\src\mv_pred.cpp;..\..\..\decoder\core\src\parse_mb_syn_cabac.cpp;..\..\..\decoder\core\src\parse_mb_syn_cavlc.cpp;..\..\..\decoder\core\src\pic_queue.cpp;..\..\..\decoder\core\src\rec_mb.cpp' != '' and 'false' == 'True').
     1>Target "ClCompile" in file "C:\Program Files (x86)\MSBuild\Microsoft.Cpp\v4.0\V110\Microsoft.CppCommon.targets" from project "E:\Project\Openh264\Source_WP8\codec\build\windowsphone\dec\WelsDecCore.vcxproj" (target "_ClCompile" depends on it):
       Using "Delete" task from assembly "Microsoft.Build.Tasks.v12.0, Version=12.0.0.0, Culture=neutral, PublicKeyToken=b03f5f7f11d50a3a".
       Task "Delete"
       Done executing task "Delete".
       Task "CL" skipped, due to false condition; ('%(ClCompile.PrecompiledHeader)' == 'Create' and '%(ClCompile.ExcludedFromBuild)'!='true' and '%(ClCompile.CompilerIteration)' == '') was evaluated as ('NotUsing' == 'Create' and ''!='true' and '' == '').
       Using "CL" task from assembly "Microsoft.Build.CppTasks.Common.v110, Version=4.0.0.0, Culture=neutral, PublicKeyToken=b03f5f7f11d50a3a".
       Task "CL"
         Forcing recompile of all source files due to missing PDB "ARM\Release\vc110.pdb".
         Environment Variables passed to tool:
           VS_UNICODE_OUTPUT=1688
         C:\Program Files (x86)\Microsoft Visual Studio 11.0\VC\WPSDK\WP80\bin\x86_arm\CL.exe /c /I..\..\..\decoder\core\inc /I..\..\..\common\inc /I..\..\..\api\svc /AI"C:\Program Files (x86)\Windows Phone Kits\8.0\Windows Metadata" /Zi /nologo /W1 /WX- /O2 /Oy- /GL /D _LIB /D NDEBUG /D WINAPI_FAMILY=WINAPI_FAMILY_PHONE_APP /Gm- /EHsc /MD /GS /fp:precise /Zc:wchar_t /Zc:forScope /Fo"ARM\Release\\" /Fd"ARM\Release\vc110.pdb" /Gd /TP /analyze- /errorReport:prompt ..\..\..\common\src\common_tables.cpp ..\..\..\common\src\copy_mb.cpp ..\..\..\common\src\cpu.cpp ..\..\..\common\src\crt_util_safe_x.cpp ..\..\..\common\src\deblocking_common.cpp ..\..\..\common\src\expand_pic.cpp ..\..\..\common\src\utils.cpp ..\..\..\decoder\core\src\au_parser.cpp ..\..\..\decoder\core\src\bit_stream.cpp ..\..\..\decoder\core\src\cabac_decoder.cpp ..\..\..\decoder\core\src\deblocking.cpp ..\..\..\decoder\core\src\decoder.cpp ..\..\..\decoder\core\src\decoder_core.cpp ..\..\..\decoder\core\src\decoder_data_tables.cpp ..\..\..\decoder\core\src\decode_mb_aux.cpp ..\..\..\decoder\core\src\decode_slice.cpp ..\..\..\decoder\core\src\error_concealment.cpp ..\..\..\decoder\core\src\fmo.cpp ..\..\..\decoder\core\src\get_intra_predictor.cpp ..\..\..\decoder\core\src\manage_dec_ref.cpp ..\..\..\decoder\core\src\mc.cpp ..\..\..\decoder\core\src\memmgr_nal_unit.cpp ..\..\..\decoder\core\src\mem_align.cpp ..\..\..\decoder\core\src\mv_pred.cpp ..\..\..\decoder\core\src\parse_mb_syn_cabac.cpp ..\..\..\decoder\core\src\parse_mb_syn_cavlc.cpp ..\..\..\decoder\core\src\pic_queue.cpp ..\..\..\decoder\core\src\rec_mb.cpp
         Tracking command:
         C:\Program Files (x86)\Microsoft SDKs\Windows\v8.0A\bin\NETFX 4.0 Tools\Tracker.exe /d C:\Windows\Microsoft.NET\Framework\v4.0.30319\FileTracker.dll /i E:\Project\Openh264\Source_WP8\codec\build\windowsphone\dec\ARM\Release /r "E:\PROJECT\OPENH264\SOURCE_WP8\CODEC\COMMON\SRC\COMMON_TABLES.CPP|E:\PROJECT\OPENH264\SOURCE_WP8\CODEC\COMMON\SRC\COPY_MB.CPP|E:\PROJECT\OPENH264\SOURCE_WP8\CODEC\COMMON\SRC\CPU.CPP|E:\PROJECT\OPENH264\SOURCE_WP8\CODEC\COMMON\SRC\CRT_UTIL_SAFE_X.CPP|E:\PROJECT\OPENH264\SOURCE_WP8\CODEC\COMMON\SRC\DEBLOCKING_COMMON.CPP|E:\PROJECT\OPENH264\SOURCE_WP8\CODEC\COMMON\SRC\EXPAND_PIC.CPP|E:\PROJECT\OPENH264\SOURCE_WP8\CODEC\COMMON\SRC\UTILS.CPP|E:\PROJECT\OPENH264\SOURCE_WP8\CODEC\DECODER\CORE\SRC\AU_PARSER.CPP|E:\PROJECT\OPENH264\SOURCE_WP8\CODEC\DECODER\CORE\SRC\BIT_STREAM.CPP|E:\PROJECT\OPENH264\SOURCE_WP8\CODEC\DECODER\CORE\SRC\CABAC_DECODER.CPP|E:\PROJECT\OPENH264\SOURCE_WP8\CODEC\DECODER\CORE\SRC\DEBLOCKING.CPP|E:\PROJECT\OPENH264\SOURCE_WP8\CODEC\DECODER\CORE\SRC\DECODER.CPP|E:\PROJECT\OPENH264\SOURCE_WP8\CODEC\DECODER\CORE\SRC\DECODER_CORE.CPP|E:\PROJECT\OPENH264\SOURCE_WP8\CODEC\DECODER\CORE\SRC\DECODER_DATA_TABLES.CPP|E:\PROJECT\OPENH264\SOURCE_WP8\CODEC\DECODER\CORE\SRC\DECODE_MB_AUX.CPP|E:\PROJECT\OPENH264\SOURCE_WP8\CODEC\DECODER\CORE\SRC\DECODE_SLICE.CPP|E:\PROJECT\OPENH264\SOURCE_WP8\CODEC\DECODER\CORE\SRC\ERROR_CONCEALMENT.CPP|E:\PROJECT\OPENH264\SOURCE_WP8\CODEC\DECODER\CORE\SRC\FMO.CPP|E:\PROJECT\OPENH264\SOURCE_WP8\CODEC\DECODER\CORE\SRC\GET_INTRA_PREDICTOR.CPP|E:\PROJECT\OPENH264\SOURCE_WP8\CODEC\DECODER\CORE\SRC\MANAGE_DEC_REF.CPP|E:\PROJECT\OPENH264\SOURCE_WP8\CODEC\DECODER\CORE\SRC\MC.CPP|E:\PROJECT\OPENH264\SOURCE_WP8\CODEC\DECODER\CORE\SRC\MEMMGR_NAL_UNIT.CPP|E:\PROJECT\OPENH264\SOURCE_WP8\CODEC\DECODER\CORE\SRC\MEM_ALIGN.CPP|E:\PROJECT\OPENH264\SOURCE_WP8\CODEC\DECODER\CORE\SRC\MV_PRED.CPP|E:\PROJECT\OPENH264\SOURCE_WP8\CODEC\DECODER\CORE\SRC\PARSE_MB_SYN_CABAC.CPP|E:\PROJECT\OPENH264\SOURCE_WP8\CODEC\DECODER\CORE\SRC\PARSE_MB_SYN_CAVLC.CPP|E:\PROJECT\OPENH264\SOURCE_WP8\CODEC\DECODER\CORE\SRC\PIC_QUEUE.CPP|E:\PROJECT\OPENH264\SOURCE_WP8\CODEC\DECODER\CORE\SRC\REC_MB.CPP" /b MSBuildConsole_CancelEvent36334dc5128648f48b5fb3da21163680  /c "C:\Program Files (x86)\Microsoft Visual Studio 11.0\VC\WPSDK\WP80\bin\x86_arm\CL.exe"  /c /I..\..\..\decoder\core\inc /I..\..\..\common\inc /I..\..\..\api\svc /AI"C:\Program Files (x86)\Windows Phone Kits\8.0\Windows Metadata" /Zi /nologo /W1 /WX- /O2 /Oy- /GL /D _LIB /D NDEBUG /D WINAPI_FAMILY=WINAPI_FAMILY_PHONE_APP /Gm- /EHsc /MD /GS /fp:precise /Zc:wchar_t /Zc:forScope /Fo"ARM\Release\\" /Fd"ARM\Release\vc110.pdb" /Gd /TP /analyze- /errorReport:prompt ..\..\..\common\src\common_tables.cpp ..\..\..\common\src\copy_mb.cpp ..\..\..\common\src\cpu.cpp ..\..\..\common\src\crt_util_safe_x.cpp ..\..\..\common\src\deblocking_common.cpp ..\..\..\common\src\expand_pic.cpp ..\..\..\common\src\utils.cpp ..\..\..\decoder\core\src\au_parser.cpp ..\..\..\decoder\core\src\bit_stream.cpp ..\..\..\decoder\core\src\cabac_decoder.cpp ..\..\..\decoder\core\src\deblocking.cpp ..\..\..\decoder\core\src\decoder.cpp ..\..\..\decoder\core\src\decoder_core.cpp ..\..\..\decoder\core\src\decoder_data_tables.cpp ..\..\..\decoder\core\src\decode_mb_aux.cpp ..\..\..\decoder\core\src\decode_slice.cpp ..\..\..\decoder\core\src\error_concealment.cpp ..\..\..\decoder\core\src\fmo.cpp ..\..\..\decoder\core\src\get_intra_predictor.cpp ..\..\..\decoder\core\src\manage_dec_ref.cpp ..\..\..\decoder\core\src\mc.cpp ..\..\..\decoder\core\src\memmgr_nal_unit.cpp ..\..\..\decoder\core\src\mem_align.cpp ..\..\..\decoder\core\src\mv_pred.cpp ..\..\..\decoder\core\src\parse_mb_syn_cabac.cpp ..\..\..\decoder\core\src\parse_mb_syn_cavlc.cpp ..\..\..\decoder\core\src\pic_queue.cpp ..\..\..\decoder\core\src\rec_mb.cpp
         common_tables.cpp
     1>..\..\..\common\src\common_tables.cpp(572): warning C4819: The file contains a character that cannot be represented in the current code page (936). Save the file in Unicode format to prevent data loss
         copy_mb.cpp
         cpu.cpp
         crt_util_safe_x.cpp
         deblocking_common.cpp
         expand_pic.cpp
         utils.cpp
         au_parser.cpp
         bit_stream.cpp
         cabac_decoder.cpp
         deblocking.cpp
         decoder.cpp
         decoder_core.cpp
         decoder_data_tables.cpp
         decode_mb_aux.cpp
         decode_slice.cpp
         error_concealment.cpp
         fmo.cpp
         get_intra_predictor.cpp
         manage_dec_ref.cpp
         Compiling...
         mc.cpp
         memmgr_nal_unit.cpp
         mem_align.cpp
         mv_pred.cpp
         parse_mb_syn_cabac.cpp
         parse_mb_syn_cavlc.cpp
         pic_queue.cpp
         rec_mb.cpp
       Done executing task "CL".
     1>Done building target "ClCompile" in project "WelsDecCore.vcxproj".
       Target "ManagedIncrementalBuildPostProcessDependencyGraph" skipped, due to false condition; ('@(ClCompile)' != '' and '$(EnableManagedIncrementalBuild)' == 'True') was evaluated as ('..\..\..\common\src\common_tables.cpp;..\..\..\common\src\copy_mb.cpp;..\..\..\common\src\cpu.cpp;..\..\..\common\src\crt_util_safe_x.cpp;..\..\..\common\src\deblocking_common.cpp;..\..\..\common\src\expand_pic.cpp;..\..\..\common\src\utils.cpp;..\..\..\decoder\core\src\au_parser.cpp;..\..\..\decoder\core\src\bit_stream.cpp;..\..\..\decoder\core\src\cabac_decoder.cpp;..\..\..\decoder\core\src\deblocking.cpp;..\..\..\decoder\core\src\decoder.cpp;..\..\..\decoder\core\src\decoder_core.cpp;..\..\..\decoder\core\src\decoder_data_tables.cpp;..\..\..\decoder\core\src\decode_mb_aux.cpp;..\..\..\decoder\core\src\decode_slice.cpp;..\..\..\decoder\core\src\error_concealment.cpp;..\..\..\decoder\core\src\fmo.cpp;..\..\..\decoder\core\src\get_intra_predictor.cpp;..\..\..\decoder\core\src\manage_dec_ref.cpp;..\..\..\decoder\core\src\mc.cpp;..\..\..\decoder\core\src\memmgr_nal_unit.cpp;..\..\..\decoder\core\src\mem_align.cpp;..\..\..\decoder\core\src\mv_pred.cpp;..\..\..\decoder\core\src\parse_mb_syn_cabac.cpp;..\..\..\decoder\core\src\parse_mb_syn_cavlc.cpp;..\..\..\decoder\core\src\pic_queue.cpp;..\..\..\decoder\core\src\rec_mb.cpp' != '' and 'false' == 'True').
     1>Target "AfterClCompile" in file "C:\Program Files (x86)\MSBuild\Microsoft.Cpp\v4.0\V110\Microsoft.CppBuild.targets" from project "E:\Project\Openh264\Source_WP8\codec\build\windowsphone\dec\WelsDecCore.vcxproj" (target "_ClCompile" depends on it):
     1>Done building target "AfterClCompile" in project "WelsDecCore.vcxproj".
     1>Target "_ClCompile" in file "C:\Program Files (x86)\MSBuild\Microsoft.Cpp\v4.0\V110\Microsoft.CppBuild.targets" from project "E:\Project\Openh264\Source_WP8\codec\build\windowsphone\dec\WelsDecCore.vcxproj" (target "_BuildCompileAction" depends on it):
     1>Done building target "_ClCompile" in project "WelsDecCore.vcxproj".
       Target "_ResGen" skipped, due to false condition; ('@(EmbeddedResource)'!='') was evaluated as (''!='').
     1>Target "BeforeResourceCompile" in file "C:\Program Files (x86)\MSBuild\Microsoft.Cpp\v4.0\V110\Microsoft.CppBuild.targets" from project "E:\Project\Openh264\Source_WP8\codec\build\windowsphone\dec\WelsDecCore.vcxproj" (target "_ResourceCompile" depends on it):
     1>Done building target "BeforeResourceCompile" in project "WelsDecCore.vcxproj".
     1>Target "MakeDirsForResourceCompile" in file "C:\Program Files (x86)\MSBuild\Microsoft.Cpp\v4.0\V110\Microsoft.CppBuild.targets" from project "E:\Project\Openh264\Source_WP8\codec\build\windowsphone\dec\WelsDecCore.vcxproj" (target "_ResourceCompile" depends on it):
       Task "MakeDir"
       Done executing task "MakeDir".
     1>Done building target "MakeDirsForResourceCompile" in project "WelsDecCore.vcxproj".
       Target "ResourceCompile" skipped, due to false condition; ('@(ResourceCompile)' != '') was evaluated as ('' != '').
     1>Target "AfterResourceCompile" in file "C:\Program Files (x86)\MSBuild\Microsoft.Cpp\v4.0\V110\Microsoft.CppBuild.targets" from project "E:\Project\Openh264\Source_WP8\codec\build\windowsphone\dec\WelsDecCore.vcxproj" (target "_ResourceCompile" depends on it):
     1>Done building target "AfterResourceCompile" in project "WelsDecCore.vcxproj".
     1>Target "_ResourceCompile" in file "C:\Program Files (x86)\MSBuild\Microsoft.Cpp\v4.0\V110\Microsoft.CppBuild.targets" from project "E:\Project\Openh264\Source_WP8\codec\build\windowsphone\dec\WelsDecCore.vcxproj" (target "_BuildCompileAction" depends on it):
     1>Done building target "_ResourceCompile" in project "WelsDecCore.vcxproj".
       Target "_ImpLib" skipped, due to false condition; ('$(ImpLibCompiled)' == 'true') was evaluated as ('' == 'true').
     1>Target "BeforeLib" in file "C:\Program Files (x86)\MSBuild\Microsoft.Cpp\v4.0\V110\Microsoft.CppBuild.targets" from project "E:\Project\Openh264\Source_WP8\codec\build\windowsphone\dec\WelsDecCore.vcxproj" (target "_Lib" depends on it):
     1>Done building target "BeforeLib" in project "WelsDecCore.vcxproj".
     1>Target "ComputeLibAdditionalOptions" in file "C:\Program Files (x86)\MSBuild\Microsoft.Cpp\v4.0\V110\Microsoft.CppBuild.targets" from project "E:\Project\Openh264\Source_WP8\codec\build\windowsphone\dec\WelsDecCore.vcxproj" (target "_Lib" depends on it):
     1>Done building target "ComputeLibAdditionalOptions" in project "WelsDecCore.vcxproj".
     1>Target "ComputeRCOutputs" in file "C:\Program Files (x86)\MSBuild\Microsoft.Cpp\v4.0\V110\Microsoft.CppBuild.targets" from project "E:\Project\Openh264\Source_WP8\codec\build\windowsphone\dec\WelsDecCore.vcxproj" (target "ComputeRCGeneratedLibInputs" depends on it):
     1>Done building target "ComputeRCOutputs" in project "WelsDecCore.vcxproj".
     1>Target "ComputeRCGeneratedLibInputs" in file "C:\Program Files (x86)\MSBuild\Microsoft.Cpp\v4.0\V110\Microsoft.CppBuild.targets" from project "E:\Project\Openh264\Source_WP8\codec\build\windowsphone\dec\WelsDecCore.vcxproj" (target "_Lib" depends on it):
     1>Done building target "ComputeRCGeneratedLibInputs" in project "WelsDecCore.vcxproj".
     1>Target "ComputeCustomBuildOutput" in file "C:\Program Files (x86)\MSBuild\Microsoft.Cpp\v4.0\V110\Microsoft.CppBuild.targets" from project "E:\Project\Openh264\Source_WP8\codec\build\windowsphone\dec\WelsDecCore.vcxproj" (target "_Lib" depends on it):
       Task "CreateItem" skipped, due to false condition; ('%(CustomBuildDirsToMake.OutputFileToTool)'!='') was evaluated as (''!='').
       Task "MakeDir"
       Done executing task "MakeDir".
     1>Done building target "ComputeCustomBuildOutput" in project "WelsDecCore.vcxproj".
       Target "ComputeMIDLGeneratedCompileInputs" skipped. Previously built successfully.
       Target "ComputeCLInputPDBName" skipped. Previously built successfully.
       Target "ComputeReferenceCLInput" skipped. Previously built successfully.
     1>Target "ComputeCLOutputs" in file "C:\Program Files (x86)\MSBuild\Microsoft.Cpp\v4.0\V110\Microsoft.CppBuild.targets" from project "E:\Project\Openh264\Source_WP8\codec\build\windowsphone\dec\WelsDecCore.vcxproj" (target "ComputeCLGeneratedLibInputs" depends on it):
     1>Done building target "ComputeCLOutputs" in project "WelsDecCore.vcxproj".
     1>Target "ComputeCLGeneratedLibInputs" in file "C:\Program Files (x86)\MSBuild\Microsoft.Cpp\v4.0\V110\Microsoft.CppBuild.targets" from project "E:\Project\Openh264\Source_WP8\codec\build\windowsphone\dec\WelsDecCore.vcxproj" (target "_Lib" depends on it):
     1>Done building target "ComputeCLGeneratedLibInputs" in project "WelsDecCore.vcxproj".
     1>Target "ComputeLibInputsFromProject" in file "C:\Program Files (x86)\MSBuild\Microsoft.Cpp\v4.0\V110\Microsoft.CppBuild.targets" from project "E:\Project\Openh264\Source_WP8\codec\build\windowsphone\dec\WelsDecCore.vcxproj" (target "_Lib" depends on it):
     1>Done building target "ComputeLibInputsFromProject" in project "WelsDecCore.vcxproj".
       Target "ComputeReferenceLibInputs" skipped, due to false condition; (@(ProjectReference) != '') was evaluated as ( != '').
     1>Target "MakeDirsForLib" in file "C:\Program Files (x86)\MSBuild\Microsoft.Cpp\v4.0\V110\Microsoft.CppBuild.targets" from project "E:\Project\Openh264\Source_WP8\codec\build\windowsphone\dec\WelsDecCore.vcxproj" (target "_Lib" depends on it):
       Task "MakeDir"
       Done executing task "MakeDir".
     1>Done building target "MakeDirsForLib" in project "WelsDecCore.vcxproj".
     1>Target "DoLibOutputFilesMatch" in file "C:\Program Files (x86)\MSBuild\Microsoft.Cpp\v4.0\V110\Microsoft.CppBuild.targets" from project "E:\Project\Openh264\Source_WP8\codec\build\windowsphone\dec\WelsDecCore.vcxproj" (target "_Lib" depends on it):
       Task "VCMessage" skipped, due to false condition; ('@(_OutputFileFromLib)' == '') was evaluated as ('..\..\..\..\bin\ARM\Release\welsdcore.lib' == '').
       Task "VCMessage" skipped, due to false condition; ('@(_OutputFileFromLib)' != '' and '%(_OutputFileFromLib.FullPath)' != '$([System.IO.Path]::GetFullPath($(TargetPath)))') was evaluated as ('..\..\..\..\bin\ARM\Release\welsdcore.lib' != '' and 'E:\Project\Openh264\Source_WP8\bin\ARM\Release\welsdcore.lib' != 'E:\Project\Openh264\Source_WP8\bin\ARM\Release\welsdcore.lib').
       Task "VCMessage" skipped, due to false condition; ('@(_OutputFileFromLib)' != '' and '%(_OutputFileFromLib.Extension)' != '$(TargetExt)') was evaluated as ('..\..\..\..\bin\ARM\Release\welsdcore.lib' != '' and '.lib' != '.lib').
       Task "VCMessage" skipped, due to false condition; ('@(_OutputFileFromLib)' != '' and '%(_OutputFileFromLib.Filename)' != '$(TargetName)') was evaluated as ('..\..\..\..\bin\ARM\Release\welsdcore.lib' != '' and 'welsdcore' != 'welsdcore').
     1>Done building target "DoLibOutputFilesMatch" in project "WelsDecCore.vcxproj".
     1>Target "PreLinkEvent" in file "C:\Program Files (x86)\MSBuild\Microsoft.Cpp\v4.0\V110\Microsoft.CppCommon.targets" from project "E:\Project\Openh264\Source_WP8\codec\build\windowsphone\dec\WelsDecCore.vcxproj" (target "_Lib" depends on it):
       Task "Message" skipped, due to false condition; ('%(PreLinkEvent.Message)' != '' and '%(PreLinkEvent.Command)' != '') was evaluated as ('' != '' and '' != '').
       Task "Exec" skipped, due to false condition; ('%(PreLinkEvent.Command)' != '') was evaluated as ('' != '').
     1>Done building target "PreLinkEvent" in project "WelsDecCore.vcxproj".
     1>Target "Lib" in file "C:\Program Files (x86)\MSBuild\Microsoft.Cpp\v4.0\V110\Microsoft.CppCommon.targets" from project "E:\Project\Openh264\Source_WP8\codec\build\windowsphone\dec\WelsDecCore.vcxproj" (target "_Lib" depends on it):
       Using "LIB" task from assembly "Microsoft.Build.CppTasks.Common.v110, Version=4.0.0.0, Culture=neutral, PublicKeyToken=b03f5f7f11d50a3a".
       Task "LIB"
         Forcing rebuild of all source files due to missing command TLog "E:\Project\Openh264\Source_WP8\codec\build\windowsphone\dec\ARM\Release\lib.command.1.tlog".
         C:\Program Files (x86)\Microsoft Visual Studio 11.0\VC\WPSDK\WP80\bin\x86_arm\Lib.exe /OUT:"..\..\..\..\bin\ARM\Release\welsdcore.lib" /NOLOGO /MACHINE:ARM /LTCG ARM\Release\common_tables.obj
         ARM\Release\copy_mb.obj
         ARM\Release\cpu.obj
         ARM\Release\crt_util_safe_x.obj
         ARM\Release\deblocking_common.obj
         ARM\Release\expand_pic.obj
         ARM\Release\utils.obj
         ARM\Release\au_parser.obj
         ARM\Release\bit_stream.obj
         ARM\Release\cabac_decoder.obj
         ARM\Release\deblocking.obj
         ARM\Release\decoder.obj
         ARM\Release\decoder_core.obj
         ARM\Release\decoder_data_tables.obj
         ARM\Release\decode_mb_aux.obj
         ARM\Release\decode_slice.obj
         ARM\Release\error_concealment.obj
         ARM\Release\fmo.obj
         ARM\Release\get_intra_predictor.obj
         ARM\Release\manage_dec_ref.obj
         ARM\Release\mc.obj
         ARM\Release\memmgr_nal_unit.obj
         ARM\Release\mem_align.obj
         ARM\Release\mv_pred.obj
         ARM\Release\parse_mb_syn_cabac.obj
         ARM\Release\parse_mb_syn_cavlc.obj
         ARM\Release\pic_queue.obj
         ARM\Release\rec_mb.obj
         Tracking command:
         C:\Program Files (x86)\Microsoft SDKs\Windows\v8.0A\bin\NETFX 4.0 Tools\Tracker.exe /d C:\Windows\Microsoft.NET\Framework\v4.0.30319\FileTracker.dll /i E:\Project\Openh264\Source_WP8\codec\build\windowsphone\dec\ARM\Release /r "E:\PROJECT\OPENH264\SOURCE_WP8\CODEC\BUILD\WINDOWSPHONE\DEC\ARM\RELEASE\AU_PARSER.OBJ|E:\PROJECT\OPENH264\SOURCE_WP8\CODEC\BUILD\WINDOWSPHONE\DEC\ARM\RELEASE\BIT_STREAM.OBJ|E:\PROJECT\OPENH264\SOURCE_WP8\CODEC\BUILD\WINDOWSPHONE\DEC\ARM\RELEASE\CABAC_DECODER.OBJ|E:\PROJECT\OPENH264\SOURCE_WP8\CODEC\BUILD\WINDOWSPHONE\DEC\ARM\RELEASE\COMMON_TABLES.OBJ|E:\PROJECT\OPENH264\SOURCE_WP8\CODEC\BUILD\WINDOWSPHONE\DEC\ARM\RELEASE\COPY_MB.OBJ|E:\PROJECT\OPENH264\SOURCE_WP8\CODEC\BUILD\WINDOWSPHONE\DEC\ARM\RELEASE\CPU.OBJ|E:\PROJECT\OPENH264\SOURCE_WP8\CODEC\BUILD\WINDOWSPHONE\DEC\ARM\RELEASE\CRT_UTIL_SAFE_X.OBJ|E:\PROJECT\OPENH264\SOURCE_WP8\CODEC\BUILD\WINDOWSPHONE\DEC\ARM\RELEASE\DEBLOCKING.OBJ|E:\PROJECT\OPENH264\SOURCE_WP8\CODEC\BUILD\WINDOWSPHONE\DEC\ARM\RELEASE\DEBLOCKING_COMMON.OBJ|E:\PROJECT\OPENH264\SOURCE_WP8\CODEC\BUILD\WINDOWSPHONE\DEC\ARM\RELEASE\DECODER.OBJ|E:\PROJECT\OPENH264\SOURCE_WP8\CODEC\BUILD\WINDOWSPHONE\DEC\ARM\RELEASE\DECODER_CORE.OBJ|E:\PROJECT\OPENH264\SOURCE_WP8\CODEC\BUILD\WINDOWSPHONE\DEC\ARM\RELEASE\DECODER_DATA_TABLES.OBJ|E:\PROJECT\OPENH264\SOURCE_WP8\CODEC\BUILD\WINDOWSPHONE\DEC\ARM\RELEASE\DECODE_MB_AUX.OBJ|E:\PROJECT\OPENH264\SOURCE_WP8\CODEC\BUILD\WINDOWSPHONE\DEC\ARM\RELEASE\DECODE_SLICE.OBJ|E:\PROJECT\OPENH264\SOURCE_WP8\CODEC\BUILD\WINDOWSPHONE\DEC\ARM\RELEASE\ERROR_CONCEALMENT.OBJ|E:\PROJECT\OPENH264\SOURCE_WP8\CODEC\BUILD\WINDOWSPHONE\DEC\ARM\RELEASE\EXPAND_PIC.OBJ|E:\PROJECT\OPENH264\SOURCE_WP8\CODEC\BUILD\WINDOWSPHONE\DEC\ARM\RELEASE\FMO.OBJ|E:\PROJECT\OPENH264\SOURCE_WP8\CODEC\BUILD\WINDOWSPHONE\DEC\ARM\RELEASE\GET_INTRA_PREDICTOR.OBJ|E:\PROJECT\OPENH264\SOURCE_WP8\CODEC\BUILD\WINDOWSPHONE\DEC\ARM\RELEASE\MANAGE_DEC_REF.OBJ|E:\PROJECT\OPENH264\SOURCE_WP8\CODEC\BUILD\WINDOWSPHONE\DEC\ARM\RELEASE\MC.OBJ|E:\PROJECT\OPENH264\SOURCE_WP8\CODEC\BUILD\WINDOWSPHONE\DEC\ARM\RELEASE\MEMMGR_NAL_UNIT.OBJ|E:\PROJECT\OPENH264\SOURCE_WP8\CODEC\BUILD\WINDOWSPHONE\DEC\ARM\RELEASE\MEM_ALIGN.OBJ|E:\PROJECT\OPENH264\SOURCE_WP8\CODEC\BUILD\WINDOWSPHONE\DEC\ARM\RELEASE\MV_PRED.OBJ|E:\PROJECT\OPENH264\SOURCE_WP8\CODEC\BUILD\WINDOWSPHONE\DEC\ARM\RELEASE\PARSE_MB_SYN_CABAC.OBJ|E:\PROJECT\OPENH264\SOURCE_WP8\CODEC\BUILD\WINDOWSPHONE\DEC\ARM\RELEASE\PARSE_MB_SYN_CAVLC.OBJ|E:\PROJECT\OPENH264\SOURCE_WP8\CODEC\BUILD\WINDOWSPHONE\DEC\ARM\RELEASE\PIC_QUEUE.OBJ|E:\PROJECT\OPENH264\SOURCE_WP8\CODEC\BUILD\WINDOWSPHONE\DEC\ARM\RELEASE\REC_MB.OBJ|E:\PROJECT\OPENH264\SOURCE_WP8\CODEC\BUILD\WINDOWSPHONE\DEC\ARM\RELEASE\UTILS.OBJ" /b MSBuildConsole_CancelEvent702494b4f8924fc1a21329c502f1c8b8  /c "C:\Program Files (x86)\Microsoft Visual Studio 11.0\VC\WPSDK\WP80\bin\x86_arm\Lib.exe"  /OUT:"..\..\..\..\bin\ARM\Release\welsdcore.lib" /NOLOGO /MACHINE:ARM /LTCG ARM\Release\common_tables.obj
         ARM\Release\copy_mb.obj
         ARM\Release\cpu.obj
         ARM\Release\crt_util_safe_x.obj
         ARM\Release\deblocking_common.obj
         ARM\Release\expand_pic.obj
         ARM\Release\utils.obj
         ARM\Release\au_parser.obj
         ARM\Release\bit_stream.obj
         ARM\Release\cabac_decoder.obj
         ARM\Release\deblocking.obj
         ARM\Release\decoder.obj
         ARM\Release\decoder_core.obj
         ARM\Release\decoder_data_tables.obj
         ARM\Release\decode_mb_aux.obj
         ARM\Release\decode_slice.obj
         ARM\Release\error_concealment.obj
         ARM\Release\fmo.obj
         ARM\Release\get_intra_predictor.obj
         ARM\Release\manage_dec_ref.obj
         ARM\Release\mc.obj
         ARM\Release\memmgr_nal_unit.obj
         ARM\Release\mem_align.obj
         ARM\Release\mv_pred.obj
         ARM\Release\parse_mb_syn_cabac.obj
         ARM\Release\parse_mb_syn_cavlc.obj
         ARM\Release\pic_queue.obj
         ARM\Release\rec_mb.obj
       Done executing task "LIB".
       Task "Message"
         WelsDecCore.vcxproj -> E:\Project\Openh264\Source_WP8\codec\build\windowsphone\dec\..\..\..\..\bin\ARM\Release\welsdcore.lib
       Done executing task "Message".
     1>Done building target "Lib" in project "WelsDecCore.vcxproj".
     1>Target "AfterLib" in file "C:\Program Files (x86)\MSBuild\Microsoft.Cpp\v4.0\V110\Microsoft.CppBuild.targets" from project "E:\Project\Openh264\Source_WP8\codec\build\windowsphone\dec\WelsDecCore.vcxproj" (target "_Lib" depends on it):
     1>Done building target "AfterLib" in project "WelsDecCore.vcxproj".
     1>Target "_Lib" in file "C:\Program Files (x86)\MSBuild\Microsoft.Cpp\v4.0\V110\Microsoft.CppBuild.targets" from project "E:\Project\Openh264\Source_WP8\codec\build\windowsphone\dec\WelsDecCore.vcxproj" (target "_BuildCompileAction" depends on it):
     1>Done building target "_Lib" in project "WelsDecCore.vcxproj".
     1>Target "AfterBuildCompileEvent" in file "C:\Program Files (x86)\MSBuild\Microsoft.Cpp\v4.0\V110\Microsoft.CppBuild.targets" from project "E:\Project\Openh264\Source_WP8\codec\build\windowsphone\dec\WelsDecCore.vcxproj" (target "_BuildCompileAction" depends on it):
     1>Done building target "AfterBuildCompileEvent" in project "WelsDecCore.vcxproj".
     1>Target "_BuildCompileAction" in file "C:\Program Files (x86)\MSBuild\Microsoft.Cpp\v4.0\V110\Microsoft.CppBuild.targets" from project "E:\Project\Openh264\Source_WP8\codec\build\windowsphone\dec\WelsDecCore.vcxproj" (target "BuildCompile" depends on it):
     1>Done building target "_BuildCompileAction" in project "WelsDecCore.vcxproj".
     1>Target "BuildCompile" in file "C:\Program Files (x86)\MSBuild\12.0\bin\Microsoft.Common.CurrentVersion.targets" from project "E:\Project\Openh264\Source_WP8\codec\build\windowsphone\dec\WelsDecCore.vcxproj" (target "Build" depends on it):
     1>Done building target "BuildCompile" in project "WelsDecCore.vcxproj".
       Target "AssignProjectConfiguration" skipped. Previously built successfully.
       Target "_SplitProjectReferencesByFileExistence" skipped. Previously built successfully.
     1>Target "BuildLinkTraverse" in file "C:\Program Files (x86)\MSBuild\12.0\bin\Microsoft.Common.CurrentVersion.targets" from project "E:\Project\Openh264\Source_WP8\codec\build\windowsphone\dec\WelsDecCore.vcxproj" (target "BuildLink" depends on it):
       Task "MSBuild" skipped, due to false condition; ('$(BuildPassReferences)' == 'true' and '@(ProjectReferenceWithConfiguration)' != '' and '@(_MSBuildProjectReferenceExistent)' != ''  and '%(_MSBuildProjectReferenceExistent.BuildReference)' == 'true') was evaluated as ('' == 'true' and '' != '' and '' != ''  and '' == 'true').
     1>Done building target "BuildLinkTraverse" in project "WelsDecCore.vcxproj".
       Target "PrepareForBuild" skipped. Previously built successfully.
       Target "ResolveReferences" skipped. Previously built successfully.
     1>Target "ComputeLegacyManifestEmbedding" in file "C:\Program Files (x86)\MSBuild\Microsoft.Cpp\v4.0\V110\Microsoft.CppBuild.targets" from project "E:\Project\Openh264\Source_WP8\codec\build\windowsphone\dec\WelsDecCore.vcxproj" (target "_BuildLinkAction" depends on it):
       Task "VCMessage" skipped, due to false condition; ('$(RevertManifestEmbedding)' == 'true' and '$(_LegacyManifestEmbeddingDebug)' == 'true') was evaluated as ('true' == 'true' and '' == 'true').
     1>Done building target "ComputeLegacyManifestEmbedding" in project "WelsDecCore.vcxproj".
       Target "_Link" skipped, due to false condition; ('$(LinkCompiled)' == 'true') was evaluated as ('' == 'true').
     1>Target "_ALink" in file "C:\Program Files (x86)\MSBuild\Microsoft.Cpp\v4.0\V110\Microsoft.CppBuild.targets" from project "E:\Project\Openh264\Source_WP8\codec\build\windowsphone\dec\WelsDecCore.vcxproj" (target "_BuildLinkAction" depends on it):
     1>Done building target "_ALink" in project "WelsDecCore.vcxproj".
       Target "ComputeLegacyManifestEmbedding" skipped. Previously built successfully.
     1>Target "_Manifest" in file "C:\Program Files (x86)\MSBuild\Microsoft.Cpp\v4.0\V110\Microsoft.CppBuild.targets" from project "E:\Project\Openh264\Source_WP8\codec\build\windowsphone\dec\WelsDecCore.vcxproj" (target "_BuildLinkAction" depends on it):
       Using "CallTarget" task from assembly "Microsoft.Build.Tasks.v12.0, Version=12.0.0.0, Culture=neutral, PublicKeyToken=b03f5f7f11d50a3a".
       Task "CallTarget"
       Done executing task "CallTarget".
     1>Done building target "_Manifest" in project "WelsDecCore.vcxproj".
       Target "RegisterOutput" skipped, due to false condition; ('$(EmbedManifest)'=='true' and '$(LinkSkippedExecution)' != 'true' and ('$(_IsNativeEnvironment)' == 'true' or '$(Platform)' == 'Win32')) was evaluated as ('false'=='true' and '' != 'true' and ('' == 'true' or 'ARM' == 'Win32')).
       Target "PrepareForBuild" skipped. Previously built successfully.
       Target "ResolveReferences" skipped. Previously built successfully.
     1>Target "ResolvedXDCMake" in file "C:\Program Files (x86)\MSBuild\Microsoft.Cpp\v4.0\V110\Microsoft.CppBuild.targets" from project "E:\Project\Openh264\Source_WP8\codec\build\windowsphone\dec\WelsDecCore.vcxproj" (target "_XdcMake" depends on it):
       Task "MSBuild" skipped, due to false condition; ('%(_MSBuildProjectReferenceExistent.Extension)' == '.vcxproj' and '@(ProjectReferenceWithConfiguration)' != '' and '@(_MSBuildProjectReferenceExistent)' != '' and '$(_ClCompileGenerateXMLDocumentationFiles)' == 'true') was evaluated as ('' == '.vcxproj' and '' != '' and '' != '' and '' == 'true').
     1>Done building target "ResolvedXDCMake" in project "WelsDecCore.vcxproj".
     1>Target "ComputeCLCompileGeneratedXDCFiles" in file "C:\Program Files (x86)\MSBuild\Microsoft.Cpp\v4.0\V110\Microsoft.CppBuild.targets" from project "E:\Project\Openh264\Source_WP8\codec\build\windowsphone\dec\WelsDecCore.vcxproj" (target "_XdcMake" depends on it):
     1>Done building target "ComputeCLCompileGeneratedXDCFiles" in project "WelsDecCore.vcxproj".
     1>Target "MakeDirsForXdcMake" in file "C:\Program Files (x86)\MSBuild\Microsoft.Cpp\v4.0\V110\Microsoft.CppBuild.targets" from project "E:\Project\Openh264\Source_WP8\codec\build\windowsphone\dec\WelsDecCore.vcxproj" (target "_XdcMake" depends on it):
       Task "MakeDir"
       Done executing task "MakeDir".
     1>Done building target "MakeDirsForXdcMake" in project "WelsDecCore.vcxproj".
       Target "XdcMake" skipped, due to false condition; ('@(XdcMake)' != '') was evaluated as ('' != '').
     1>Target "_XdcMake" in file "C:\Program Files (x86)\MSBuild\Microsoft.Cpp\v4.0\V110\Microsoft.CppBuild.targets" from project "E:\Project\Openh264\Source_WP8\codec\build\windowsphone\dec\WelsDecCore.vcxproj" (target "_BuildLinkAction" depends on it):
     1>Done building target "_XdcMake" in project "WelsDecCore.vcxproj".
     1>Target "ComputeCLCompileGeneratedSbrFiles" in file "C:\Program Files (x86)\MSBuild\Microsoft.Cpp\v4.0\V110\Microsoft.CppBuild.targets" from project "E:\Project\Openh264\Source_WP8\codec\build\windowsphone\dec\WelsDecCore.vcxproj" (target "_BscMake" depends on it):
     1>Done building target "ComputeCLCompileGeneratedSbrFiles" in project "WelsDecCore.vcxproj".
     1>Target "MakeDirsForBscMake" in file "C:\Program Files (x86)\MSBuild\Microsoft.Cpp\v4.0\V110\Microsoft.CppBuild.targets" from project "E:\Project\Openh264\Source_WP8\codec\build\windowsphone\dec\WelsDecCore.vcxproj" (target "_BscMake" depends on it):
       Task "MakeDir"
       Done executing task "MakeDir".
     1>Done building target "MakeDirsForBscMake" in project "WelsDecCore.vcxproj".
       Target "BscMake" skipped, due to false condition; ('@(BscMake)' != '') was evaluated as ('' != '').
       Target "CustomBuildStep" skipped, due to false condition; ('@(CustomBuildStep)' != '' and '$(SelectedFiles)'=='') was evaluated as ('' != '' and ''=='').
     1>Target "_BscMake" in file "C:\Program Files (x86)\MSBuild\Microsoft.Cpp\v4.0\V110\Microsoft.CppBuild.targets" from project "E:\Project\Openh264\Source_WP8\codec\build\windowsphone\dec\WelsDecCore.vcxproj" (target "_BuildLinkAction" depends on it):
     1>Done building target "_BscMake" in project "WelsDecCore.vcxproj".
       Target "RunMergeNativeCodeAnalysis" skipped, due to false condition; ('$(Language)'=='C++' and '$(RunCodeAnalysisOnThisProject)'=='true') was evaluated as ('C++'=='C++' and ''=='true').
       Target "RunNativeCodeAnalysis" skipped, due to false condition; ('$(Language)'=='C++' and '$(RunCodeAnalysisOnThisProject)'=='true') was evaluated as ('C++'=='C++' and ''=='true').
     1>Target "_GenerateSatelliteAssemblyInputs" in file "C:\Program Files (x86)\MSBuild\12.0\bin\Microsoft.Common.CurrentVersion.targets" from project "E:\Project\Openh264\Source_WP8\codec\build\windowsphone\dec\WelsDecCore.vcxproj" (target "CreateSatelliteAssemblies" depends on it):
       Task "Warning" skipped, due to false condition; ('@(ManifestResourceWithCulture)'!='' and '%(ManifestResourceWithCulture.EmittedForCompatibilityOnly)'=='') was evaluated as (''!='' and ''=='').
       Task "Warning" skipped, due to false condition; ('@(ManifestNonResxWithCultureOnDisk)'!='' and '%(ManifestNonResxWithCultureOnDisk.EmittedForCompatibilityOnly)'=='') was evaluated as (''!='' and ''=='').
     1>Done building target "_GenerateSatelliteAssemblyInputs" in project "WelsDecCore.vcxproj".
       Target "ComputeIntermediateSatelliteAssemblies" skipped, due to false condition; (@(ReferenceSatellitePaths->'%(DestinationSubDirectory)') != '') was evaluated as ( != '').
       Target "GenerateSatelliteAssemblies" skipped, due to false condition; ('@(_SatelliteAssemblyResourceInputs)' != '') was evaluated as ('' != '').
     1>Target "CreateSatelliteAssemblies" in file "C:\Program Files (x86)\MSBuild\12.0\bin\Microsoft.Common.CurrentVersion.targets" from project "E:\Project\Openh264\Source_WP8\codec\build\windowsphone\dec\WelsDecCore.vcxproj" (target "_BuildLinkAction" depends on it):
     1>Done building target "CreateSatelliteAssemblies" in project "WelsDecCore.vcxproj".
     1>Target "_Appverifier" in file "C:\Program Files (x86)\MSBuild\Microsoft.Cpp\v4.0\V110\Microsoft.CppBuild.targets" from project "E:\Project\Openh264\Source_WP8\codec\build\windowsphone\dec\WelsDecCore.vcxproj" (target "_BuildLinkAction" depends on it):
     1>Done building target "_Appverifier" in project "WelsDecCore.vcxproj".
     1>Target "_Deploy" in file "C:\Program Files (x86)\MSBuild\Microsoft.Cpp\v4.0\V110\Microsoft.CppBuild.targets" from project "E:\Project\Openh264\Source_WP8\codec\build\windowsphone\dec\WelsDecCore.vcxproj" (target "_BuildLinkAction" depends on it):
     1>Done building target "_Deploy" in project "WelsDecCore.vcxproj".
       Target "ComputeIntermediateSatelliteAssemblies" skipped, due to false condition; (@(ReferenceSatellitePaths->'%(DestinationSubDirectory)') != '') was evaluated as ( != '').
       Target "_CopyFilesMarkedCopyLocal" skipped, due to false condition; ('@(ReferenceCopyLocalPaths)' != '') was evaluated as ('' != '').
     1>Target "AssignTargetPaths" in file "C:\Program Files (x86)\MSBuild\12.0\bin\Microsoft.Common.CurrentVersion.targets" from project "E:\Project\Openh264\Source_WP8\codec\build\windowsphone\dec\WelsDecCore.vcxproj" (target "GetCopyToOutputDirectoryItems" depends on it):
       Using "AssignTargetPath" task from assembly "Microsoft.Build.Tasks.v12.0, Version=12.0.0.0, Culture=neutral, PublicKeyToken=b03f5f7f11d50a3a".
       Task "AssignTargetPath"
       Done executing task "AssignTargetPath".
       Task "AssignTargetPath"
       Done executing task "AssignTargetPath".
       Task "AssignTargetPath"
       Done executing task "AssignTargetPath".
       Task "AssignTargetPath"
       Done executing task "AssignTargetPath".
       Task "AssignTargetPath" skipped, due to false condition; ('@(_DeploymentBaseManifestWithTargetPath)'=='' and '%(None.Extension)'=='.manifest') was evaluated as (''=='' and ''=='.manifest').
     1>Done building target "AssignTargetPaths" in project "WelsDecCore.vcxproj".
       Target "_SplitProjectReferencesByFileExistence" skipped. Previously built successfully.
     1>Target "GetCopyToOutputDirectoryXamlAppDefs" in file "C:\Windows\Microsoft.NET\Framework\v4.0.30319\Microsoft.Xaml.targets" from project "E:\Project\Openh264\Source_WP8\codec\build\windowsphone\dec\WelsDecCore.vcxproj" (target "GetCopyToOutputDirectoryItems" depends on it):
       Task "AssignTargetPath"
       Done executing task "AssignTargetPath".
     1>Done building target "GetCopyToOutputDirectoryXamlAppDefs" in project "WelsDecCore.vcxproj".
     1>Target "GetCopyToOutputDirectoryItems" in file "C:\Program Files (x86)\MSBuild\12.0\bin\Microsoft.Common.CurrentVersion.targets" from project "E:\Project\Openh264\Source_WP8\codec\build\windowsphone\dec\WelsDecCore.vcxproj" (target "_CopySourceItemsToOutputDirectory" depends on it):
       Task "MSBuild" skipped, due to false condition; ('@(_MSBuildProjectReferenceExistent)' != '' and '$(_GetChildProjectCopyToOutputDirectoryItems)' == 'true' and '%(_MSBuildProjectReferenceExistent.Private)' != 'false' and '$(UseCommonOutputDirectory)' != 'true') was evaluated as ('' != '' and 'true' == 'true' and '' != 'false' and 'false' != 'true').
       Task "AssignTargetPath"
       Done executing task "AssignTargetPath".
     1>Done building target "GetCopyToOutputDirectoryItems" in project "WelsDecCore.vcxproj".
       Target "_CopyOutOfDateSourceItemsToOutputDirectory" skipped, due to false condition; ( '@(_SourceItemsToCopyToOutputDirectory)' != '' ) was evaluated as ( '' != '' ).
       Target "_CopyOutOfDateSourceItemsToOutputDirectoryAlways" skipped, due to false condition; ( '@(_SourceItemsToCopyToOutputDirectoryAlways)' != '' ) was evaluated as ( '' != '' ).
     1>Target "_CopySourceItemsToOutputDirectory" in file "C:\Program Files (x86)\MSBuild\12.0\bin\Microsoft.Common.CurrentVersion.targets" from project "E:\Project\Openh264\Source_WP8\codec\build\windowsphone\dec\WelsDecCore.vcxproj" (target "CopyFilesToOutputDirectory" depends on it):
     1>Done building target "_CopySourceItemsToOutputDirectory" in project "WelsDecCore.vcxproj".
       Target "_CopyAppConfigFile" skipped, due to false condition; ( '@(AppConfigWithTargetPath)' != '' ) was evaluated as ( '' != '' ).
       Target "_CopyManifestFiles" skipped, due to false condition; ( '$(_DeploymentCopyApplicationManifest)'=='true' or '$(GenerateClickOnceManifests)'=='true' ) was evaluated as ( ''=='true' or ''=='true' ).
     1>Target "_CheckForCompileOutputs" in file "C:\Program Files (x86)\MSBuild\12.0\bin\Microsoft.Common.CurrentVersion.targets" from project "E:\Project\Openh264\Source_WP8\codec\build\windowsphone\dec\WelsDecCore.vcxproj" (target "CopyFilesToOutputDirectory" depends on it):
     1>Done building target "_CheckForCompileOutputs" in project "WelsDecCore.vcxproj".
       Target "_SGenCheckForOutputs" skipped, due to false condition; ('$(_SGenGenerateSerializationAssembliesConfig)' == 'On' or ('@(WebReferenceUrl)'!='' and '$(_SGenGenerateSerializationAssembliesConfig)' == 'Auto')) was evaluated as ('Auto' == 'On' or (''!='' and 'Auto' == 'Auto')).
     1>Target "CopyFilesToOutputDirectory" in file "C:\Program Files (x86)\MSBuild\12.0\bin\Microsoft.Common.CurrentVersion.targets" from project "E:\Project\Openh264\Source_WP8\codec\build\windowsphone\dec\WelsDecCore.vcxproj" (target "PrepareForRun" depends on it):
       Task "Copy" skipped, due to false condition; ('$(CopyBuildOutputToOutputDirectory)' == 'true' and '$(SkipCopyBuildProduct)' != 'true') was evaluated as ('true' == 'true' and 'true' != 'true').
       Task "Message" skipped, due to false condition; ('$(CopyBuildOutputToOutputDirectory)' == 'true' and '$(SkipCopyBuildProduct)'!='true') was evaluated as ('true' == 'true' and 'true'!='true').
       Task "Copy" skipped, due to false condition; ('@(AddModules)' != '') was evaluated as ('' != '').
       Task "Copy" skipped, due to false condition; ('$(_SGenDllCreated)'=='true') was evaluated as ('false'=='true').
       Task "Copy" skipped, due to false condition; ('$(_DebugSymbolsProduced)'=='true' and '$(SkipCopyingSymbolsToOutputDirectory)' != 'true' and '$(CopyOutputSymbolsToOutputDirectory)'=='true') was evaluated as ('false'=='true' and '' != 'true' and 'true'=='true').
       Task "Copy" skipped, due to false condition; ('$(_DocumentationFileProduced)'=='true') was evaluated as ('false'=='true').
       Task "Copy" skipped, due to false condition; ('@(IntermediateSatelliteAssembliesWithTargetPath)' != '') was evaluated as ('' != '').
       Task "Copy" skipped, due to false condition; ('@(ReferenceComWrappersToCopyLocal)' != '' or '@(ResolvedIsolatedComModules)' != '' or '@(_DeploymentLooseManifestFile)' != '' or '@(NativeReferenceFile)' != '' ) was evaluated as ('' != '' or '' != '' or '' != '' or '' != '' ).
       Task "Copy" skipped, due to false condition; ('$(SkipCopyWinMDArtifact)' != 'true' and '@(WinMDExpArtifacts)' != '') was evaluated as ('' != 'true' and '' != '').
       Task "Message" skipped, due to false condition; ('$(SkipCopyWinMDArtifact)' != 'true' and '$(_WindowsMetadataOutputPath)' != '') was evaluated as ('' != 'true' and '' != '').
     1>Done building target "CopyFilesToOutputDirectory" in project "WelsDecCore.vcxproj".
     1>Target "PrepareForRun" in file "C:\Program Files (x86)\MSBuild\12.0\bin\Microsoft.Common.CurrentVersion.targets" from project "E:\Project\Openh264\Source_WP8\codec\build\windowsphone\dec\WelsDecCore.vcxproj" (target "_BuildLinkAction" depends on it):
     1>Done building target "PrepareForRun" in project "WelsDecCore.vcxproj".
       Target "CustomBuildStep" skipped, due to false condition; ('@(CustomBuildStep)' != '' and '$(SelectedFiles)'=='') was evaluated as ('' != '' and ''=='').
     1>Target "PostBuildEvent" in file "C:\Program Files (x86)\MSBuild\Microsoft.Cpp\v4.0\V110\Microsoft.CppCommon.targets" from project "E:\Project\Openh264\Source_WP8\codec\build\windowsphone\dec\WelsDecCore.vcxproj" (target "_BuildLinkAction" depends on it):
       Task "Message" skipped, due to false condition; ('%(PostBuildEvent.Message)' != '' and '%(PostBuildEvent.Command)' != '') was evaluated as ('' != '' and '' != '').
       Task "Exec" skipped, due to false condition; ('%(PostBuildEvent.Command)' != '') was evaluated as ('' != '').
     1>Done building target "PostBuildEvent" in project "WelsDecCore.vcxproj".
     1>Target "_BuildLinkAction" in file "C:\Program Files (x86)\MSBuild\Microsoft.Cpp\v4.0\V110\Microsoft.CppBuild.targets" from project "E:\Project\Openh264\Source_WP8\codec\build\windowsphone\dec\WelsDecCore.vcxproj" (target "BuildLink" depends on it):
     1>Done building target "_BuildLinkAction" in project "WelsDecCore.vcxproj".
     1>Target "BuildLink" in file "C:\Program Files (x86)\MSBuild\12.0\bin\Microsoft.Common.CurrentVersion.targets" from project "E:\Project\Openh264\Source_WP8\codec\build\windowsphone\dec\WelsDecCore.vcxproj" (target "Build" depends on it):
     1>Done building target "BuildLink" in project "WelsDecCore.vcxproj".
       Target "CreateTfsBuildInfoResource" skipped, due to false condition; ( $(AddBuildInfoToAssembly)==true ) was evaluated as ( false==true ).
     1>Target "AfterBuild" in file "C:\Program Files (x86)\MSBuild\Microsoft.Cpp\v4.0\V110\Microsoft.BuildSteps.Targets" from project "E:\Project\Openh264\Source_WP8\codec\build\windowsphone\dec\WelsDecCore.vcxproj" (target "Build" depends on it):
     1>Done building target "AfterBuild" in project "WelsDecCore.vcxproj".
     1>Target "FinalizeBuildStatus" in file "C:\Program Files (x86)\MSBuild\Microsoft.Cpp\v4.0\V110\Microsoft.CppBuild.targets" from project "E:\Project\Openh264\Source_WP8\codec\build\windowsphone\dec\WelsDecCore.vcxproj" (target "Build" depends on it):
       Task "Delete"
         Deleting file "ARM\Release\WelsDecCore.unsuccessfulbuild".
       Done executing task "Delete".
       Task "Touch"
         Touching "ARM\Release\WelsDecCore.lastbuildstate".
       Done executing task "Touch".
     1>Done building target "FinalizeBuildStatus" in project "WelsDecCore.vcxproj".
     1>Target "Build" in file "C:\Program Files (x86)\MSBuild\Microsoft.Cpp\v4.0\V110\Microsoft.BuildSteps.Targets" from project "E:\Project\Openh264\Source_WP8\codec\build\windowsphone\dec\WelsDecCore.vcxproj" (entry point):
     1>Done building target "Build" in project "WelsDecCore.vcxproj".
     1>Done Building Project "E:\Project\Openh264\Source_WP8\codec\build\windowsphone\dec\WelsDecCore.vcxproj" (Build target(s)).

Build succeeded.

Time Elapsed 00:00:04.81
