Build started 1/16/2015 11:06:07 AM.
     1>Project "E:\Project\Openh264\Source_WP8\codec\build\windowsphone\all\WelsVPLip\WelsVPLip.vcxproj" on node 3 (Build target(s)).
     1>ClCompile:
         C:\Program Files (x86)\Microsoft Visual Studio 11.0\VC\WPSDK\WP80\bin\x86_arm\CL.exe /c /I..\..\..\..\processing\src\common /I..\..\..\..\processing\interface /I..\..\..\..\common\inc /AI"C:\Program Files (x86)\Windows Phone Kits\8.0\Windows Metadata" /Zi /ZW /nologo /W1 /WX- /O2 /Oy- /GL /D _LIB /D NDEBUG /D WINAPI_FAMILY=WINAPI_FAMILY_PHONE_APP /Gm- /EHsc /MD /GS /fp:precise /Zc:wchar_t /Zc:forScope /Fo"ARM\Release\\" /Fd"ARM\Release\vc110.pdb" /Gd /TP /FU"C:\Program Files (x86)\Microsoft Visual Studio 11.0\VC\WPSDK\WP80\lib\arm\platform.winmd" /FU"C:\Program Files (x86)\Windows Phone Kits\8.0\Windows Metadata\Windows.winmd" /analyze- /errorReport:prompt ..\..\..\..\common\src\cpu.cpp ..\..\..\..\common\src\intra_pred_common.cpp ..\..\..\..\common\src\sad_common.cpp ..\..\..\..\common\src\WelsThreadLib.cpp ..\..\..\..\processing\src\adaptivequantization\AdaptiveQuantization.cpp ..\..\..\..\processing\src\backgrounddetection\BackgroundDetection.cpp ..\..\..\..\processing\src\common\memory.cpp ..\..\..\..\processing\src\common\WelsFrameWork.cpp ..\..\..\..\processing\src\common\WelsFrameWorkEx.cpp ..\..\..\..\processing\src\complexityanalysis\ComplexityAnalysis.cpp ..\..\..\..\processing\src\denoise\denoise.cpp ..\..\..\..\processing\src\denoise\denoise_filter.cpp ..\..\..\..\processing\src\downsample\downsample.cpp ..\..\..\..\processing\src\downsample\downsamplefuncs.cpp ..\..\..\..\processing\src\imagerotate\imagerotate.cpp ..\..\..\..\processing\src\imagerotate\imagerotatefuncs.cpp ..\..\..\..\processing\src\scenechangedetection\SceneChangeDetection.cpp ..\..\..\..\processing\src\scrolldetection\ScrollDetection.cpp ..\..\..\..\processing\src\scrolldetection\ScrollDetectionFuncs.cpp ..\..\..\..\processing\src\vaacalc\vaacalcfuncs.cpp ..\..\..\..\processing\src\vaacalc\vaacalculation.cpp
         cpu.cpp
         intra_pred_common.cpp
         sad_common.cpp
         WelsThreadLib.cpp
         AdaptiveQuantization.cpp
         BackgroundDetection.cpp
         memory.cpp
         WelsFrameWork.cpp
         WelsFrameWorkEx.cpp
         ComplexityAnalysis.cpp
         denoise.cpp
         denoise_filter.cpp
         downsample.cpp
         downsamplefuncs.cpp
         imagerotate.cpp
         imagerotatefuncs.cpp
         SceneChangeDetection.cpp
         ScrollDetection.cpp
         ScrollDetectionFuncs.cpp
         vaacalcfuncs.cpp
         Compiling...
         vaacalculation.cpp
       Lib:
         C:\Program Files (x86)\Microsoft Visual Studio 11.0\VC\WPSDK\WP80\bin\x86_arm\Lib.exe /OUT:"..\..\..\..\..\bin\ARM\Release\welsvp.lib" /NOLOGO /MACHINE:ARM /LTCG ARM\Release\cpu.obj
         ARM\Release\intra_pred_common.obj
         ARM\Release\sad_common.obj
         ARM\Release\WelsThreadLib.obj
         ARM\Release\AdaptiveQuantization.obj
         ARM\Release\BackgroundDetection.obj
         ARM\Release\memory.obj
         ARM\Release\WelsFrameWork.obj
         ARM\Release\WelsFrameWorkEx.obj
         ARM\Release\ComplexityAnalysis.obj
         ARM\Release\denoise.obj
         ARM\Release\denoise_filter.obj
         ARM\Release\downsample.obj
         ARM\Release\downsamplefuncs.obj
         ARM\Release\imagerotate.obj
         ARM\Release\imagerotatefuncs.obj
         ARM\Release\SceneChangeDetection.obj
         ARM\Release\ScrollDetection.obj
         ARM\Release\ScrollDetectionFuncs.obj
         ARM\Release\vaacalcfuncs.obj
         ARM\Release\vaacalculation.obj
     1>ARM\Release\vaacalculation.obj : warning LNK4264: archiving object file compiled with /ZW into a static library; note that when authoring Windows Runtime types it is not recommended to link with a static library that contains Windows Runtime metadata
     1>ARM\Release\vaacalcfuncs.obj : warning LNK4264: archiving object file compiled with /ZW into a static library; note that when authoring Windows Runtime types it is not recommended to link with a static library that contains Windows Runtime metadata
     1>ARM\Release\ScrollDetectionFuncs.obj : warning LNK4264: archiving object file compiled with /ZW into a static library; note that when authoring Windows Runtime types it is not recommended to link with a static library that contains Windows Runtime metadata
     1>ARM\Release\ScrollDetection.obj : warning LNK4264: archiving object file compiled with /ZW into a static library; note that when authoring Windows Runtime types it is not recommended to link with a static library that contains Windows Runtime metadata
     1>ARM\Release\SceneChangeDetection.obj : warning LNK4264: archiving object file compiled with /ZW into a static library; note that when authoring Windows Runtime types it is not recommended to link with a static library that contains Windows Runtime metadata
     1>ARM\Release\imagerotatefuncs.obj : warning LNK4264: archiving object file compiled with /ZW into a static library; note that when authoring Windows Runtime types it is not recommended to link with a static library that contains Windows Runtime metadata
     1>ARM\Release\imagerotate.obj : warning LNK4264: archiving object file compiled with /ZW into a static library; note that when authoring Windows Runtime types it is not recommended to link with a static library that contains Windows Runtime metadata
     1>ARM\Release\downsamplefuncs.obj : warning LNK4264: archiving object file compiled with /ZW into a static library; note that when authoring Windows Runtime types it is not recommended to link with a static library that contains Windows Runtime metadata
     1>ARM\Release\downsample.obj : warning LNK4264: archiving object file compiled with /ZW into a static library; note that when authoring Windows Runtime types it is not recommended to link with a static library that contains Windows Runtime metadata
     1>ARM\Release\denoise_filter.obj : warning LNK4264: archiving object file compiled with /ZW into a static library; note that when authoring Windows Runtime types it is not recommended to link with a static library that contains Windows Runtime metadata
     1>ARM\Release\denoise.obj : warning LNK4264: archiving object file compiled with /ZW into a static library; note that when authoring Windows Runtime types it is not recommended to link with a static library that contains Windows Runtime metadata
     1>ARM\Release\ComplexityAnalysis.obj : warning LNK4264: archiving object file compiled with /ZW into a static library; note that when authoring Windows Runtime types it is not recommended to link with a static library that contains Windows Runtime metadata
     1>ARM\Release\WelsFrameWorkEx.obj : warning LNK4264: archiving object file compiled with /ZW into a static library; note that when authoring Windows Runtime types it is not recommended to link with a static library that contains Windows Runtime metadata
     1>ARM\Release\WelsFrameWork.obj : warning LNK4264: archiving object file compiled with /ZW into a static library; note that when authoring Windows Runtime types it is not recommended to link with a static library that contains Windows Runtime metadata
     1>ARM\Release\memory.obj : warning LNK4264: archiving object file compiled with /ZW into a static library; note that when authoring Windows Runtime types it is not recommended to link with a static library that contains Windows Runtime metadata
     1>ARM\Release\BackgroundDetection.obj : warning LNK4264: archiving object file compiled with /ZW into a static library; note that when authoring Windows Runtime types it is not recommended to link with a static library that contains Windows Runtime metadata
     1>ARM\Release\AdaptiveQuantization.obj : warning LNK4264: archiving object file compiled with /ZW into a static library; note that when authoring Windows Runtime types it is not recommended to link with a static library that contains Windows Runtime metadata
     1>ARM\Release\WelsThreadLib.obj : warning LNK4264: archiving object file compiled with /ZW into a static library; note that when authoring Windows Runtime types it is not recommended to link with a static library that contains Windows Runtime metadata
     1>ARM\Release\sad_common.obj : warning LNK4264: archiving object file compiled with /ZW into a static library; note that when authoring Windows Runtime types it is not recommended to link with a static library that contains Windows Runtime metadata
     1>ARM\Release\intra_pred_common.obj : warning LNK4264: archiving object file compiled with /ZW into a static library; note that when authoring Windows Runtime types it is not recommended to link with a static library that contains Windows Runtime metadata
     1>ARM\Release\cpu.obj : warning LNK4264: archiving object file compiled with /ZW into a static library; note that when authoring Windows Runtime types it is not recommended to link with a static library that contains Windows Runtime metadata
         WelsVPLip.vcxproj -> E:\Project\Openh264\Source_WP8\codec\build\windowsphone\all\WelsVPLip\..\..\..\..\..\bin\ARM\Release\welsvp.lib
     1>Done Building Project "E:\Project\Openh264\Source_WP8\codec\build\windowsphone\all\WelsVPLip\WelsVPLip.vcxproj" (Build target(s)).

Build succeeded.

Time Elapsed 00:00:07.58
