Build started 1/20/2015 3:54:43 PM.
     1>Project "E:\Project\Openh264\Source_WP8\codec\build\windowsphone\dec\WelsDecCore.vcxproj" on node 3 (Build target(s)).
     1>Building with tools version "12.0".
     1>Target "_CheckForInvalidConfigurationAndPlatform" in file "C:\Program Files (x86)\MSBuild\12.0\bin\Microsoft.Common.CurrentVersion.targets" from project "E:\Project\Openh264\Source_WP8\codec\build\windowsphone\dec\WelsDecCore.vcxproj" (entry point):
       Task "Error" skipped, due to false condition; ( '$(_InvalidConfigurationError)' == 'true' ) was evaluated as ( '' == 'true' ).
       Task "Warning" skipped, due to false condition; ( '$(_InvalidConfigurationWarning)' == 'true' ) was evaluated as ( '' == 'true' ).
       Using "Message" task from assembly "Microsoft.Build.Tasks.v12.0, Version=12.0.0.0, Culture=neutral, PublicKeyToken=b03f5f7f11d50a3a".
       Task "Message"
         Configuration=Debug
       Done executing task "Message".
       Task "Message"
         Platform=Win32
       Done executing task "Message".
       Task "Error" skipped, due to false condition; ('$(OutDir)' != '' and !HasTrailingSlash('$(OutDir)')) was evaluated as ('..\..\..\..\..\bin\Win32\Debug\' != '' and !HasTrailingSlash('..\..\..\..\..\bin\Win32\Debug\')).
       Task "Error" skipped, due to false condition; ('$(BaseIntermediateOutputPath)' != '' and !HasTrailingSlash('$(BaseIntermediateOutputPath)')) was evaluated as ('obj\' != '' and !HasTrailingSlash('obj\')).
       Task "Error" skipped, due to false condition; ('$(IntermediateOutputPath)' != '' and !HasTrailingSlash('$(IntermediateOutputPath)')) was evaluated as ('Win32\Debug\' != '' and !HasTrailingSlash('Win32\Debug\')).
     1>Done building target "_CheckForInvalidConfigurationAndPlatform" in project "WelsDecCore.vcxproj".
     1>Target "MSBuild64BitCheck" in file "C:\Program Files (x86)\MSBuild\Microsoft\WindowsPhone\v8.0\Microsoft.Cpp.WindowsPhone.8.0.targets" from project "E:\Project\Openh264\Source_WP8\codec\build\windowsphone\dec\WelsDecCore.vcxproj" (entry point):
       Task "Error" skipped, due to false condition; ('$([System.Environment]::Is64BitProcess)'=='True') was evaluated as ('False'=='True').
     1>Done building target "MSBuild64BitCheck" in project "WelsDecCore.vcxproj".
     1>Target "_PrepareForBuild" in file "C:\Program Files (x86)\MSBuild\Microsoft.Cpp\v4.0\V110\Microsoft.BuildSteps.Targets" from project "E:\Project\Openh264\Source_WP8\codec\build\windowsphone\dec\WelsDecCore.vcxproj" (target "Build" depends on it):
       Task "CreateItem" skipped, due to false condition; ('%(CustomBuild.IncludeFileToTool)'!='') was evaluated as (''!='').
     1>Done building target "_PrepareForBuild" in project "WelsDecCore.vcxproj".
     1>Target "_PrepareForReferenceResolution" in file "C:\Program Files (x86)\MSBuild\Microsoft.Cpp\v4.0\V110\Microsoft.CppBuild.targets" from project "E:\Project\Openh264\Source_WP8\codec\build\windowsphone\dec\WelsDecCore.vcxproj" (target "ResolveReferences" depends on it):
       Task "Message" skipped, due to false condition; ('$(_REFERENCE_DEBUG)'=='true') was evaluated as (''=='true').
     1>Done building target "_PrepareForReferenceResolution" in project "WelsDecCore.vcxproj".
       Target "ComputeCrtSDKReference" skipped, due to false condition; ('@(ClCompile)'!='' and '$(WindowsAppContainer)'=='true' and '$(UseCrtSDKReference)' != 'false') was evaluated as ('..\..\..\common\src\common_tables.cpp;..\..\..\common\src\copy_mb.cpp;..\..\..\common\src\cpu.cpp;..\..\..\common\src\crt_util_safe_x.cpp;..\..\..\common\src\deblocking_common.cpp;..\..\..\common\src\expand_pic.cpp;..\..\..\common\src\utils.cpp;..\..\..\decoder\core\src\au_parser.cpp;..\..\..\decoder\core\src\bit_stream.cpp;..\..\..\decoder\core\src\cabac_decoder.cpp;..\..\..\decoder\core\src\deblocking.cpp;..\..\..\decoder\core\src\decoder.cpp;..\..\..\decoder\core\src\decoder_core.cpp;..\..\..\decoder\core\src\decoder_data_tables.cpp;..\..\..\decoder\core\src\decode_mb_aux.cpp;..\..\..\decoder\core\src\decode_slice.cpp;..\..\..\decoder\core\src\error_concealment.cpp;..\..\..\decoder\core\src\fmo.cpp;..\..\..\decoder\core\src\get_intra_predictor.cpp;..\..\..\decoder\core\src\manage_dec_ref.cpp;..\..\..\decoder\core\src\mc.cpp;..\..\..\decoder\core\src\memmgr_nal_unit.cpp;..\..\..\decoder\core\src\mem_align.cpp;..\..\..\decoder\core\src\mv_pred.cpp;..\..\..\decoder\core\src\parse_mb_syn_cabac.cpp;..\..\..\decoder\core\src\parse_mb_syn_cavlc.cpp;..\..\..\decoder\core\src\pic_queue.cpp;..\..\..\decoder\core\src\rec_mb.cpp'!='' and 'false'=='true' and 'false' != 'false').
     1>Target "BeforeResolveReferences" in file "C:\Program Files (x86)\MSBuild\12.0\bin\Microsoft.Common.CurrentVersion.targets" from project "E:\Project\Openh264\Source_WP8\codec\build\windowsphone\dec\WelsDecCore.vcxproj" (target "ResolveReferences" depends on it):
     1>Done building target "BeforeResolveReferences" in project "WelsDecCore.vcxproj".
     1>Target "AssignProjectConfiguration" in file "C:\Program Files (x86)\MSBuild\12.0\bin\Microsoft.Common.CurrentVersion.targets" from project "E:\Project\Openh264\Source_WP8\codec\build\windowsphone\dec\WelsDecCore.vcxproj" (target "ResolveReferences" depends on it):
       Using "AssignProjectConfiguration" task from assembly "Microsoft.Build.Tasks.v12.0, Version=12.0.0.0, Culture=neutral, PublicKeyToken=b03f5f7f11d50a3a".
       Task "AssignProjectConfiguration"
       Done executing task "AssignProjectConfiguration".
     1>Done building target "AssignProjectConfiguration" in project "WelsDecCore.vcxproj".
       Target "AssignProjectConfiguration" skipped. Previously built successfully.
     1>Target "_SplitProjectReferencesByFileExistence" in file "C:\Program Files (x86)\MSBuild\12.0\bin\Microsoft.Common.CurrentVersion.targets" from project "E:\Project\Openh264\Source_WP8\codec\build\windowsphone\dec\WelsDecCore.vcxproj" (target "ResolveProjectReferences" depends on it):
       Task "ResolveNonMSBuildProjectOutput" skipped, due to false condition; ('$(BuildingInsideVisualStudio)'=='true' and '@(ProjectReferenceWithConfiguration)'!='') was evaluated as ('true'=='true' and ''!='').
     1>Done building target "_SplitProjectReferencesByFileExistence" in project "WelsDecCore.vcxproj".
       Target "_RemoveNameMetadataFromProjectReferenceItems" skipped, due to false condition; ('@(ProjectReference)'!='') was evaluated as (''!='').
     1>Target "ResolveProjectReferences" in file "C:\Program Files (x86)\MSBuild\12.0\bin\Microsoft.Common.CurrentVersion.targets" from project "E:\Project\Openh264\Source_WP8\codec\build\windowsphone\dec\WelsDecCore.vcxproj" (target "ResolveReferences" depends on it):
       Task "MSBuild" skipped, due to false condition; ('%(_MSBuildProjectReferenceExistent.BuildReference)' == 'true' and '@(ProjectReferenceWithConfiguration)' != '' and ('$(BuildingInsideVisualStudio)' == 'true' or '$(BuildProjectReferences)' != 'true') and '$(VisualStudioVersion)' != '10.0' and '@(_MSBuildProjectReferenceExistent)' != '') was evaluated as ('' == 'true' and '' != '' and ('true' == 'true' or 'true' != 'true') and '12.0' != '10.0' and '' != '').
       Task "MSBuild" skipped, due to false condition; ('%(_MSBuildProjectReferenceExistent.BuildReference)' == 'true' and '@(ProjectReferenceWithConfiguration)' != '' and ('$(BuildingInsideVisualStudio)' == 'true' or '$(BuildProjectReferences)' != 'true') and '$(VisualStudioVersion)' == '10.0' and '@(_MSBuildProjectReferenceExistent)' != '') was evaluated as ('' == 'true' and '' != '' and ('true' == 'true' or 'true' != 'true') and '12.0' == '10.0' and '' != '').
       Task "MSBuild" skipped, due to false condition; ('%(_MSBuildProjectReferenceExistent.BuildReference)' == 'true' and '@(ProjectReferenceWithConfiguration)' != '' and '$(BuildingInsideVisualStudio)' != 'true' and '$(BuildProjectReferences)' == 'true' and '@(_MSBuildProjectReferenceExistent)' != '') was evaluated as ('' == 'true' and '' != '' and 'true' != 'true' and 'true' == 'true' and '' != '').
       Task "MSBuild" skipped, due to false condition; ('%(_MSBuildProjectReferenceExistent.BuildReference)' == 'true' and '@(ProjectReferenceWithConfiguration)' != '' and '$(BuildingProject)' == 'true' and '@(_MSBuildProjectReferenceExistent)' != '') was evaluated as ('' == 'true' and '' != '' and 'true' == 'true' and '' != '').
       Task "Warning" skipped, due to false condition; ('@(ProjectReferenceWithConfiguration)' != '' and '@(_MSBuildProjectReferenceNonexistent)' != '') was evaluated as ('' != '' and '' != '').
     1>Done building target "ResolveProjectReferences" in project "WelsDecCore.vcxproj".
       Target "FindInvalidProjectReferences" skipped, due to false condition; ('$(FindInvalidProjectReferences)' == 'true') was evaluated as ('' == 'true').
       Target "ResolveNativeReferences" skipped, due to false condition; ('@(NativeReference)'!='') was evaluated as (''!='').
       Target "_PrepareForReferenceResolution" skipped. Previously built successfully.
     1>Target "GetFrameworkPaths" in file "C:\Program Files (x86)\MSBuild\12.0\bin\Microsoft.NetFramework.CurrentVersion.targets" from project "E:\Project\Openh264\Source_WP8\codec\build\windowsphone\dec\WelsDecCore.vcxproj" (target "ResolveAssemblyReferences" depends on it):
     1>Done building target "GetFrameworkPaths" in project "WelsDecCore.vcxproj".
       Target "GetWinFXPath" skipped, due to false condition; (('@(Page)' != '' or '@(ApplicationDefinition)' != '' or '@(Resource)' != '') and ('$(GetWinFXNativePath)' != '' or '$(GetWinFXWoWPath)' != '' )) was evaluated as (('' != '' or '' != '' or '' != '') and ('' != '' or '' != '' )).
     1>Target "GetReferenceAssemblyPaths" in file "C:\Program Files (x86)\MSBuild\12.0\bin\Microsoft.Common.CurrentVersion.targets" from project "E:\Project\Openh264\Source_WP8\codec\build\windowsphone\dec\WelsDecCore.vcxproj" (target "ResolveAssemblyReferences" depends on it):
       Task "GetReferenceAssemblyPaths" skipped, due to false condition; ('$(TargetFrameworkMoniker)' != '' and ('$(_TargetFrameworkDirectories)' == '' or '$(_FullFrameworkReferenceAssemblyPaths)' == '')) was evaluated as ('' != '' and ('C:\Program Files (x86)\Reference Assemblies\Microsoft\Framework\.NETFramework\v4.0' == '' or 'C:\Program Files (x86)\Reference Assemblies\Microsoft\Framework\.NETFramework\v4.0' == '')).
     1>Done building target "GetReferenceAssemblyPaths" in project "WelsDecCore.vcxproj".
     1>Target "SetBuildDefaultEnvironmentVariables" in file "C:\Program Files (x86)\MSBuild\Microsoft.Cpp\v4.0\V120\Microsoft.Cpp.targets" from project "E:\Project\Openh264\Source_WP8\codec\build\windowsphone\dec\WelsDecCore.vcxproj" (target "PrepareForBuild" depends on it):
       Using "SetEnv" task from assembly "C:\Program Files (x86)\MSBuild\Microsoft.Cpp\v4.0\V120\Microsoft.Build.CppTasks.Common.dll".
       Task "SetEnv"
         PATH=C:\Program Files (x86)\Microsoft Visual Studio 11.0\VC\WPSDK\WP80\bin;C:\Program Files (x86)\Windows Phone Kits\8.0\bin\x86;;C:\Program Files (x86)\Microsoft SDKs\Windows\v8.0A\bin\NETFX 4.0 Tools;C:\Program Files (x86)\Windows Kits\8.0\bin\x86;C:\Program Files (x86)\Microsoft Visual Studio 11.0\Common7\Tools\bin;C:\Program Files (x86)\Microsoft Visual Studio 11.0\Common7\tools;C:\Program Files (x86)\Microsoft Visual Studio 11.0\Common7\ide;C:\Program Files (x86)\HTML Help Workshop;C:\Program Files (x86)\MSBuild\12.0\bin\;C:\Program Files (x86)\Microsoft Visual Studio 11.0\;C:\Windows\SysWow64;;C:\Program Files (x86)\Microsoft Visual Studio 12.0\Common7\IDE\CommonExtensions\Microsoft\TeamFoundation\Team Explorer\NativeBinaries/x86;C:\Windows\system32;C:\Windows;C:\Windows\System32\Wbem;C:\Windows\System32\WindowsPowerShell\v1.0\;C:\Program Files (x86)\Windows Kits\8.1\Windows Performance Toolkit\;C:\Program Files\Microsoft SQL Server\110\Tools\Binn\;C:\Program Files (x86)\Microsoft SDKs\TypeScript\1.0\;C:\Program Files\Microsoft SQL Server\120\Tools\Binn\;C:\Program Files\TortoiseSVN\bin;;C:\Windows\Microsoft.NET\Framework\v4.0.30319\;
       Done executing task "SetEnv".
       Task "SetEnv"
         LIB=C:\Program Files (x86)\Microsoft Visual Studio 11.0\VC\WPSDK\WP80\lib;C:\Program Files (x86)\Windows Phone Kits\8.0\lib\x86;;
       Done executing task "SetEnv".
       Task "SetEnv"
         LIBPATH=C:\Program Files (x86)\Microsoft Visual Studio 11.0\VC\WPSDK\WP80\lib
       Done executing task "SetEnv".
       Task "SetEnv"
         INCLUDE=C:\Program Files (x86)\Microsoft Visual Studio 11.0\VC\WPSDK\WP80\include;C:\Program Files (x86)\Windows Phone Kits\8.0\Include;C:\Program Files (x86)\Windows Phone Kits\8.0\Include\abi;C:\Program Files (x86)\Windows Phone Kits\8.0\Include\mincore;C:\Program Files (x86)\Windows Phone Kits\8.0\Include\minwin;C:\Program Files (x86)\Windows Phone Kits\8.0\Include\wrl;;
       Done executing task "SetEnv".
     1>Done building target "SetBuildDefaultEnvironmentVariables" in project "WelsDecCore.vcxproj".
       Target "SetUserMacroEnvironmentVariables" skipped, due to false condition; ('@(BuildMacro)' != '') was evaluated as ('' != '').
     1>Target "GetResolvedWinMD" in file "C:\Program Files (x86)\MSBuild\Microsoft.Cpp\v4.0\V110\Microsoft.CppBuild.targets" from project "E:\Project\Openh264\Source_WP8\codec\build\windowsphone\dec\WelsDecCore.vcxproj" (target "PrepareForBuild" depends on it):
     1>Done building target "GetResolvedWinMD" in project "WelsDecCore.vcxproj".
     1>Target "PlatformPrepareForBuild" in file "C:\Program Files (x86)\MSBuild\Microsoft.Cpp\v4.0\V120\Microsoft.Cpp.Platform.targets" from project "E:\Project\Openh264\Source_WP8\codec\build\windowsphone\dec\WelsDecCore.vcxproj" (target "PrepareForBuild" depends on it):
       Task "VCMessage" skipped, due to false condition; ('$(_Error64bitToolsNotInstalled)' == 'true') was evaluated as ('' == 'true').
       Task "VCMessage" skipped, due to false condition; ('$(ConfigurationPlatformExists)' != 'true') was evaluated as ('true' != 'true').
       Task "VCMessage" skipped, due to false condition; ('$(ToolsetTargetsFound)' != 'true') was evaluated as ('true' != 'true').
     1>Done building target "PlatformPrepareForBuild" in project "WelsDecCore.vcxproj".
       Target "PlatformPrepareForBuild" skipped. Previously built successfully.
       Target "GetFrameworkPaths" skipped. Previously built successfully.
       Target "GetReferenceAssemblyPaths" skipped. Previously built successfully.
       Target "AssignLinkMetadata" skipped, due to false condition; ( '$(SynthesizeLinkMetadata)' == 'true' ) was evaluated as ( '' == 'true' ).
     1>Target "SetCABuildNativeEnvironmentVariables" in file "C:\Program Files (x86)\MSBuild\Microsoft\VisualStudio\v12.0\CodeAnalysis\Microsoft.CodeAnalysis.targets" from project "E:\Project\Openh264\Source_WP8\codec\build\windowsphone\dec\WelsDecCore.vcxproj" (target "PrepareForBuild" depends on it):
       Initializing task factory "CodeTaskFactory" from assembly "C:\Program Files (x86)\MSBuild\12.0\bin\Microsoft.Build.Tasks.v12.0.dll".
       Using "SetEnvironmentVariable" task from the task factory "Code Task Factory".
       Task "SetEnvironmentVariable"
       Done executing task "SetEnvironmentVariable".
     1>Done building target "SetCABuildNativeEnvironmentVariables" in project "WelsDecCore.vcxproj".
     1>Target "PrepareForBuild" in file "C:\Program Files (x86)\MSBuild\Microsoft.Cpp\v4.0\V110\Microsoft.CppBuild.targets" from project "E:\Project\Openh264\Source_WP8\codec\build\windowsphone\dec\WelsDecCore.vcxproj" (target "ResolveAssemblyReferences" depends on it):
       Task "VCMessage" skipped, due to false condition; ('$(DesignTimeBuild)'!='true' and '$(ConfigurationPlatformExists)' != 'true') was evaluated as (''!='true' and 'true' != 'true').
       Using "MakeDir" task from assembly "Microsoft.Build.Tasks.v12.0, Version=12.0.0.0, Culture=neutral, PublicKeyToken=b03f5f7f11d50a3a".
       Task "MakeDir"
       Done executing task "MakeDir".
       Task "VCMessage" skipped, due to false condition; ('$(DesignTimeBuild)'!='true' and '$(WindowsAppContainer)'=='true' and '$(ConfigurationType)'!='Application' and '$(ConfigurationType)'!='DynamicLibrary' and '$(ConfigurationType)'!='StaticLibrary') was evaluated as (''!='true' and 'false'=='true' and 'StaticLibrary'!='Application' and 'StaticLibrary'!='DynamicLibrary' and 'StaticLibrary'!='StaticLibrary').
       Task "VCMessage" skipped, due to false condition; ('$(DesignTimeBuild)'!='true' and '$(VCInstallDir)'=='' and '$(UseEnv)' != 'true' and ($(TargetFrameworkVersion)=='v3.5' or $(TargetFrameworkVersion)=='v3.0' or $(TargetFrameworkVersion)=='v2.0' )) was evaluated as (''!='true' and 'C:\Program Files (x86)\Microsoft Visual Studio 11.0\VC\'=='' and '' != 'true' and (v4.0=='v3.5' or v4.0=='v3.0' or v4.0=='v2.0' )).
       Task "VCMessage" skipped, due to false condition; ('$(DesignTimeBuild)'!='true' and '$(VCInstallDir)'=='' and '$(UseEnv)' != 'true' and '$(PlatformToolset)'=='v90') was evaluated as (''!='true' and 'C:\Program Files (x86)\Microsoft Visual Studio 11.0\VC\'=='' and '' != 'true' and 'v110_wp80'=='v90').
       Task "VCMessage" skipped, due to false condition; ('$(VCInstallDir)'=='' and '$(UseEnv)' != 'true') was evaluated as ('C:\Program Files (x86)\Microsoft Visual Studio 11.0\VC\'=='' and '' != 'true').
       Task "VCMessage" skipped, due to false condition; ('$(WindowsSDKDir)'=='' and '$(UseEnv)' != 'true') was evaluated as ('C:\Program Files (x86)\Windows Phone Kits\8.0\'=='' and '' != 'true').
       Task "VCMessage" skipped, due to false condition; ('$(IntDirTrailingSlashWarning)'=='true') was evaluated as (''=='true').
       Task "VCMessage" skipped, due to false condition; ('$(OutDirTrailingSlashWarning)'=='true') was evaluated as (''=='true').
       Task "VCMessage" skipped, due to false condition; ('%(CompatibilityIssues.Identity)' != '' and '$(DesignTimeBuild)'!='true') was evaluated as ('' != '' and ''!='true').
       Task "MakeDir"
       Done executing task "MakeDir".
     1>Done building target "PrepareForBuild" in project "WelsDecCore.vcxproj".
       Target "_PrepareForReferenceResolution" skipped. Previously built successfully.
       Target "ComputeCrtSDKReference" skipped, due to false condition; ('@(ClCompile)'!='' and '$(WindowsAppContainer)'=='true' and '$(UseCrtSDKReference)' != 'false') was evaluated as ('..\..\..\common\src\common_tables.cpp;..\..\..\common\src\copy_mb.cpp;..\..\..\common\src\cpu.cpp;..\..\..\common\src\crt_util_safe_x.cpp;..\..\..\common\src\deblocking_common.cpp;..\..\..\common\src\expand_pic.cpp;..\..\..\common\src\utils.cpp;..\..\..\decoder\core\src\au_parser.cpp;..\..\..\decoder\core\src\bit_stream.cpp;..\..\..\decoder\core\src\cabac_decoder.cpp;..\..\..\decoder\core\src\deblocking.cpp;..\..\..\decoder\core\src\decoder.cpp;..\..\..\decoder\core\src\decoder_core.cpp;..\..\..\decoder\core\src\decoder_data_tables.cpp;..\..\..\decoder\core\src\decode_mb_aux.cpp;..\..\..\decoder\core\src\decode_slice.cpp;..\..\..\decoder\core\src\error_concealment.cpp;..\..\..\decoder\core\src\fmo.cpp;..\..\..\decoder\core\src\get_intra_predictor.cpp;..\..\..\decoder\core\src\manage_dec_ref.cpp;..\..\..\decoder\core\src\mc.cpp;..\..\..\decoder\core\src\memmgr_nal_unit.cpp;..\..\..\decoder\core\src\mem_align.cpp;..\..\..\decoder\core\src\mv_pred.cpp;..\..\..\decoder\core\src\parse_mb_syn_cabac.cpp;..\..\..\decoder\core\src\parse_mb_syn_cavlc.cpp;..\..\..\decoder\core\src\pic_queue.cpp;..\..\..\decoder\core\src\rec_mb.cpp'!='' and 'false'=='true' and 'false' != 'false').
     1>Target "GetInstalledSDKLocations" in file "C:\Program Files (x86)\MSBuild\12.0\bin\Microsoft.Common.CurrentVersion.targets" from project "E:\Project\Openh264\Source_WP8\codec\build\windowsphone\dec\WelsDecCore.vcxproj" (target "ResolveSDKReferences" depends on it):
       Task "GetInstalledSDKLocations" skipped, due to false condition; ('@(SDKReference)' != '') was evaluated as ('' != '').
     1>Done building target "GetInstalledSDKLocations" in project "WelsDecCore.vcxproj".
     1>Target "ResolveSDKReferences" in file "C:\Program Files (x86)\MSBuild\12.0\bin\Microsoft.Common.CurrentVersion.targets" from project "E:\Project\Openh264\Source_WP8\codec\build\windowsphone\dec\WelsDecCore.vcxproj" (target "ResolveAssemblyReferences" depends on it):
       Task "ResolveSDKReference" skipped, due to false condition; ('@(SDKReference)'!='') was evaluated as (''!='').
     1>Done building target "ResolveSDKReferences" in project "WelsDecCore.vcxproj".
       Target "ResolveSDKReferences" skipped. Previously built successfully.
     1>Target "ExpandSDKReferences" in file "C:\Program Files (x86)\MSBuild\12.0\bin\Microsoft.Common.CurrentVersion.targets" from project "E:\Project\Openh264\Source_WP8\codec\build\windowsphone\dec\WelsDecCore.vcxproj" (target "ResolveAssemblyReferences" depends on it):
       Task "GetSDKReferenceFiles" skipped, due to false condition; ('@(ResolvedSDKReference)'!='') was evaluated as (''!='').
     1>Done building target "ExpandSDKReferences" in project "WelsDecCore.vcxproj".
     1>Target "ResolveAssemblyReferences" in file "C:\Program Files (x86)\MSBuild\12.0\bin\Microsoft.Common.CurrentVersion.targets" from project "E:\Project\Openh264\Source_WP8\codec\build\windowsphone\dec\WelsDecCore.vcxproj" (target "ResolveReferences" depends on it):
       Using "ResolveAssemblyReference" task from assembly "Microsoft.Build.Tasks.v12.0, Version=12.0.0.0, Culture=neutral, PublicKeyToken=b03f5f7f11d50a3a".
       Task "ResolveAssemblyReference"
         TargetFrameworkMoniker:
             
         TargetFrameworkMonikerDisplayName:
             .NET Framework 4
         TargetedRuntimeVersion:
             v4.0.30319
         Assemblies:
             Windows
             platform.winmd
                 Private = 'false'
         AssemblyFiles:
         CandidateAssemblyFiles:
         TargetFrameworkDirectories:
             C:\Program Files (x86)\Reference Assemblies\Microsoft\Framework\.NETFramework\v4.0,C:\Program Files (x86)\Windows Phone Kits\8.0\Windows Metadata
         InstalledAssemblyTables:
         IgnoreInstalledAssemblyTable:
             False
         SearchPaths:
             {CandidateAssemblyFiles}
             C:\Program Files (x86)\Microsoft Visual Studio 11.0\VC\WPSDK\WP80\lib
             {HintPathFromItem}
             {TargetFrameworkDirectory}
             {Registry:Software\Microsoft\.NETFramework,v4.0,AssemblyFoldersEx}
             {AssemblyFolders}
             {GAC}
             {RawFileName}
             ..\..\..\..\..\bin\Win32\Debug\
         AllowedAssemblyExtensions:
             .winmd
             .dll
             .exe
         AllowedRelatedFileExtensions:
             .pdb
             .xml
             .pri
         AppConfigFile:
             
         AutoUnify:
             True
         CopyLocalDependenciesWhenParentReferenceInGac:
             True
         FindDependencies:
             False
         TargetProcessorArchitecture:
             x86
         StateFile:
             Win32\Debug\WelsDecCore.vcxprojResolveAssemblyReference.cache
         InstalledAssemblySubsetTables:
         IgnoreInstalledAssemblySubsetTable:
             False
         TargetFrameworkSubsets:
         FullTargetFrameworkSubsetNames:
             Full
         ProfileName:
             
         FullFrameworkFolders:
             C:\Program Files (x86)\Reference Assemblies\Microsoft\Framework\.NETFramework\v4.0
         LatestTargetFrameworkDirectories:
         ProfileTablesLocation:
         Primary reference "Windows, Version=255.255.255.255, Culture=neutral, PublicKeyToken=null, ContentType=WindowsRuntime".
             Resolved file path is "C:\Program Files (x86)\Windows Phone Kits\8.0\Windows Metadata\Windows.winmd".
             Reference found at search path location "{TargetFrameworkDirectory}".
                 For SearchPath "C:\Program Files (x86)\Microsoft Visual Studio 11.0\VC\WPSDK\WP80\lib".
                 Considered "C:\Program Files (x86)\Microsoft Visual Studio 11.0\VC\WPSDK\WP80\lib\Windows.winmd", but it didn't exist.
                 Considered "C:\Program Files (x86)\Microsoft Visual Studio 11.0\VC\WPSDK\WP80\lib\Windows.dll", but it didn't exist.
                 Considered "C:\Program Files (x86)\Microsoft Visual Studio 11.0\VC\WPSDK\WP80\lib\Windows.exe", but it didn't exist.
                 For SearchPath "{TargetFrameworkDirectory}".
                 Considered "C:\Program Files (x86)\Reference Assemblies\Microsoft\Framework\.NETFramework\v4.0\Windows.winmd", but it didn't exist.
                 Considered "C:\Program Files (x86)\Reference Assemblies\Microsoft\Framework\.NETFramework\v4.0\Windows.dll", but it didn't exist.
                 Considered "C:\Program Files (x86)\Reference Assemblies\Microsoft\Framework\.NETFramework\v4.0\Windows.exe", but it didn't exist.
             This reference is not "CopyLocal" because it's in a Frameworks directory.
             The ImageRuntimeVersion for this reference is "WindowsRuntime 1.2".
             This reference is a WinMDFile.
         Primary reference "platform, Version=255.255.255.255, Culture=neutral, PublicKeyToken=null, ContentType=WindowsRuntime".
             Resolved file path is "C:\Program Files (x86)\Microsoft Visual Studio 11.0\VC\WPSDK\WP80\lib\platform.winmd".
             Reference found at search path location "C:\Program Files (x86)\Microsoft Visual Studio 11.0\VC\WPSDK\WP80\lib".
                 For SearchPath "C:\Program Files (x86)\Microsoft Visual Studio 11.0\VC\WPSDK\WP80\lib".
                 Considered "C:\Program Files (x86)\Microsoft Visual Studio 11.0\VC\WPSDK\WP80\lib\platform.winmd.winmd", but it didn't exist.
                 Considered "C:\Program Files (x86)\Microsoft Visual Studio 11.0\VC\WPSDK\WP80\lib\platform.winmd.dll", but it didn't exist.
                 Considered "C:\Program Files (x86)\Microsoft Visual Studio 11.0\VC\WPSDK\WP80\lib\platform.winmd.exe", but it didn't exist.
             This reference is not "CopyLocal" because at least one source item had "Private" set to "false" and no source items had "Private" set to "true".
             The ImageRuntimeVersion for this reference is "WindowsRuntime 1.2;Native code 1.2".
             This reference is a WinMDFile.
       Done executing task "ResolveAssemblyReference".
     1>Done building target "ResolveAssemblyReferences" in project "WelsDecCore.vcxproj".
       Target "GenerateBindingRedirects" skipped, due to false condition; ('$(AutoGenerateBindingRedirects)' == 'true' and '$(GenerateBindingRedirectsOutputType)' == 'true') was evaluated as ('' == 'true' and '' == 'true').
       Target "GenerateBindingRedirectsUpdateAppConfig" skipped, due to false condition; ('$(AutoGenerateBindingRedirects)' == 'true' and '$(GenerateBindingRedirectsOutputType)' == 'true' and Exists('$(_GenerateBindingRedirectsIntermediateAppConfig)')) was evaluated as ('' == 'true' and '' == 'true' and Exists('Win32\Debug\WelsDecCore.vcxproj.welsdcore.lib.config')).
       Target "ResolveComReferences" skipped, due to false condition; ('@(COMReference)'!='' or '@(COMFileReference)'!='') was evaluated as (''!='' or ''!='').
     1>Target "AfterResolveReferences" in file "C:\Program Files (x86)\MSBuild\12.0\bin\Microsoft.Common.CurrentVersion.targets" from project "E:\Project\Openh264\Source_WP8\codec\build\windowsphone\dec\WelsDecCore.vcxproj" (target "ResolveReferences" depends on it):
     1>Done building target "AfterResolveReferences" in project "WelsDecCore.vcxproj".
       Target "ImplicitlyExpandDesignTimeFacades" skipped, due to false condition; ('$(ImplicitlyExpandDesignTimeFacades)' == 'true') was evaluated as ('' == 'true').
       Target "ResolveTestReferences" skipped, due to false condition; ('@(Shadow)'!='') was evaluated as (''!='').
     1>Target "ResolveReferences" in file "C:\Program Files (x86)\MSBuild\12.0\bin\Microsoft.Common.CurrentVersion.targets" from project "E:\Project\Openh264\Source_WP8\codec\build\windowsphone\dec\WelsDecCore.vcxproj" (target "Build" depends on it):
     1>Done building target "ResolveReferences" in project "WelsDecCore.vcxproj".
       Target "PrepareForBuild" skipped. Previously built successfully.
       Target "PrepareForBuild" skipped. Previously built successfully.
     1>Target "InitializeBuildStatus" in file "C:\Program Files (x86)\MSBuild\Microsoft.Cpp\v4.0\V110\Microsoft.CppBuild.targets" from project "E:\Project\Openh264\Source_WP8\codec\build\windowsphone\dec\WelsDecCore.vcxproj" (target "Build" depends on it):
       Using "ReadLinesFromFile" task from assembly "Microsoft.Build.Tasks.v12.0, Version=12.0.0.0, Culture=neutral, PublicKeyToken=b03f5f7f11d50a3a".
       Task "ReadLinesFromFile"
       Done executing task "ReadLinesFromFile".
       Using "WriteLinesToFile" task from assembly "Microsoft.Build.Tasks.v12.0, Version=12.0.0.0, Culture=neutral, PublicKeyToken=b03f5f7f11d50a3a".
       Task "WriteLinesToFile"
       Done executing task "WriteLinesToFile".
       Using "Touch" task from assembly "Microsoft.Build.Tasks.v12.0, Version=12.0.0.0, Culture=neutral, PublicKeyToken=b03f5f7f11d50a3a".
       Task "Touch"
         Creating "Win32\Debug\WelsDecCore.unsuccessfulbuild" because "AlwaysCreate" was specified.
       Done executing task "Touch".
     1>Done building target "InitializeBuildStatus" in project "WelsDecCore.vcxproj".
       Target "AssignProjectConfiguration" skipped. Previously built successfully.
       Target "_SplitProjectReferencesByFileExistence" skipped. Previously built successfully.
     1>Target "BuildGenerateSourcesTraverse" in file "C:\Program Files (x86)\MSBuild\12.0\bin\Microsoft.Common.CurrentVersion.targets" from project "E:\Project\Openh264\Source_WP8\codec\build\windowsphone\dec\WelsDecCore.vcxproj" (target "BuildGenerateSources" depends on it):
       Task "MSBuild" skipped, due to false condition; ('$(BuildPassReferences)' == 'true' and '@(ProjectReferenceWithConfiguration)' != '' and '@(_MSBuildProjectReferenceExistent)' != '' and '%(_MSBuildProjectReferenceExistent.BuildReference)' == 'true') was evaluated as ('' == 'true' and '' != '' and '' != '' and '' == 'true').
     1>Done building target "BuildGenerateSourcesTraverse" in project "WelsDecCore.vcxproj".
       Target "PrepareForBuild" skipped. Previously built successfully.
       Target "ResolveReferences" skipped. Previously built successfully.
     1>Target "BeforeBuildGenerateSources" in file "C:\Program Files (x86)\MSBuild\Microsoft.Cpp\v4.0\V110\Microsoft.BuildSteps.Targets" from project "E:\Project\Openh264\Source_WP8\codec\build\windowsphone\dec\WelsDecCore.vcxproj" (target "_BuildGenerateSourcesAction" depends on it):
     1>Done building target "BeforeBuildGenerateSources" in project "WelsDecCore.vcxproj".
     1>Target "PreBuildEvent" in file "C:\Program Files (x86)\MSBuild\Microsoft.Cpp\v4.0\V110\Microsoft.CppCommon.targets" from project "E:\Project\Openh264\Source_WP8\codec\build\windowsphone\dec\WelsDecCore.vcxproj" (target "_BuildGenerateSourcesAction" depends on it):
       Task "Message" skipped, due to false condition; ('%(PreBuildEvent.Message)' != '' and '%(PreBuildEvent.Command)' != '') was evaluated as ('' != '' and '' != '').
       Task "Exec" skipped, due to false condition; ('%(PreBuildEvent.Command)' != '') was evaluated as ('' != '').
     1>Done building target "PreBuildEvent" in project "WelsDecCore.vcxproj".
       Target "CustomBuild" skipped, due to false condition; ('@(CustomBuild)' != '') was evaluated as ('' != '').
       Target "FxCompile" skipped, due to false condition; ('@(FxCompile)' != '') was evaluated as ('' != '').
       Target "Xsd" skipped, due to false condition; ('@(Xsd)' != '') was evaluated as ('' != '').
     1>Target "_Xsd" in file "C:\Program Files (x86)\MSBuild\Microsoft.Cpp\v4.0\V110\Microsoft.CppBuild.targets" from project "E:\Project\Openh264\Source_WP8\codec\build\windowsphone\dec\WelsDecCore.vcxproj" (target "_BuildGenerateSourcesAction" depends on it):
     1>Done building target "_Xsd" in project "WelsDecCore.vcxproj".
     1>Target "MakeDirsForMidl" in file "C:\Program Files (x86)\MSBuild\Microsoft.Cpp\v4.0\V110\Microsoft.CppBuild.targets" from project "E:\Project\Openh264\Source_WP8\codec\build\windowsphone\dec\WelsDecCore.vcxproj" (target "_Midl" depends on it):
       Task "Makedir"
       Done executing task "Makedir".
     1>Done building target "MakeDirsForMidl" in project "WelsDecCore.vcxproj".
       Target "Midl" skipped, due to false condition; ('@(Midl)' != '') was evaluated as ('' != '').
       Target "CustomBuild" skipped, due to false condition; ('@(CustomBuild)' != '') was evaluated as ('' != '').
       Target "FxCompile" skipped, due to false condition; ('@(FxCompile)' != '') was evaluated as ('' != '').
     1>Target "ComputeMIDLGeneratedCompileInputs" in file "C:\Program Files (x86)\MSBuild\Microsoft.Cpp\v4.0\V110\Microsoft.CppBuild.targets" from project "E:\Project\Openh264\Source_WP8\codec\build\windowsphone\dec\WelsDecCore.vcxproj" (target "_Midl" depends on it):
     1>Done building target "ComputeMIDLGeneratedCompileInputs" in project "WelsDecCore.vcxproj".
     1>Target "AfterMidl" in file "C:\Program Files (x86)\MSBuild\Microsoft.Cpp\v4.0\V110\Microsoft.CppBuild.targets" from project "E:\Project\Openh264\Source_WP8\codec\build\windowsphone\dec\WelsDecCore.vcxproj" (target "_Midl" depends on it):
     1>Done building target "AfterMidl" in project "WelsDecCore.vcxproj".
     1>Target "_Midl" in file "C:\Program Files (x86)\MSBuild\Microsoft.Cpp\v4.0\V110\Microsoft.CppBuild.targets" from project "E:\Project\Openh264\Source_WP8\codec\build\windowsphone\dec\WelsDecCore.vcxproj" (target "_BuildGenerateSourcesAction" depends on it):
     1>Done building target "_Midl" in project "WelsDecCore.vcxproj".
     1>Target "AfterBuildGenerateSources" in file "C:\Program Files (x86)\MSBuild\Microsoft.Cpp\v4.0\V110\Microsoft.BuildSteps.Targets" from project "E:\Project\Openh264\Source_WP8\codec\build\windowsphone\dec\WelsDecCore.vcxproj" (target "_BuildGenerateSourcesAction" depends on it):
     1>Done building target "AfterBuildGenerateSources" in project "WelsDecCore.vcxproj".
     1>Target "AfterBuildGenerateSourcesEvent" in file "C:\Program Files (x86)\MSBuild\Microsoft.Cpp\v4.0\V110\Microsoft.CppBuild.targets" from project "E:\Project\Openh264\Source_WP8\codec\build\windowsphone\dec\WelsDecCore.vcxproj" (target "_BuildGenerateSourcesAction" depends on it):
     1>Done building target "AfterBuildGenerateSourcesEvent" in project "WelsDecCore.vcxproj".
     1>Target "_BuildGenerateSourcesAction" in file "C:\Program Files (x86)\MSBuild\Microsoft.Cpp\v4.0\V110\Microsoft.CppBuild.targets" from project "E:\Project\Openh264\Source_WP8\codec\build\windowsphone\dec\WelsDecCore.vcxproj" (target "BuildGenerateSources" depends on it):
     1>Done building target "_BuildGenerateSourcesAction" in project "WelsDecCore.vcxproj".
     1>Target "BuildGenerateSources" in file "C:\Program Files (x86)\MSBuild\12.0\bin\Microsoft.Common.CurrentVersion.targets" from project "E:\Project\Openh264\Source_WP8\codec\build\windowsphone\dec\WelsDecCore.vcxproj" (target "Build" depends on it):
     1>Done building target "BuildGenerateSources" in project "WelsDecCore.vcxproj".
       Target "AssignProjectConfiguration" skipped. Previously built successfully.
       Target "_SplitProjectReferencesByFileExistence" skipped. Previously built successfully.
     1>Target "BuildCompileTraverse" in file "C:\Program Files (x86)\MSBuild\12.0\bin\Microsoft.Common.CurrentVersion.targets" from project "E:\Project\Openh264\Source_WP8\codec\build\windowsphone\dec\WelsDecCore.vcxproj" (target "BuildCompile" depends on it):
       Task "MSBuild" skipped, due to false condition; ('$(BuildPassReferences)' == 'true' and '@(ProjectReferenceWithConfiguration)' != '' and '@(_MSBuildProjectReferenceExistent)' != ''  and '%(_MSBuildProjectReferenceExistent.BuildReference)' == 'true') was evaluated as ('' == 'true' and '' != '' and '' != ''  and '' == 'true').
     1>Done building target "BuildCompileTraverse" in project "WelsDecCore.vcxproj".
       Target "PrepareForBuild" skipped. Previously built successfully.
       Target "ResolveReferences" skipped. Previously built successfully.
     1>Target "BeforeClCompile" in file "C:\Program Files (x86)\MSBuild\Microsoft.Cpp\v4.0\V110\Microsoft.CppBuild.targets" from project "E:\Project\Openh264\Source_WP8\codec\build\windowsphone\dec\WelsDecCore.vcxproj" (target "_ClCompile" depends on it):
     1>Done building target "BeforeClCompile" in project "WelsDecCore.vcxproj".
       Target "ComputeMIDLGeneratedCompileInputs" skipped. Previously built successfully.
     1>Target "ComputeCLInputPDBName" in file "C:\Program Files (x86)\MSBuild\Microsoft.Cpp\v4.0\V110\Microsoft.CppBuild.targets" from project "E:\Project\Openh264\Source_WP8\codec\build\windowsphone\dec\WelsDecCore.vcxproj" (target "_ClCompile" depends on it):
     1>Done building target "ComputeCLInputPDBName" in project "WelsDecCore.vcxproj".
       Target "ResolveReferences" skipped. Previously built successfully.
     1>Target "ComputeReferenceCLInput" in file "C:\Program Files (x86)\MSBuild\Microsoft.Cpp\v4.0\V110\Microsoft.CppBuild.targets" from project "E:\Project\Openh264\Source_WP8\codec\build\windowsphone\dec\WelsDecCore.vcxproj" (target "_ClCompile" depends on it):
       Task "WriteLinesToFile" skipped, due to false condition; (('@(_ReferenceCopyLocalPaths)'!='') and '$(DesignTimeBuild)' != 'true') was evaluated as ((''!='') and '' != 'true').
       Task "Message" skipped, due to false condition; ('$(_REFERENCE_DEBUG)'=='true') was evaluated as (''=='true').
     1>Done building target "ComputeReferenceCLInput" in project "WelsDecCore.vcxproj".
     1>Target "MakeDirsForCl" in file "C:\Program Files (x86)\MSBuild\Microsoft.Cpp\v4.0\V110\Microsoft.CppBuild.targets" from project "E:\Project\Openh264\Source_WP8\codec\build\windowsphone\dec\WelsDecCore.vcxproj" (target "_ClCompile" depends on it):
       Task "MakeDir"
       Done executing task "MakeDir".
     1>Done building target "MakeDirsForCl" in project "WelsDecCore.vcxproj".
       Target "PrepareForBuild" skipped. Previously built successfully.
       Target "SetBuildDefaultEnvironmentVariables" skipped. Previously built successfully.
       Target "SetUserMacroEnvironmentVariables" skipped, due to false condition; ('@(BuildMacro)' != '') was evaluated as ('' != '').
     1>Target "_SelectedFiles" in file "C:\Program Files (x86)\MSBuild\Microsoft.Cpp\v4.0\V110\Microsoft.CppBuild.targets" from project "E:\Project\Openh264\Source_WP8\codec\build\windowsphone\dec\WelsDecCore.vcxproj" (target "SelectClCompile" depends on it):
     1>Done building target "_SelectedFiles" in project "WelsDecCore.vcxproj".
       Target "ComputeMIDLGeneratedCompileInputs" skipped. Previously built successfully.
       Target "ComputeCLInputPDBName" skipped. Previously built successfully.
       Target "ComputeReferenceCLInput" skipped. Previously built successfully.
       Target "_SelectedFiles" skipped. Previously built successfully.
     1>Target "SelectCustomBuild" in file "C:\Program Files (x86)\MSBuild\Microsoft.Cpp\v4.0\V110\Microsoft.CppBuild.targets" from project "E:\Project\Openh264\Source_WP8\codec\build\windowsphone\dec\WelsDecCore.vcxproj" (target "SelectClCompile" depends on it):
     1>Done building target "SelectCustomBuild" in project "WelsDecCore.vcxproj".
     1>Target "SelectClCompile" in file "C:\Program Files (x86)\MSBuild\Microsoft.Cpp\v4.0\V110\Microsoft.CppBuild.targets" from project "E:\Project\Openh264\Source_WP8\codec\build\windowsphone\dec\WelsDecCore.vcxproj" (target "ClCompile" depends on it):
     1>Done building target "SelectClCompile" in project "WelsDecCore.vcxproj".
       Target "GenerateTargetFrameworkMonikerAttribute" skipped, due to false condition; ('$(GenerateTargetFrameworkAttribute)' == 'true') was evaluated as ('false' == 'true').
       Target "ManagedIncrementalBuildPreProcessDependencyGraph" skipped, due to false condition; ('@(ClCompile)' != '' and '$(EnableManagedIncrementalBuild)' == 'True') was evaluated as ('..\..\..\common\src\common_tables.cpp;..\..\..\common\src\copy_mb.cpp;..\..\..\common\src\cpu.cpp;..\..\..\common\src\crt_util_safe_x.cpp;..\..\..\common\src\deblocking_common.cpp;..\..\..\common\src\expand_pic.cpp;..\..\..\common\src\utils.cpp;..\..\..\decoder\core\src\au_parser.cpp;..\..\..\decoder\core\src\bit_stream.cpp;..\..\..\decoder\core\src\cabac_decoder.cpp;..\..\..\decoder\core\src\deblocking.cpp;..\..\..\decoder\core\src\decoder.cpp;..\..\..\decoder\core\src\decoder_core.cpp;..\..\..\decoder\core\src\decoder_data_tables.cpp;..\..\..\decoder\core\src\decode_mb_aux.cpp;..\..\..\decoder\core\src\decode_slice.cpp;..\..\..\decoder\core\src\error_concealment.cpp;..\..\..\decoder\core\src\fmo.cpp;..\..\..\decoder\core\src\get_intra_predictor.cpp;..\..\..\decoder\core\src\manage_dec_ref.cpp;..\..\..\decoder\core\src\mc.cpp;..\..\..\decoder\core\src\memmgr_nal_unit.cpp;..\..\..\decoder\core\src\mem_align.cpp;..\..\..\decoder\core\src\mv_pred.cpp;..\..\..\decoder\core\src\parse_mb_syn_cabac.cpp;..\..\..\decoder\core\src\parse_mb_syn_cavlc.cpp;..\..\..\decoder\core\src\pic_queue.cpp;..\..\..\decoder\core\src\rec_mb.cpp' != '' and 'false' == 'True').
     1>Target "ClCompile" in file "C:\Program Files (x86)\MSBuild\Microsoft.Cpp\v4.0\V110\Microsoft.CppCommon.targets" from project "E:\Project\Openh264\Source_WP8\codec\build\windowsphone\dec\WelsDecCore.vcxproj" (target "_ClCompile" depends on it):
       Using "Delete" task from assembly "Microsoft.Build.Tasks.v12.0, Version=12.0.0.0, Culture=neutral, PublicKeyToken=b03f5f7f11d50a3a".
       Task "Delete"
       Done executing task "Delete".
       Task "CL" skipped, due to false condition; ('%(ClCompile.PrecompiledHeader)' == 'Create' and '%(ClCompile.ExcludedFromBuild)'!='true' and '%(ClCompile.CompilerIteration)' == '') was evaluated as ('NotUsing' == 'Create' and ''!='true' and '' == '').
       Using "CL" task from assembly "Microsoft.Build.CppTasks.Common.v110, Version=4.0.0.0, Culture=neutral, PublicKeyToken=b03f5f7f11d50a3a".
       Task "CL"
         Forcing recompile of all source files due to missing PDB "Win32\Debug\vc110.pdb".
         Environment Variables passed to tool:
           VS_UNICODE_OUTPUT=1212
         C:\Program Files (x86)\Microsoft Visual Studio 11.0\VC\WPSDK\WP80\bin\CL.exe /c /I..\..\..\..\decoder\core\inc /I..\..\..\..\common\inc /I..\..\..\..\api\svc /AI"C:\Program Files (x86)\Windows Phone Kits\8.0\Windows Metadata" /Zi /nologo /W1 /WX- /Od /Oy- /D _LIB /D WINAPI_FAMILY=WINAPI_FAMILY_PHONE_APP /Gm /EHsc /RTC1 /MDd /GS /fp:precise /Zc:wchar_t /Zc:forScope /Fo"Win32\Debug\\" /Fd"Win32\Debug\vc110.pdb" /Gd /TP /analyze- /errorReport:prompt ..\..\..\common\src\common_tables.cpp ..\..\..\common\src\copy_mb.cpp ..\..\..\common\src\cpu.cpp ..\..\..\common\src\crt_util_safe_x.cpp ..\..\..\common\src\deblocking_common.cpp ..\..\..\common\src\expand_pic.cpp ..\..\..\common\src\utils.cpp ..\..\..\decoder\core\src\au_parser.cpp ..\..\..\decoder\core\src\bit_stream.cpp ..\..\..\decoder\core\src\cabac_decoder.cpp ..\..\..\decoder\core\src\deblocking.cpp ..\..\..\decoder\core\src\decoder.cpp ..\..\..\decoder\core\src\decoder_core.cpp ..\..\..\decoder\core\src\decoder_data_tables.cpp ..\..\..\decoder\core\src\decode_mb_aux.cpp ..\..\..\decoder\core\src\decode_slice.cpp ..\..\..\decoder\core\src\error_concealment.cpp ..\..\..\decoder\core\src\fmo.cpp ..\..\..\decoder\core\src\get_intra_predictor.cpp ..\..\..\decoder\core\src\manage_dec_ref.cpp ..\..\..\decoder\core\src\mc.cpp ..\..\..\decoder\core\src\memmgr_nal_unit.cpp ..\..\..\decoder\core\src\mem_align.cpp ..\..\..\decoder\core\src\mv_pred.cpp ..\..\..\decoder\core\src\parse_mb_syn_cabac.cpp ..\..\..\decoder\core\src\parse_mb_syn_cavlc.cpp ..\..\..\decoder\core\src\pic_queue.cpp ..\..\..\decoder\core\src\rec_mb.cpp
         Tracking command:
         C:\Program Files (x86)\Microsoft SDKs\Windows\v8.0A\bin\NETFX 4.0 Tools\Tracker.exe /d C:\Windows\Microsoft.NET\Framework\v4.0.30319\FileTracker.dll /i E:\Project\Openh264\Source_WP8\codec\build\windowsphone\dec\Win32\Debug /r "E:\PROJECT\OPENH264\SOURCE_WP8\CODEC\COMMON\SRC\COMMON_TABLES.CPP|E:\PROJECT\OPENH264\SOURCE_WP8\CODEC\COMMON\SRC\COPY_MB.CPP|E:\PROJECT\OPENH264\SOURCE_WP8\CODEC\COMMON\SRC\CPU.CPP|E:\PROJECT\OPENH264\SOURCE_WP8\CODEC\COMMON\SRC\CRT_UTIL_SAFE_X.CPP|E:\PROJECT\OPENH264\SOURCE_WP8\CODEC\COMMON\SRC\DEBLOCKING_COMMON.CPP|E:\PROJECT\OPENH264\SOURCE_WP8\CODEC\COMMON\SRC\EXPAND_PIC.CPP|E:\PROJECT\OPENH264\SOURCE_WP8\CODEC\COMMON\SRC\UTILS.CPP|E:\PROJECT\OPENH264\SOURCE_WP8\CODEC\DECODER\CORE\SRC\AU_PARSER.CPP|E:\PROJECT\OPENH264\SOURCE_WP8\CODEC\DECODER\CORE\SRC\BIT_STREAM.CPP|E:\PROJECT\OPENH264\SOURCE_WP8\CODEC\DECODER\CORE\SRC\CABAC_DECODER.CPP|E:\PROJECT\OPENH264\SOURCE_WP8\CODEC\DECODER\CORE\SRC\DEBLOCKING.CPP|E:\PROJECT\OPENH264\SOURCE_WP8\CODEC\DECODER\CORE\SRC\DECODER.CPP|E:\PROJECT\OPENH264\SOURCE_WP8\CODEC\DECODER\CORE\SRC\DECODER_CORE.CPP|E:\PROJECT\OPENH264\SOURCE_WP8\CODEC\DECODER\CORE\SRC\DECODER_DATA_TABLES.CPP|E:\PROJECT\OPENH264\SOURCE_WP8\CODEC\DECODER\CORE\SRC\DECODE_MB_AUX.CPP|E:\PROJECT\OPENH264\SOURCE_WP8\CODEC\DECODER\CORE\SRC\DECODE_SLICE.CPP|E:\PROJECT\OPENH264\SOURCE_WP8\CODEC\DECODER\CORE\SRC\ERROR_CONCEALMENT.CPP|E:\PROJECT\OPENH264\SOURCE_WP8\CODEC\DECODER\CORE\SRC\FMO.CPP|E:\PROJECT\OPENH264\SOURCE_WP8\CODEC\DECODER\CORE\SRC\GET_INTRA_PREDICTOR.CPP|E:\PROJECT\OPENH264\SOURCE_WP8\CODEC\DECODER\CORE\SRC\MANAGE_DEC_REF.CPP|E:\PROJECT\OPENH264\SOURCE_WP8\CODEC\DECODER\CORE\SRC\MC.CPP|E:\PROJECT\OPENH264\SOURCE_WP8\CODEC\DECODER\CORE\SRC\MEMMGR_NAL_UNIT.CPP|E:\PROJECT\OPENH264\SOURCE_WP8\CODEC\DECODER\CORE\SRC\MEM_ALIGN.CPP|E:\PROJECT\OPENH264\SOURCE_WP8\CODEC\DECODER\CORE\SRC\MV_PRED.CPP|E:\PROJECT\OPENH264\SOURCE_WP8\CODEC\DECODER\CORE\SRC\PARSE_MB_SYN_CABAC.CPP|E:\PROJECT\OPENH264\SOURCE_WP8\CODEC\DECODER\CORE\SRC\PARSE_MB_SYN_CAVLC.CPP|E:\PROJECT\OPENH264\SOURCE_WP8\CODEC\DECODER\CORE\SRC\PIC_QUEUE.CPP|E:\PROJECT\OPENH264\SOURCE_WP8\CODEC\DECODER\CORE\SRC\REC_MB.CPP" /b MSBuildConsole_CancelEvent6db32c12ae8248b280dacc42b0ac1287  /c "C:\Program Files (x86)\Microsoft Visual Studio 11.0\VC\WPSDK\WP80\bin\CL.exe"  /c /I..\..\..\..\decoder\core\inc /I..\..\..\..\common\inc /I..\..\..\..\api\svc /AI"C:\Program Files (x86)\Windows Phone Kits\8.0\Windows Metadata" /Zi /nologo /W1 /WX- /Od /Oy- /D _LIB /D WINAPI_FAMILY=WINAPI_FAMILY_PHONE_APP /Gm /EHsc /RTC1 /MDd /GS /fp:precise /Zc:wchar_t /Zc:forScope /Fo"Win32\Debug\\" /Fd"Win32\Debug\vc110.pdb" /Gd /TP /analyze- /errorReport:prompt ..\..\..\common\src\common_tables.cpp ..\..\..\common\src\copy_mb.cpp ..\..\..\common\src\cpu.cpp ..\..\..\common\src\crt_util_safe_x.cpp ..\..\..\common\src\deblocking_common.cpp ..\..\..\common\src\expand_pic.cpp ..\..\..\common\src\utils.cpp ..\..\..\decoder\core\src\au_parser.cpp ..\..\..\decoder\core\src\bit_stream.cpp ..\..\..\decoder\core\src\cabac_decoder.cpp ..\..\..\decoder\core\src\deblocking.cpp ..\..\..\decoder\core\src\decoder.cpp ..\..\..\decoder\core\src\decoder_core.cpp ..\..\..\decoder\core\src\decoder_data_tables.cpp ..\..\..\decoder\core\src\decode_mb_aux.cpp ..\..\..\decoder\core\src\decode_slice.cpp ..\..\..\decoder\core\src\error_concealment.cpp ..\..\..\decoder\core\src\fmo.cpp ..\..\..\decoder\core\src\get_intra_predictor.cpp ..\..\..\decoder\core\src\manage_dec_ref.cpp ..\..\..\decoder\core\src\mc.cpp ..\..\..\decoder\core\src\memmgr_nal_unit.cpp ..\..\..\decoder\core\src\mem_align.cpp ..\..\..\decoder\core\src\mv_pred.cpp ..\..\..\decoder\core\src\parse_mb_syn_cabac.cpp ..\..\..\decoder\core\src\parse_mb_syn_cavlc.cpp ..\..\..\decoder\core\src\pic_queue.cpp ..\..\..\decoder\core\src\rec_mb.cpp
         rec_mb.cpp
     1>..\..\..\decoder\core\src\rec_mb.cpp(42): fatal error C1083: Cannot open include file: 'rec_mb.h': No such file or directory
         pic_queue.cpp
     1>..\..\..\decoder\core\src\pic_queue.cpp(40): fatal error C1083: Cannot open include file: 'pic_queue.h': No such file or directory
         parse_mb_syn_cavlc.cpp
     1>..\..\..\decoder\core\src\parse_mb_syn_cavlc.cpp(42): fatal error C1083: Cannot open include file: 'parse_mb_syn_cavlc.h': No such file or directory
         parse_mb_syn_cabac.cpp
     1>..\..\..\decoder\core\src\parse_mb_syn_cabac.cpp(33): fatal error C1083: Cannot open include file: 'parse_mb_syn_cabac.h': No such file or directory
         mv_pred.cpp
     1>..\..\..\decoder\core\src\mv_pred.cpp(41): fatal error C1083: Cannot open include file: 'mv_pred.h': No such file or directory
         mem_align.cpp
     1>..\..\..\decoder\core\src\mem_align.cpp(33): fatal error C1083: Cannot open include file: 'mem_align.h': No such file or directory
         memmgr_nal_unit.cpp
     1>..\..\..\decoder\core\src\memmgr_nal_unit.cpp(41): fatal error C1083: Cannot open include file: 'memmgr_nal_unit.h': No such file or directory
         mc.cpp
     1>..\..\..\decoder\core\src\mc.cpp(41): fatal error C1083: Cannot open include file: 'mc.h': No such file or directory
         manage_dec_ref.cpp
     1>..\..\..\decoder\core\src\manage_dec_ref.cpp(42): fatal error C1083: Cannot open include file: 'manage_dec_ref.h': No such file or directory
         get_intra_predictor.cpp
     1>..\..\..\decoder\core\src\get_intra_predictor.cpp(44): fatal error C1083: Cannot open include file: 'macros.h': No such file or directory
         fmo.cpp
     1>..\..\..\decoder\core\src\fmo.cpp(41): fatal error C1083: Cannot open include file: 'fmo.h': No such file or directory
         error_concealment.cpp
     1>..\..\..\decoder\core\src\error_concealment.cpp(34): fatal error C1083: Cannot open include file: 'error_code.h': No such file or directory
         decode_slice.cpp
     1>..\..\..\decoder\core\src\decode_slice.cpp(42): fatal error C1083: Cannot open include file: 'deblocking.h': No such file or directory
         decode_mb_aux.cpp
     1>..\..\..\decoder\core\src\decode_mb_aux.cpp(35): fatal error C1083: Cannot open include file: 'decode_mb_aux.h': No such file or directory
         decoder_data_tables.cpp
     1>..\..\..\decoder\core\src\decoder_data_tables.cpp(35): fatal error C1083: Cannot open include file: 'wels_common_basis.h': No such file or directory
         decoder_core.cpp
     1>..\..\..\decoder\core\src\decoder_core.cpp(34): fatal error C1083: Cannot open include file: 'decoder_core.h': No such file or directory
         decoder.cpp
     1>..\..\..\decoder\core\src\decoder.cpp(40): fatal error C1083: Cannot open include file: 'codec_def.h': No such file or directory
         deblocking.cpp
     1>..\..\..\decoder\core\src\deblocking.cpp(41): fatal error C1083: Cannot open include file: 'deblocking.h': No such file or directory
         cabac_decoder.cpp
     1>..\..\..\decoder\core\src\cabac_decoder.cpp(33): fatal error C1083: Cannot open include file: 'cabac_decoder.h': No such file or directory
         bit_stream.cpp
     1>..\..\..\decoder\core\src\bit_stream.cpp(40): fatal error C1083: Cannot open include file: 'bit_stream.h': No such file or directory
         Generating Code...
         Compiling...
         au_parser.cpp
     1>..\..\..\decoder\core\src\au_parser.cpp(40): fatal error C1083: Cannot open include file: 'codec_def.h': No such file or directory
         utils.cpp
     1>..\..\..\common\src\utils.cpp(40): fatal error C1083: Cannot open include file: 'utils.h': No such file or directory
         expand_pic.cpp
     1>..\..\..\common\src\expand_pic.cpp(33): fatal error C1083: Cannot open include file: 'expand_pic.h': No such file or directory
         deblocking_common.cpp
     1>..\..\..\common\src\deblocking_common.cpp(1): fatal error C1083: Cannot open include file: 'deblocking_common.h': No such file or directory
         crt_util_safe_x.cpp
     1>..\..\..\common\src\crt_util_safe_x.cpp(56): fatal error C1083: Cannot open include file: 'macros.h': No such file or directory
         cpu.cpp
     1>..\..\..\common\src\cpu.cpp(45): fatal error C1083: Cannot open include file: 'cpu.h': No such file or directory
         copy_mb.cpp
     1>..\..\..\common\src\copy_mb.cpp(41): fatal error C1083: Cannot open include file: 'copy_mb.h': No such file or directory
         common_tables.cpp
     1>..\..\..\common\src\common_tables.cpp(33): fatal error C1083: Cannot open include file: 'wels_common_defs.h': No such file or directory
         Generating Code...
         The command exited with code 2.
       Done executing task "CL" -- FAILED.
     1>Done building target "ClCompile" in project "WelsDecCore.vcxproj" -- FAILED.
     1>Done Building Project "E:\Project\Openh264\Source_WP8\codec\build\windowsphone\dec\WelsDecCore.vcxproj" (Build target(s)) -- FAILED.

Build FAILED.

Time Elapsed 00:00:01.82
