e:\project\openh264\source_wp8\codec\build\windowsphone\enc\arm\debug\vc110.pdb
e:\project\openh264\source_wp8\bin\arm\debug\welsecore.lib
e:\project\openh264\source_wp8\codec\build\windowsphone\enc\arm\debug\au_set.obj
e:\project\openh264\source_wp8\codec\build\windowsphone\enc\arm\debug\common_tables.obj
e:\project\openh264\source_wp8\codec\build\windowsphone\enc\arm\debug\copy_mb.obj
e:\project\openh264\source_wp8\codec\build\windowsphone\enc\arm\debug\cpu.obj
e:\project\openh264\source_wp8\codec\build\windowsphone\enc\arm\debug\crt_util_safe_x.obj
e:\project\openh264\source_wp8\codec\build\windowsphone\enc\arm\debug\deblocking.obj
e:\project\openh264\source_wp8\codec\build\windowsphone\enc\arm\debug\deblocking_common.obj
e:\project\openh264\source_wp8\codec\build\windowsphone\enc\arm\debug\decode_mb_aux.obj
e:\project\openh264\source_wp8\codec\build\windowsphone\enc\arm\debug\encoder.obj
e:\project\openh264\source_wp8\codec\build\windowsphone\enc\arm\debug\encoder_data_tables.obj
e:\project\openh264\source_wp8\codec\build\windowsphone\enc\arm\debug\encoder_ext.obj
e:\project\openh264\source_wp8\codec\build\windowsphone\enc\arm\debug\encode_mb_aux.obj
e:\project\openh264\source_wp8\codec\build\windowsphone\enc\arm\debug\expand_pic.obj
e:\project\openh264\source_wp8\codec\build\windowsphone\enc\arm\debug\get_intra_predictor.obj
e:\project\openh264\source_wp8\codec\build\windowsphone\enc\arm\debug\intra_pred_common.obj
e:\project\openh264\source_wp8\codec\build\windowsphone\enc\arm\debug\mc.obj
e:\project\openh264\source_wp8\codec\build\windowsphone\enc\arm\debug\md.obj
e:\project\openh264\source_wp8\codec\build\windowsphone\enc\arm\debug\memory_align.obj
e:\project\openh264\source_wp8\codec\build\windowsphone\enc\arm\debug\mv_pred.obj
e:\project\openh264\source_wp8\codec\build\windowsphone\enc\arm\debug\nal_encap.obj
e:\project\openh264\source_wp8\codec\build\windowsphone\enc\arm\debug\picture_handle.obj
e:\project\openh264\source_wp8\codec\build\windowsphone\enc\arm\debug\property.obj
e:\project\openh264\source_wp8\codec\build\windowsphone\enc\arm\debug\ratectl.obj
e:\project\openh264\source_wp8\codec\build\windowsphone\enc\arm\debug\ref_list_mgr_svc.obj
e:\project\openh264\source_wp8\codec\build\windowsphone\enc\arm\debug\sad_common.obj
e:\project\openh264\source_wp8\codec\build\windowsphone\enc\arm\debug\sample.obj
e:\project\openh264\source_wp8\codec\build\windowsphone\enc\arm\debug\set_mb_syn_cabac.obj
e:\project\openh264\source_wp8\codec\build\windowsphone\enc\arm\debug\set_mb_syn_cavlc.obj
e:\project\openh264\source_wp8\codec\build\windowsphone\enc\arm\debug\slice_multi_threading.obj
e:\project\openh264\source_wp8\codec\build\windowsphone\enc\arm\debug\svc_base_layer_md.obj
e:\project\openh264\source_wp8\codec\build\windowsphone\enc\arm\debug\svc_encode_mb.obj
e:\project\openh264\source_wp8\codec\build\windowsphone\enc\arm\debug\svc_encode_slice.obj
e:\project\openh264\source_wp8\codec\build\windowsphone\enc\arm\debug\svc_enc_slice_segment.obj
e:\project\openh264\source_wp8\codec\build\windowsphone\enc\arm\debug\svc_mode_decision.obj
e:\project\openh264\source_wp8\codec\build\windowsphone\enc\arm\debug\svc_motion_estimate.obj
e:\project\openh264\source_wp8\codec\build\windowsphone\enc\arm\debug\svc_set_mb_syn_cabac.obj
e:\project\openh264\source_wp8\codec\build\windowsphone\enc\arm\debug\svc_set_mb_syn_cavlc.obj
e:\project\openh264\source_wp8\codec\build\windowsphone\enc\arm\debug\utils.obj
e:\project\openh264\source_wp8\codec\build\windowsphone\enc\arm\debug\welsthreadlib.obj
e:\project\openh264\source_wp8\codec\build\windowsphone\enc\arm\debug\wels_preprocess.obj
e:\project\openh264\source_wp8\codec\build\windowsphone\enc\arm\debug\cl.2476.read.1.tlog
e:\project\openh264\source_wp8\codec\build\windowsphone\enc\arm\debug\cl.2476.write.1.tlog
e:\project\openh264\source_wp8\codec\build\windowsphone\enc\arm\debug\cl.3568.read.1.tlog
e:\project\openh264\source_wp8\codec\build\windowsphone\enc\arm\debug\cl.3568.write.1.tlog
e:\project\openh264\source_wp8\codec\build\windowsphone\enc\arm\debug\cl.3616.read.1.tlog
e:\project\openh264\source_wp8\codec\build\windowsphone\enc\arm\debug\cl.3616.write.1.tlog
e:\project\openh264\source_wp8\codec\build\windowsphone\enc\arm\debug\cl.7496.read.1.tlog
e:\project\openh264\source_wp8\codec\build\windowsphone\enc\arm\debug\cl.7496.write.1.tlog
e:\project\openh264\source_wp8\codec\build\windowsphone\enc\arm\debug\cl.command.1.tlog
e:\project\openh264\source_wp8\codec\build\windowsphone\enc\arm\debug\cl.read.1.tlog
e:\project\openh264\source_wp8\codec\build\windowsphone\enc\arm\debug\cl.write.1.tlog
e:\project\openh264\source_wp8\codec\build\windowsphone\enc\arm\debug\lib-link.read.1.tlog
e:\project\openh264\source_wp8\codec\build\windowsphone\enc\arm\debug\lib-link.write.1.tlog
e:\project\openh264\source_wp8\codec\build\windowsphone\enc\arm\debug\lib.command.1.tlog
e:\project\openh264\source_wp8\codec\build\windowsphone\enc\.\..\..\..\..\bin\arm\debug\welsecore.lib
