e:\project\openh264\source_wp8\codec\build\windowsphone\dec\welsdeccore\arm\release\manage_dec_ref.obj
e:\project\openh264\source_wp8\codec\build\windowsphone\dec\welsdeccore\arm\release\get_intra_predictor.obj
e:\project\openh264\source_wp8\codec\build\windowsphone\dec\welsdeccore\arm\release\fmo.obj
e:\project\openh264\source_wp8\codec\build\windowsphone\dec\welsdeccore\arm\release\error_concealment.obj
e:\project\openh264\source_wp8\codec\build\windowsphone\dec\welsdeccore\arm\release\decode_slice.obj
e:\project\openh264\source_wp8\codec\build\windowsphone\dec\welsdeccore\arm\release\decode_mb_aux.obj
e:\project\openh264\source_wp8\codec\build\windowsphone\dec\welsdeccore\arm\release\decoder_data_tables.obj
e:\project\openh264\source_wp8\codec\build\windowsphone\dec\welsdeccore\arm\release\decoder_core.obj
e:\project\openh264\source_wp8\codec\build\windowsphone\dec\welsdeccore\arm\release\decoder.obj
e:\project\openh264\source_wp8\codec\build\windowsphone\dec\welsdeccore\arm\release\deblocking.obj
e:\project\openh264\source_wp8\codec\build\windowsphone\dec\welsdeccore\arm\release\cabac_decoder.obj
e:\project\openh264\source_wp8\codec\build\windowsphone\dec\welsdeccore\arm\release\bit_stream.obj
e:\project\openh264\source_wp8\codec\build\windowsphone\dec\welsdeccore\arm\release\au_parser.obj
e:\project\openh264\source_wp8\codec\build\windowsphone\dec\welsdeccore\arm\release\utils.obj
e:\project\openh264\source_wp8\codec\build\windowsphone\dec\welsdeccore\arm\release\expand_pic.obj
e:\project\openh264\source_wp8\codec\build\windowsphone\dec\welsdeccore\arm\release\deblocking_common.obj
e:\project\openh264\source_wp8\codec\build\windowsphone\dec\welsdeccore\arm\release\crt_util_safe_x.obj
e:\project\openh264\source_wp8\codec\build\windowsphone\dec\welsdeccore\arm\release\cpu.obj
e:\project\openh264\source_wp8\codec\build\windowsphone\dec\welsdeccore\arm\release\copy_mb.obj
e:\project\openh264\source_wp8\codec\build\windowsphone\dec\welsdeccore\arm\release\common_tables.obj
e:\project\openh264\source_wp8\codec\build\windowsphone\dec\welsdeccore\arm\release\rec_mb.obj
e:\project\openh264\source_wp8\codec\build\windowsphone\dec\welsdeccore\arm\release\pic_queue.obj
e:\project\openh264\source_wp8\codec\build\windowsphone\dec\welsdeccore\arm\release\parse_mb_syn_cavlc.obj
e:\project\openh264\source_wp8\codec\build\windowsphone\dec\welsdeccore\arm\release\parse_mb_syn_cabac.obj
e:\project\openh264\source_wp8\codec\build\windowsphone\dec\welsdeccore\arm\release\mv_pred.obj
e:\project\openh264\source_wp8\codec\build\windowsphone\dec\welsdeccore\arm\release\mem_align.obj
e:\project\openh264\source_wp8\codec\build\windowsphone\dec\welsdeccore\arm\release\memmgr_nal_unit.obj
e:\project\openh264\source_wp8\codec\build\windowsphone\dec\welsdeccore\arm\release\mc.obj
e:\project\openh264\source_wp8\codec\build\windowsphone\dec\welsdeccore\arm\release\vc110.pdb
e:\project\openh264\source_wp8\bin\arm\release\welsdcore.lib
e:\project\openh264\source_wp8\codec\build\windowsphone\dec\welsdeccore\arm\release\welsdeccore.vcxprojresolveassemblyreference.cache
e:\project\openh264\source_wp8\codec\build\windowsphone\dec\welsdeccore\arm\release\cl.command.1.tlog
e:\project\openh264\source_wp8\codec\build\windowsphone\dec\welsdeccore\arm\release\cl.read.1.tlog
e:\project\openh264\source_wp8\codec\build\windowsphone\dec\welsdeccore\arm\release\cl.write.1.tlog
e:\project\openh264\source_wp8\codec\build\windowsphone\dec\welsdeccore\arm\release\lib-link.read.1.tlog
e:\project\openh264\source_wp8\codec\build\windowsphone\dec\welsdeccore\arm\release\lib-link.write.1.tlog
e:\project\openh264\source_wp8\codec\build\windowsphone\dec\welsdeccore\arm\release\lib.command.1.tlog
e:\project\openh264\source_wp8\codec\build\windowsphone\dec\welsdeccore\..\..\..\..\..\bin\arm\release\welsdcore.lib
