e:\project\openh264\source_wp8\codec\build\windowsphone\all\welsvplip\arm\debug\vaacalcfuncs.obj
e:\project\openh264\source_wp8\codec\build\windowsphone\all\welsvplip\arm\debug\scrolldetectionfuncs.obj
e:\project\openh264\source_wp8\codec\build\windowsphone\all\welsvplip\arm\debug\scrolldetection.obj
e:\project\openh264\source_wp8\codec\build\windowsphone\all\welsvplip\arm\debug\scenechangedetection.obj
e:\project\openh264\source_wp8\codec\build\windowsphone\all\welsvplip\arm\debug\imagerotatefuncs.obj
e:\project\openh264\source_wp8\codec\build\windowsphone\all\welsvplip\arm\debug\imagerotate.obj
e:\project\openh264\source_wp8\codec\build\windowsphone\all\welsvplip\arm\debug\downsamplefuncs.obj
e:\project\openh264\source_wp8\codec\build\windowsphone\all\welsvplip\arm\debug\downsample.obj
e:\project\openh264\source_wp8\codec\build\windowsphone\all\welsvplip\arm\debug\denoise_filter.obj
e:\project\openh264\source_wp8\codec\build\windowsphone\all\welsvplip\arm\debug\denoise.obj
e:\project\openh264\source_wp8\codec\build\windowsphone\all\welsvplip\arm\debug\complexityanalysis.obj
e:\project\openh264\source_wp8\codec\build\windowsphone\all\welsvplip\arm\debug\welsframeworkex.obj
e:\project\openh264\source_wp8\codec\build\windowsphone\all\welsvplip\arm\debug\welsframework.obj
e:\project\openh264\source_wp8\codec\build\windowsphone\all\welsvplip\arm\debug\memory.obj
e:\project\openh264\source_wp8\codec\build\windowsphone\all\welsvplip\arm\debug\backgrounddetection.obj
e:\project\openh264\source_wp8\codec\build\windowsphone\all\welsvplip\arm\debug\adaptivequantization.obj
e:\project\openh264\source_wp8\codec\build\windowsphone\all\welsvplip\arm\debug\welsthreadlib.obj
e:\project\openh264\source_wp8\codec\build\windowsphone\all\welsvplip\arm\debug\sad_common.obj
e:\project\openh264\source_wp8\codec\build\windowsphone\all\welsvplip\arm\debug\intra_pred_common.obj
e:\project\openh264\source_wp8\codec\build\windowsphone\all\welsvplip\arm\debug\cpu.obj
e:\project\openh264\source_wp8\codec\build\windowsphone\all\welsvplip\arm\debug\vaacalculation.obj
e:\project\openh264\source_wp8\codec\build\windowsphone\all\welsvplip\arm\debug\vc110.pdb
e:\project\openh264\source_wp8\bin\arm\debug\welsvp.lib
e:\project\openh264\source_wp8\codec\build\windowsphone\all\welsvplip\arm\debug\cl.command.1.tlog
e:\project\openh264\source_wp8\codec\build\windowsphone\all\welsvplip\arm\debug\cl.read.1.tlog
e:\project\openh264\source_wp8\codec\build\windowsphone\all\welsvplip\arm\debug\cl.write.1.tlog
e:\project\openh264\source_wp8\codec\build\windowsphone\all\welsvplip\arm\debug\lib-link.read.1.tlog
e:\project\openh264\source_wp8\codec\build\windowsphone\all\welsvplip\arm\debug\lib-link.write.1.tlog
e:\project\openh264\source_wp8\codec\build\windowsphone\all\welsvplip\arm\debug\lib.command.1.tlog
