Build started 1/20/2015 3:57:01 PM.
     1>Project "E:\Project\Openh264\Source_WP8\codec\build\windowsphone\enc\WelsEncCore.vcxproj" on node 2 (Build target(s)).
     1>Building with tools version "12.0".
     1>Target "_CheckForInvalidConfigurationAndPlatform" in file "C:\Program Files (x86)\MSBuild\12.0\bin\Microsoft.Common.CurrentVersion.targets" from project "E:\Project\Openh264\Source_WP8\codec\build\windowsphone\enc\WelsEncCore.vcxproj" (entry point):
       Task "Error" skipped, due to false condition; ( '$(_InvalidConfigurationError)' == 'true' ) was evaluated as ( '' == 'true' ).
       Task "Warning" skipped, due to false condition; ( '$(_InvalidConfigurationWarning)' == 'true' ) was evaluated as ( '' == 'true' ).
       Using "Message" task from assembly "Microsoft.Build.Tasks.v12.0, Version=12.0.0.0, Culture=neutral, PublicKeyToken=b03f5f7f11d50a3a".
       Task "Message"
         Configuration=Debug
       Done executing task "Message".
       Task "Message"
         Platform=Win32
       Done executing task "Message".
       Task "Error" skipped, due to false condition; ('$(OutDir)' != '' and !HasTrailingSlash('$(OutDir)')) was evaluated as ('E:\Project\Openh264\Source_WP8\codec\build\windowsphone\all\Debug\WelsEncCore\' != '' and !HasTrailingSlash('E:\Project\Openh264\Source_WP8\codec\build\windowsphone\all\Debug\WelsEncCore\')).
       Task "Error" skipped, due to false condition; ('$(BaseIntermediateOutputPath)' != '' and !HasTrailingSlash('$(BaseIntermediateOutputPath)')) was evaluated as ('obj\' != '' and !HasTrailingSlash('obj\')).
       Task "Error" skipped, due to false condition; ('$(IntermediateOutputPath)' != '' and !HasTrailingSlash('$(IntermediateOutputPath)')) was evaluated as ('Debug\' != '' and !HasTrailingSlash('Debug\')).
     1>Done building target "_CheckForInvalidConfigurationAndPlatform" in project "WelsEncCore.vcxproj".
     1>Target "MSBuild64BitCheck" in file "C:\Program Files (x86)\MSBuild\Microsoft\WindowsPhone\v8.0\Microsoft.Cpp.WindowsPhone.8.0.targets" from project "E:\Project\Openh264\Source_WP8\codec\build\windowsphone\enc\WelsEncCore.vcxproj" (entry point):
       Task "Error" skipped, due to false condition; ('$([System.Environment]::Is64BitProcess)'=='True') was evaluated as ('False'=='True').
     1>Done building target "MSBuild64BitCheck" in project "WelsEncCore.vcxproj".
     1>Target "_PrepareForBuild" in file "C:\Program Files (x86)\MSBuild\Microsoft.Cpp\v4.0\V110\Microsoft.BuildSteps.Targets" from project "E:\Project\Openh264\Source_WP8\codec\build\windowsphone\enc\WelsEncCore.vcxproj" (target "Build" depends on it):
       Task "CreateItem" skipped, due to false condition; ('%(CustomBuild.IncludeFileToTool)'!='') was evaluated as (''!='').
     1>Done building target "_PrepareForBuild" in project "WelsEncCore.vcxproj".
     1>Target "_PrepareForReferenceResolution" in file "C:\Program Files (x86)\MSBuild\Microsoft.Cpp\v4.0\V110\Microsoft.CppBuild.targets" from project "E:\Project\Openh264\Source_WP8\codec\build\windowsphone\enc\WelsEncCore.vcxproj" (target "ResolveReferences" depends on it):
       Task "Message" skipped, due to false condition; ('$(_REFERENCE_DEBUG)'=='true') was evaluated as (''=='true').
     1>Done building target "_PrepareForReferenceResolution" in project "WelsEncCore.vcxproj".
       Target "ComputeCrtSDKReference" skipped, due to false condition; ('@(ClCompile)'!='' and '$(WindowsAppContainer)'=='true' and '$(UseCrtSDKReference)' != 'false') was evaluated as ('..\..\..\common\src\common_tables.cpp;..\..\..\common\src\copy_mb.cpp;..\..\..\common\src\cpu.cpp;..\..\..\common\src\crt_util_safe_x.cpp;..\..\..\common\src\deblocking_common.cpp;..\..\..\common\src\expand_pic.cpp;..\..\..\common\src\intra_pred_common.cpp;..\..\..\common\src\sad_common.cpp;..\..\..\common\src\utils.cpp;..\..\..\common\src\WelsThreadLib.cpp;..\..\..\encoder\core\src\au_set.cpp;..\..\..\encoder\core\src\deblocking.cpp;..\..\..\encoder\core\src\decode_mb_aux.cpp;..\..\..\encoder\core\src\encoder.cpp;..\..\..\encoder\core\src\encoder_data_tables.cpp;..\..\..\encoder\core\src\encoder_ext.cpp;..\..\..\encoder\core\src\encode_mb_aux.cpp;..\..\..\encoder\core\src\get_intra_predictor.cpp;..\..\..\encoder\core\src\mc.cpp;..\..\..\encoder\core\src\md.cpp;..\..\..\encoder\core\src\memory_align.cpp;..\..\..\encoder\core\src\mv_pred.cpp;..\..\..\encoder\core\src\nal_encap.cpp;..\..\..\encoder\core\src\picture_handle.cpp;..\..\..\encoder\core\src\property.cpp;..\..\..\encoder\core\src\ratectl.cpp;..\..\..\encoder\core\src\ref_list_mgr_svc.cpp;..\..\..\encoder\core\src\sample.cpp;..\..\..\encoder\core\src\set_mb_syn_cabac.cpp;..\..\..\encoder\core\src\set_mb_syn_cavlc.cpp;..\..\..\encoder\core\src\slice_multi_threading.cpp;..\..\..\encoder\core\src\svc_base_layer_md.cpp;..\..\..\encoder\core\src\svc_encode_mb.cpp;..\..\..\encoder\core\src\svc_encode_slice.cpp;..\..\..\encoder\core\src\svc_enc_slice_segment.cpp;..\..\..\encoder\core\src\svc_mode_decision.cpp;..\..\..\encoder\core\src\svc_motion_estimate.cpp;..\..\..\encoder\core\src\svc_set_mb_syn_cabac.cpp;..\..\..\encoder\core\src\svc_set_mb_syn_cavlc.cpp;..\..\..\encoder\core\src\wels_preprocess.cpp'!='' and 'false'=='true' and 'false' != 'false').
     1>Target "BeforeResolveReferences" in file "C:\Program Files (x86)\MSBuild\12.0\bin\Microsoft.Common.CurrentVersion.targets" from project "E:\Project\Openh264\Source_WP8\codec\build\windowsphone\enc\WelsEncCore.vcxproj" (target "ResolveReferences" depends on it):
     1>Done building target "BeforeResolveReferences" in project "WelsEncCore.vcxproj".
     1>Target "AssignProjectConfiguration" in file "C:\Program Files (x86)\MSBuild\12.0\bin\Microsoft.Common.CurrentVersion.targets" from project "E:\Project\Openh264\Source_WP8\codec\build\windowsphone\enc\WelsEncCore.vcxproj" (target "ResolveReferences" depends on it):
       Using "AssignProjectConfiguration" task from assembly "Microsoft.Build.Tasks.v12.0, Version=12.0.0.0, Culture=neutral, PublicKeyToken=b03f5f7f11d50a3a".
       Task "AssignProjectConfiguration"
       Done executing task "AssignProjectConfiguration".
     1>Done building target "AssignProjectConfiguration" in project "WelsEncCore.vcxproj".
       Target "AssignProjectConfiguration" skipped. Previously built successfully.
     1>Target "_SplitProjectReferencesByFileExistence" in file "C:\Program Files (x86)\MSBuild\12.0\bin\Microsoft.Common.CurrentVersion.targets" from project "E:\Project\Openh264\Source_WP8\codec\build\windowsphone\enc\WelsEncCore.vcxproj" (target "ResolveProjectReferences" depends on it):
       Task "ResolveNonMSBuildProjectOutput" skipped, due to false condition; ('$(BuildingInsideVisualStudio)'=='true' and '@(ProjectReferenceWithConfiguration)'!='') was evaluated as ('true'=='true' and ''!='').
     1>Done building target "_SplitProjectReferencesByFileExistence" in project "WelsEncCore.vcxproj".
       Target "_RemoveNameMetadataFromProjectReferenceItems" skipped, due to false condition; ('@(ProjectReference)'!='') was evaluated as (''!='').
     1>Target "ResolveProjectReferences" in file "C:\Program Files (x86)\MSBuild\12.0\bin\Microsoft.Common.CurrentVersion.targets" from project "E:\Project\Openh264\Source_WP8\codec\build\windowsphone\enc\WelsEncCore.vcxproj" (target "ResolveReferences" depends on it):
       Task "MSBuild" skipped, due to false condition; ('%(_MSBuildProjectReferenceExistent.BuildReference)' == 'true' and '@(ProjectReferenceWithConfiguration)' != '' and ('$(BuildingInsideVisualStudio)' == 'true' or '$(BuildProjectReferences)' != 'true') and '$(VisualStudioVersion)' != '10.0' and '@(_MSBuildProjectReferenceExistent)' != '') was evaluated as ('' == 'true' and '' != '' and ('true' == 'true' or 'true' != 'true') and '12.0' != '10.0' and '' != '').
       Task "MSBuild" skipped, due to false condition; ('%(_MSBuildProjectReferenceExistent.BuildReference)' == 'true' and '@(ProjectReferenceWithConfiguration)' != '' and ('$(BuildingInsideVisualStudio)' == 'true' or '$(BuildProjectReferences)' != 'true') and '$(VisualStudioVersion)' == '10.0' and '@(_MSBuildProjectReferenceExistent)' != '') was evaluated as ('' == 'true' and '' != '' and ('true' == 'true' or 'true' != 'true') and '12.0' == '10.0' and '' != '').
       Task "MSBuild" skipped, due to false condition; ('%(_MSBuildProjectReferenceExistent.BuildReference)' == 'true' and '@(ProjectReferenceWithConfiguration)' != '' and '$(BuildingInsideVisualStudio)' != 'true' and '$(BuildProjectReferences)' == 'true' and '@(_MSBuildProjectReferenceExistent)' != '') was evaluated as ('' == 'true' and '' != '' and 'true' != 'true' and 'true' == 'true' and '' != '').
       Task "MSBuild" skipped, due to false condition; ('%(_MSBuildProjectReferenceExistent.BuildReference)' == 'true' and '@(ProjectReferenceWithConfiguration)' != '' and '$(BuildingProject)' == 'true' and '@(_MSBuildProjectReferenceExistent)' != '') was evaluated as ('' == 'true' and '' != '' and 'true' == 'true' and '' != '').
       Task "Warning" skipped, due to false condition; ('@(ProjectReferenceWithConfiguration)' != '' and '@(_MSBuildProjectReferenceNonexistent)' != '') was evaluated as ('' != '' and '' != '').
     1>Done building target "ResolveProjectReferences" in project "WelsEncCore.vcxproj".
       Target "FindInvalidProjectReferences" skipped, due to false condition; ('$(FindInvalidProjectReferences)' == 'true') was evaluated as ('' == 'true').
       Target "ResolveNativeReferences" skipped, due to false condition; ('@(NativeReference)'!='') was evaluated as (''!='').
       Target "_PrepareForReferenceResolution" skipped. Previously built successfully.
     1>Target "GetFrameworkPaths" in file "C:\Program Files (x86)\MSBuild\12.0\bin\Microsoft.NetFramework.CurrentVersion.targets" from project "E:\Project\Openh264\Source_WP8\codec\build\windowsphone\enc\WelsEncCore.vcxproj" (target "ResolveAssemblyReferences" depends on it):
     1>Done building target "GetFrameworkPaths" in project "WelsEncCore.vcxproj".
       Target "GetWinFXPath" skipped, due to false condition; (('@(Page)' != '' or '@(ApplicationDefinition)' != '' or '@(Resource)' != '') and ('$(GetWinFXNativePath)' != '' or '$(GetWinFXWoWPath)' != '' )) was evaluated as (('' != '' or '' != '' or '' != '') and ('' != '' or '' != '' )).
     1>Target "GetReferenceAssemblyPaths" in file "C:\Program Files (x86)\MSBuild\12.0\bin\Microsoft.Common.CurrentVersion.targets" from project "E:\Project\Openh264\Source_WP8\codec\build\windowsphone\enc\WelsEncCore.vcxproj" (target "ResolveAssemblyReferences" depends on it):
       Task "GetReferenceAssemblyPaths" skipped, due to false condition; ('$(TargetFrameworkMoniker)' != '' and ('$(_TargetFrameworkDirectories)' == '' or '$(_FullFrameworkReferenceAssemblyPaths)' == '')) was evaluated as ('' != '' and ('C:\Program Files (x86)\Reference Assemblies\Microsoft\Framework\.NETFramework\v4.0' == '' or 'C:\Program Files (x86)\Reference Assemblies\Microsoft\Framework\.NETFramework\v4.0' == '')).
     1>Done building target "GetReferenceAssemblyPaths" in project "WelsEncCore.vcxproj".
     1>Target "SetBuildDefaultEnvironmentVariables" in file "C:\Program Files (x86)\MSBuild\Microsoft.Cpp\v4.0\V120\Microsoft.Cpp.targets" from project "E:\Project\Openh264\Source_WP8\codec\build\windowsphone\enc\WelsEncCore.vcxproj" (target "PrepareForBuild" depends on it):
       Using "SetEnv" task from assembly "C:\Program Files (x86)\MSBuild\Microsoft.Cpp\v4.0\V120\Microsoft.Build.CppTasks.Common.dll".
       Task "SetEnv"
         PATH=C:\Program Files (x86)\Microsoft Visual Studio 11.0\VC\WPSDK\WP80\bin;C:\Program Files (x86)\Windows Phone Kits\8.0\bin\x86;;C:\Program Files (x86)\Microsoft SDKs\Windows\v8.0A\bin\NETFX 4.0 Tools;C:\Program Files (x86)\Windows Kits\8.0\bin\x86;C:\Program Files (x86)\Microsoft Visual Studio 11.0\Common7\Tools\bin;C:\Program Files (x86)\Microsoft Visual Studio 11.0\Common7\tools;C:\Program Files (x86)\Microsoft Visual Studio 11.0\Common7\ide;C:\Program Files (x86)\HTML Help Workshop;C:\Program Files (x86)\MSBuild\12.0\bin\;C:\Program Files (x86)\Microsoft Visual Studio 11.0\;C:\Windows\SysWow64;;C:\Program Files (x86)\Microsoft Visual Studio 12.0\Common7\IDE\CommonExtensions\Microsoft\TeamFoundation\Team Explorer\NativeBinaries/x86;C:\Windows\system32;C:\Windows;C:\Windows\System32\Wbem;C:\Windows\System32\WindowsPowerShell\v1.0\;C:\Program Files (x86)\Windows Kits\8.1\Windows Performance Toolkit\;C:\Program Files\Microsoft SQL Server\110\Tools\Binn\;C:\Program Files (x86)\Microsoft SDKs\TypeScript\1.0\;C:\Program Files\Microsoft SQL Server\120\Tools\Binn\;C:\Program Files\TortoiseSVN\bin;;C:\Windows\Microsoft.NET\Framework\v4.0.30319\;
       Done executing task "SetEnv".
       Task "SetEnv"
         LIB=C:\Program Files (x86)\Microsoft Visual Studio 11.0\VC\WPSDK\WP80\lib;C:\Program Files (x86)\Windows Phone Kits\8.0\lib\x86;;
       Done executing task "SetEnv".
       Task "SetEnv"
         LIBPATH=C:\Program Files (x86)\Microsoft Visual Studio 11.0\VC\WPSDK\WP80\lib
       Done executing task "SetEnv".
       Task "SetEnv"
         INCLUDE=C:\Program Files (x86)\Microsoft Visual Studio 11.0\VC\WPSDK\WP80\include;C:\Program Files (x86)\Windows Phone Kits\8.0\Include;C:\Program Files (x86)\Windows Phone Kits\8.0\Include\abi;C:\Program Files (x86)\Windows Phone Kits\8.0\Include\mincore;C:\Program Files (x86)\Windows Phone Kits\8.0\Include\minwin;C:\Program Files (x86)\Windows Phone Kits\8.0\Include\wrl;;
       Done executing task "SetEnv".
     1>Done building target "SetBuildDefaultEnvironmentVariables" in project "WelsEncCore.vcxproj".
       Target "SetUserMacroEnvironmentVariables" skipped, due to false condition; ('@(BuildMacro)' != '') was evaluated as ('' != '').
     1>Target "GetResolvedWinMD" in file "C:\Program Files (x86)\MSBuild\Microsoft.Cpp\v4.0\V110\Microsoft.CppBuild.targets" from project "E:\Project\Openh264\Source_WP8\codec\build\windowsphone\enc\WelsEncCore.vcxproj" (target "PrepareForBuild" depends on it):
     1>Done building target "GetResolvedWinMD" in project "WelsEncCore.vcxproj".
     1>Target "PlatformPrepareForBuild" in file "C:\Program Files (x86)\MSBuild\Microsoft.Cpp\v4.0\V120\Microsoft.Cpp.Platform.targets" from project "E:\Project\Openh264\Source_WP8\codec\build\windowsphone\enc\WelsEncCore.vcxproj" (target "PrepareForBuild" depends on it):
       Task "VCMessage" skipped, due to false condition; ('$(_Error64bitToolsNotInstalled)' == 'true') was evaluated as ('' == 'true').
       Task "VCMessage" skipped, due to false condition; ('$(ConfigurationPlatformExists)' != 'true') was evaluated as ('true' != 'true').
       Task "VCMessage" skipped, due to false condition; ('$(ToolsetTargetsFound)' != 'true') was evaluated as ('true' != 'true').
     1>Done building target "PlatformPrepareForBuild" in project "WelsEncCore.vcxproj".
       Target "PlatformPrepareForBuild" skipped. Previously built successfully.
       Target "GetFrameworkPaths" skipped. Previously built successfully.
       Target "GetReferenceAssemblyPaths" skipped. Previously built successfully.
       Target "AssignLinkMetadata" skipped, due to false condition; ( '$(SynthesizeLinkMetadata)' == 'true' ) was evaluated as ( '' == 'true' ).
     1>Target "SetCABuildNativeEnvironmentVariables" in file "C:\Program Files (x86)\MSBuild\Microsoft\VisualStudio\v12.0\CodeAnalysis\Microsoft.CodeAnalysis.targets" from project "E:\Project\Openh264\Source_WP8\codec\build\windowsphone\enc\WelsEncCore.vcxproj" (target "PrepareForBuild" depends on it):
       Initializing task factory "CodeTaskFactory" from assembly "C:\Program Files (x86)\MSBuild\12.0\bin\Microsoft.Build.Tasks.v12.0.dll".
       Using "SetEnvironmentVariable" task from the task factory "Code Task Factory".
       Task "SetEnvironmentVariable"
       Done executing task "SetEnvironmentVariable".
     1>Done building target "SetCABuildNativeEnvironmentVariables" in project "WelsEncCore.vcxproj".
     1>Target "PrepareForBuild" in file "C:\Program Files (x86)\MSBuild\Microsoft.Cpp\v4.0\V110\Microsoft.CppBuild.targets" from project "E:\Project\Openh264\Source_WP8\codec\build\windowsphone\enc\WelsEncCore.vcxproj" (target "ResolveAssemblyReferences" depends on it):
       Task "VCMessage" skipped, due to false condition; ('$(DesignTimeBuild)'!='true' and '$(ConfigurationPlatformExists)' != 'true') was evaluated as (''!='true' and 'true' != 'true').
       Using "MakeDir" task from assembly "Microsoft.Build.Tasks.v12.0, Version=12.0.0.0, Culture=neutral, PublicKeyToken=b03f5f7f11d50a3a".
       Task "MakeDir"
       Done executing task "MakeDir".
       Task "VCMessage" skipped, due to false condition; ('$(DesignTimeBuild)'!='true' and '$(WindowsAppContainer)'=='true' and '$(ConfigurationType)'!='Application' and '$(ConfigurationType)'!='DynamicLibrary' and '$(ConfigurationType)'!='StaticLibrary') was evaluated as (''!='true' and 'false'=='true' and 'StaticLibrary'!='Application' and 'StaticLibrary'!='DynamicLibrary' and 'StaticLibrary'!='StaticLibrary').
       Task "VCMessage" skipped, due to false condition; ('$(DesignTimeBuild)'!='true' and '$(VCInstallDir)'=='' and '$(UseEnv)' != 'true' and ($(TargetFrameworkVersion)=='v3.5' or $(TargetFrameworkVersion)=='v3.0' or $(TargetFrameworkVersion)=='v2.0' )) was evaluated as (''!='true' and 'C:\Program Files (x86)\Microsoft Visual Studio 11.0\VC\'=='' and '' != 'true' and (v4.0=='v3.5' or v4.0=='v3.0' or v4.0=='v2.0' )).
       Task "VCMessage" skipped, due to false condition; ('$(DesignTimeBuild)'!='true' and '$(VCInstallDir)'=='' and '$(UseEnv)' != 'true' and '$(PlatformToolset)'=='v90') was evaluated as (''!='true' and 'C:\Program Files (x86)\Microsoft Visual Studio 11.0\VC\'=='' and '' != 'true' and 'v110_wp80'=='v90').
       Task "VCMessage" skipped, due to false condition; ('$(VCInstallDir)'=='' and '$(UseEnv)' != 'true') was evaluated as ('C:\Program Files (x86)\Microsoft Visual Studio 11.0\VC\'=='' and '' != 'true').
       Task "VCMessage" skipped, due to false condition; ('$(WindowsSDKDir)'=='' and '$(UseEnv)' != 'true') was evaluated as ('C:\Program Files (x86)\Windows Phone Kits\8.0\'=='' and '' != 'true').
       Task "VCMessage" skipped, due to false condition; ('$(IntDirTrailingSlashWarning)'=='true') was evaluated as (''=='true').
       Task "VCMessage" skipped, due to false condition; ('$(OutDirTrailingSlashWarning)'=='true') was evaluated as (''=='true').
       Task "VCMessage" skipped, due to false condition; ('%(CompatibilityIssues.Identity)' != '' and '$(DesignTimeBuild)'!='true') was evaluated as ('' != '' and ''!='true').
       Task "MakeDir"
       Done executing task "MakeDir".
     1>Done building target "PrepareForBuild" in project "WelsEncCore.vcxproj".
       Target "_PrepareForReferenceResolution" skipped. Previously built successfully.
       Target "ComputeCrtSDKReference" skipped, due to false condition; ('@(ClCompile)'!='' and '$(WindowsAppContainer)'=='true' and '$(UseCrtSDKReference)' != 'false') was evaluated as ('..\..\..\common\src\common_tables.cpp;..\..\..\common\src\copy_mb.cpp;..\..\..\common\src\cpu.cpp;..\..\..\common\src\crt_util_safe_x.cpp;..\..\..\common\src\deblocking_common.cpp;..\..\..\common\src\expand_pic.cpp;..\..\..\common\src\intra_pred_common.cpp;..\..\..\common\src\sad_common.cpp;..\..\..\common\src\utils.cpp;..\..\..\common\src\WelsThreadLib.cpp;..\..\..\encoder\core\src\au_set.cpp;..\..\..\encoder\core\src\deblocking.cpp;..\..\..\encoder\core\src\decode_mb_aux.cpp;..\..\..\encoder\core\src\encoder.cpp;..\..\..\encoder\core\src\encoder_data_tables.cpp;..\..\..\encoder\core\src\encoder_ext.cpp;..\..\..\encoder\core\src\encode_mb_aux.cpp;..\..\..\encoder\core\src\get_intra_predictor.cpp;..\..\..\encoder\core\src\mc.cpp;..\..\..\encoder\core\src\md.cpp;..\..\..\encoder\core\src\memory_align.cpp;..\..\..\encoder\core\src\mv_pred.cpp;..\..\..\encoder\core\src\nal_encap.cpp;..\..\..\encoder\core\src\picture_handle.cpp;..\..\..\encoder\core\src\property.cpp;..\..\..\encoder\core\src\ratectl.cpp;..\..\..\encoder\core\src\ref_list_mgr_svc.cpp;..\..\..\encoder\core\src\sample.cpp;..\..\..\encoder\core\src\set_mb_syn_cabac.cpp;..\..\..\encoder\core\src\set_mb_syn_cavlc.cpp;..\..\..\encoder\core\src\slice_multi_threading.cpp;..\..\..\encoder\core\src\svc_base_layer_md.cpp;..\..\..\encoder\core\src\svc_encode_mb.cpp;..\..\..\encoder\core\src\svc_encode_slice.cpp;..\..\..\encoder\core\src\svc_enc_slice_segment.cpp;..\..\..\encoder\core\src\svc_mode_decision.cpp;..\..\..\encoder\core\src\svc_motion_estimate.cpp;..\..\..\encoder\core\src\svc_set_mb_syn_cabac.cpp;..\..\..\encoder\core\src\svc_set_mb_syn_cavlc.cpp;..\..\..\encoder\core\src\wels_preprocess.cpp'!='' and 'false'=='true' and 'false' != 'false').
     1>Target "GetInstalledSDKLocations" in file "C:\Program Files (x86)\MSBuild\12.0\bin\Microsoft.Common.CurrentVersion.targets" from project "E:\Project\Openh264\Source_WP8\codec\build\windowsphone\enc\WelsEncCore.vcxproj" (target "ResolveSDKReferences" depends on it):
       Task "GetInstalledSDKLocations" skipped, due to false condition; ('@(SDKReference)' != '') was evaluated as ('' != '').
     1>Done building target "GetInstalledSDKLocations" in project "WelsEncCore.vcxproj".
     1>Target "ResolveSDKReferences" in file "C:\Program Files (x86)\MSBuild\12.0\bin\Microsoft.Common.CurrentVersion.targets" from project "E:\Project\Openh264\Source_WP8\codec\build\windowsphone\enc\WelsEncCore.vcxproj" (target "ResolveAssemblyReferences" depends on it):
       Task "ResolveSDKReference" skipped, due to false condition; ('@(SDKReference)'!='') was evaluated as (''!='').
     1>Done building target "ResolveSDKReferences" in project "WelsEncCore.vcxproj".
       Target "ResolveSDKReferences" skipped. Previously built successfully.
     1>Target "ExpandSDKReferences" in file "C:\Program Files (x86)\MSBuild\12.0\bin\Microsoft.Common.CurrentVersion.targets" from project "E:\Project\Openh264\Source_WP8\codec\build\windowsphone\enc\WelsEncCore.vcxproj" (target "ResolveAssemblyReferences" depends on it):
       Task "GetSDKReferenceFiles" skipped, due to false condition; ('@(ResolvedSDKReference)'!='') was evaluated as (''!='').
     1>Done building target "ExpandSDKReferences" in project "WelsEncCore.vcxproj".
     1>Target "ResolveAssemblyReferences" in file "C:\Program Files (x86)\MSBuild\12.0\bin\Microsoft.Common.CurrentVersion.targets" from project "E:\Project\Openh264\Source_WP8\codec\build\windowsphone\enc\WelsEncCore.vcxproj" (target "ResolveReferences" depends on it):
       Using "ResolveAssemblyReference" task from assembly "Microsoft.Build.Tasks.v12.0, Version=12.0.0.0, Culture=neutral, PublicKeyToken=b03f5f7f11d50a3a".
       Task "ResolveAssemblyReference"
         TargetFrameworkMoniker:
             
         TargetFrameworkMonikerDisplayName:
             .NET Framework 4
         TargetedRuntimeVersion:
             v4.0.30319
         Assemblies:
             Windows
             platform.winmd
                 Private = 'false'
         AssemblyFiles:
         CandidateAssemblyFiles:
         TargetFrameworkDirectories:
             C:\Program Files (x86)\Reference Assemblies\Microsoft\Framework\.NETFramework\v4.0,C:\Program Files (x86)\Windows Phone Kits\8.0\Windows Metadata
         InstalledAssemblyTables:
         IgnoreInstalledAssemblyTable:
             False
         SearchPaths:
             {CandidateAssemblyFiles}
             C:\Program Files (x86)\Microsoft Visual Studio 11.0\VC\WPSDK\WP80\lib
             {HintPathFromItem}
             {TargetFrameworkDirectory}
             {Registry:Software\Microsoft\.NETFramework,v4.0,AssemblyFoldersEx}
             {AssemblyFolders}
             {GAC}
             {RawFileName}
             E:\Project\Openh264\Source_WP8\codec\build\windowsphone\all\Debug\WelsEncCore\
         AllowedAssemblyExtensions:
             .winmd
             .dll
             .exe
         AllowedRelatedFileExtensions:
             .pdb
             .xml
             .pri
         AppConfigFile:
             
         AutoUnify:
             True
         CopyLocalDependenciesWhenParentReferenceInGac:
             True
         FindDependencies:
             False
         TargetProcessorArchitecture:
             x86
         StateFile:
             Debug\WelsEncCore.vcxprojResolveAssemblyReference.cache
         InstalledAssemblySubsetTables:
         IgnoreInstalledAssemblySubsetTable:
             False
         TargetFrameworkSubsets:
         FullTargetFrameworkSubsetNames:
             Full
         ProfileName:
             
         FullFrameworkFolders:
             C:\Program Files (x86)\Reference Assemblies\Microsoft\Framework\.NETFramework\v4.0
         LatestTargetFrameworkDirectories:
         ProfileTablesLocation:
         Primary reference "Windows, Version=255.255.255.255, Culture=neutral, PublicKeyToken=null, ContentType=WindowsRuntime".
             Resolved file path is "C:\Program Files (x86)\Windows Phone Kits\8.0\Windows Metadata\Windows.winmd".
             Reference found at search path location "{TargetFrameworkDirectory}".
                 For SearchPath "C:\Program Files (x86)\Microsoft Visual Studio 11.0\VC\WPSDK\WP80\lib".
                 Considered "C:\Program Files (x86)\Microsoft Visual Studio 11.0\VC\WPSDK\WP80\lib\Windows.winmd", but it didn't exist.
                 Considered "C:\Program Files (x86)\Microsoft Visual Studio 11.0\VC\WPSDK\WP80\lib\Windows.dll", but it didn't exist.
                 Considered "C:\Program Files (x86)\Microsoft Visual Studio 11.0\VC\WPSDK\WP80\lib\Windows.exe", but it didn't exist.
                 For SearchPath "{TargetFrameworkDirectory}".
                 Considered "C:\Program Files (x86)\Reference Assemblies\Microsoft\Framework\.NETFramework\v4.0\Windows.winmd", but it didn't exist.
                 Considered "C:\Program Files (x86)\Reference Assemblies\Microsoft\Framework\.NETFramework\v4.0\Windows.dll", but it didn't exist.
                 Considered "C:\Program Files (x86)\Reference Assemblies\Microsoft\Framework\.NETFramework\v4.0\Windows.exe", but it didn't exist.
             This reference is not "CopyLocal" because it's in a Frameworks directory.
             The ImageRuntimeVersion for this reference is "WindowsRuntime 1.2".
             This reference is a WinMDFile.
         Primary reference "platform, Version=255.255.255.255, Culture=neutral, PublicKeyToken=null, ContentType=WindowsRuntime".
             Resolved file path is "C:\Program Files (x86)\Microsoft Visual Studio 11.0\VC\WPSDK\WP80\lib\platform.winmd".
             Reference found at search path location "C:\Program Files (x86)\Microsoft Visual Studio 11.0\VC\WPSDK\WP80\lib".
                 For SearchPath "C:\Program Files (x86)\Microsoft Visual Studio 11.0\VC\WPSDK\WP80\lib".
                 Considered "C:\Program Files (x86)\Microsoft Visual Studio 11.0\VC\WPSDK\WP80\lib\platform.winmd.winmd", but it didn't exist.
                 Considered "C:\Program Files (x86)\Microsoft Visual Studio 11.0\VC\WPSDK\WP80\lib\platform.winmd.dll", but it didn't exist.
                 Considered "C:\Program Files (x86)\Microsoft Visual Studio 11.0\VC\WPSDK\WP80\lib\platform.winmd.exe", but it didn't exist.
             This reference is not "CopyLocal" because at least one source item had "Private" set to "false" and no source items had "Private" set to "true".
             The ImageRuntimeVersion for this reference is "WindowsRuntime 1.2;Native code 1.2".
             This reference is a WinMDFile.
       Done executing task "ResolveAssemblyReference".
     1>Done building target "ResolveAssemblyReferences" in project "WelsEncCore.vcxproj".
       Target "GenerateBindingRedirects" skipped, due to false condition; ('$(AutoGenerateBindingRedirects)' == 'true' and '$(GenerateBindingRedirectsOutputType)' == 'true') was evaluated as ('' == 'true' and '' == 'true').
       Target "GenerateBindingRedirectsUpdateAppConfig" skipped, due to false condition; ('$(AutoGenerateBindingRedirects)' == 'true' and '$(GenerateBindingRedirectsOutputType)' == 'true' and Exists('$(_GenerateBindingRedirectsIntermediateAppConfig)')) was evaluated as ('' == 'true' and '' == 'true' and Exists('Debug\WelsEncCore.vcxproj.WelsEncCore.lib.config')).
       Target "ResolveComReferences" skipped, due to false condition; ('@(COMReference)'!='' or '@(COMFileReference)'!='') was evaluated as (''!='' or ''!='').
     1>Target "AfterResolveReferences" in file "C:\Program Files (x86)\MSBuild\12.0\bin\Microsoft.Common.CurrentVersion.targets" from project "E:\Project\Openh264\Source_WP8\codec\build\windowsphone\enc\WelsEncCore.vcxproj" (target "ResolveReferences" depends on it):
     1>Done building target "AfterResolveReferences" in project "WelsEncCore.vcxproj".
       Target "ImplicitlyExpandDesignTimeFacades" skipped, due to false condition; ('$(ImplicitlyExpandDesignTimeFacades)' == 'true') was evaluated as ('' == 'true').
       Target "ResolveTestReferences" skipped, due to false condition; ('@(Shadow)'!='') was evaluated as (''!='').
     1>Target "ResolveReferences" in file "C:\Program Files (x86)\MSBuild\12.0\bin\Microsoft.Common.CurrentVersion.targets" from project "E:\Project\Openh264\Source_WP8\codec\build\windowsphone\enc\WelsEncCore.vcxproj" (target "Build" depends on it):
     1>Done building target "ResolveReferences" in project "WelsEncCore.vcxproj".
       Target "PrepareForBuild" skipped. Previously built successfully.
       Target "PrepareForBuild" skipped. Previously built successfully.
     1>Target "InitializeBuildStatus" in file "C:\Program Files (x86)\MSBuild\Microsoft.Cpp\v4.0\V110\Microsoft.CppBuild.targets" from project "E:\Project\Openh264\Source_WP8\codec\build\windowsphone\enc\WelsEncCore.vcxproj" (target "Build" depends on it):
       Using "ReadLinesFromFile" task from assembly "Microsoft.Build.Tasks.v12.0, Version=12.0.0.0, Culture=neutral, PublicKeyToken=b03f5f7f11d50a3a".
       Task "ReadLinesFromFile"
       Done executing task "ReadLinesFromFile".
       Using "WriteLinesToFile" task from assembly "Microsoft.Build.Tasks.v12.0, Version=12.0.0.0, Culture=neutral, PublicKeyToken=b03f5f7f11d50a3a".
       Task "WriteLinesToFile"
       Done executing task "WriteLinesToFile".
       Using "Touch" task from assembly "Microsoft.Build.Tasks.v12.0, Version=12.0.0.0, Culture=neutral, PublicKeyToken=b03f5f7f11d50a3a".
       Task "Touch"
         Touching "Debug\WelsEncCore.unsuccessfulbuild".
       Done executing task "Touch".
     1>Done building target "InitializeBuildStatus" in project "WelsEncCore.vcxproj".
       Target "AssignProjectConfiguration" skipped. Previously built successfully.
       Target "_SplitProjectReferencesByFileExistence" skipped. Previously built successfully.
     1>Target "BuildGenerateSourcesTraverse" in file "C:\Program Files (x86)\MSBuild\12.0\bin\Microsoft.Common.CurrentVersion.targets" from project "E:\Project\Openh264\Source_WP8\codec\build\windowsphone\enc\WelsEncCore.vcxproj" (target "BuildGenerateSources" depends on it):
       Task "MSBuild" skipped, due to false condition; ('$(BuildPassReferences)' == 'true' and '@(ProjectReferenceWithConfiguration)' != '' and '@(_MSBuildProjectReferenceExistent)' != '' and '%(_MSBuildProjectReferenceExistent.BuildReference)' == 'true') was evaluated as ('' == 'true' and '' != '' and '' != '' and '' == 'true').
     1>Done building target "BuildGenerateSourcesTraverse" in project "WelsEncCore.vcxproj".
       Target "PrepareForBuild" skipped. Previously built successfully.
       Target "ResolveReferences" skipped. Previously built successfully.
     1>Target "BeforeBuildGenerateSources" in file "C:\Program Files (x86)\MSBuild\Microsoft.Cpp\v4.0\V110\Microsoft.BuildSteps.Targets" from project "E:\Project\Openh264\Source_WP8\codec\build\windowsphone\enc\WelsEncCore.vcxproj" (target "_BuildGenerateSourcesAction" depends on it):
     1>Done building target "BeforeBuildGenerateSources" in project "WelsEncCore.vcxproj".
     1>Target "PreBuildEvent" in file "C:\Program Files (x86)\MSBuild\Microsoft.Cpp\v4.0\V110\Microsoft.CppCommon.targets" from project "E:\Project\Openh264\Source_WP8\codec\build\windowsphone\enc\WelsEncCore.vcxproj" (target "_BuildGenerateSourcesAction" depends on it):
       Task "Message" skipped, due to false condition; ('%(PreBuildEvent.Message)' != '' and '%(PreBuildEvent.Command)' != '') was evaluated as ('' != '' and '' != '').
       Task "Exec" skipped, due to false condition; ('%(PreBuildEvent.Command)' != '') was evaluated as ('' != '').
     1>Done building target "PreBuildEvent" in project "WelsEncCore.vcxproj".
       Target "CustomBuild" skipped, due to false condition; ('@(CustomBuild)' != '') was evaluated as ('' != '').
       Target "FxCompile" skipped, due to false condition; ('@(FxCompile)' != '') was evaluated as ('' != '').
       Target "Xsd" skipped, due to false condition; ('@(Xsd)' != '') was evaluated as ('' != '').
     1>Target "_Xsd" in file "C:\Program Files (x86)\MSBuild\Microsoft.Cpp\v4.0\V110\Microsoft.CppBuild.targets" from project "E:\Project\Openh264\Source_WP8\codec\build\windowsphone\enc\WelsEncCore.vcxproj" (target "_BuildGenerateSourcesAction" depends on it):
     1>Done building target "_Xsd" in project "WelsEncCore.vcxproj".
     1>Target "MakeDirsForMidl" in file "C:\Program Files (x86)\MSBuild\Microsoft.Cpp\v4.0\V110\Microsoft.CppBuild.targets" from project "E:\Project\Openh264\Source_WP8\codec\build\windowsphone\enc\WelsEncCore.vcxproj" (target "_Midl" depends on it):
       Task "Makedir"
       Done executing task "Makedir".
     1>Done building target "MakeDirsForMidl" in project "WelsEncCore.vcxproj".
       Target "Midl" skipped, due to false condition; ('@(Midl)' != '') was evaluated as ('' != '').
       Target "CustomBuild" skipped, due to false condition; ('@(CustomBuild)' != '') was evaluated as ('' != '').
       Target "FxCompile" skipped, due to false condition; ('@(FxCompile)' != '') was evaluated as ('' != '').
     1>Target "ComputeMIDLGeneratedCompileInputs" in file "C:\Program Files (x86)\MSBuild\Microsoft.Cpp\v4.0\V110\Microsoft.CppBuild.targets" from project "E:\Project\Openh264\Source_WP8\codec\build\windowsphone\enc\WelsEncCore.vcxproj" (target "_Midl" depends on it):
     1>Done building target "ComputeMIDLGeneratedCompileInputs" in project "WelsEncCore.vcxproj".
     1>Target "AfterMidl" in file "C:\Program Files (x86)\MSBuild\Microsoft.Cpp\v4.0\V110\Microsoft.CppBuild.targets" from project "E:\Project\Openh264\Source_WP8\codec\build\windowsphone\enc\WelsEncCore.vcxproj" (target "_Midl" depends on it):
     1>Done building target "AfterMidl" in project "WelsEncCore.vcxproj".
     1>Target "_Midl" in file "C:\Program Files (x86)\MSBuild\Microsoft.Cpp\v4.0\V110\Microsoft.CppBuild.targets" from project "E:\Project\Openh264\Source_WP8\codec\build\windowsphone\enc\WelsEncCore.vcxproj" (target "_BuildGenerateSourcesAction" depends on it):
     1>Done building target "_Midl" in project "WelsEncCore.vcxproj".
     1>Target "AfterBuildGenerateSources" in file "C:\Program Files (x86)\MSBuild\Microsoft.Cpp\v4.0\V110\Microsoft.BuildSteps.Targets" from project "E:\Project\Openh264\Source_WP8\codec\build\windowsphone\enc\WelsEncCore.vcxproj" (target "_BuildGenerateSourcesAction" depends on it):
     1>Done building target "AfterBuildGenerateSources" in project "WelsEncCore.vcxproj".
     1>Target "AfterBuildGenerateSourcesEvent" in file "C:\Program Files (x86)\MSBuild\Microsoft.Cpp\v4.0\V110\Microsoft.CppBuild.targets" from project "E:\Project\Openh264\Source_WP8\codec\build\windowsphone\enc\WelsEncCore.vcxproj" (target "_BuildGenerateSourcesAction" depends on it):
     1>Done building target "AfterBuildGenerateSourcesEvent" in project "WelsEncCore.vcxproj".
     1>Target "_BuildGenerateSourcesAction" in file "C:\Program Files (x86)\MSBuild\Microsoft.Cpp\v4.0\V110\Microsoft.CppBuild.targets" from project "E:\Project\Openh264\Source_WP8\codec\build\windowsphone\enc\WelsEncCore.vcxproj" (target "BuildGenerateSources" depends on it):
     1>Done building target "_BuildGenerateSourcesAction" in project "WelsEncCore.vcxproj".
     1>Target "BuildGenerateSources" in file "C:\Program Files (x86)\MSBuild\12.0\bin\Microsoft.Common.CurrentVersion.targets" from project "E:\Project\Openh264\Source_WP8\codec\build\windowsphone\enc\WelsEncCore.vcxproj" (target "Build" depends on it):
     1>Done building target "BuildGenerateSources" in project "WelsEncCore.vcxproj".
       Target "AssignProjectConfiguration" skipped. Previously built successfully.
       Target "_SplitProjectReferencesByFileExistence" skipped. Previously built successfully.
     1>Target "BuildCompileTraverse" in file "C:\Program Files (x86)\MSBuild\12.0\bin\Microsoft.Common.CurrentVersion.targets" from project "E:\Project\Openh264\Source_WP8\codec\build\windowsphone\enc\WelsEncCore.vcxproj" (target "BuildCompile" depends on it):
       Task "MSBuild" skipped, due to false condition; ('$(BuildPassReferences)' == 'true' and '@(ProjectReferenceWithConfiguration)' != '' and '@(_MSBuildProjectReferenceExistent)' != ''  and '%(_MSBuildProjectReferenceExistent.BuildReference)' == 'true') was evaluated as ('' == 'true' and '' != '' and '' != ''  and '' == 'true').
     1>Done building target "BuildCompileTraverse" in project "WelsEncCore.vcxproj".
       Target "PrepareForBuild" skipped. Previously built successfully.
       Target "ResolveReferences" skipped. Previously built successfully.
     1>Target "BeforeClCompile" in file "C:\Program Files (x86)\MSBuild\Microsoft.Cpp\v4.0\V110\Microsoft.CppBuild.targets" from project "E:\Project\Openh264\Source_WP8\codec\build\windowsphone\enc\WelsEncCore.vcxproj" (target "_ClCompile" depends on it):
     1>Done building target "BeforeClCompile" in project "WelsEncCore.vcxproj".
       Target "ComputeMIDLGeneratedCompileInputs" skipped. Previously built successfully.
     1>Target "ComputeCLInputPDBName" in file "C:\Program Files (x86)\MSBuild\Microsoft.Cpp\v4.0\V110\Microsoft.CppBuild.targets" from project "E:\Project\Openh264\Source_WP8\codec\build\windowsphone\enc\WelsEncCore.vcxproj" (target "_ClCompile" depends on it):
     1>Done building target "ComputeCLInputPDBName" in project "WelsEncCore.vcxproj".
       Target "ResolveReferences" skipped. Previously built successfully.
     1>Target "ComputeReferenceCLInput" in file "C:\Program Files (x86)\MSBuild\Microsoft.Cpp\v4.0\V110\Microsoft.CppBuild.targets" from project "E:\Project\Openh264\Source_WP8\codec\build\windowsphone\enc\WelsEncCore.vcxproj" (target "_ClCompile" depends on it):
       Task "WriteLinesToFile" skipped, due to false condition; (('@(_ReferenceCopyLocalPaths)'!='') and '$(DesignTimeBuild)' != 'true') was evaluated as ((''!='') and '' != 'true').
       Task "Message" skipped, due to false condition; ('$(_REFERENCE_DEBUG)'=='true') was evaluated as (''=='true').
     1>Done building target "ComputeReferenceCLInput" in project "WelsEncCore.vcxproj".
     1>Target "MakeDirsForCl" in file "C:\Program Files (x86)\MSBuild\Microsoft.Cpp\v4.0\V110\Microsoft.CppBuild.targets" from project "E:\Project\Openh264\Source_WP8\codec\build\windowsphone\enc\WelsEncCore.vcxproj" (target "_ClCompile" depends on it):
       Task "MakeDir"
       Done executing task "MakeDir".
     1>Done building target "MakeDirsForCl" in project "WelsEncCore.vcxproj".
       Target "PrepareForBuild" skipped. Previously built successfully.
       Target "SetBuildDefaultEnvironmentVariables" skipped. Previously built successfully.
       Target "SetUserMacroEnvironmentVariables" skipped, due to false condition; ('@(BuildMacro)' != '') was evaluated as ('' != '').
     1>Target "_SelectedFiles" in file "C:\Program Files (x86)\MSBuild\Microsoft.Cpp\v4.0\V110\Microsoft.CppBuild.targets" from project "E:\Project\Openh264\Source_WP8\codec\build\windowsphone\enc\WelsEncCore.vcxproj" (target "SelectClCompile" depends on it):
     1>Done building target "_SelectedFiles" in project "WelsEncCore.vcxproj".
       Target "ComputeMIDLGeneratedCompileInputs" skipped. Previously built successfully.
       Target "ComputeCLInputPDBName" skipped. Previously built successfully.
       Target "ComputeReferenceCLInput" skipped. Previously built successfully.
       Target "_SelectedFiles" skipped. Previously built successfully.
     1>Target "SelectCustomBuild" in file "C:\Program Files (x86)\MSBuild\Microsoft.Cpp\v4.0\V110\Microsoft.CppBuild.targets" from project "E:\Project\Openh264\Source_WP8\codec\build\windowsphone\enc\WelsEncCore.vcxproj" (target "SelectClCompile" depends on it):
     1>Done building target "SelectCustomBuild" in project "WelsEncCore.vcxproj".
     1>Target "SelectClCompile" in file "C:\Program Files (x86)\MSBuild\Microsoft.Cpp\v4.0\V110\Microsoft.CppBuild.targets" from project "E:\Project\Openh264\Source_WP8\codec\build\windowsphone\enc\WelsEncCore.vcxproj" (target "ClCompile" depends on it):
     1>Done building target "SelectClCompile" in project "WelsEncCore.vcxproj".
       Target "GenerateTargetFrameworkMonikerAttribute" skipped, due to false condition; ('$(GenerateTargetFrameworkAttribute)' == 'true') was evaluated as ('false' == 'true').
       Target "ManagedIncrementalBuildPreProcessDependencyGraph" skipped, due to false condition; ('@(ClCompile)' != '' and '$(EnableManagedIncrementalBuild)' == 'True') was evaluated as ('..\..\..\common\src\common_tables.cpp;..\..\..\common\src\copy_mb.cpp;..\..\..\common\src\cpu.cpp;..\..\..\common\src\crt_util_safe_x.cpp;..\..\..\common\src\deblocking_common.cpp;..\..\..\common\src\expand_pic.cpp;..\..\..\common\src\intra_pred_common.cpp;..\..\..\common\src\sad_common.cpp;..\..\..\common\src\utils.cpp;..\..\..\common\src\WelsThreadLib.cpp;..\..\..\encoder\core\src\au_set.cpp;..\..\..\encoder\core\src\deblocking.cpp;..\..\..\encoder\core\src\decode_mb_aux.cpp;..\..\..\encoder\core\src\encoder.cpp;..\..\..\encoder\core\src\encoder_data_tables.cpp;..\..\..\encoder\core\src\encoder_ext.cpp;..\..\..\encoder\core\src\encode_mb_aux.cpp;..\..\..\encoder\core\src\get_intra_predictor.cpp;..\..\..\encoder\core\src\mc.cpp;..\..\..\encoder\core\src\md.cpp;..\..\..\encoder\core\src\memory_align.cpp;..\..\..\encoder\core\src\mv_pred.cpp;..\..\..\encoder\core\src\nal_encap.cpp;..\..\..\encoder\core\src\picture_handle.cpp;..\..\..\encoder\core\src\property.cpp;..\..\..\encoder\core\src\ratectl.cpp;..\..\..\encoder\core\src\ref_list_mgr_svc.cpp;..\..\..\encoder\core\src\sample.cpp;..\..\..\encoder\core\src\set_mb_syn_cabac.cpp;..\..\..\encoder\core\src\set_mb_syn_cavlc.cpp;..\..\..\encoder\core\src\slice_multi_threading.cpp;..\..\..\encoder\core\src\svc_base_layer_md.cpp;..\..\..\encoder\core\src\svc_encode_mb.cpp;..\..\..\encoder\core\src\svc_encode_slice.cpp;..\..\..\encoder\core\src\svc_enc_slice_segment.cpp;..\..\..\encoder\core\src\svc_mode_decision.cpp;..\..\..\encoder\core\src\svc_motion_estimate.cpp;..\..\..\encoder\core\src\svc_set_mb_syn_cabac.cpp;..\..\..\encoder\core\src\svc_set_mb_syn_cavlc.cpp;..\..\..\encoder\core\src\wels_preprocess.cpp' != '' and 'false' == 'True').
     1>Target "ClCompile" in file "C:\Program Files (x86)\MSBuild\Microsoft.Cpp\v4.0\V110\Microsoft.CppCommon.targets" from project "E:\Project\Openh264\Source_WP8\codec\build\windowsphone\enc\WelsEncCore.vcxproj" (target "_ClCompile" depends on it):
       Task "Delete" skipped, due to false condition; ('%(ClCompile.DebugInformationFormat)' != '' and '%(ClCompile.DebugInformationFormat)' != 'OldStyle' and '%(ClCompile.ProgramDataBaseFileName)' != '' and !Exists(%(ClCompile.ProgramDataBaseFileName))) was evaluated as ('EditAndContinue' != '' and 'EditAndContinue' != 'OldStyle' and 'Debug\vc110.pdb' != '' and !Exists(Debug\vc110.pdb)).
       Task "CL" skipped, due to false condition; ('%(ClCompile.PrecompiledHeader)' == 'Create' and '%(ClCompile.ExcludedFromBuild)'!='true' and '%(ClCompile.CompilerIteration)' == '') was evaluated as ('Use' == 'Create' and ''!='true' and '' == '').
       Using "CL" task from assembly "Microsoft.Build.CppTasks.Common.v110, Version=4.0.0.0, Culture=neutral, PublicKeyToken=b03f5f7f11d50a3a".
       Task "CL"
         Read Tracking Logs:
         	Debug\cl.read.1.tlog
         	Debug\CL.4916.read.1.tlog
         	Debug\CL.6568.read.1.tlog
         	Debug\CL.8272.read.1.tlog
         Outputs for E:\PROJECT\OPENH264\SOURCE_WP8\CODEC\COMMON\SRC\COMMON_TABLES.CPP|E:\PROJECT\OPENH264\SOURCE_WP8\CODEC\COMMON\SRC\COPY_MB.CPP|E:\PROJECT\OPENH264\SOURCE_WP8\CODEC\COMMON\SRC\CPU.CPP|E:\PROJECT\OPENH264\SOURCE_WP8\CODEC\COMMON\SRC\CRT_UTIL_SAFE_X.CPP|E:\PROJECT\OPENH264\SOURCE_WP8\CODEC\COMMON\SRC\DEBLOCKING_COMMON.CPP|E:\PROJECT\OPENH264\SOURCE_WP8\CODEC\COMMON\SRC\EXPAND_PIC.CPP|E:\PROJECT\OPENH264\SOURCE_WP8\CODEC\COMMON\SRC\INTRA_PRED_COMMON.CPP|E:\PROJECT\OPENH264\SOURCE_WP8\CODEC\COMMON\SRC\SAD_COMMON.CPP|E:\PROJECT\OPENH264\SOURCE_WP8\CODEC\COMMON\SRC\UTILS.CPP|E:\PROJECT\OPENH264\SOURCE_WP8\CODEC\COMMON\SRC\WELSTHREADLIB.CPP|E:\PROJECT\OPENH264\SOURCE_WP8\CODEC\ENCODER\CORE\SRC\AU_SET.CPP|E:\PROJECT\OPENH264\SOURCE_WP8\CODEC\ENCODER\CORE\SRC\DEBLOCKING.CPP|E:\PROJECT\OPENH264\SOURCE_WP8\CODEC\ENCODER\CORE\SRC\DECODE_MB_AUX.CPP|E:\PROJECT\OPENH264\SOURCE_WP8\CODEC\ENCODER\CORE\SRC\ENCODER.CPP|E:\PROJECT\OPENH264\SOURCE_WP8\CODEC\ENCODER\CORE\SRC\ENCODER_DATA_TABLES.CPP|E:\PROJECT\OPENH264\SOURCE_WP8\CODEC\ENCODER\CORE\SRC\ENCODER_EXT.CPP|E:\PROJECT\OPENH264\SOURCE_WP8\CODEC\ENCODER\CORE\SRC\ENCODE_MB_AUX.CPP|E:\PROJECT\OPENH264\SOURCE_WP8\CODEC\ENCODER\CORE\SRC\GET_INTRA_PREDICTOR.CPP|E:\PROJECT\OPENH264\SOURCE_WP8\CODEC\ENCODER\CORE\SRC\MC.CPP|E:\PROJECT\OPENH264\SOURCE_WP8\CODEC\ENCODER\CORE\SRC\MD.CPP|E:\PROJECT\OPENH264\SOURCE_WP8\CODEC\ENCODER\CORE\SRC\MEMORY_ALIGN.CPP|E:\PROJECT\OPENH264\SOURCE_WP8\CODEC\ENCODER\CORE\SRC\MV_PRED.CPP|E:\PROJECT\OPENH264\SOURCE_WP8\CODEC\ENCODER\CORE\SRC\NAL_ENCAP.CPP|E:\PROJECT\OPENH264\SOURCE_WP8\CODEC\ENCODER\CORE\SRC\PICTURE_HANDLE.CPP|E:\PROJECT\OPENH264\SOURCE_WP8\CODEC\ENCODER\CORE\SRC\PROPERTY.CPP|E:\PROJECT\OPENH264\SOURCE_WP8\CODEC\ENCODER\CORE\SRC\RATECTL.CPP|E:\PROJECT\OPENH264\SOURCE_WP8\CODEC\ENCODER\CORE\SRC\REF_LIST_MGR_SVC.CPP|E:\PROJECT\OPENH264\SOURCE_WP8\CODEC\ENCODER\CORE\SRC\SAMPLE.CPP|E:\PROJECT\OPENH264\SOURCE_WP8\CODEC\ENCODER\CORE\SRC\SET_MB_SYN_CABAC.CPP|E:\PROJECT\OPENH264\SOURCE_WP8\CODEC\ENCODER\CORE\SRC\SET_MB_SYN_CAVLC.CPP|E:\PROJECT\OPENH264\SOURCE_WP8\CODEC\ENCODER\CORE\SRC\SLICE_MULTI_THREADING.CPP|E:\PROJECT\OPENH264\SOURCE_WP8\CODEC\ENCODER\CORE\SRC\SVC_BASE_LAYER_MD.CPP|E:\PROJECT\OPENH264\SOURCE_WP8\CODEC\ENCODER\CORE\SRC\SVC_ENCODE_MB.CPP|E:\PROJECT\OPENH264\SOURCE_WP8\CODEC\ENCODER\CORE\SRC\SVC_ENCODE_SLICE.CPP|E:\PROJECT\OPENH264\SOURCE_WP8\CODEC\ENCODER\CORE\SRC\SVC_ENC_SLICE_SEGMENT.CPP|E:\PROJECT\OPENH264\SOURCE_WP8\CODEC\ENCODER\CORE\SRC\SVC_MODE_DECISION.CPP|E:\PROJECT\OPENH264\SOURCE_WP8\CODEC\ENCODER\CORE\SRC\SVC_MOTION_ESTIMATE.CPP|E:\PROJECT\OPENH264\SOURCE_WP8\CODEC\ENCODER\CORE\SRC\SVC_SET_MB_SYN_CABAC.CPP|E:\PROJECT\OPENH264\SOURCE_WP8\CODEC\ENCODER\CORE\SRC\SVC_SET_MB_SYN_CAVLC.CPP|E:\PROJECT\OPENH264\SOURCE_WP8\CODEC\ENCODER\CORE\SRC\WELS_PREPROCESS.CPP:
         	E:\PROJECT\OPENH264\SOURCE_WP8\CODEC\BUILD\WINDOWSPHONE\ENC\DEBUG\COMMON_TABLES.OBJ
         	E:\PROJECT\OPENH264\SOURCE_WP8\CODEC\BUILD\WINDOWSPHONE\ENC\DEBUG\COPY_MB.OBJ
         	E:\PROJECT\OPENH264\SOURCE_WP8\CODEC\BUILD\WINDOWSPHONE\ENC\DEBUG\CPU.OBJ
         	E:\PROJECT\OPENH264\SOURCE_WP8\CODEC\BUILD\WINDOWSPHONE\ENC\DEBUG\CRT_UTIL_SAFE_X.OBJ
         	E:\PROJECT\OPENH264\SOURCE_WP8\CODEC\BUILD\WINDOWSPHONE\ENC\DEBUG\DEBLOCKING_COMMON.OBJ
         	E:\PROJECT\OPENH264\SOURCE_WP8\CODEC\BUILD\WINDOWSPHONE\ENC\DEBUG\EXPAND_PIC.OBJ
         	E:\PROJECT\OPENH264\SOURCE_WP8\CODEC\BUILD\WINDOWSPHONE\ENC\DEBUG\INTRA_PRED_COMMON.OBJ
         	E:\PROJECT\OPENH264\SOURCE_WP8\CODEC\BUILD\WINDOWSPHONE\ENC\DEBUG\SAD_COMMON.OBJ
         	E:\PROJECT\OPENH264\SOURCE_WP8\CODEC\BUILD\WINDOWSPHONE\ENC\DEBUG\UTILS.OBJ
         	E:\PROJECT\OPENH264\SOURCE_WP8\CODEC\BUILD\WINDOWSPHONE\ENC\DEBUG\WELSTHREADLIB.OBJ
         	E:\PROJECT\OPENH264\SOURCE_WP8\CODEC\BUILD\WINDOWSPHONE\ENC\DEBUG\AU_SET.OBJ
         	E:\PROJECT\OPENH264\SOURCE_WP8\CODEC\BUILD\WINDOWSPHONE\ENC\DEBUG\DEBLOCKING.OBJ
         	E:\PROJECT\OPENH264\SOURCE_WP8\CODEC\BUILD\WINDOWSPHONE\ENC\DEBUG\DECODE_MB_AUX.OBJ
         	E:\PROJECT\OPENH264\SOURCE_WP8\CODEC\BUILD\WINDOWSPHONE\ENC\DEBUG\ENCODER.OBJ
         	E:\PROJECT\OPENH264\SOURCE_WP8\CODEC\BUILD\WINDOWSPHONE\ENC\DEBUG\ENCODER_DATA_TABLES.OBJ
         	E:\PROJECT\OPENH264\SOURCE_WP8\CODEC\BUILD\WINDOWSPHONE\ENC\DEBUG\ENCODER_EXT.OBJ
         	E:\PROJECT\OPENH264\SOURCE_WP8\CODEC\BUILD\WINDOWSPHONE\ENC\DEBUG\ENCODE_MB_AUX.OBJ
         	E:\PROJECT\OPENH264\SOURCE_WP8\CODEC\BUILD\WINDOWSPHONE\ENC\DEBUG\GET_INTRA_PREDICTOR.OBJ
         	E:\PROJECT\OPENH264\SOURCE_WP8\CODEC\BUILD\WINDOWSPHONE\ENC\DEBUG\MC.OBJ
         	E:\PROJECT\OPENH264\SOURCE_WP8\CODEC\BUILD\WINDOWSPHONE\ENC\DEBUG\MD.OBJ
         	E:\PROJECT\OPENH264\SOURCE_WP8\CODEC\BUILD\WINDOWSPHONE\ENC\DEBUG\MEMORY_ALIGN.OBJ
         	E:\PROJECT\OPENH264\SOURCE_WP8\CODEC\BUILD\WINDOWSPHONE\ENC\DEBUG\MV_PRED.OBJ
         	E:\PROJECT\OPENH264\SOURCE_WP8\CODEC\BUILD\WINDOWSPHONE\ENC\DEBUG\NAL_ENCAP.OBJ
         	E:\PROJECT\OPENH264\SOURCE_WP8\CODEC\BUILD\WINDOWSPHONE\ENC\DEBUG\PICTURE_HANDLE.OBJ
         	E:\PROJECT\OPENH264\SOURCE_WP8\CODEC\BUILD\WINDOWSPHONE\ENC\DEBUG\PROPERTY.OBJ
         	E:\PROJECT\OPENH264\SOURCE_WP8\CODEC\BUILD\WINDOWSPHONE\ENC\DEBUG\RATECTL.OBJ
         	E:\PROJECT\OPENH264\SOURCE_WP8\CODEC\BUILD\WINDOWSPHONE\ENC\DEBUG\REF_LIST_MGR_SVC.OBJ
         	E:\PROJECT\OPENH264\SOURCE_WP8\CODEC\BUILD\WINDOWSPHONE\ENC\DEBUG\SAMPLE.OBJ
         	E:\PROJECT\OPENH264\SOURCE_WP8\CODEC\BUILD\WINDOWSPHONE\ENC\DEBUG\SET_MB_SYN_CABAC.OBJ
         	E:\PROJECT\OPENH264\SOURCE_WP8\CODEC\BUILD\WINDOWSPHONE\ENC\DEBUG\SET_MB_SYN_CAVLC.OBJ
         	E:\PROJECT\OPENH264\SOURCE_WP8\CODEC\BUILD\WINDOWSPHONE\ENC\DEBUG\SLICE_MULTI_THREADING.OBJ
         	E:\PROJECT\OPENH264\SOURCE_WP8\CODEC\BUILD\WINDOWSPHONE\ENC\DEBUG\SVC_BASE_LAYER_MD.OBJ
         	E:\PROJECT\OPENH264\SOURCE_WP8\CODEC\BUILD\WINDOWSPHONE\ENC\DEBUG\SVC_ENCODE_MB.OBJ
         	E:\PROJECT\OPENH264\SOURCE_WP8\CODEC\BUILD\WINDOWSPHONE\ENC\DEBUG\SVC_ENCODE_SLICE.OBJ
         	E:\PROJECT\OPENH264\SOURCE_WP8\CODEC\BUILD\WINDOWSPHONE\ENC\DEBUG\SVC_ENC_SLICE_SEGMENT.OBJ
         	E:\PROJECT\OPENH264\SOURCE_WP8\CODEC\BUILD\WINDOWSPHONE\ENC\DEBUG\SVC_MODE_DECISION.OBJ
         	E:\PROJECT\OPENH264\SOURCE_WP8\CODEC\BUILD\WINDOWSPHONE\ENC\DEBUG\SVC_MOTION_ESTIMATE.OBJ
         	E:\PROJECT\OPENH264\SOURCE_WP8\CODEC\BUILD\WINDOWSPHONE\ENC\DEBUG\SVC_SET_MB_SYN_CABAC.OBJ
         	E:\PROJECT\OPENH264\SOURCE_WP8\CODEC\BUILD\WINDOWSPHONE\ENC\DEBUG\SVC_SET_MB_SYN_CAVLC.OBJ
         	E:\PROJECT\OPENH264\SOURCE_WP8\CODEC\BUILD\WINDOWSPHONE\ENC\DEBUG\WELS_PREPROCESS.OBJ
         ..\..\..\common\src\WelsThreadLib.cpp will be compiled as output E:\PROJECT\OPENH264\SOURCE_WP8\CODEC\BUILD\WINDOWSPHONE\ENC\DEBUG\WELSTHREADLIB.OBJ does not exist.
         ..\..\..\common\src\common_tables.cpp will be compiled as output E:\PROJECT\OPENH264\SOURCE_WP8\CODEC\BUILD\WINDOWSPHONE\ENC\DEBUG\COMMON_TABLES.OBJ does not exist.
         ..\..\..\common\src\copy_mb.cpp will be compiled as output E:\PROJECT\OPENH264\SOURCE_WP8\CODEC\BUILD\WINDOWSPHONE\ENC\DEBUG\COPY_MB.OBJ does not exist.
         ..\..\..\common\src\cpu.cpp will be compiled as output E:\PROJECT\OPENH264\SOURCE_WP8\CODEC\BUILD\WINDOWSPHONE\ENC\DEBUG\CPU.OBJ does not exist.
         ..\..\..\common\src\crt_util_safe_x.cpp will be compiled as output E:\PROJECT\OPENH264\SOURCE_WP8\CODEC\BUILD\WINDOWSPHONE\ENC\DEBUG\CRT_UTIL_SAFE_X.OBJ does not exist.
         ..\..\..\common\src\deblocking_common.cpp will be compiled as output E:\PROJECT\OPENH264\SOURCE_WP8\CODEC\BUILD\WINDOWSPHONE\ENC\DEBUG\DEBLOCKING_COMMON.OBJ does not exist.
         ..\..\..\common\src\expand_pic.cpp will be compiled as output E:\PROJECT\OPENH264\SOURCE_WP8\CODEC\BUILD\WINDOWSPHONE\ENC\DEBUG\EXPAND_PIC.OBJ does not exist.
         ..\..\..\common\src\intra_pred_common.cpp will be compiled as output E:\PROJECT\OPENH264\SOURCE_WP8\CODEC\BUILD\WINDOWSPHONE\ENC\DEBUG\INTRA_PRED_COMMON.OBJ does not exist.
         ..\..\..\common\src\sad_common.cpp will be compiled as output E:\PROJECT\OPENH264\SOURCE_WP8\CODEC\BUILD\WINDOWSPHONE\ENC\DEBUG\SAD_COMMON.OBJ does not exist.
         ..\..\..\common\src\utils.cpp will be compiled as output E:\PROJECT\OPENH264\SOURCE_WP8\CODEC\BUILD\WINDOWSPHONE\ENC\DEBUG\UTILS.OBJ does not exist.
         ..\..\..\encoder\core\src\au_set.cpp will be compiled as output E:\PROJECT\OPENH264\SOURCE_WP8\CODEC\BUILD\WINDOWSPHONE\ENC\DEBUG\AU_SET.OBJ does not exist.
         ..\..\..\encoder\core\src\deblocking.cpp will be compiled as output E:\PROJECT\OPENH264\SOURCE_WP8\CODEC\BUILD\WINDOWSPHONE\ENC\DEBUG\DEBLOCKING.OBJ does not exist.
         ..\..\..\encoder\core\src\decode_mb_aux.cpp will be compiled as output E:\PROJECT\OPENH264\SOURCE_WP8\CODEC\BUILD\WINDOWSPHONE\ENC\DEBUG\DECODE_MB_AUX.OBJ does not exist.
         ..\..\..\encoder\core\src\encode_mb_aux.cpp will be compiled as output E:\PROJECT\OPENH264\SOURCE_WP8\CODEC\BUILD\WINDOWSPHONE\ENC\DEBUG\ENCODE_MB_AUX.OBJ does not exist.
         ..\..\..\encoder\core\src\encoder.cpp will be compiled as output E:\PROJECT\OPENH264\SOURCE_WP8\CODEC\BUILD\WINDOWSPHONE\ENC\DEBUG\ENCODER.OBJ does not exist.
         ..\..\..\encoder\core\src\encoder_data_tables.cpp will be compiled as output E:\PROJECT\OPENH264\SOURCE_WP8\CODEC\BUILD\WINDOWSPHONE\ENC\DEBUG\ENCODER_DATA_TABLES.OBJ does not exist.
         ..\..\..\encoder\core\src\encoder_ext.cpp will be compiled as output E:\PROJECT\OPENH264\SOURCE_WP8\CODEC\BUILD\WINDOWSPHONE\ENC\DEBUG\ENCODER_EXT.OBJ does not exist.
         ..\..\..\encoder\core\src\get_intra_predictor.cpp will be compiled as output E:\PROJECT\OPENH264\SOURCE_WP8\CODEC\BUILD\WINDOWSPHONE\ENC\DEBUG\GET_INTRA_PREDICTOR.OBJ does not exist.
         ..\..\..\encoder\core\src\mc.cpp will be compiled as output E:\PROJECT\OPENH264\SOURCE_WP8\CODEC\BUILD\WINDOWSPHONE\ENC\DEBUG\MC.OBJ does not exist.
         ..\..\..\encoder\core\src\md.cpp will be compiled as output E:\PROJECT\OPENH264\SOURCE_WP8\CODEC\BUILD\WINDOWSPHONE\ENC\DEBUG\MD.OBJ does not exist.
         ..\..\..\encoder\core\src\memory_align.cpp will be compiled as output E:\PROJECT\OPENH264\SOURCE_WP8\CODEC\BUILD\WINDOWSPHONE\ENC\DEBUG\MEMORY_ALIGN.OBJ does not exist.
         ..\..\..\encoder\core\src\mv_pred.cpp will be compiled as output E:\PROJECT\OPENH264\SOURCE_WP8\CODEC\BUILD\WINDOWSPHONE\ENC\DEBUG\MV_PRED.OBJ does not exist.
         ..\..\..\encoder\core\src\nal_encap.cpp will be compiled as output E:\PROJECT\OPENH264\SOURCE_WP8\CODEC\BUILD\WINDOWSPHONE\ENC\DEBUG\NAL_ENCAP.OBJ does not exist.
         ..\..\..\encoder\core\src\picture_handle.cpp will be compiled as output E:\PROJECT\OPENH264\SOURCE_WP8\CODEC\BUILD\WINDOWSPHONE\ENC\DEBUG\PICTURE_HANDLE.OBJ does not exist.
         ..\..\..\encoder\core\src\property.cpp will be compiled as output E:\PROJECT\OPENH264\SOURCE_WP8\CODEC\BUILD\WINDOWSPHONE\ENC\DEBUG\PROPERTY.OBJ does not exist.
         ..\..\..\encoder\core\src\ratectl.cpp will be compiled as output E:\PROJECT\OPENH264\SOURCE_WP8\CODEC\BUILD\WINDOWSPHONE\ENC\DEBUG\RATECTL.OBJ does not exist.
         ..\..\..\encoder\core\src\ref_list_mgr_svc.cpp will be compiled as output E:\PROJECT\OPENH264\SOURCE_WP8\CODEC\BUILD\WINDOWSPHONE\ENC\DEBUG\REF_LIST_MGR_SVC.OBJ does not exist.
         ..\..\..\encoder\core\src\sample.cpp will be compiled as output E:\PROJECT\OPENH264\SOURCE_WP8\CODEC\BUILD\WINDOWSPHONE\ENC\DEBUG\SAMPLE.OBJ does not exist.
         ..\..\..\encoder\core\src\set_mb_syn_cabac.cpp will be compiled as output E:\PROJECT\OPENH264\SOURCE_WP8\CODEC\BUILD\WINDOWSPHONE\ENC\DEBUG\SET_MB_SYN_CABAC.OBJ does not exist.
         ..\..\..\encoder\core\src\set_mb_syn_cavlc.cpp will be compiled as output E:\PROJECT\OPENH264\SOURCE_WP8\CODEC\BUILD\WINDOWSPHONE\ENC\DEBUG\SET_MB_SYN_CAVLC.OBJ does not exist.
         ..\..\..\encoder\core\src\slice_multi_threading.cpp will be compiled as output E:\PROJECT\OPENH264\SOURCE_WP8\CODEC\BUILD\WINDOWSPHONE\ENC\DEBUG\SLICE_MULTI_THREADING.OBJ does not exist.
         ..\..\..\encoder\core\src\svc_base_layer_md.cpp will be compiled as output E:\PROJECT\OPENH264\SOURCE_WP8\CODEC\BUILD\WINDOWSPHONE\ENC\DEBUG\SVC_BASE_LAYER_MD.OBJ does not exist.
         ..\..\..\encoder\core\src\svc_enc_slice_segment.cpp will be compiled as output E:\PROJECT\OPENH264\SOURCE_WP8\CODEC\BUILD\WINDOWSPHONE\ENC\DEBUG\SVC_ENC_SLICE_SEGMENT.OBJ does not exist.
         ..\..\..\encoder\core\src\svc_encode_mb.cpp will be compiled as output E:\PROJECT\OPENH264\SOURCE_WP8\CODEC\BUILD\WINDOWSPHONE\ENC\DEBUG\SVC_ENCODE_MB.OBJ does not exist.
         ..\..\..\encoder\core\src\svc_encode_slice.cpp will be compiled as output E:\PROJECT\OPENH264\SOURCE_WP8\CODEC\BUILD\WINDOWSPHONE\ENC\DEBUG\SVC_ENCODE_SLICE.OBJ does not exist.
         ..\..\..\encoder\core\src\svc_mode_decision.cpp will be compiled as output E:\PROJECT\OPENH264\SOURCE_WP8\CODEC\BUILD\WINDOWSPHONE\ENC\DEBUG\SVC_MODE_DECISION.OBJ does not exist.
         ..\..\..\encoder\core\src\svc_motion_estimate.cpp will be compiled as output E:\PROJECT\OPENH264\SOURCE_WP8\CODEC\BUILD\WINDOWSPHONE\ENC\DEBUG\SVC_MOTION_ESTIMATE.OBJ does not exist.
         ..\..\..\encoder\core\src\svc_set_mb_syn_cabac.cpp will be compiled as output E:\PROJECT\OPENH264\SOURCE_WP8\CODEC\BUILD\WINDOWSPHONE\ENC\DEBUG\SVC_SET_MB_SYN_CABAC.OBJ does not exist.
         ..\..\..\encoder\core\src\svc_set_mb_syn_cavlc.cpp will be compiled as output E:\PROJECT\OPENH264\SOURCE_WP8\CODEC\BUILD\WINDOWSPHONE\ENC\DEBUG\SVC_SET_MB_SYN_CAVLC.OBJ does not exist.
         ..\..\..\encoder\core\src\wels_preprocess.cpp will be compiled as output E:\PROJECT\OPENH264\SOURCE_WP8\CODEC\BUILD\WINDOWSPHONE\ENC\DEBUG\WELS_PREPROCESS.OBJ does not exist.
         Environment Variables passed to tool:
           VS_UNICODE_OUTPUT=868
         C:\Program Files (x86)\Microsoft Visual Studio 11.0\VC\WPSDK\WP80\bin\CL.exe /c /AI"C:\Program Files (x86)\Windows Phone Kits\8.0\Windows Metadata" /ZI /nologo /W1 /WX- /Od /Oy- /D _LIB /D WINAPI_FAMILY=WINAPI_FAMILY_PHONE_APP /Gm /EHsc /RTC1 /MDd /GS /fp:precise /Zc:wchar_t /Zc:forScope /Yu"pch.h" /Fp"Debug\WelsEncCore.pch" /Fo"Debug\\" /Fd"Debug\vc110.pdb" /Gd /TP /analyze- /errorReport:prompt ..\..\..\common\src\WelsThreadLib.cpp ..\..\..\common\src\common_tables.cpp ..\..\..\common\src\copy_mb.cpp ..\..\..\common\src\cpu.cpp ..\..\..\common\src\crt_util_safe_x.cpp ..\..\..\common\src\deblocking_common.cpp ..\..\..\common\src\expand_pic.cpp ..\..\..\common\src\intra_pred_common.cpp ..\..\..\common\src\sad_common.cpp ..\..\..\common\src\utils.cpp ..\..\..\encoder\core\src\au_set.cpp ..\..\..\encoder\core\src\deblocking.cpp ..\..\..\encoder\core\src\decode_mb_aux.cpp ..\..\..\encoder\core\src\encode_mb_aux.cpp ..\..\..\encoder\core\src\encoder.cpp ..\..\..\encoder\core\src\encoder_data_tables.cpp ..\..\..\encoder\core\src\encoder_ext.cpp ..\..\..\encoder\core\src\get_intra_predictor.cpp ..\..\..\encoder\core\src\mc.cpp ..\..\..\encoder\core\src\md.cpp ..\..\..\encoder\core\src\memory_align.cpp ..\..\..\encoder\core\src\mv_pred.cpp ..\..\..\encoder\core\src\nal_encap.cpp ..\..\..\encoder\core\src\picture_handle.cpp ..\..\..\encoder\core\src\property.cpp ..\..\..\encoder\core\src\ratectl.cpp ..\..\..\encoder\core\src\ref_list_mgr_svc.cpp ..\..\..\encoder\core\src\sample.cpp ..\..\..\encoder\core\src\set_mb_syn_cabac.cpp ..\..\..\encoder\core\src\set_mb_syn_cavlc.cpp ..\..\..\encoder\core\src\slice_multi_threading.cpp ..\..\..\encoder\core\src\svc_base_layer_md.cpp ..\..\..\encoder\core\src\svc_enc_slice_segment.cpp ..\..\..\encoder\core\src\svc_encode_mb.cpp ..\..\..\encoder\core\src\svc_encode_slice.cpp ..\..\..\encoder\core\src\svc_mode_decision.cpp ..\..\..\encoder\core\src\svc_motion_estimate.cpp ..\..\..\encoder\core\src\svc_set_mb_syn_cabac.cpp ..\..\..\encoder\core\src\svc_set_mb_syn_cavlc.cpp ..\..\..\encoder\core\src\wels_preprocess.cpp
         Tracking command:
         C:\Program Files (x86)\Microsoft SDKs\Windows\v8.0A\bin\NETFX 4.0 Tools\Tracker.exe /d C:\Windows\Microsoft.NET\Framework\v4.0.30319\FileTracker.dll /i E:\Project\Openh264\Source_WP8\codec\build\windowsphone\enc\Debug /r "E:\PROJECT\OPENH264\SOURCE_WP8\CODEC\COMMON\SRC\COMMON_TABLES.CPP|E:\PROJECT\OPENH264\SOURCE_WP8\CODEC\COMMON\SRC\COPY_MB.CPP|E:\PROJECT\OPENH264\SOURCE_WP8\CODEC\COMMON\SRC\CPU.CPP|E:\PROJECT\OPENH264\SOURCE_WP8\CODEC\COMMON\SRC\CRT_UTIL_SAFE_X.CPP|E:\PROJECT\OPENH264\SOURCE_WP8\CODEC\COMMON\SRC\DEBLOCKING_COMMON.CPP|E:\PROJECT\OPENH264\SOURCE_WP8\CODEC\COMMON\SRC\EXPAND_PIC.CPP|E:\PROJECT\OPENH264\SOURCE_WP8\CODEC\COMMON\SRC\INTRA_PRED_COMMON.CPP|E:\PROJECT\OPENH264\SOURCE_WP8\CODEC\COMMON\SRC\SAD_COMMON.CPP|E:\PROJECT\OPENH264\SOURCE_WP8\CODEC\COMMON\SRC\UTILS.CPP|E:\PROJECT\OPENH264\SOURCE_WP8\CODEC\COMMON\SRC\WELSTHREADLIB.CPP|E:\PROJECT\OPENH264\SOURCE_WP8\CODEC\ENCODER\CORE\SRC\AU_SET.CPP|E:\PROJECT\OPENH264\SOURCE_WP8\CODEC\ENCODER\CORE\SRC\DEBLOCKING.CPP|E:\PROJECT\OPENH264\SOURCE_WP8\CODEC\ENCODER\CORE\SRC\DECODE_MB_AUX.CPP|E:\PROJECT\OPENH264\SOURCE_WP8\CODEC\ENCODER\CORE\SRC\ENCODER.CPP|E:\PROJECT\OPENH264\SOURCE_WP8\CODEC\ENCODER\CORE\SRC\ENCODER_DATA_TABLES.CPP|E:\PROJECT\OPENH264\SOURCE_WP8\CODEC\ENCODER\CORE\SRC\ENCODER_EXT.CPP|E:\PROJECT\OPENH264\SOURCE_WP8\CODEC\ENCODER\CORE\SRC\ENCODE_MB_AUX.CPP|E:\PROJECT\OPENH264\SOURCE_WP8\CODEC\ENCODER\CORE\SRC\GET_INTRA_PREDICTOR.CPP|E:\PROJECT\OPENH264\SOURCE_WP8\CODEC\ENCODER\CORE\SRC\MC.CPP|E:\PROJECT\OPENH264\SOURCE_WP8\CODEC\ENCODER\CORE\SRC\MD.CPP|E:\PROJECT\OPENH264\SOURCE_WP8\CODEC\ENCODER\CORE\SRC\MEMORY_ALIGN.CPP|E:\PROJECT\OPENH264\SOURCE_WP8\CODEC\ENCODER\CORE\SRC\MV_PRED.CPP|E:\PROJECT\OPENH264\SOURCE_WP8\CODEC\ENCODER\CORE\SRC\NAL_ENCAP.CPP|E:\PROJECT\OPENH264\SOURCE_WP8\CODEC\ENCODER\CORE\SRC\PICTURE_HANDLE.CPP|E:\PROJECT\OPENH264\SOURCE_WP8\CODEC\ENCODER\CORE\SRC\PROPERTY.CPP|E:\PROJECT\OPENH264\SOURCE_WP8\CODEC\ENCODER\CORE\SRC\RATECTL.CPP|E:\PROJECT\OPENH264\SOURCE_WP8\CODEC\ENCODER\CORE\SRC\REF_LIST_MGR_SVC.CPP|E:\PROJECT\OPENH264\SOURCE_WP8\CODEC\ENCODER\CORE\SRC\SAMPLE.CPP|E:\PROJECT\OPENH264\SOURCE_WP8\CODEC\ENCODER\CORE\SRC\SET_MB_SYN_CABAC.CPP|E:\PROJECT\OPENH264\SOURCE_WP8\CODEC\ENCODER\CORE\SRC\SET_MB_SYN_CAVLC.CPP|E:\PROJECT\OPENH264\SOURCE_WP8\CODEC\ENCODER\CORE\SRC\SLICE_MULTI_THREADING.CPP|E:\PROJECT\OPENH264\SOURCE_WP8\CODEC\ENCODER\CORE\SRC\SVC_BASE_LAYER_MD.CPP|E:\PROJECT\OPENH264\SOURCE_WP8\CODEC\ENCODER\CORE\SRC\SVC_ENCODE_MB.CPP|E:\PROJECT\OPENH264\SOURCE_WP8\CODEC\ENCODER\CORE\SRC\SVC_ENCODE_SLICE.CPP|E:\PROJECT\OPENH264\SOURCE_WP8\CODEC\ENCODER\CORE\SRC\SVC_ENC_SLICE_SEGMENT.CPP|E:\PROJECT\OPENH264\SOURCE_WP8\CODEC\ENCODER\CORE\SRC\SVC_MODE_DECISION.CPP|E:\PROJECT\OPENH264\SOURCE_WP8\CODEC\ENCODER\CORE\SRC\SVC_MOTION_ESTIMATE.CPP|E:\PROJECT\OPENH264\SOURCE_WP8\CODEC\ENCODER\CORE\SRC\SVC_SET_MB_SYN_CABAC.CPP|E:\PROJECT\OPENH264\SOURCE_WP8\CODEC\ENCODER\CORE\SRC\SVC_SET_MB_SYN_CAVLC.CPP|E:\PROJECT\OPENH264\SOURCE_WP8\CODEC\ENCODER\CORE\SRC\WELS_PREPROCESS.CPP" /b MSBuildConsole_CancelEvent38d1505f58dd4ebcb42d04774f6d8a1a  /c "C:\Program Files (x86)\Microsoft Visual Studio 11.0\VC\WPSDK\WP80\bin\CL.exe"  /c /AI"C:\Program Files (x86)\Windows Phone Kits\8.0\Windows Metadata" /ZI /nologo /W1 /WX- /Od /Oy- /D _LIB /D WINAPI_FAMILY=WINAPI_FAMILY_PHONE_APP /Gm /EHsc /RTC1 /MDd /GS /fp:precise /Zc:wchar_t /Zc:forScope /Yu"pch.h" /Fp"Debug\WelsEncCore.pch" /Fo"Debug\\" /Fd"Debug\vc110.pdb" /Gd /TP /analyze- /errorReport:prompt ..\..\..\common\src\WelsThreadLib.cpp ..\..\..\common\src\common_tables.cpp ..\..\..\common\src\copy_mb.cpp ..\..\..\common\src\cpu.cpp ..\..\..\common\src\crt_util_safe_x.cpp ..\..\..\common\src\deblocking_common.cpp ..\..\..\common\src\expand_pic.cpp ..\..\..\common\src\intra_pred_common.cpp ..\..\..\common\src\sad_common.cpp ..\..\..\common\src\utils.cpp ..\..\..\encoder\core\src\au_set.cpp ..\..\..\encoder\core\src\deblocking.cpp ..\..\..\encoder\core\src\decode_mb_aux.cpp ..\..\..\encoder\core\src\encode_mb_aux.cpp ..\..\..\encoder\core\src\encoder.cpp ..\..\..\encoder\core\src\encoder_data_tables.cpp ..\..\..\encoder\core\src\encoder_ext.cpp ..\..\..\encoder\core\src\get_intra_predictor.cpp ..\..\..\encoder\core\src\mc.cpp ..\..\..\encoder\core\src\md.cpp ..\..\..\encoder\core\src\memory_align.cpp ..\..\..\encoder\core\src\mv_pred.cpp ..\..\..\encoder\core\src\nal_encap.cpp ..\..\..\encoder\core\src\picture_handle.cpp ..\..\..\encoder\core\src\property.cpp ..\..\..\encoder\core\src\ratectl.cpp ..\..\..\encoder\core\src\ref_list_mgr_svc.cpp ..\..\..\encoder\core\src\sample.cpp ..\..\..\encoder\core\src\set_mb_syn_cabac.cpp ..\..\..\encoder\core\src\set_mb_syn_cavlc.cpp ..\..\..\encoder\core\src\slice_multi_threading.cpp ..\..\..\encoder\core\src\svc_base_layer_md.cpp ..\..\..\encoder\core\src\svc_enc_slice_segment.cpp ..\..\..\encoder\core\src\svc_encode_mb.cpp ..\..\..\encoder\core\src\svc_encode_slice.cpp ..\..\..\encoder\core\src\svc_mode_decision.cpp ..\..\..\encoder\core\src\svc_motion_estimate.cpp ..\..\..\encoder\core\src\svc_set_mb_syn_cabac.cpp ..\..\..\encoder\core\src\svc_set_mb_syn_cavlc.cpp ..\..\..\encoder\core\src\wels_preprocess.cpp
         wels_preprocess.cpp
     1>e:\project\openh264\source_wp8\codec\encoder\core\src\wels_preprocess.cpp(1341): fatal error C1010: unexpected end of file while looking for precompiled header. Did you forget to add '#include "pch.h"' to your source?
         svc_set_mb_syn_cavlc.cpp
     1>e:\project\openh264\source_wp8\codec\encoder\core\src\svc_set_mb_syn_cavlc.cpp(386): fatal error C1010: unexpected end of file while looking for precompiled header. Did you forget to add '#include "pch.h"' to your source?
         svc_set_mb_syn_cabac.cpp
     1>e:\project\openh264\source_wp8\codec\encoder\core\src\svc_set_mb_syn_cabac.cpp(693): fatal error C1010: unexpected end of file while looking for precompiled header. Did you forget to add '#include "pch.h"' to your source?
         svc_motion_estimate.cpp
     1>e:\project\openh264\source_wp8\codec\encoder\core\src\svc_motion_estimate.cpp(1088): fatal error C1010: unexpected end of file while looking for precompiled header. Did you forget to add '#include "pch.h"' to your source?
         svc_mode_decision.cpp
     1>e:\project\openh264\source_wp8\codec\encoder\core\src\svc_mode_decision.cpp(655): fatal error C1010: unexpected end of file while looking for precompiled header. Did you forget to add '#include "pch.h"' to your source?
         svc_encode_slice.cpp
     1>e:\project\openh264\source_wp8\codec\encoder\core\src\svc_encode_slice.cpp(1146): fatal error C1010: unexpected end of file while looking for precompiled header. Did you forget to add '#include "pch.h"' to your source?
         svc_encode_mb.cpp
     1>e:\project\openh264\source_wp8\codec\encoder\core\src\svc_encode_mb.cpp(387): fatal error C1010: unexpected end of file while looking for precompiled header. Did you forget to add '#include "pch.h"' to your source?
         svc_enc_slice_segment.cpp
     1>e:\project\openh264\source_wp8\codec\encoder\core\src\svc_enc_slice_segment.cpp(709): fatal error C1010: unexpected end of file while looking for precompiled header. Did you forget to add '#include "pch.h"' to your source?
         svc_base_layer_md.cpp
     1>e:\project\openh264\source_wp8\codec\encoder\core\src\svc_base_layer_md.cpp(1792): fatal error C1010: unexpected end of file while looking for precompiled header. Did you forget to add '#include "pch.h"' to your source?
         slice_multi_threading.cpp
     1>e:\project\openh264\source_wp8\codec\encoder\core\src\slice_multi_threading.cpp(69): warning C4005: 'MT_TRACE_LOG' : macro redefinition
                 e:\project\openh264\source_wp8\codec\encoder\core\src\slice_multi_threading.cpp(67) : see previous definition of 'MT_TRACE_LOG'
     1>e:\project\openh264\source_wp8\codec\encoder\core\src\slice_multi_threading.cpp(1160): fatal error C1010: unexpected end of file while looking for precompiled header. Did you forget to add '#include "pch.h"' to your source?
         set_mb_syn_cavlc.cpp
     1>e:\project\openh264\source_wp8\codec\encoder\core\src\set_mb_syn_cavlc.cpp(264): fatal error C1010: unexpected end of file while looking for precompiled header. Did you forget to add '#include "pch.h"' to your source?
         set_mb_syn_cabac.cpp
     1>e:\project\openh264\source_wp8\codec\encoder\core\src\set_mb_syn_cabac.cpp(241): fatal error C1010: unexpected end of file while looking for precompiled header. Did you forget to add '#include "pch.h"' to your source?
         sample.cpp
     1>e:\project\openh264\source_wp8\codec\encoder\core\src\sample.cpp(447): fatal error C1010: unexpected end of file while looking for precompiled header. Did you forget to add '#include "pch.h"' to your source?
         ref_list_mgr_svc.cpp
     1>e:\project\openh264\source_wp8\codec\encoder\core\src\ref_list_mgr_svc.cpp(967): fatal error C1010: unexpected end of file while looking for precompiled header. Did you forget to add '#include "pch.h"' to your source?
         ratectl.cpp
     1>e:\project\openh264\source_wp8\codec\encoder\core\src\ratectl.cpp(1348): fatal error C1010: unexpected end of file while looking for precompiled header. Did you forget to add '#include "pch.h"' to your source?
         property.cpp
     1>e:\project\openh264\source_wp8\codec\encoder\core\src\property.cpp(140): fatal error C1010: unexpected end of file while looking for precompiled header. Did you forget to add '#include "pch.h"' to your source?
         picture_handle.cpp
     1>e:\project\openh264\source_wp8\codec\encoder\core\src\picture_handle.cpp(185): fatal error C1010: unexpected end of file while looking for precompiled header. Did you forget to add '#include "pch.h"' to your source?
         nal_encap.cpp
     1>e:\project\openh264\source_wp8\codec\encoder\core\src\nal_encap.cpp(201): fatal error C1010: unexpected end of file while looking for precompiled header. Did you forget to add '#include "pch.h"' to your source?
         mv_pred.cpp
     1>e:\project\openh264\source_wp8\codec\encoder\core\src\mv_pred.cpp(363): fatal error C1010: unexpected end of file while looking for precompiled header. Did you forget to add '#include "pch.h"' to your source?
         memory_align.cpp
     1>e:\project\openh264\source_wp8\codec\encoder\core\src\memory_align.cpp(147): fatal error C1010: unexpected end of file while looking for precompiled header. Did you forget to add '#include "pch.h"' to your source?
         Generating Code...
         Compiling...
         md.cpp
     1>e:\project\openh264\source_wp8\codec\encoder\core\src\md.cpp(923): fatal error C1010: unexpected end of file while looking for precompiled header. Did you forget to add '#include "pch.h"' to your source?
         mc.cpp
     1>e:\project\openh264\source_wp8\codec\encoder\core\src\mc.cpp(851): fatal error C1010: unexpected end of file while looking for precompiled header. Did you forget to add '#include "pch.h"' to your source?
         get_intra_predictor.cpp
     1>e:\project\openh264\source_wp8\codec\encoder\core\src\get_intra_predictor.cpp(726): fatal error C1010: unexpected end of file while looking for precompiled header. Did you forget to add '#include "pch.h"' to your source?
         encoder_ext.cpp
     1>e:\project\openh264\source_wp8\codec\encoder\core\src\encoder_ext.cpp(4270): fatal error C1010: unexpected end of file while looking for precompiled header. Did you forget to add '#include "pch.h"' to your source?
         encoder_data_tables.cpp
     1>e:\project\openh264\source_wp8\codec\encoder\core\src\encoder_data_tables.cpp(369): fatal error C1010: unexpected end of file while looking for precompiled header. Did you forget to add '#include "pch.h"' to your source?
         encoder.cpp
     1>e:\project\openh264\source_wp8\codec\encoder\core\src\encoder.cpp(507): fatal error C1010: unexpected end of file while looking for precompiled header. Did you forget to add '#include "pch.h"' to your source?
         encode_mb_aux.cpp
     1>e:\project\openh264\source_wp8\codec\encoder\core\src\encode_mb_aux.cpp(575): fatal error C1010: unexpected end of file while looking for precompiled header. Did you forget to add '#include "pch.h"' to your source?
         decode_mb_aux.cpp
     1>e:\project\openh264\source_wp8\codec\encoder\core\src\decode_mb_aux.cpp(299): fatal error C1010: unexpected end of file while looking for precompiled header. Did you forget to add '#include "pch.h"' to your source?
         deblocking.cpp
     1>e:\project\openh264\source_wp8\codec\encoder\core\src\deblocking.cpp(864): fatal error C1010: unexpected end of file while looking for precompiled header. Did you forget to add '#include "pch.h"' to your source?
         au_set.cpp
     1>e:\project\openh264\source_wp8\codec\encoder\core\src\au_set.cpp(503): fatal error C1010: unexpected end of file while looking for precompiled header. Did you forget to add '#include "pch.h"' to your source?
         utils.cpp
     1>e:\project\openh264\source_wp8\codec\common\src\utils.cpp(127): fatal error C1010: unexpected end of file while looking for precompiled header. Did you forget to add '#include "pch.h"' to your source?
         sad_common.cpp
     1>e:\project\openh264\source_wp8\codec\common\src\sad_common.cpp(140): fatal error C1010: unexpected end of file while looking for precompiled header. Did you forget to add '#include "pch.h"' to your source?
         intra_pred_common.cpp
     1>e:\project\openh264\source_wp8\codec\common\src\intra_pred_common.cpp(78): fatal error C1010: unexpected end of file while looking for precompiled header. Did you forget to add '#include "pch.h"' to your source?
         expand_pic.cpp
     1>e:\project\openh264\source_wp8\codec\common\src\expand_pic.cpp(175): fatal error C1010: unexpected end of file while looking for precompiled header. Did you forget to add '#include "pch.h"' to your source?
         deblocking_common.cpp
     1>e:\project\openh264\source_wp8\codec\common\src\deblocking_common.cpp(212): fatal error C1010: unexpected end of file while looking for precompiled header. Did you forget to add '#include "pch.h"' to your source?
         crt_util_safe_x.cpp
     1>e:\project\openh264\source_wp8\codec\common\src\crt_util_safe_x.cpp(265): fatal error C1010: unexpected end of file while looking for precompiled header. Did you forget to add '#include "pch.h"' to your source?
         cpu.cpp
     1>e:\project\openh264\source_wp8\codec\common\src\cpu.cpp(305): fatal error C1010: unexpected end of file while looking for precompiled header. Did you forget to add '#include "pch.h"' to your source?
         copy_mb.cpp
     1>e:\project\openh264\source_wp8\codec\common\src\copy_mb.cpp(104): fatal error C1010: unexpected end of file while looking for precompiled header. Did you forget to add '#include "pch.h"' to your source?
         common_tables.cpp
     1>e:\project\openh264\source_wp8\codec\common\src\common_tables.cpp(572): warning C4819: The file contains a character that cannot be represented in the current code page (936). Save the file in Unicode format to prevent data loss
     1>e:\project\openh264\source_wp8\codec\common\src\common_tables.cpp(718): fatal error C1010: unexpected end of file while looking for precompiled header. Did you forget to add '#include "pch.h"' to your source?
         WelsThreadLib.cpp
     1>e:\project\openh264\source_wp8\codec\common\src\welsthreadlib.cpp(55): warning C4005: 'HW_NCPU_NAME' : macro redefinition
                 e:\project\openh264\source_wp8\codec\common\src\welsthreadlib.cpp(53) : see previous definition of 'HW_NCPU_NAME'
     1>e:\project\openh264\source_wp8\codec\common\src\welsthreadlib.cpp(501): fatal error C1010: unexpected end of file while looking for precompiled header. Did you forget to add '#include "pch.h"' to your source?
         Generating Code...
         The command exited with code 2.
       Done executing task "CL" -- FAILED.
     1>Done building target "ClCompile" in project "WelsEncCore.vcxproj" -- FAILED.
     1>Done Building Project "E:\Project\Openh264\Source_WP8\codec\build\windowsphone\enc\WelsEncCore.vcxproj" (Build target(s)) -- FAILED.

Build FAILED.

Time Elapsed 00:00:00.35
