e:\project\openh264\source_wp8\codec\build\windowsphone\dec\decoderrtcomponent\arm\debug\vc110.pdb
e:\project\openh264\source_wp8\bin\arm\debug\decoderrtcomponent.lib
e:\project\openh264\source_wp8\bin\arm\debug\decoderrtcomponent.exp
e:\project\openh264\source_wp8\bin\arm\debug\decoderrtcomponent.ilk
e:\project\openh264\source_wp8\bin\arm\debug\decoderrtcomponent.dll
e:\project\openh264\source_wp8\bin\arm\debug\decoderrtcomponent.winmd
e:\project\openh264\source_wp8\bin\arm\debug\decoderrtcomponent.pdb
e:\project\openh264\source_wp8\codec\build\windowsphone\dec\decoderrtcomponent\arm\debug\decoderrtcomponent.vcxprojresolveassemblyreference.cache
e:\project\openh264\source_wp8\codec\build\windowsphone\dec\decoderrtcomponent\arm\debug\d3d9_utils.obj
e:\project\openh264\source_wp8\codec\build\windowsphone\dec\decoderrtcomponent\arm\debug\decoderrtcomponent.obj
e:\project\openh264\source_wp8\codec\build\windowsphone\dec\decoderrtcomponent\arm\debug\h264dec.obj
e:\project\openh264\source_wp8\codec\build\windowsphone\dec\decoderrtcomponent\arm\debug\read_config.obj
e:\project\openh264\source_wp8\codec\build\windowsphone\dec\decoderrtcomponent\arm\debug\cl.10940.read.1.tlog
e:\project\openh264\source_wp8\codec\build\windowsphone\dec\decoderrtcomponent\arm\debug\cl.10940.write.1.tlog
e:\project\openh264\source_wp8\codec\build\windowsphone\dec\decoderrtcomponent\arm\debug\cl.3904.read.1.tlog
e:\project\openh264\source_wp8\codec\build\windowsphone\dec\decoderrtcomponent\arm\debug\cl.3904.write.1.tlog
e:\project\openh264\source_wp8\codec\build\windowsphone\dec\decoderrtcomponent\arm\debug\cl.6760.read.1.tlog
e:\project\openh264\source_wp8\codec\build\windowsphone\dec\decoderrtcomponent\arm\debug\cl.6760.write.1.tlog
e:\project\openh264\source_wp8\codec\build\windowsphone\dec\decoderrtcomponent\arm\debug\cl.7040.read.1.tlog
e:\project\openh264\source_wp8\codec\build\windowsphone\dec\decoderrtcomponent\arm\debug\cl.7040.write.1.tlog
e:\project\openh264\source_wp8\codec\build\windowsphone\dec\decoderrtcomponent\arm\debug\cl.command.1.tlog
e:\project\openh264\source_wp8\codec\build\windowsphone\dec\decoderrtcomponent\arm\debug\cl.read.1.tlog
e:\project\openh264\source_wp8\codec\build\windowsphone\dec\decoderrtcomponent\arm\debug\cl.write.1.tlog
e:\project\openh264\source_wp8\codec\build\windowsphone\dec\decoderrtcomponent\arm\debug\decoderrtcomponent.write.1.tlog
e:\project\openh264\source_wp8\codec\build\windowsphone\dec\decoderrtcomponent\arm\debug\link.command.1.tlog
e:\project\openh264\source_wp8\codec\build\windowsphone\dec\decoderrtcomponent\arm\debug\link.read.1.tlog
e:\project\openh264\source_wp8\codec\build\windowsphone\dec\decoderrtcomponent\arm\debug\link.write.1.tlog
e:\project\openh264\source_wp8\codec\build\windowsphone\dec\decoderrtcomponent\..\..\..\..\..\bin\arm\debug\decoderrtcomponent.dll
