e:\project\openh264\source_wp8\codec\build\windowsphone\dec\welsdeccore\arm\debug\manage_dec_ref.obj
e:\project\openh264\source_wp8\codec\build\windowsphone\dec\welsdeccore\arm\debug\get_intra_predictor.obj
e:\project\openh264\source_wp8\codec\build\windowsphone\dec\welsdeccore\arm\debug\fmo.obj
e:\project\openh264\source_wp8\codec\build\windowsphone\dec\welsdeccore\arm\debug\error_concealment.obj
e:\project\openh264\source_wp8\codec\build\windowsphone\dec\welsdeccore\arm\debug\decode_slice.obj
e:\project\openh264\source_wp8\codec\build\windowsphone\dec\welsdeccore\arm\debug\decode_mb_aux.obj
e:\project\openh264\source_wp8\codec\build\windowsphone\dec\welsdeccore\arm\debug\decoder_data_tables.obj
e:\project\openh264\source_wp8\codec\build\windowsphone\dec\welsdeccore\arm\debug\decoder_core.obj
e:\project\openh264\source_wp8\codec\build\windowsphone\dec\welsdeccore\arm\debug\decoder.obj
e:\project\openh264\source_wp8\codec\build\windowsphone\dec\welsdeccore\arm\debug\deblocking.obj
e:\project\openh264\source_wp8\codec\build\windowsphone\dec\welsdeccore\arm\debug\cabac_decoder.obj
e:\project\openh264\source_wp8\codec\build\windowsphone\dec\welsdeccore\arm\debug\bit_stream.obj
e:\project\openh264\source_wp8\codec\build\windowsphone\dec\welsdeccore\arm\debug\au_parser.obj
e:\project\openh264\source_wp8\codec\build\windowsphone\dec\welsdeccore\arm\debug\utils.obj
e:\project\openh264\source_wp8\codec\build\windowsphone\dec\welsdeccore\arm\debug\expand_pic.obj
e:\project\openh264\source_wp8\codec\build\windowsphone\dec\welsdeccore\arm\debug\deblocking_common.obj
e:\project\openh264\source_wp8\codec\build\windowsphone\dec\welsdeccore\arm\debug\crt_util_safe_x.obj
e:\project\openh264\source_wp8\codec\build\windowsphone\dec\welsdeccore\arm\debug\cpu.obj
e:\project\openh264\source_wp8\codec\build\windowsphone\dec\welsdeccore\arm\debug\copy_mb.obj
e:\project\openh264\source_wp8\codec\build\windowsphone\dec\welsdeccore\arm\debug\common_tables.obj
e:\project\openh264\source_wp8\codec\build\windowsphone\dec\welsdeccore\arm\debug\rec_mb.obj
e:\project\openh264\source_wp8\codec\build\windowsphone\dec\welsdeccore\arm\debug\pic_queue.obj
e:\project\openh264\source_wp8\codec\build\windowsphone\dec\welsdeccore\arm\debug\parse_mb_syn_cavlc.obj
e:\project\openh264\source_wp8\codec\build\windowsphone\dec\welsdeccore\arm\debug\parse_mb_syn_cabac.obj
e:\project\openh264\source_wp8\codec\build\windowsphone\dec\welsdeccore\arm\debug\mv_pred.obj
e:\project\openh264\source_wp8\codec\build\windowsphone\dec\welsdeccore\arm\debug\mem_align.obj
e:\project\openh264\source_wp8\codec\build\windowsphone\dec\welsdeccore\arm\debug\memmgr_nal_unit.obj
e:\project\openh264\source_wp8\codec\build\windowsphone\dec\welsdeccore\arm\debug\mc.obj
e:\project\openh264\source_wp8\codec\build\windowsphone\dec\welsdeccore\arm\debug\vc110.pdb
e:\project\openh264\source_wp8\bin\arm\debug\welsdcore.lib
e:\project\openh264\source_wp8\codec\build\windowsphone\dec\welsdeccore\arm\debug\welsdeccore.vcxprojresolveassemblyreference.cache
e:\project\openh264\source_wp8\codec\build\windowsphone\dec\welsdeccore\arm\debug\cl.command.1.tlog
e:\project\openh264\source_wp8\codec\build\windowsphone\dec\welsdeccore\arm\debug\cl.read.1.tlog
e:\project\openh264\source_wp8\codec\build\windowsphone\dec\welsdeccore\arm\debug\cl.write.1.tlog
e:\project\openh264\source_wp8\codec\build\windowsphone\dec\welsdeccore\arm\debug\lib-link.read.1.tlog
e:\project\openh264\source_wp8\codec\build\windowsphone\dec\welsdeccore\arm\debug\lib-link.write.1.tlog
e:\project\openh264\source_wp8\codec\build\windowsphone\dec\welsdeccore\arm\debug\lib.command.1.tlog
e:\project\openh264\source_wp8\codec\build\windowsphone\dec\welsdeccore\..\..\..\..\..\bin\arm\debug\welsdcore.lib
