Build started 1/20/2015 10:13:45 AM.
     1>Project "E:\Project\Openh264\Source_WP8\codec\build\windowsphone\all\WelsVPLip.vcxproj" on node 2 (Build target(s)).
     1>Building with tools version "12.0".
     1>Target "_CheckForInvalidConfigurationAndPlatform" in file "C:\Program Files (x86)\MSBuild\12.0\bin\Microsoft.Common.CurrentVersion.targets" from project "E:\Project\Openh264\Source_WP8\codec\build\windowsphone\all\WelsVPLip.vcxproj" (entry point):
       Task "Error" skipped, due to false condition; ( '$(_InvalidConfigurationError)' == 'true' ) was evaluated as ( '' == 'true' ).
       Task "Warning" skipped, due to false condition; ( '$(_InvalidConfigurationWarning)' == 'true' ) was evaluated as ( '' == 'true' ).
       Using "Message" task from assembly "Microsoft.Build.Tasks.v12.0, Version=12.0.0.0, Culture=neutral, PublicKeyToken=b03f5f7f11d50a3a".
       Task "Message"
         Configuration=Debug
       Done executing task "Message".
       Task "Message"
         Platform=ARM
       Done executing task "Message".
       Task "Error" skipped, due to false condition; ('$(OutDir)' != '' and !HasTrailingSlash('$(OutDir)')) was evaluated as ('..\..\..\..\bin\ARM\Debug\' != '' and !HasTrailingSlash('..\..\..\..\bin\ARM\Debug\')).
       Task "Error" skipped, due to false condition; ('$(BaseIntermediateOutputPath)' != '' and !HasTrailingSlash('$(BaseIntermediateOutputPath)')) was evaluated as ('obj\' != '' and !HasTrailingSlash('obj\')).
       Task "Error" skipped, due to false condition; ('$(IntermediateOutputPath)' != '' and !HasTrailingSlash('$(IntermediateOutputPath)')) was evaluated as ('ARM\Debug\' != '' and !HasTrailingSlash('ARM\Debug\')).
     1>Done building target "_CheckForInvalidConfigurationAndPlatform" in project "WelsVPLip.vcxproj".
     1>Target "MSBuild64BitCheck" in file "C:\Program Files (x86)\MSBuild\Microsoft\WindowsPhone\v8.0\Microsoft.Cpp.WindowsPhone.8.0.targets" from project "E:\Project\Openh264\Source_WP8\codec\build\windowsphone\all\WelsVPLip.vcxproj" (entry point):
       Task "Error" skipped, due to false condition; ('$([System.Environment]::Is64BitProcess)'=='True') was evaluated as ('False'=='True').
     1>Done building target "MSBuild64BitCheck" in project "WelsVPLip.vcxproj".
     1>Target "_PrepareForBuild" in file "C:\Program Files (x86)\MSBuild\Microsoft.Cpp\v4.0\V110\Microsoft.BuildSteps.Targets" from project "E:\Project\Openh264\Source_WP8\codec\build\windowsphone\all\WelsVPLip.vcxproj" (target "Build" depends on it):
       Task "CreateItem" skipped, due to false condition; ('%(CustomBuild.IncludeFileToTool)'!='') was evaluated as (''!='').
     1>Done building target "_PrepareForBuild" in project "WelsVPLip.vcxproj".
     1>Target "_PrepareForReferenceResolution" in file "C:\Program Files (x86)\MSBuild\Microsoft.Cpp\v4.0\V110\Microsoft.CppBuild.targets" from project "E:\Project\Openh264\Source_WP8\codec\build\windowsphone\all\WelsVPLip.vcxproj" (target "ResolveReferences" depends on it):
       Task "Message" skipped, due to false condition; ('$(_REFERENCE_DEBUG)'=='true') was evaluated as (''=='true').
     1>Done building target "_PrepareForReferenceResolution" in project "WelsVPLip.vcxproj".
       Target "ComputeCrtSDKReference" skipped, due to false condition; ('@(ClCompile)'!='' and '$(WindowsAppContainer)'=='true' and '$(UseCrtSDKReference)' != 'false') was evaluated as ('..\..\..\common\src\cpu.cpp;..\..\..\common\src\intra_pred_common.cpp;..\..\..\common\src\sad_common.cpp;..\..\..\common\src\WelsThreadLib.cpp;..\..\..\processing\src\adaptivequantization\AdaptiveQuantization.cpp;..\..\..\processing\src\backgrounddetection\BackgroundDetection.cpp;..\..\..\processing\src\common\memory.cpp;..\..\..\processing\src\common\WelsFrameWork.cpp;..\..\..\processing\src\common\WelsFrameWorkEx.cpp;..\..\..\processing\src\complexityanalysis\ComplexityAnalysis.cpp;..\..\..\processing\src\denoise\denoise.cpp;..\..\..\processing\src\denoise\denoise_filter.cpp;..\..\..\processing\src\downsample\downsample.cpp;..\..\..\processing\src\downsample\downsamplefuncs.cpp;..\..\..\processing\src\imagerotate\imagerotate.cpp;..\..\..\processing\src\imagerotate\imagerotatefuncs.cpp;..\..\..\processing\src\scenechangedetection\SceneChangeDetection.cpp;..\..\..\processing\src\scrolldetection\ScrollDetection.cpp;..\..\..\processing\src\scrolldetection\ScrollDetectionFuncs.cpp;..\..\..\processing\src\vaacalc\vaacalcfuncs.cpp;..\..\..\processing\src\vaacalc\vaacalculation.cpp'!='' and 'false'=='true' and 'false' != 'false').
     1>Target "BeforeResolveReferences" in file "C:\Program Files (x86)\MSBuild\12.0\bin\Microsoft.Common.CurrentVersion.targets" from project "E:\Project\Openh264\Source_WP8\codec\build\windowsphone\all\WelsVPLip.vcxproj" (target "ResolveReferences" depends on it):
     1>Done building target "BeforeResolveReferences" in project "WelsVPLip.vcxproj".
     1>Target "AssignProjectConfiguration" in file "C:\Program Files (x86)\MSBuild\12.0\bin\Microsoft.Common.CurrentVersion.targets" from project "E:\Project\Openh264\Source_WP8\codec\build\windowsphone\all\WelsVPLip.vcxproj" (target "ResolveReferences" depends on it):
       Using "AssignProjectConfiguration" task from assembly "Microsoft.Build.Tasks.v12.0, Version=12.0.0.0, Culture=neutral, PublicKeyToken=b03f5f7f11d50a3a".
       Task "AssignProjectConfiguration"
       Done executing task "AssignProjectConfiguration".
     1>Done building target "AssignProjectConfiguration" in project "WelsVPLip.vcxproj".
       Target "AssignProjectConfiguration" skipped. Previously built successfully.
     1>Target "_SplitProjectReferencesByFileExistence" in file "C:\Program Files (x86)\MSBuild\12.0\bin\Microsoft.Common.CurrentVersion.targets" from project "E:\Project\Openh264\Source_WP8\codec\build\windowsphone\all\WelsVPLip.vcxproj" (target "ResolveProjectReferences" depends on it):
       Task "ResolveNonMSBuildProjectOutput" skipped, due to false condition; ('$(BuildingInsideVisualStudio)'=='true' and '@(ProjectReferenceWithConfiguration)'!='') was evaluated as ('true'=='true' and ''!='').
     1>Done building target "_SplitProjectReferencesByFileExistence" in project "WelsVPLip.vcxproj".
       Target "_RemoveNameMetadataFromProjectReferenceItems" skipped, due to false condition; ('@(ProjectReference)'!='') was evaluated as (''!='').
     1>Target "ResolveProjectReferences" in file "C:\Program Files (x86)\MSBuild\12.0\bin\Microsoft.Common.CurrentVersion.targets" from project "E:\Project\Openh264\Source_WP8\codec\build\windowsphone\all\WelsVPLip.vcxproj" (target "ResolveReferences" depends on it):
       Task "MSBuild" skipped, due to false condition; ('%(_MSBuildProjectReferenceExistent.BuildReference)' == 'true' and '@(ProjectReferenceWithConfiguration)' != '' and ('$(BuildingInsideVisualStudio)' == 'true' or '$(BuildProjectReferences)' != 'true') and '$(VisualStudioVersion)' != '10.0' and '@(_MSBuildProjectReferenceExistent)' != '') was evaluated as ('' == 'true' and '' != '' and ('true' == 'true' or 'true' != 'true') and '12.0' != '10.0' and '' != '').
       Task "MSBuild" skipped, due to false condition; ('%(_MSBuildProjectReferenceExistent.BuildReference)' == 'true' and '@(ProjectReferenceWithConfiguration)' != '' and ('$(BuildingInsideVisualStudio)' == 'true' or '$(BuildProjectReferences)' != 'true') and '$(VisualStudioVersion)' == '10.0' and '@(_MSBuildProjectReferenceExistent)' != '') was evaluated as ('' == 'true' and '' != '' and ('true' == 'true' or 'true' != 'true') and '12.0' == '10.0' and '' != '').
       Task "MSBuild" skipped, due to false condition; ('%(_MSBuildProjectReferenceExistent.BuildReference)' == 'true' and '@(ProjectReferenceWithConfiguration)' != '' and '$(BuildingInsideVisualStudio)' != 'true' and '$(BuildProjectReferences)' == 'true' and '@(_MSBuildProjectReferenceExistent)' != '') was evaluated as ('' == 'true' and '' != '' and 'true' != 'true' and 'true' == 'true' and '' != '').
       Task "MSBuild" skipped, due to false condition; ('%(_MSBuildProjectReferenceExistent.BuildReference)' == 'true' and '@(ProjectReferenceWithConfiguration)' != '' and '$(BuildingProject)' == 'true' and '@(_MSBuildProjectReferenceExistent)' != '') was evaluated as ('' == 'true' and '' != '' and 'true' == 'true' and '' != '').
       Task "Warning" skipped, due to false condition; ('@(ProjectReferenceWithConfiguration)' != '' and '@(_MSBuildProjectReferenceNonexistent)' != '') was evaluated as ('' != '' and '' != '').
     1>Done building target "ResolveProjectReferences" in project "WelsVPLip.vcxproj".
       Target "FindInvalidProjectReferences" skipped, due to false condition; ('$(FindInvalidProjectReferences)' == 'true') was evaluated as ('' == 'true').
       Target "ResolveNativeReferences" skipped, due to false condition; ('@(NativeReference)'!='') was evaluated as (''!='').
       Target "_PrepareForReferenceResolution" skipped. Previously built successfully.
     1>Target "GetFrameworkPaths" in file "C:\Program Files (x86)\MSBuild\12.0\bin\Microsoft.NetFramework.CurrentVersion.targets" from project "E:\Project\Openh264\Source_WP8\codec\build\windowsphone\all\WelsVPLip.vcxproj" (target "ResolveAssemblyReferences" depends on it):
     1>Done building target "GetFrameworkPaths" in project "WelsVPLip.vcxproj".
       Target "GetWinFXPath" skipped, due to false condition; (('@(Page)' != '' or '@(ApplicationDefinition)' != '' or '@(Resource)' != '') and ('$(GetWinFXNativePath)' != '' or '$(GetWinFXWoWPath)' != '' )) was evaluated as (('' != '' or '' != '' or '' != '') and ('' != '' or '' != '' )).
     1>Target "GetReferenceAssemblyPaths" in file "C:\Program Files (x86)\MSBuild\12.0\bin\Microsoft.Common.CurrentVersion.targets" from project "E:\Project\Openh264\Source_WP8\codec\build\windowsphone\all\WelsVPLip.vcxproj" (target "ResolveAssemblyReferences" depends on it):
       Task "GetReferenceAssemblyPaths" skipped, due to false condition; ('$(TargetFrameworkMoniker)' != '' and ('$(_TargetFrameworkDirectories)' == '' or '$(_FullFrameworkReferenceAssemblyPaths)' == '')) was evaluated as ('' != '' and ('C:\Program Files (x86)\Reference Assemblies\Microsoft\Framework\.NETFramework\v4.0' == '' or 'C:\Program Files (x86)\Reference Assemblies\Microsoft\Framework\.NETFramework\v4.0' == '')).
     1>Done building target "GetReferenceAssemblyPaths" in project "WelsVPLip.vcxproj".
     1>Target "SetBuildDefaultEnvironmentVariables" in file "C:\Program Files (x86)\MSBuild\Microsoft.Cpp\v4.0\V120\Microsoft.Cpp.targets" from project "E:\Project\Openh264\Source_WP8\codec\build\windowsphone\all\WelsVPLip.vcxproj" (target "PrepareForBuild" depends on it):
       Using "SetEnv" task from assembly "C:\Program Files (x86)\MSBuild\Microsoft.Cpp\v4.0\V120\Microsoft.Build.CppTasks.Common.dll".
       Task "SetEnv"
         PATH=C:\Program Files (x86)\Microsoft Visual Studio 11.0\VC\WPSDK\WP80\bin\x86_arm;C:\Program Files (x86)\Microsoft Visual Studio 11.0\VC\WPSDK\WP80\bin;C:\Program Files (x86)\Windows Phone Kits\8.0\bin\x86;;C:\Program Files (x86)\Microsoft SDKs\Windows\v8.0A\bin\NETFX 4.0 Tools;C:\Program Files (x86)\Windows Kits\8.0\bin\arm;C:\Program Files (x86)\Windows Kits\8.0\bin\x86;C:\Program Files (x86)\Microsoft Visual Studio 11.0\Common7\Tools\bin;C:\Program Files (x86)\Microsoft Visual Studio 11.0\Common7\tools;C:\Program Files (x86)\Microsoft Visual Studio 11.0\Common7\ide;C:\Program Files (x86)\HTML Help Workshop;C:\Program Files (x86)\MSBuild\12.0\bin\;C:\Program Files (x86)\Microsoft Visual Studio 11.0\;C:\Windows\SysWow64;;C:\Program Files (x86)\Microsoft Visual Studio 12.0\Common7\IDE\CommonExtensions\Microsoft\TeamFoundation\Team Explorer\NativeBinaries/x86;C:\Windows\system32;C:\Windows;C:\Windows\System32\Wbem;C:\Windows\System32\WindowsPowerShell\v1.0\;C:\Program Files (x86)\Windows Kits\8.1\Windows Performance Toolkit\;C:\Program Files\Microsoft SQL Server\110\Tools\Binn\;C:\Program Files (x86)\Microsoft SDKs\TypeScript\1.0\;C:\Program Files\Microsoft SQL Server\120\Tools\Binn\;C:\Program Files\TortoiseSVN\bin;;C:\Windows\Microsoft.NET\Framework\v4.0.30319\;
       Done executing task "SetEnv".
       Task "SetEnv"
         LIB=C:\Program Files (x86)\Microsoft Visual Studio 11.0\VC\WPSDK\WP80\lib\arm;C:\Program Files (x86)\Windows Phone Kits\8.0\lib\arm;;
       Done executing task "SetEnv".
       Task "SetEnv"
         LIBPATH=C:\Program Files (x86)\Microsoft Visual Studio 11.0\VC\WPSDK\WP80\lib\arm
       Done executing task "SetEnv".
       Task "SetEnv"
         INCLUDE=C:\Program Files (x86)\Microsoft Visual Studio 11.0\VC\WPSDK\WP80\include;C:\Program Files (x86)\Windows Phone Kits\8.0\Include;C:\Program Files (x86)\Windows Phone Kits\8.0\Include\abi;C:\Program Files (x86)\Windows Phone Kits\8.0\Include\mincore;C:\Program Files (x86)\Windows Phone Kits\8.0\Include\minwin;C:\Program Files (x86)\Windows Phone Kits\8.0\Include\wrl;;
       Done executing task "SetEnv".
     1>Done building target "SetBuildDefaultEnvironmentVariables" in project "WelsVPLip.vcxproj".
       Target "SetUserMacroEnvironmentVariables" skipped, due to false condition; ('@(BuildMacro)' != '') was evaluated as ('' != '').
     1>Target "GetResolvedWinMD" in file "C:\Program Files (x86)\MSBuild\Microsoft.Cpp\v4.0\V110\Microsoft.CppBuild.targets" from project "E:\Project\Openh264\Source_WP8\codec\build\windowsphone\all\WelsVPLip.vcxproj" (target "PrepareForBuild" depends on it):
     1>Done building target "GetResolvedWinMD" in project "WelsVPLip.vcxproj".
     1>Target "PlatformPrepareForBuild" in file "C:\Program Files (x86)\MSBuild\Microsoft.Cpp\v4.0\V120\Microsoft.Cpp.Platform.targets" from project "E:\Project\Openh264\Source_WP8\codec\build\windowsphone\all\WelsVPLip.vcxproj" (target "PrepareForBuild" depends on it):
       Task "VCMessage" skipped, due to false condition; ('$(_Error64bitToolsNotInstalled)' == 'true') was evaluated as ('' == 'true').
       Task "VCMessage" skipped, due to false condition; ('$(ConfigurationPlatformExists)' != 'true') was evaluated as ('true' != 'true').
       Task "VCMessage" skipped, due to false condition; ('$(ToolsetTargetsFound)' != 'true') was evaluated as ('true' != 'true').
     1>Done building target "PlatformPrepareForBuild" in project "WelsVPLip.vcxproj".
       Target "PlatformPrepareForBuild" skipped. Previously built successfully.
       Target "GetFrameworkPaths" skipped. Previously built successfully.
       Target "GetReferenceAssemblyPaths" skipped. Previously built successfully.
       Target "AssignLinkMetadata" skipped, due to false condition; ( '$(SynthesizeLinkMetadata)' == 'true' ) was evaluated as ( '' == 'true' ).
     1>Target "SetCABuildNativeEnvironmentVariables" in file "C:\Program Files (x86)\MSBuild\Microsoft\VisualStudio\v12.0\CodeAnalysis\Microsoft.CodeAnalysis.targets" from project "E:\Project\Openh264\Source_WP8\codec\build\windowsphone\all\WelsVPLip.vcxproj" (target "PrepareForBuild" depends on it):
       Initializing task factory "CodeTaskFactory" from assembly "C:\Program Files (x86)\MSBuild\12.0\bin\Microsoft.Build.Tasks.v12.0.dll".
       Using "SetEnvironmentVariable" task from the task factory "Code Task Factory".
       Task "SetEnvironmentVariable"
       Done executing task "SetEnvironmentVariable".
     1>Done building target "SetCABuildNativeEnvironmentVariables" in project "WelsVPLip.vcxproj".
     1>Target "PrepareForBuild" in file "C:\Program Files (x86)\MSBuild\Microsoft.Cpp\v4.0\V110\Microsoft.CppBuild.targets" from project "E:\Project\Openh264\Source_WP8\codec\build\windowsphone\all\WelsVPLip.vcxproj" (target "ResolveAssemblyReferences" depends on it):
       Task "VCMessage" skipped, due to false condition; ('$(DesignTimeBuild)'!='true' and '$(ConfigurationPlatformExists)' != 'true') was evaluated as (''!='true' and 'true' != 'true').
       Using "MakeDir" task from assembly "Microsoft.Build.Tasks.v12.0, Version=12.0.0.0, Culture=neutral, PublicKeyToken=b03f5f7f11d50a3a".
       Task "MakeDir"
       Done executing task "MakeDir".
       Task "VCMessage" skipped, due to false condition; ('$(DesignTimeBuild)'!='true' and '$(WindowsAppContainer)'=='true' and '$(ConfigurationType)'!='Application' and '$(ConfigurationType)'!='DynamicLibrary' and '$(ConfigurationType)'!='StaticLibrary') was evaluated as (''!='true' and 'false'=='true' and 'StaticLibrary'!='Application' and 'StaticLibrary'!='DynamicLibrary' and 'StaticLibrary'!='StaticLibrary').
       Task "VCMessage" skipped, due to false condition; ('$(DesignTimeBuild)'!='true' and '$(VCInstallDir)'=='' and '$(UseEnv)' != 'true' and ($(TargetFrameworkVersion)=='v3.5' or $(TargetFrameworkVersion)=='v3.0' or $(TargetFrameworkVersion)=='v2.0' )) was evaluated as (''!='true' and 'C:\Program Files (x86)\Microsoft Visual Studio 11.0\VC\'=='' and '' != 'true' and (v4.0=='v3.5' or v4.0=='v3.0' or v4.0=='v2.0' )).
       Task "VCMessage" skipped, due to false condition; ('$(DesignTimeBuild)'!='true' and '$(VCInstallDir)'=='' and '$(UseEnv)' != 'true' and '$(PlatformToolset)'=='v90') was evaluated as (''!='true' and 'C:\Program Files (x86)\Microsoft Visual Studio 11.0\VC\'=='' and '' != 'true' and 'v110_wp80'=='v90').
       Task "VCMessage" skipped, due to false condition; ('$(VCInstallDir)'=='' and '$(UseEnv)' != 'true') was evaluated as ('C:\Program Files (x86)\Microsoft Visual Studio 11.0\VC\'=='' and '' != 'true').
       Task "VCMessage" skipped, due to false condition; ('$(WindowsSDKDir)'=='' and '$(UseEnv)' != 'true') was evaluated as ('C:\Program Files (x86)\Windows Phone Kits\8.0\'=='' and '' != 'true').
       Task "VCMessage" skipped, due to false condition; ('$(IntDirTrailingSlashWarning)'=='true') was evaluated as (''=='true').
       Task "VCMessage" skipped, due to false condition; ('$(OutDirTrailingSlashWarning)'=='true') was evaluated as (''=='true').
       Task "VCMessage" skipped, due to false condition; ('%(CompatibilityIssues.Identity)' != '' and '$(DesignTimeBuild)'!='true') was evaluated as ('' != '' and ''!='true').
       Task "MakeDir"
       Done executing task "MakeDir".
     1>Done building target "PrepareForBuild" in project "WelsVPLip.vcxproj".
       Target "_PrepareForReferenceResolution" skipped. Previously built successfully.
       Target "ComputeCrtSDKReference" skipped, due to false condition; ('@(ClCompile)'!='' and '$(WindowsAppContainer)'=='true' and '$(UseCrtSDKReference)' != 'false') was evaluated as ('..\..\..\common\src\cpu.cpp;..\..\..\common\src\intra_pred_common.cpp;..\..\..\common\src\sad_common.cpp;..\..\..\common\src\WelsThreadLib.cpp;..\..\..\processing\src\adaptivequantization\AdaptiveQuantization.cpp;..\..\..\processing\src\backgrounddetection\BackgroundDetection.cpp;..\..\..\processing\src\common\memory.cpp;..\..\..\processing\src\common\WelsFrameWork.cpp;..\..\..\processing\src\common\WelsFrameWorkEx.cpp;..\..\..\processing\src\complexityanalysis\ComplexityAnalysis.cpp;..\..\..\processing\src\denoise\denoise.cpp;..\..\..\processing\src\denoise\denoise_filter.cpp;..\..\..\processing\src\downsample\downsample.cpp;..\..\..\processing\src\downsample\downsamplefuncs.cpp;..\..\..\processing\src\imagerotate\imagerotate.cpp;..\..\..\processing\src\imagerotate\imagerotatefuncs.cpp;..\..\..\processing\src\scenechangedetection\SceneChangeDetection.cpp;..\..\..\processing\src\scrolldetection\ScrollDetection.cpp;..\..\..\processing\src\scrolldetection\ScrollDetectionFuncs.cpp;..\..\..\processing\src\vaacalc\vaacalcfuncs.cpp;..\..\..\processing\src\vaacalc\vaacalculation.cpp'!='' and 'false'=='true' and 'false' != 'false').
     1>Target "GetInstalledSDKLocations" in file "C:\Program Files (x86)\MSBuild\12.0\bin\Microsoft.Common.CurrentVersion.targets" from project "E:\Project\Openh264\Source_WP8\codec\build\windowsphone\all\WelsVPLip.vcxproj" (target "ResolveSDKReferences" depends on it):
       Task "GetInstalledSDKLocations" skipped, due to false condition; ('@(SDKReference)' != '') was evaluated as ('' != '').
     1>Done building target "GetInstalledSDKLocations" in project "WelsVPLip.vcxproj".
     1>Target "ResolveSDKReferences" in file "C:\Program Files (x86)\MSBuild\12.0\bin\Microsoft.Common.CurrentVersion.targets" from project "E:\Project\Openh264\Source_WP8\codec\build\windowsphone\all\WelsVPLip.vcxproj" (target "ResolveAssemblyReferences" depends on it):
       Task "ResolveSDKReference" skipped, due to false condition; ('@(SDKReference)'!='') was evaluated as (''!='').
     1>Done building target "ResolveSDKReferences" in project "WelsVPLip.vcxproj".
       Target "ResolveSDKReferences" skipped. Previously built successfully.
     1>Target "ExpandSDKReferences" in file "C:\Program Files (x86)\MSBuild\12.0\bin\Microsoft.Common.CurrentVersion.targets" from project "E:\Project\Openh264\Source_WP8\codec\build\windowsphone\all\WelsVPLip.vcxproj" (target "ResolveAssemblyReferences" depends on it):
       Task "GetSDKReferenceFiles" skipped, due to false condition; ('@(ResolvedSDKReference)'!='') was evaluated as (''!='').
     1>Done building target "ExpandSDKReferences" in project "WelsVPLip.vcxproj".
     1>Target "ResolveAssemblyReferences" in file "C:\Program Files (x86)\MSBuild\12.0\bin\Microsoft.Common.CurrentVersion.targets" from project "E:\Project\Openh264\Source_WP8\codec\build\windowsphone\all\WelsVPLip.vcxproj" (target "ResolveReferences" depends on it):
       Using "ResolveAssemblyReference" task from assembly "Microsoft.Build.Tasks.v12.0, Version=12.0.0.0, Culture=neutral, PublicKeyToken=b03f5f7f11d50a3a".
       Task "ResolveAssemblyReference"
         TargetFrameworkMoniker:
             
         TargetFrameworkMonikerDisplayName:
             .NET Framework 4
         TargetedRuntimeVersion:
             v4.0.30319
         Assemblies:
             Windows
             platform.winmd
                 Private = 'false'
         AssemblyFiles:
         CandidateAssemblyFiles:
         TargetFrameworkDirectories:
             C:\Program Files (x86)\Reference Assemblies\Microsoft\Framework\.NETFramework\v4.0,C:\Program Files (x86)\Windows Phone Kits\8.0\Windows Metadata
         InstalledAssemblyTables:
         IgnoreInstalledAssemblyTable:
             False
         SearchPaths:
             {CandidateAssemblyFiles}
             C:\Program Files (x86)\Microsoft Visual Studio 11.0\VC\WPSDK\WP80\lib\arm
             {HintPathFromItem}
             {TargetFrameworkDirectory}
             {Registry:Software\Microsoft\.NETFramework,v4.0,AssemblyFoldersEx}
             {AssemblyFolders}
             {GAC}
             {RawFileName}
             ..\..\..\..\bin\ARM\Debug\
         AllowedAssemblyExtensions:
             .winmd
             .dll
             .exe
         AllowedRelatedFileExtensions:
             .pdb
             .xml
             .pri
         AppConfigFile:
             
         AutoUnify:
             True
         CopyLocalDependenciesWhenParentReferenceInGac:
             True
         FindDependencies:
             False
         TargetProcessorArchitecture:
             arm
         StateFile:
             ARM\Debug\WelsVPLip.vcxprojResolveAssemblyReference.cache
         InstalledAssemblySubsetTables:
         IgnoreInstalledAssemblySubsetTable:
             False
         TargetFrameworkSubsets:
         FullTargetFrameworkSubsetNames:
             Full
         ProfileName:
             
         FullFrameworkFolders:
             C:\Program Files (x86)\Reference Assemblies\Microsoft\Framework\.NETFramework\v4.0
         LatestTargetFrameworkDirectories:
         ProfileTablesLocation:
         Primary reference "Windows, Version=255.255.255.255, Culture=neutral, PublicKeyToken=null, ContentType=WindowsRuntime".
             Resolved file path is "C:\Program Files (x86)\Windows Phone Kits\8.0\Windows Metadata\Windows.winmd".
             Reference found at search path location "{TargetFrameworkDirectory}".
                 For SearchPath "C:\Program Files (x86)\Microsoft Visual Studio 11.0\VC\WPSDK\WP80\lib\arm".
                 Considered "C:\Program Files (x86)\Microsoft Visual Studio 11.0\VC\WPSDK\WP80\lib\arm\Windows.winmd", but it didn't exist.
                 Considered "C:\Program Files (x86)\Microsoft Visual Studio 11.0\VC\WPSDK\WP80\lib\arm\Windows.dll", but it didn't exist.
                 Considered "C:\Program Files (x86)\Microsoft Visual Studio 11.0\VC\WPSDK\WP80\lib\arm\Windows.exe", but it didn't exist.
                 For SearchPath "{TargetFrameworkDirectory}".
                 Considered "C:\Program Files (x86)\Reference Assemblies\Microsoft\Framework\.NETFramework\v4.0\Windows.winmd", but it didn't exist.
                 Considered "C:\Program Files (x86)\Reference Assemblies\Microsoft\Framework\.NETFramework\v4.0\Windows.dll", but it didn't exist.
                 Considered "C:\Program Files (x86)\Reference Assemblies\Microsoft\Framework\.NETFramework\v4.0\Windows.exe", but it didn't exist.
             This reference is not "CopyLocal" because it's in a Frameworks directory.
             The ImageRuntimeVersion for this reference is "WindowsRuntime 1.2".
             This reference is a WinMDFile.
         Primary reference "platform, Version=255.255.255.255, Culture=neutral, PublicKeyToken=null, ContentType=WindowsRuntime".
             Resolved file path is "C:\Program Files (x86)\Microsoft Visual Studio 11.0\VC\WPSDK\WP80\lib\arm\platform.winmd".
             Reference found at search path location "C:\Program Files (x86)\Microsoft Visual Studio 11.0\VC\WPSDK\WP80\lib\arm".
                 For SearchPath "C:\Program Files (x86)\Microsoft Visual Studio 11.0\VC\WPSDK\WP80\lib\arm".
                 Considered "C:\Program Files (x86)\Microsoft Visual Studio 11.0\VC\WPSDK\WP80\lib\arm\platform.winmd.winmd", but it didn't exist.
                 Considered "C:\Program Files (x86)\Microsoft Visual Studio 11.0\VC\WPSDK\WP80\lib\arm\platform.winmd.dll", but it didn't exist.
                 Considered "C:\Program Files (x86)\Microsoft Visual Studio 11.0\VC\WPSDK\WP80\lib\arm\platform.winmd.exe", but it didn't exist.
             This reference is not "CopyLocal" because at least one source item had "Private" set to "false" and no source items had "Private" set to "true".
             The ImageRuntimeVersion for this reference is "WindowsRuntime 1.2;Native code 1.2".
             This reference is a WinMDFile.
       Done executing task "ResolveAssemblyReference".
     1>Done building target "ResolveAssemblyReferences" in project "WelsVPLip.vcxproj".
       Target "GenerateBindingRedirects" skipped, due to false condition; ('$(AutoGenerateBindingRedirects)' == 'true' and '$(GenerateBindingRedirectsOutputType)' == 'true') was evaluated as ('' == 'true' and '' == 'true').
       Target "GenerateBindingRedirectsUpdateAppConfig" skipped, due to false condition; ('$(AutoGenerateBindingRedirects)' == 'true' and '$(GenerateBindingRedirectsOutputType)' == 'true' and Exists('$(_GenerateBindingRedirectsIntermediateAppConfig)')) was evaluated as ('' == 'true' and '' == 'true' and Exists('ARM\Debug\WelsVPLip.vcxproj.welsvp.lib.config')).
       Target "ResolveComReferences" skipped, due to false condition; ('@(COMReference)'!='' or '@(COMFileReference)'!='') was evaluated as (''!='' or ''!='').
     1>Target "AfterResolveReferences" in file "C:\Program Files (x86)\MSBuild\12.0\bin\Microsoft.Common.CurrentVersion.targets" from project "E:\Project\Openh264\Source_WP8\codec\build\windowsphone\all\WelsVPLip.vcxproj" (target "ResolveReferences" depends on it):
     1>Done building target "AfterResolveReferences" in project "WelsVPLip.vcxproj".
       Target "ImplicitlyExpandDesignTimeFacades" skipped, due to false condition; ('$(ImplicitlyExpandDesignTimeFacades)' == 'true') was evaluated as ('' == 'true').
       Target "ResolveTestReferences" skipped, due to false condition; ('@(Shadow)'!='') was evaluated as (''!='').
     1>Target "ResolveReferences" in file "C:\Program Files (x86)\MSBuild\12.0\bin\Microsoft.Common.CurrentVersion.targets" from project "E:\Project\Openh264\Source_WP8\codec\build\windowsphone\all\WelsVPLip.vcxproj" (target "Build" depends on it):
     1>Done building target "ResolveReferences" in project "WelsVPLip.vcxproj".
       Target "PrepareForBuild" skipped. Previously built successfully.
       Target "PrepareForBuild" skipped. Previously built successfully.
     1>Target "InitializeBuildStatus" in file "C:\Program Files (x86)\MSBuild\Microsoft.Cpp\v4.0\V110\Microsoft.CppBuild.targets" from project "E:\Project\Openh264\Source_WP8\codec\build\windowsphone\all\WelsVPLip.vcxproj" (target "Build" depends on it):
       Using "ReadLinesFromFile" task from assembly "Microsoft.Build.Tasks.v12.0, Version=12.0.0.0, Culture=neutral, PublicKeyToken=b03f5f7f11d50a3a".
       Task "ReadLinesFromFile"
       Done executing task "ReadLinesFromFile".
       Using "WriteLinesToFile" task from assembly "Microsoft.Build.Tasks.v12.0, Version=12.0.0.0, Culture=neutral, PublicKeyToken=b03f5f7f11d50a3a".
       Task "WriteLinesToFile"
       Done executing task "WriteLinesToFile".
       Using "Touch" task from assembly "Microsoft.Build.Tasks.v12.0, Version=12.0.0.0, Culture=neutral, PublicKeyToken=b03f5f7f11d50a3a".
       Task "Touch"
         Creating "ARM\Debug\WelsVPLip.unsuccessfulbuild" because "AlwaysCreate" was specified.
       Done executing task "Touch".
     1>Done building target "InitializeBuildStatus" in project "WelsVPLip.vcxproj".
       Target "AssignProjectConfiguration" skipped. Previously built successfully.
       Target "_SplitProjectReferencesByFileExistence" skipped. Previously built successfully.
     1>Target "BuildGenerateSourcesTraverse" in file "C:\Program Files (x86)\MSBuild\12.0\bin\Microsoft.Common.CurrentVersion.targets" from project "E:\Project\Openh264\Source_WP8\codec\build\windowsphone\all\WelsVPLip.vcxproj" (target "BuildGenerateSources" depends on it):
       Task "MSBuild" skipped, due to false condition; ('$(BuildPassReferences)' == 'true' and '@(ProjectReferenceWithConfiguration)' != '' and '@(_MSBuildProjectReferenceExistent)' != '' and '%(_MSBuildProjectReferenceExistent.BuildReference)' == 'true') was evaluated as ('' == 'true' and '' != '' and '' != '' and '' == 'true').
     1>Done building target "BuildGenerateSourcesTraverse" in project "WelsVPLip.vcxproj".
       Target "PrepareForBuild" skipped. Previously built successfully.
       Target "ResolveReferences" skipped. Previously built successfully.
     1>Target "BeforeBuildGenerateSources" in file "C:\Program Files (x86)\MSBuild\Microsoft.Cpp\v4.0\V110\Microsoft.BuildSteps.Targets" from project "E:\Project\Openh264\Source_WP8\codec\build\windowsphone\all\WelsVPLip.vcxproj" (target "_BuildGenerateSourcesAction" depends on it):
     1>Done building target "BeforeBuildGenerateSources" in project "WelsVPLip.vcxproj".
     1>Target "PreBuildEvent" in file "C:\Program Files (x86)\MSBuild\Microsoft.Cpp\v4.0\V110\Microsoft.CppCommon.targets" from project "E:\Project\Openh264\Source_WP8\codec\build\windowsphone\all\WelsVPLip.vcxproj" (target "_BuildGenerateSourcesAction" depends on it):
       Task "Message" skipped, due to false condition; ('%(PreBuildEvent.Message)' != '' and '%(PreBuildEvent.Command)' != '') was evaluated as ('' != '' and '' != '').
       Task "Exec" skipped, due to false condition; ('%(PreBuildEvent.Command)' != '') was evaluated as ('' != '').
     1>Done building target "PreBuildEvent" in project "WelsVPLip.vcxproj".
       Target "CustomBuild" skipped, due to false condition; ('@(CustomBuild)' != '') was evaluated as ('' != '').
       Target "FxCompile" skipped, due to false condition; ('@(FxCompile)' != '') was evaluated as ('' != '').
       Target "Xsd" skipped, due to false condition; ('@(Xsd)' != '') was evaluated as ('' != '').
     1>Target "_Xsd" in file "C:\Program Files (x86)\MSBuild\Microsoft.Cpp\v4.0\V110\Microsoft.CppBuild.targets" from project "E:\Project\Openh264\Source_WP8\codec\build\windowsphone\all\WelsVPLip.vcxproj" (target "_BuildGenerateSourcesAction" depends on it):
     1>Done building target "_Xsd" in project "WelsVPLip.vcxproj".
     1>Target "MakeDirsForMidl" in file "C:\Program Files (x86)\MSBuild\Microsoft.Cpp\v4.0\V110\Microsoft.CppBuild.targets" from project "E:\Project\Openh264\Source_WP8\codec\build\windowsphone\all\WelsVPLip.vcxproj" (target "_Midl" depends on it):
       Task "Makedir"
       Done executing task "Makedir".
     1>Done building target "MakeDirsForMidl" in project "WelsVPLip.vcxproj".
       Target "Midl" skipped, due to false condition; ('@(Midl)' != '') was evaluated as ('' != '').
       Target "CustomBuild" skipped, due to false condition; ('@(CustomBuild)' != '') was evaluated as ('' != '').
       Target "FxCompile" skipped, due to false condition; ('@(FxCompile)' != '') was evaluated as ('' != '').
     1>Target "ComputeMIDLGeneratedCompileInputs" in file "C:\Program Files (x86)\MSBuild\Microsoft.Cpp\v4.0\V110\Microsoft.CppBuild.targets" from project "E:\Project\Openh264\Source_WP8\codec\build\windowsphone\all\WelsVPLip.vcxproj" (target "_Midl" depends on it):
     1>Done building target "ComputeMIDLGeneratedCompileInputs" in project "WelsVPLip.vcxproj".
     1>Target "AfterMidl" in file "C:\Program Files (x86)\MSBuild\Microsoft.Cpp\v4.0\V110\Microsoft.CppBuild.targets" from project "E:\Project\Openh264\Source_WP8\codec\build\windowsphone\all\WelsVPLip.vcxproj" (target "_Midl" depends on it):
     1>Done building target "AfterMidl" in project "WelsVPLip.vcxproj".
     1>Target "_Midl" in file "C:\Program Files (x86)\MSBuild\Microsoft.Cpp\v4.0\V110\Microsoft.CppBuild.targets" from project "E:\Project\Openh264\Source_WP8\codec\build\windowsphone\all\WelsVPLip.vcxproj" (target "_BuildGenerateSourcesAction" depends on it):
     1>Done building target "_Midl" in project "WelsVPLip.vcxproj".
     1>Target "AfterBuildGenerateSources" in file "C:\Program Files (x86)\MSBuild\Microsoft.Cpp\v4.0\V110\Microsoft.BuildSteps.Targets" from project "E:\Project\Openh264\Source_WP8\codec\build\windowsphone\all\WelsVPLip.vcxproj" (target "_BuildGenerateSourcesAction" depends on it):
     1>Done building target "AfterBuildGenerateSources" in project "WelsVPLip.vcxproj".
     1>Target "AfterBuildGenerateSourcesEvent" in file "C:\Program Files (x86)\MSBuild\Microsoft.Cpp\v4.0\V110\Microsoft.CppBuild.targets" from project "E:\Project\Openh264\Source_WP8\codec\build\windowsphone\all\WelsVPLip.vcxproj" (target "_BuildGenerateSourcesAction" depends on it):
     1>Done building target "AfterBuildGenerateSourcesEvent" in project "WelsVPLip.vcxproj".
     1>Target "_BuildGenerateSourcesAction" in file "C:\Program Files (x86)\MSBuild\Microsoft.Cpp\v4.0\V110\Microsoft.CppBuild.targets" from project "E:\Project\Openh264\Source_WP8\codec\build\windowsphone\all\WelsVPLip.vcxproj" (target "BuildGenerateSources" depends on it):
     1>Done building target "_BuildGenerateSourcesAction" in project "WelsVPLip.vcxproj".
     1>Target "BuildGenerateSources" in file "C:\Program Files (x86)\MSBuild\12.0\bin\Microsoft.Common.CurrentVersion.targets" from project "E:\Project\Openh264\Source_WP8\codec\build\windowsphone\all\WelsVPLip.vcxproj" (target "Build" depends on it):
     1>Done building target "BuildGenerateSources" in project "WelsVPLip.vcxproj".
       Target "AssignProjectConfiguration" skipped. Previously built successfully.
       Target "_SplitProjectReferencesByFileExistence" skipped. Previously built successfully.
     1>Target "BuildCompileTraverse" in file "C:\Program Files (x86)\MSBuild\12.0\bin\Microsoft.Common.CurrentVersion.targets" from project "E:\Project\Openh264\Source_WP8\codec\build\windowsphone\all\WelsVPLip.vcxproj" (target "BuildCompile" depends on it):
       Task "MSBuild" skipped, due to false condition; ('$(BuildPassReferences)' == 'true' and '@(ProjectReferenceWithConfiguration)' != '' and '@(_MSBuildProjectReferenceExistent)' != ''  and '%(_MSBuildProjectReferenceExistent.BuildReference)' == 'true') was evaluated as ('' == 'true' and '' != '' and '' != ''  and '' == 'true').
     1>Done building target "BuildCompileTraverse" in project "WelsVPLip.vcxproj".
       Target "PrepareForBuild" skipped. Previously built successfully.
       Target "ResolveReferences" skipped. Previously built successfully.
     1>Target "BeforeClCompile" in file "C:\Program Files (x86)\MSBuild\Microsoft.Cpp\v4.0\V110\Microsoft.CppBuild.targets" from project "E:\Project\Openh264\Source_WP8\codec\build\windowsphone\all\WelsVPLip.vcxproj" (target "_ClCompile" depends on it):
     1>Done building target "BeforeClCompile" in project "WelsVPLip.vcxproj".
       Target "ComputeMIDLGeneratedCompileInputs" skipped. Previously built successfully.
     1>Target "ComputeCLInputPDBName" in file "C:\Program Files (x86)\MSBuild\Microsoft.Cpp\v4.0\V110\Microsoft.CppBuild.targets" from project "E:\Project\Openh264\Source_WP8\codec\build\windowsphone\all\WelsVPLip.vcxproj" (target "_ClCompile" depends on it):
     1>Done building target "ComputeCLInputPDBName" in project "WelsVPLip.vcxproj".
       Target "ResolveReferences" skipped. Previously built successfully.
     1>Target "ComputeReferenceCLInput" in file "C:\Program Files (x86)\MSBuild\Microsoft.Cpp\v4.0\V110\Microsoft.CppBuild.targets" from project "E:\Project\Openh264\Source_WP8\codec\build\windowsphone\all\WelsVPLip.vcxproj" (target "_ClCompile" depends on it):
       Task "WriteLinesToFile" skipped, due to false condition; (('@(_ReferenceCopyLocalPaths)'!='') and '$(DesignTimeBuild)' != 'true') was evaluated as ((''!='') and '' != 'true').
       Task "Message" skipped, due to false condition; ('$(_REFERENCE_DEBUG)'=='true') was evaluated as (''=='true').
     1>Done building target "ComputeReferenceCLInput" in project "WelsVPLip.vcxproj".
     1>Target "MakeDirsForCl" in file "C:\Program Files (x86)\MSBuild\Microsoft.Cpp\v4.0\V110\Microsoft.CppBuild.targets" from project "E:\Project\Openh264\Source_WP8\codec\build\windowsphone\all\WelsVPLip.vcxproj" (target "_ClCompile" depends on it):
       Task "MakeDir"
       Done executing task "MakeDir".
     1>Done building target "MakeDirsForCl" in project "WelsVPLip.vcxproj".
       Target "PrepareForBuild" skipped. Previously built successfully.
       Target "SetBuildDefaultEnvironmentVariables" skipped. Previously built successfully.
       Target "SetUserMacroEnvironmentVariables" skipped, due to false condition; ('@(BuildMacro)' != '') was evaluated as ('' != '').
     1>Target "_SelectedFiles" in file "C:\Program Files (x86)\MSBuild\Microsoft.Cpp\v4.0\V110\Microsoft.CppBuild.targets" from project "E:\Project\Openh264\Source_WP8\codec\build\windowsphone\all\WelsVPLip.vcxproj" (target "SelectClCompile" depends on it):
     1>Done building target "_SelectedFiles" in project "WelsVPLip.vcxproj".
       Target "ComputeMIDLGeneratedCompileInputs" skipped. Previously built successfully.
       Target "ComputeCLInputPDBName" skipped. Previously built successfully.
       Target "ComputeReferenceCLInput" skipped. Previously built successfully.
       Target "_SelectedFiles" skipped. Previously built successfully.
     1>Target "SelectCustomBuild" in file "C:\Program Files (x86)\MSBuild\Microsoft.Cpp\v4.0\V110\Microsoft.CppBuild.targets" from project "E:\Project\Openh264\Source_WP8\codec\build\windowsphone\all\WelsVPLip.vcxproj" (target "SelectClCompile" depends on it):
     1>Done building target "SelectCustomBuild" in project "WelsVPLip.vcxproj".
     1>Target "SelectClCompile" in file "C:\Program Files (x86)\MSBuild\Microsoft.Cpp\v4.0\V110\Microsoft.CppBuild.targets" from project "E:\Project\Openh264\Source_WP8\codec\build\windowsphone\all\WelsVPLip.vcxproj" (target "ClCompile" depends on it):
     1>Done building target "SelectClCompile" in project "WelsVPLip.vcxproj".
       Target "GenerateTargetFrameworkMonikerAttribute" skipped, due to false condition; ('$(GenerateTargetFrameworkAttribute)' == 'true') was evaluated as ('false' == 'true').
       Target "ManagedIncrementalBuildPreProcessDependencyGraph" skipped, due to false condition; ('@(ClCompile)' != '' and '$(EnableManagedIncrementalBuild)' == 'True') was evaluated as ('..\..\..\common\src\cpu.cpp;..\..\..\common\src\intra_pred_common.cpp;..\..\..\common\src\sad_common.cpp;..\..\..\common\src\WelsThreadLib.cpp;..\..\..\processing\src\adaptivequantization\AdaptiveQuantization.cpp;..\..\..\processing\src\backgrounddetection\BackgroundDetection.cpp;..\..\..\processing\src\common\memory.cpp;..\..\..\processing\src\common\WelsFrameWork.cpp;..\..\..\processing\src\common\WelsFrameWorkEx.cpp;..\..\..\processing\src\complexityanalysis\ComplexityAnalysis.cpp;..\..\..\processing\src\denoise\denoise.cpp;..\..\..\processing\src\denoise\denoise_filter.cpp;..\..\..\processing\src\downsample\downsample.cpp;..\..\..\processing\src\downsample\downsamplefuncs.cpp;..\..\..\processing\src\imagerotate\imagerotate.cpp;..\..\..\processing\src\imagerotate\imagerotatefuncs.cpp;..\..\..\processing\src\scenechangedetection\SceneChangeDetection.cpp;..\..\..\processing\src\scrolldetection\ScrollDetection.cpp;..\..\..\processing\src\scrolldetection\ScrollDetectionFuncs.cpp;..\..\..\processing\src\vaacalc\vaacalcfuncs.cpp;..\..\..\processing\src\vaacalc\vaacalculation.cpp' != '' and 'false' == 'True').
     1>Target "ClCompile" in file "C:\Program Files (x86)\MSBuild\Microsoft.Cpp\v4.0\V110\Microsoft.CppCommon.targets" from project "E:\Project\Openh264\Source_WP8\codec\build\windowsphone\all\WelsVPLip.vcxproj" (target "_ClCompile" depends on it):
       Using "Delete" task from assembly "Microsoft.Build.Tasks.v12.0, Version=12.0.0.0, Culture=neutral, PublicKeyToken=b03f5f7f11d50a3a".
       Task "Delete"
       Done executing task "Delete".
       Task "CL" skipped, due to false condition; ('%(ClCompile.PrecompiledHeader)' == 'Create' and '%(ClCompile.ExcludedFromBuild)'!='true' and '%(ClCompile.CompilerIteration)' == '') was evaluated as ('NotUsing' == 'Create' and ''!='true' and '' == '').
       Using "CL" task from assembly "Microsoft.Build.CppTasks.Common.v110, Version=4.0.0.0, Culture=neutral, PublicKeyToken=b03f5f7f11d50a3a".
       Task "CL"
         Forcing recompile of all source files due to missing PDB "ARM\Debug\vc110.pdb".
         Environment Variables passed to tool:
           VS_UNICODE_OUTPUT=1020
         C:\Program Files (x86)\Microsoft Visual Studio 11.0\VC\WPSDK\WP80\bin\x86_arm\CL.exe /c /I..\..\..\processing\src\common /I..\..\..\processing\interface /I..\..\..\common\inc /AI"C:\Program Files (x86)\Windows Phone Kits\8.0\Windows Metadata" /Zi /ZW /nologo /W1 /WX- /Od /Oy- /D _LIB /D WINAPI_FAMILY=WINAPI_FAMILY_PHONE_APP /Gm- /EHsc /RTC1 /MDd /GS /fp:precise /Zc:wchar_t /Zc:forScope /Fo"ARM\Debug\\" /Fd"ARM\Debug\vc110.pdb" /Gd /TP /FU"C:\Program Files (x86)\Microsoft Visual Studio 11.0\VC\WPSDK\WP80\lib\arm\platform.winmd" /FU"C:\Program Files (x86)\Windows Phone Kits\8.0\Windows Metadata\Windows.winmd" /analyze- /errorReport:prompt ..\..\..\common\src\cpu.cpp ..\..\..\common\src\intra_pred_common.cpp ..\..\..\common\src\sad_common.cpp ..\..\..\common\src\WelsThreadLib.cpp ..\..\..\processing\src\adaptivequantization\AdaptiveQuantization.cpp ..\..\..\processing\src\backgrounddetection\BackgroundDetection.cpp ..\..\..\processing\src\common\memory.cpp ..\..\..\processing\src\common\WelsFrameWork.cpp ..\..\..\processing\src\common\WelsFrameWorkEx.cpp ..\..\..\processing\src\complexityanalysis\ComplexityAnalysis.cpp ..\..\..\processing\src\denoise\denoise.cpp ..\..\..\processing\src\denoise\denoise_filter.cpp ..\..\..\processing\src\downsample\downsample.cpp ..\..\..\processing\src\downsample\downsamplefuncs.cpp ..\..\..\processing\src\imagerotate\imagerotate.cpp ..\..\..\processing\src\imagerotate\imagerotatefuncs.cpp ..\..\..\processing\src\scenechangedetection\SceneChangeDetection.cpp ..\..\..\processing\src\scrolldetection\ScrollDetection.cpp ..\..\..\processing\src\scrolldetection\ScrollDetectionFuncs.cpp ..\..\..\processing\src\vaacalc\vaacalcfuncs.cpp ..\..\..\processing\src\vaacalc\vaacalculation.cpp
         Tracking command:
         C:\Program Files (x86)\Microsoft SDKs\Windows\v8.0A\bin\NETFX 4.0 Tools\Tracker.exe /d C:\Windows\Microsoft.NET\Framework\v4.0.30319\FileTracker.dll /i E:\Project\Openh264\Source_WP8\codec\build\windowsphone\all\ARM\Debug /r "E:\PROJECT\OPENH264\SOURCE_WP8\CODEC\COMMON\SRC\CPU.CPP|E:\PROJECT\OPENH264\SOURCE_WP8\CODEC\COMMON\SRC\INTRA_PRED_COMMON.CPP|E:\PROJECT\OPENH264\SOURCE_WP8\CODEC\COMMON\SRC\SAD_COMMON.CPP|E:\PROJECT\OPENH264\SOURCE_WP8\CODEC\COMMON\SRC\WELSTHREADLIB.CPP|E:\PROJECT\OPENH264\SOURCE_WP8\CODEC\PROCESSING\SRC\ADAPTIVEQUANTIZATION\ADAPTIVEQUANTIZATION.CPP|E:\PROJECT\OPENH264\SOURCE_WP8\CODEC\PROCESSING\SRC\BACKGROUNDDETECTION\BACKGROUNDDETECTION.CPP|E:\PROJECT\OPENH264\SOURCE_WP8\CODEC\PROCESSING\SRC\COMMON\MEMORY.CPP|E:\PROJECT\OPENH264\SOURCE_WP8\CODEC\PROCESSING\SRC\COMMON\WELSFRAMEWORK.CPP|E:\PROJECT\OPENH264\SOURCE_WP8\CODEC\PROCESSING\SRC\COMMON\WELSFRAMEWORKEX.CPP|E:\PROJECT\OPENH264\SOURCE_WP8\CODEC\PROCESSING\SRC\COMPLEXITYANALYSIS\COMPLEXITYANALYSIS.CPP|E:\PROJECT\OPENH264\SOURCE_WP8\CODEC\PROCESSING\SRC\DENOISE\DENOISE.CPP|E:\PROJECT\OPENH264\SOURCE_WP8\CODEC\PROCESSING\SRC\DENOISE\DENOISE_FILTER.CPP|E:\PROJECT\OPENH264\SOURCE_WP8\CODEC\PROCESSING\SRC\DOWNSAMPLE\DOWNSAMPLE.CPP|E:\PROJECT\OPENH264\SOURCE_WP8\CODEC\PROCESSING\SRC\DOWNSAMPLE\DOWNSAMPLEFUNCS.CPP|E:\PROJECT\OPENH264\SOURCE_WP8\CODEC\PROCESSING\SRC\IMAGEROTATE\IMAGEROTATE.CPP|E:\PROJECT\OPENH264\SOURCE_WP8\CODEC\PROCESSING\SRC\IMAGEROTATE\IMAGEROTATEFUNCS.CPP|E:\PROJECT\OPENH264\SOURCE_WP8\CODEC\PROCESSING\SRC\SCENECHANGEDETECTION\SCENECHANGEDETECTION.CPP|E:\PROJECT\OPENH264\SOURCE_WP8\CODEC\PROCESSING\SRC\SCROLLDETECTION\SCROLLDETECTION.CPP|E:\PROJECT\OPENH264\SOURCE_WP8\CODEC\PROCESSING\SRC\SCROLLDETECTION\SCROLLDETECTIONFUNCS.CPP|E:\PROJECT\OPENH264\SOURCE_WP8\CODEC\PROCESSING\SRC\VAACALC\VAACALCFUNCS.CPP|E:\PROJECT\OPENH264\SOURCE_WP8\CODEC\PROCESSING\SRC\VAACALC\VAACALCULATION.CPP" /b MSBuildConsole_CancelEventd55caa56b67242cf8a7f667d559e01ca  /c "C:\Program Files (x86)\Microsoft Visual Studio 11.0\VC\WPSDK\WP80\bin\x86_arm\CL.exe"  /c /I..\..\..\processing\src\common /I..\..\..\processing\interface /I..\..\..\common\inc /AI"C:\Program Files (x86)\Windows Phone Kits\8.0\Windows Metadata" /Zi /ZW /nologo /W1 /WX- /Od /Oy- /D _LIB /D WINAPI_FAMILY=WINAPI_FAMILY_PHONE_APP /Gm- /EHsc /RTC1 /MDd /GS /fp:precise /Zc:wchar_t /Zc:forScope /Fo"ARM\Debug\\" /Fd"ARM\Debug\vc110.pdb" /Gd /TP /FU"C:\Program Files (x86)\Microsoft Visual Studio 11.0\VC\WPSDK\WP80\lib\arm\platform.winmd" /FU"C:\Program Files (x86)\Windows Phone Kits\8.0\Windows Metadata\Windows.winmd" /analyze- /errorReport:prompt ..\..\..\common\src\cpu.cpp ..\..\..\common\src\intra_pred_common.cpp ..\..\..\common\src\sad_common.cpp ..\..\..\common\src\WelsThreadLib.cpp ..\..\..\processing\src\adaptivequantization\AdaptiveQuantization.cpp ..\..\..\processing\src\backgrounddetection\BackgroundDetection.cpp ..\..\..\processing\src\common\memory.cpp ..\..\..\processing\src\common\WelsFrameWork.cpp ..\..\..\processing\src\common\WelsFrameWorkEx.cpp ..\..\..\processing\src\complexityanalysis\ComplexityAnalysis.cpp ..\..\..\processing\src\denoise\denoise.cpp ..\..\..\processing\src\denoise\denoise_filter.cpp ..\..\..\processing\src\downsample\downsample.cpp ..\..\..\processing\src\downsample\downsamplefuncs.cpp ..\..\..\processing\src\imagerotate\imagerotate.cpp ..\..\..\processing\src\imagerotate\imagerotatefuncs.cpp ..\..\..\processing\src\scenechangedetection\SceneChangeDetection.cpp ..\..\..\processing\src\scrolldetection\ScrollDetection.cpp ..\..\..\processing\src\scrolldetection\ScrollDetectionFuncs.cpp ..\..\..\processing\src\vaacalc\vaacalcfuncs.cpp ..\..\..\processing\src\vaacalc\vaacalculation.cpp
         cpu.cpp
         intra_pred_common.cpp
         sad_common.cpp
         WelsThreadLib.cpp
         AdaptiveQuantization.cpp
         BackgroundDetection.cpp
         memory.cpp
         WelsFrameWork.cpp
         WelsFrameWorkEx.cpp
         ComplexityAnalysis.cpp
         denoise.cpp
         denoise_filter.cpp
         downsample.cpp
         downsamplefuncs.cpp
         imagerotate.cpp
         imagerotatefuncs.cpp
         SceneChangeDetection.cpp
         ScrollDetection.cpp
         ScrollDetectionFuncs.cpp
         vaacalcfuncs.cpp
         Generating Code...
         Compiling...
         vaacalculation.cpp
         Generating Code...
       Done executing task "CL".
     1>Done building target "ClCompile" in project "WelsVPLip.vcxproj".
       Target "ManagedIncrementalBuildPostProcessDependencyGraph" skipped, due to false condition; ('@(ClCompile)' != '' and '$(EnableManagedIncrementalBuild)' == 'True') was evaluated as ('..\..\..\common\src\cpu.cpp;..\..\..\common\src\intra_pred_common.cpp;..\..\..\common\src\sad_common.cpp;..\..\..\common\src\WelsThreadLib.cpp;..\..\..\processing\src\adaptivequantization\AdaptiveQuantization.cpp;..\..\..\processing\src\backgrounddetection\BackgroundDetection.cpp;..\..\..\processing\src\common\memory.cpp;..\..\..\processing\src\common\WelsFrameWork.cpp;..\..\..\processing\src\common\WelsFrameWorkEx.cpp;..\..\..\processing\src\complexityanalysis\ComplexityAnalysis.cpp;..\..\..\processing\src\denoise\denoise.cpp;..\..\..\processing\src\denoise\denoise_filter.cpp;..\..\..\processing\src\downsample\downsample.cpp;..\..\..\processing\src\downsample\downsamplefuncs.cpp;..\..\..\processing\src\imagerotate\imagerotate.cpp;..\..\..\processing\src\imagerotate\imagerotatefuncs.cpp;..\..\..\processing\src\scenechangedetection\SceneChangeDetection.cpp;..\..\..\processing\src\scrolldetection\ScrollDetection.cpp;..\..\..\processing\src\scrolldetection\ScrollDetectionFuncs.cpp;..\..\..\processing\src\vaacalc\vaacalcfuncs.cpp;..\..\..\processing\src\vaacalc\vaacalculation.cpp' != '' and 'false' == 'True').
     1>Target "AfterClCompile" in file "C:\Program Files (x86)\MSBuild\Microsoft.Cpp\v4.0\V110\Microsoft.CppBuild.targets" from project "E:\Project\Openh264\Source_WP8\codec\build\windowsphone\all\WelsVPLip.vcxproj" (target "_ClCompile" depends on it):
     1>Done building target "AfterClCompile" in project "WelsVPLip.vcxproj".
     1>Target "_ClCompile" in file "C:\Program Files (x86)\MSBuild\Microsoft.Cpp\v4.0\V110\Microsoft.CppBuild.targets" from project "E:\Project\Openh264\Source_WP8\codec\build\windowsphone\all\WelsVPLip.vcxproj" (target "_BuildCompileAction" depends on it):
     1>Done building target "_ClCompile" in project "WelsVPLip.vcxproj".
       Target "_ResGen" skipped, due to false condition; ('@(EmbeddedResource)'!='') was evaluated as (''!='').
     1>Target "BeforeResourceCompile" in file "C:\Program Files (x86)\MSBuild\Microsoft.Cpp\v4.0\V110\Microsoft.CppBuild.targets" from project "E:\Project\Openh264\Source_WP8\codec\build\windowsphone\all\WelsVPLip.vcxproj" (target "_ResourceCompile" depends on it):
     1>Done building target "BeforeResourceCompile" in project "WelsVPLip.vcxproj".
     1>Target "MakeDirsForResourceCompile" in file "C:\Program Files (x86)\MSBuild\Microsoft.Cpp\v4.0\V110\Microsoft.CppBuild.targets" from project "E:\Project\Openh264\Source_WP8\codec\build\windowsphone\all\WelsVPLip.vcxproj" (target "_ResourceCompile" depends on it):
       Task "MakeDir"
       Done executing task "MakeDir".
     1>Done building target "MakeDirsForResourceCompile" in project "WelsVPLip.vcxproj".
       Target "ResourceCompile" skipped, due to false condition; ('@(ResourceCompile)' != '') was evaluated as ('' != '').
     1>Target "AfterResourceCompile" in file "C:\Program Files (x86)\MSBuild\Microsoft.Cpp\v4.0\V110\Microsoft.CppBuild.targets" from project "E:\Project\Openh264\Source_WP8\codec\build\windowsphone\all\WelsVPLip.vcxproj" (target "_ResourceCompile" depends on it):
     1>Done building target "AfterResourceCompile" in project "WelsVPLip.vcxproj".
     1>Target "_ResourceCompile" in file "C:\Program Files (x86)\MSBuild\Microsoft.Cpp\v4.0\V110\Microsoft.CppBuild.targets" from project "E:\Project\Openh264\Source_WP8\codec\build\windowsphone\all\WelsVPLip.vcxproj" (target "_BuildCompileAction" depends on it):
     1>Done building target "_ResourceCompile" in project "WelsVPLip.vcxproj".
       Target "_ImpLib" skipped, due to false condition; ('$(ImpLibCompiled)' == 'true') was evaluated as ('' == 'true').
     1>Target "BeforeLib" in file "C:\Program Files (x86)\MSBuild\Microsoft.Cpp\v4.0\V110\Microsoft.CppBuild.targets" from project "E:\Project\Openh264\Source_WP8\codec\build\windowsphone\all\WelsVPLip.vcxproj" (target "_Lib" depends on it):
     1>Done building target "BeforeLib" in project "WelsVPLip.vcxproj".
     1>Target "ComputeLibAdditionalOptions" in file "C:\Program Files (x86)\MSBuild\Microsoft.Cpp\v4.0\V110\Microsoft.CppBuild.targets" from project "E:\Project\Openh264\Source_WP8\codec\build\windowsphone\all\WelsVPLip.vcxproj" (target "_Lib" depends on it):
     1>Done building target "ComputeLibAdditionalOptions" in project "WelsVPLip.vcxproj".
     1>Target "ComputeRCOutputs" in file "C:\Program Files (x86)\MSBuild\Microsoft.Cpp\v4.0\V110\Microsoft.CppBuild.targets" from project "E:\Project\Openh264\Source_WP8\codec\build\windowsphone\all\WelsVPLip.vcxproj" (target "ComputeRCGeneratedLibInputs" depends on it):
     1>Done building target "ComputeRCOutputs" in project "WelsVPLip.vcxproj".
     1>Target "ComputeRCGeneratedLibInputs" in file "C:\Program Files (x86)\MSBuild\Microsoft.Cpp\v4.0\V110\Microsoft.CppBuild.targets" from project "E:\Project\Openh264\Source_WP8\codec\build\windowsphone\all\WelsVPLip.vcxproj" (target "_Lib" depends on it):
     1>Done building target "ComputeRCGeneratedLibInputs" in project "WelsVPLip.vcxproj".
     1>Target "ComputeCustomBuildOutput" in file "C:\Program Files (x86)\MSBuild\Microsoft.Cpp\v4.0\V110\Microsoft.CppBuild.targets" from project "E:\Project\Openh264\Source_WP8\codec\build\windowsphone\all\WelsVPLip.vcxproj" (target "_Lib" depends on it):
       Task "CreateItem" skipped, due to false condition; ('%(CustomBuildDirsToMake.OutputFileToTool)'!='') was evaluated as (''!='').
       Task "MakeDir"
       Done executing task "MakeDir".
     1>Done building target "ComputeCustomBuildOutput" in project "WelsVPLip.vcxproj".
       Target "ComputeMIDLGeneratedCompileInputs" skipped. Previously built successfully.
       Target "ComputeCLInputPDBName" skipped. Previously built successfully.
       Target "ComputeReferenceCLInput" skipped. Previously built successfully.
     1>Target "ComputeCLOutputs" in file "C:\Program Files (x86)\MSBuild\Microsoft.Cpp\v4.0\V110\Microsoft.CppBuild.targets" from project "E:\Project\Openh264\Source_WP8\codec\build\windowsphone\all\WelsVPLip.vcxproj" (target "ComputeCLGeneratedLibInputs" depends on it):
     1>Done building target "ComputeCLOutputs" in project "WelsVPLip.vcxproj".
     1>Target "ComputeCLGeneratedLibInputs" in file "C:\Program Files (x86)\MSBuild\Microsoft.Cpp\v4.0\V110\Microsoft.CppBuild.targets" from project "E:\Project\Openh264\Source_WP8\codec\build\windowsphone\all\WelsVPLip.vcxproj" (target "_Lib" depends on it):
     1>Done building target "ComputeCLGeneratedLibInputs" in project "WelsVPLip.vcxproj".
     1>Target "ComputeLibInputsFromProject" in file "C:\Program Files (x86)\MSBuild\Microsoft.Cpp\v4.0\V110\Microsoft.CppBuild.targets" from project "E:\Project\Openh264\Source_WP8\codec\build\windowsphone\all\WelsVPLip.vcxproj" (target "_Lib" depends on it):
     1>Done building target "ComputeLibInputsFromProject" in project "WelsVPLip.vcxproj".
       Target "ComputeReferenceLibInputs" skipped, due to false condition; (@(ProjectReference) != '') was evaluated as ( != '').
     1>Target "MakeDirsForLib" in file "C:\Program Files (x86)\MSBuild\Microsoft.Cpp\v4.0\V110\Microsoft.CppBuild.targets" from project "E:\Project\Openh264\Source_WP8\codec\build\windowsphone\all\WelsVPLip.vcxproj" (target "_Lib" depends on it):
       Task "MakeDir"
       Done executing task "MakeDir".
     1>Done building target "MakeDirsForLib" in project "WelsVPLip.vcxproj".
     1>Target "DoLibOutputFilesMatch" in file "C:\Program Files (x86)\MSBuild\Microsoft.Cpp\v4.0\V110\Microsoft.CppBuild.targets" from project "E:\Project\Openh264\Source_WP8\codec\build\windowsphone\all\WelsVPLip.vcxproj" (target "_Lib" depends on it):
       Task "VCMessage" skipped, due to false condition; ('@(_OutputFileFromLib)' == '') was evaluated as ('..\..\..\..\bin\ARM\Debug\welsvp.lib' == '').
       Task "VCMessage" skipped, due to false condition; ('@(_OutputFileFromLib)' != '' and '%(_OutputFileFromLib.FullPath)' != '$([System.IO.Path]::GetFullPath($(TargetPath)))') was evaluated as ('..\..\..\..\bin\ARM\Debug\welsvp.lib' != '' and 'E:\Project\Openh264\Source_WP8\bin\ARM\Debug\welsvp.lib' != 'E:\Project\Openh264\Source_WP8\bin\ARM\Debug\welsvp.lib').
       Task "VCMessage" skipped, due to false condition; ('@(_OutputFileFromLib)' != '' and '%(_OutputFileFromLib.Extension)' != '$(TargetExt)') was evaluated as ('..\..\..\..\bin\ARM\Debug\welsvp.lib' != '' and '.lib' != '.lib').
       Task "VCMessage" skipped, due to false condition; ('@(_OutputFileFromLib)' != '' and '%(_OutputFileFromLib.Filename)' != '$(TargetName)') was evaluated as ('..\..\..\..\bin\ARM\Debug\welsvp.lib' != '' and 'welsvp' != 'welsvp').
     1>Done building target "DoLibOutputFilesMatch" in project "WelsVPLip.vcxproj".
     1>Target "PreLinkEvent" in file "C:\Program Files (x86)\MSBuild\Microsoft.Cpp\v4.0\V110\Microsoft.CppCommon.targets" from project "E:\Project\Openh264\Source_WP8\codec\build\windowsphone\all\WelsVPLip.vcxproj" (target "_Lib" depends on it):
       Task "Message" skipped, due to false condition; ('%(PreLinkEvent.Message)' != '' and '%(PreLinkEvent.Command)' != '') was evaluated as ('' != '' and '' != '').
       Task "Exec" skipped, due to false condition; ('%(PreLinkEvent.Command)' != '') was evaluated as ('' != '').
     1>Done building target "PreLinkEvent" in project "WelsVPLip.vcxproj".
     1>Target "Lib" in file "C:\Program Files (x86)\MSBuild\Microsoft.Cpp\v4.0\V110\Microsoft.CppCommon.targets" from project "E:\Project\Openh264\Source_WP8\codec\build\windowsphone\all\WelsVPLip.vcxproj" (target "_Lib" depends on it):
       Using "LIB" task from assembly "Microsoft.Build.CppTasks.Common.v110, Version=4.0.0.0, Culture=neutral, PublicKeyToken=b03f5f7f11d50a3a".
       Task "LIB"
         Forcing rebuild of all source files due to missing command TLog "E:\Project\Openh264\Source_WP8\codec\build\windowsphone\all\ARM\Debug\lib.command.1.tlog".
         C:\Program Files (x86)\Microsoft Visual Studio 11.0\VC\WPSDK\WP80\bin\x86_arm\Lib.exe /OUT:"..\..\..\..\bin\ARM\Debug\welsvp.lib" /NOLOGO /MACHINE:ARM ARM\Debug\cpu.obj
         ARM\Debug\intra_pred_common.obj
         ARM\Debug\sad_common.obj
         ARM\Debug\WelsThreadLib.obj
         ARM\Debug\AdaptiveQuantization.obj
         ARM\Debug\BackgroundDetection.obj
         ARM\Debug\memory.obj
         ARM\Debug\WelsFrameWork.obj
         ARM\Debug\WelsFrameWorkEx.obj
         ARM\Debug\ComplexityAnalysis.obj
         ARM\Debug\denoise.obj
         ARM\Debug\denoise_filter.obj
         ARM\Debug\downsample.obj
         ARM\Debug\downsamplefuncs.obj
         ARM\Debug\imagerotate.obj
         ARM\Debug\imagerotatefuncs.obj
         ARM\Debug\SceneChangeDetection.obj
         ARM\Debug\ScrollDetection.obj
         ARM\Debug\ScrollDetectionFuncs.obj
         ARM\Debug\vaacalcfuncs.obj
         ARM\Debug\vaacalculation.obj
         Tracking command:
         C:\Program Files (x86)\Microsoft SDKs\Windows\v8.0A\bin\NETFX 4.0 Tools\Tracker.exe /d C:\Windows\Microsoft.NET\Framework\v4.0.30319\FileTracker.dll /i E:\Project\Openh264\Source_WP8\codec\build\windowsphone\all\ARM\Debug /r "E:\PROJECT\OPENH264\SOURCE_WP8\CODEC\BUILD\WINDOWSPHONE\ALL\ARM\DEBUG\ADAPTIVEQUANTIZATION.OBJ|E:\PROJECT\OPENH264\SOURCE_WP8\CODEC\BUILD\WINDOWSPHONE\ALL\ARM\DEBUG\BACKGROUNDDETECTION.OBJ|E:\PROJECT\OPENH264\SOURCE_WP8\CODEC\BUILD\WINDOWSPHONE\ALL\ARM\DEBUG\COMPLEXITYANALYSIS.OBJ|E:\PROJECT\OPENH264\SOURCE_WP8\CODEC\BUILD\WINDOWSPHONE\ALL\ARM\DEBUG\CPU.OBJ|E:\PROJECT\OPENH264\SOURCE_WP8\CODEC\BUILD\WINDOWSPHONE\ALL\ARM\DEBUG\DENOISE.OBJ|E:\PROJECT\OPENH264\SOURCE_WP8\CODEC\BUILD\WINDOWSPHONE\ALL\ARM\DEBUG\DENOISE_FILTER.OBJ|E:\PROJECT\OPENH264\SOURCE_WP8\CODEC\BUILD\WINDOWSPHONE\ALL\ARM\DEBUG\DOWNSAMPLE.OBJ|E:\PROJECT\OPENH264\SOURCE_WP8\CODEC\BUILD\WINDOWSPHONE\ALL\ARM\DEBUG\DOWNSAMPLEFUNCS.OBJ|E:\PROJECT\OPENH264\SOURCE_WP8\CODEC\BUILD\WINDOWSPHONE\ALL\ARM\DEBUG\IMAGEROTATE.OBJ|E:\PROJECT\OPENH264\SOURCE_WP8\CODEC\BUILD\WINDOWSPHONE\ALL\ARM\DEBUG\IMAGEROTATEFUNCS.OBJ|E:\PROJECT\OPENH264\SOURCE_WP8\CODEC\BUILD\WINDOWSPHONE\ALL\ARM\DEBUG\INTRA_PRED_COMMON.OBJ|E:\PROJECT\OPENH264\SOURCE_WP8\CODEC\BUILD\WINDOWSPHONE\ALL\ARM\DEBUG\MEMORY.OBJ|E:\PROJECT\OPENH264\SOURCE_WP8\CODEC\BUILD\WINDOWSPHONE\ALL\ARM\DEBUG\SAD_COMMON.OBJ|E:\PROJECT\OPENH264\SOURCE_WP8\CODEC\BUILD\WINDOWSPHONE\ALL\ARM\DEBUG\SCENECHANGEDETECTION.OBJ|E:\PROJECT\OPENH264\SOURCE_WP8\CODEC\BUILD\WINDOWSPHONE\ALL\ARM\DEBUG\SCROLLDETECTION.OBJ|E:\PROJECT\OPENH264\SOURCE_WP8\CODEC\BUILD\WINDOWSPHONE\ALL\ARM\DEBUG\SCROLLDETECTIONFUNCS.OBJ|E:\PROJECT\OPENH264\SOURCE_WP8\CODEC\BUILD\WINDOWSPHONE\ALL\ARM\DEBUG\VAACALCFUNCS.OBJ|E:\PROJECT\OPENH264\SOURCE_WP8\CODEC\BUILD\WINDOWSPHONE\ALL\ARM\DEBUG\VAACALCULATION.OBJ|E:\PROJECT\OPENH264\SOURCE_WP8\CODEC\BUILD\WINDOWSPHONE\ALL\ARM\DEBUG\WELSFRAMEWORK.OBJ|E:\PROJECT\OPENH264\SOURCE_WP8\CODEC\BUILD\WINDOWSPHONE\ALL\ARM\DEBUG\WELSFRAMEWORKEX.OBJ|E:\PROJECT\OPENH264\SOURCE_WP8\CODEC\BUILD\WINDOWSPHONE\ALL\ARM\DEBUG\WELSTHREADLIB.OBJ" /b MSBuildConsole_CancelEvent7afa3fdbc07f4ca380fa0d8dde211404  /c "C:\Program Files (x86)\Microsoft Visual Studio 11.0\VC\WPSDK\WP80\bin\x86_arm\Lib.exe"  /OUT:"..\..\..\..\bin\ARM\Debug\welsvp.lib" /NOLOGO /MACHINE:ARM ARM\Debug\cpu.obj
         ARM\Debug\intra_pred_common.obj
         ARM\Debug\sad_common.obj
         ARM\Debug\WelsThreadLib.obj
         ARM\Debug\AdaptiveQuantization.obj
         ARM\Debug\BackgroundDetection.obj
         ARM\Debug\memory.obj
         ARM\Debug\WelsFrameWork.obj
         ARM\Debug\WelsFrameWorkEx.obj
         ARM\Debug\ComplexityAnalysis.obj
         ARM\Debug\denoise.obj
         ARM\Debug\denoise_filter.obj
         ARM\Debug\downsample.obj
         ARM\Debug\downsamplefuncs.obj
         ARM\Debug\imagerotate.obj
         ARM\Debug\imagerotatefuncs.obj
         ARM\Debug\SceneChangeDetection.obj
         ARM\Debug\ScrollDetection.obj
         ARM\Debug\ScrollDetectionFuncs.obj
         ARM\Debug\vaacalcfuncs.obj
         ARM\Debug\vaacalculation.obj
     1>ARM\Debug\vaacalculation.obj : warning LNK4264: archiving object file compiled with /ZW into a static library; note that when authoring Windows Runtime types it is not recommended to link with a static library that contains Windows Runtime metadata
     1>ARM\Debug\vaacalcfuncs.obj : warning LNK4264: archiving object file compiled with /ZW into a static library; note that when authoring Windows Runtime types it is not recommended to link with a static library that contains Windows Runtime metadata
     1>ARM\Debug\ScrollDetectionFuncs.obj : warning LNK4264: archiving object file compiled with /ZW into a static library; note that when authoring Windows Runtime types it is not recommended to link with a static library that contains Windows Runtime metadata
     1>ARM\Debug\ScrollDetection.obj : warning LNK4264: archiving object file compiled with /ZW into a static library; note that when authoring Windows Runtime types it is not recommended to link with a static library that contains Windows Runtime metadata
     1>ARM\Debug\SceneChangeDetection.obj : warning LNK4264: archiving object file compiled with /ZW into a static library; note that when authoring Windows Runtime types it is not recommended to link with a static library that contains Windows Runtime metadata
     1>ARM\Debug\imagerotatefuncs.obj : warning LNK4264: archiving object file compiled with /ZW into a static library; note that when authoring Windows Runtime types it is not recommended to link with a static library that contains Windows Runtime metadata
     1>ARM\Debug\imagerotate.obj : warning LNK4264: archiving object file compiled with /ZW into a static library; note that when authoring Windows Runtime types it is not recommended to link with a static library that contains Windows Runtime metadata
     1>ARM\Debug\downsamplefuncs.obj : warning LNK4264: archiving object file compiled with /ZW into a static library; note that when authoring Windows Runtime types it is not recommended to link with a static library that contains Windows Runtime metadata
     1>ARM\Debug\downsample.obj : warning LNK4264: archiving object file compiled with /ZW into a static library; note that when authoring Windows Runtime types it is not recommended to link with a static library that contains Windows Runtime metadata
     1>ARM\Debug\denoise_filter.obj : warning LNK4264: archiving object file compiled with /ZW into a static library; note that when authoring Windows Runtime types it is not recommended to link with a static library that contains Windows Runtime metadata
     1>ARM\Debug\denoise.obj : warning LNK4264: archiving object file compiled with /ZW into a static library; note that when authoring Windows Runtime types it is not recommended to link with a static library that contains Windows Runtime metadata
     1>ARM\Debug\ComplexityAnalysis.obj : warning LNK4264: archiving object file compiled with /ZW into a static library; note that when authoring Windows Runtime types it is not recommended to link with a static library that contains Windows Runtime metadata
     1>ARM\Debug\WelsFrameWorkEx.obj : warning LNK4264: archiving object file compiled with /ZW into a static library; note that when authoring Windows Runtime types it is not recommended to link with a static library that contains Windows Runtime metadata
     1>ARM\Debug\WelsFrameWork.obj : warning LNK4264: archiving object file compiled with /ZW into a static library; note that when authoring Windows Runtime types it is not recommended to link with a static library that contains Windows Runtime metadata
     1>ARM\Debug\memory.obj : warning LNK4264: archiving object file compiled with /ZW into a static library; note that when authoring Windows Runtime types it is not recommended to link with a static library that contains Windows Runtime metadata
     1>ARM\Debug\BackgroundDetection.obj : warning LNK4264: archiving object file compiled with /ZW into a static library; note that when authoring Windows Runtime types it is not recommended to link with a static library that contains Windows Runtime metadata
     1>ARM\Debug\AdaptiveQuantization.obj : warning LNK4264: archiving object file compiled with /ZW into a static library; note that when authoring Windows Runtime types it is not recommended to link with a static library that contains Windows Runtime metadata
     1>ARM\Debug\WelsThreadLib.obj : warning LNK4264: archiving object file compiled with /ZW into a static library; note that when authoring Windows Runtime types it is not recommended to link with a static library that contains Windows Runtime metadata
     1>ARM\Debug\sad_common.obj : warning LNK4264: archiving object file compiled with /ZW into a static library; note that when authoring Windows Runtime types it is not recommended to link with a static library that contains Windows Runtime metadata
     1>ARM\Debug\intra_pred_common.obj : warning LNK4264: archiving object file compiled with /ZW into a static library; note that when authoring Windows Runtime types it is not recommended to link with a static library that contains Windows Runtime metadata
     1>ARM\Debug\cpu.obj : warning LNK4264: archiving object file compiled with /ZW into a static library; note that when authoring Windows Runtime types it is not recommended to link with a static library that contains Windows Runtime metadata
       Done executing task "LIB".
       Task "Message"
         WelsVPLip.vcxproj -> E:\Project\Openh264\Source_WP8\codec\build\windowsphone\all\..\..\..\..\bin\ARM\Debug\welsvp.lib
       Done executing task "Message".
     1>Done building target "Lib" in project "WelsVPLip.vcxproj".
     1>Target "AfterLib" in file "C:\Program Files (x86)\MSBuild\Microsoft.Cpp\v4.0\V110\Microsoft.CppBuild.targets" from project "E:\Project\Openh264\Source_WP8\codec\build\windowsphone\all\WelsVPLip.vcxproj" (target "_Lib" depends on it):
     1>Done building target "AfterLib" in project "WelsVPLip.vcxproj".
     1>Target "_Lib" in file "C:\Program Files (x86)\MSBuild\Microsoft.Cpp\v4.0\V110\Microsoft.CppBuild.targets" from project "E:\Project\Openh264\Source_WP8\codec\build\windowsphone\all\WelsVPLip.vcxproj" (target "_BuildCompileAction" depends on it):
     1>Done building target "_Lib" in project "WelsVPLip.vcxproj".
     1>Target "AfterBuildCompileEvent" in file "C:\Program Files (x86)\MSBuild\Microsoft.Cpp\v4.0\V110\Microsoft.CppBuild.targets" from project "E:\Project\Openh264\Source_WP8\codec\build\windowsphone\all\WelsVPLip.vcxproj" (target "_BuildCompileAction" depends on it):
     1>Done building target "AfterBuildCompileEvent" in project "WelsVPLip.vcxproj".
     1>Target "_BuildCompileAction" in file "C:\Program Files (x86)\MSBuild\Microsoft.Cpp\v4.0\V110\Microsoft.CppBuild.targets" from project "E:\Project\Openh264\Source_WP8\codec\build\windowsphone\all\WelsVPLip.vcxproj" (target "BuildCompile" depends on it):
     1>Done building target "_BuildCompileAction" in project "WelsVPLip.vcxproj".
     1>Target "BuildCompile" in file "C:\Program Files (x86)\MSBuild\12.0\bin\Microsoft.Common.CurrentVersion.targets" from project "E:\Project\Openh264\Source_WP8\codec\build\windowsphone\all\WelsVPLip.vcxproj" (target "Build" depends on it):
     1>Done building target "BuildCompile" in project "WelsVPLip.vcxproj".
       Target "AssignProjectConfiguration" skipped. Previously built successfully.
       Target "_SplitProjectReferencesByFileExistence" skipped. Previously built successfully.
     1>Target "BuildLinkTraverse" in file "C:\Program Files (x86)\MSBuild\12.0\bin\Microsoft.Common.CurrentVersion.targets" from project "E:\Project\Openh264\Source_WP8\codec\build\windowsphone\all\WelsVPLip.vcxproj" (target "BuildLink" depends on it):
       Task "MSBuild" skipped, due to false condition; ('$(BuildPassReferences)' == 'true' and '@(ProjectReferenceWithConfiguration)' != '' and '@(_MSBuildProjectReferenceExistent)' != ''  and '%(_MSBuildProjectReferenceExistent.BuildReference)' == 'true') was evaluated as ('' == 'true' and '' != '' and '' != ''  and '' == 'true').
     1>Done building target "BuildLinkTraverse" in project "WelsVPLip.vcxproj".
       Target "PrepareForBuild" skipped. Previously built successfully.
       Target "ResolveReferences" skipped. Previously built successfully.
     1>Target "ComputeLegacyManifestEmbedding" in file "C:\Program Files (x86)\MSBuild\Microsoft.Cpp\v4.0\V110\Microsoft.CppBuild.targets" from project "E:\Project\Openh264\Source_WP8\codec\build\windowsphone\all\WelsVPLip.vcxproj" (target "_BuildLinkAction" depends on it):
       Task "VCMessage" skipped, due to false condition; ('$(RevertManifestEmbedding)' == 'true' and '$(_LegacyManifestEmbeddingDebug)' == 'true') was evaluated as ('true' == 'true' and '' == 'true').
     1>Done building target "ComputeLegacyManifestEmbedding" in project "WelsVPLip.vcxproj".
       Target "_Link" skipped, due to false condition; ('$(LinkCompiled)' == 'true') was evaluated as ('' == 'true').
     1>Target "_ALink" in file "C:\Program Files (x86)\MSBuild\Microsoft.Cpp\v4.0\V110\Microsoft.CppBuild.targets" from project "E:\Project\Openh264\Source_WP8\codec\build\windowsphone\all\WelsVPLip.vcxproj" (target "_BuildLinkAction" depends on it):
     1>Done building target "_ALink" in project "WelsVPLip.vcxproj".
       Target "ComputeLegacyManifestEmbedding" skipped. Previously built successfully.
     1>Target "_Manifest" in file "C:\Program Files (x86)\MSBuild\Microsoft.Cpp\v4.0\V110\Microsoft.CppBuild.targets" from project "E:\Project\Openh264\Source_WP8\codec\build\windowsphone\all\WelsVPLip.vcxproj" (target "_BuildLinkAction" depends on it):
       Using "CallTarget" task from assembly "Microsoft.Build.Tasks.v12.0, Version=12.0.0.0, Culture=neutral, PublicKeyToken=b03f5f7f11d50a3a".
       Task "CallTarget"
       Done executing task "CallTarget".
     1>Done building target "_Manifest" in project "WelsVPLip.vcxproj".
       Target "RegisterOutput" skipped, due to false condition; ('$(EmbedManifest)'=='true' and '$(LinkSkippedExecution)' != 'true' and ('$(_IsNativeEnvironment)' == 'true' or '$(Platform)' == 'Win32')) was evaluated as ('false'=='true' and '' != 'true' and ('' == 'true' or 'ARM' == 'Win32')).
       Target "PrepareForBuild" skipped. Previously built successfully.
       Target "ResolveReferences" skipped. Previously built successfully.
     1>Target "ResolvedXDCMake" in file "C:\Program Files (x86)\MSBuild\Microsoft.Cpp\v4.0\V110\Microsoft.CppBuild.targets" from project "E:\Project\Openh264\Source_WP8\codec\build\windowsphone\all\WelsVPLip.vcxproj" (target "_XdcMake" depends on it):
       Task "MSBuild" skipped, due to false condition; ('%(_MSBuildProjectReferenceExistent.Extension)' == '.vcxproj' and '@(ProjectReferenceWithConfiguration)' != '' and '@(_MSBuildProjectReferenceExistent)' != '' and '$(_ClCompileGenerateXMLDocumentationFiles)' == 'true') was evaluated as ('' == '.vcxproj' and '' != '' and '' != '' and '' == 'true').
     1>Done building target "ResolvedXDCMake" in project "WelsVPLip.vcxproj".
     1>Target "ComputeCLCompileGeneratedXDCFiles" in file "C:\Program Files (x86)\MSBuild\Microsoft.Cpp\v4.0\V110\Microsoft.CppBuild.targets" from project "E:\Project\Openh264\Source_WP8\codec\build\windowsphone\all\WelsVPLip.vcxproj" (target "_XdcMake" depends on it):
     1>Done building target "ComputeCLCompileGeneratedXDCFiles" in project "WelsVPLip.vcxproj".
     1>Target "MakeDirsForXdcMake" in file "C:\Program Files (x86)\MSBuild\Microsoft.Cpp\v4.0\V110\Microsoft.CppBuild.targets" from project "E:\Project\Openh264\Source_WP8\codec\build\windowsphone\all\WelsVPLip.vcxproj" (target "_XdcMake" depends on it):
       Task "MakeDir"
       Done executing task "MakeDir".
     1>Done building target "MakeDirsForXdcMake" in project "WelsVPLip.vcxproj".
       Target "XdcMake" skipped, due to false condition; ('@(XdcMake)' != '') was evaluated as ('' != '').
     1>Target "_XdcMake" in file "C:\Program Files (x86)\MSBuild\Microsoft.Cpp\v4.0\V110\Microsoft.CppBuild.targets" from project "E:\Project\Openh264\Source_WP8\codec\build\windowsphone\all\WelsVPLip.vcxproj" (target "_BuildLinkAction" depends on it):
     1>Done building target "_XdcMake" in project "WelsVPLip.vcxproj".
     1>Target "ComputeCLCompileGeneratedSbrFiles" in file "C:\Program Files (x86)\MSBuild\Microsoft.Cpp\v4.0\V110\Microsoft.CppBuild.targets" from project "E:\Project\Openh264\Source_WP8\codec\build\windowsphone\all\WelsVPLip.vcxproj" (target "_BscMake" depends on it):
     1>Done building target "ComputeCLCompileGeneratedSbrFiles" in project "WelsVPLip.vcxproj".
     1>Target "MakeDirsForBscMake" in file "C:\Program Files (x86)\MSBuild\Microsoft.Cpp\v4.0\V110\Microsoft.CppBuild.targets" from project "E:\Project\Openh264\Source_WP8\codec\build\windowsphone\all\WelsVPLip.vcxproj" (target "_BscMake" depends on it):
       Task "MakeDir"
       Done executing task "MakeDir".
     1>Done building target "MakeDirsForBscMake" in project "WelsVPLip.vcxproj".
       Target "BscMake" skipped, due to false condition; ('@(BscMake)' != '') was evaluated as ('' != '').
       Target "CustomBuildStep" skipped, due to false condition; ('@(CustomBuildStep)' != '' and '$(SelectedFiles)'=='') was evaluated as ('' != '' and ''=='').
     1>Target "_BscMake" in file "C:\Program Files (x86)\MSBuild\Microsoft.Cpp\v4.0\V110\Microsoft.CppBuild.targets" from project "E:\Project\Openh264\Source_WP8\codec\build\windowsphone\all\WelsVPLip.vcxproj" (target "_BuildLinkAction" depends on it):
     1>Done building target "_BscMake" in project "WelsVPLip.vcxproj".
       Target "RunMergeNativeCodeAnalysis" skipped, due to false condition; ('$(Language)'=='C++' and '$(RunCodeAnalysisOnThisProject)'=='true') was evaluated as ('C++'=='C++' and ''=='true').
       Target "RunNativeCodeAnalysis" skipped, due to false condition; ('$(Language)'=='C++' and '$(RunCodeAnalysisOnThisProject)'=='true') was evaluated as ('C++'=='C++' and ''=='true').
     1>Target "_GenerateSatelliteAssemblyInputs" in file "C:\Program Files (x86)\MSBuild\12.0\bin\Microsoft.Common.CurrentVersion.targets" from project "E:\Project\Openh264\Source_WP8\codec\build\windowsphone\all\WelsVPLip.vcxproj" (target "CreateSatelliteAssemblies" depends on it):
       Task "Warning" skipped, due to false condition; ('@(ManifestResourceWithCulture)'!='' and '%(ManifestResourceWithCulture.EmittedForCompatibilityOnly)'=='') was evaluated as (''!='' and ''=='').
       Task "Warning" skipped, due to false condition; ('@(ManifestNonResxWithCultureOnDisk)'!='' and '%(ManifestNonResxWithCultureOnDisk.EmittedForCompatibilityOnly)'=='') was evaluated as (''!='' and ''=='').
     1>Done building target "_GenerateSatelliteAssemblyInputs" in project "WelsVPLip.vcxproj".
       Target "ComputeIntermediateSatelliteAssemblies" skipped, due to false condition; (@(ReferenceSatellitePaths->'%(DestinationSubDirectory)') != '') was evaluated as ( != '').
       Target "GenerateSatelliteAssemblies" skipped, due to false condition; ('@(_SatelliteAssemblyResourceInputs)' != '') was evaluated as ('' != '').
     1>Target "CreateSatelliteAssemblies" in file "C:\Program Files (x86)\MSBuild\12.0\bin\Microsoft.Common.CurrentVersion.targets" from project "E:\Project\Openh264\Source_WP8\codec\build\windowsphone\all\WelsVPLip.vcxproj" (target "_BuildLinkAction" depends on it):
     1>Done building target "CreateSatelliteAssemblies" in project "WelsVPLip.vcxproj".
     1>Target "_Appverifier" in file "C:\Program Files (x86)\MSBuild\Microsoft.Cpp\v4.0\V110\Microsoft.CppBuild.targets" from project "E:\Project\Openh264\Source_WP8\codec\build\windowsphone\all\WelsVPLip.vcxproj" (target "_BuildLinkAction" depends on it):
     1>Done building target "_Appverifier" in project "WelsVPLip.vcxproj".
     1>Target "_Deploy" in file "C:\Program Files (x86)\MSBuild\Microsoft.Cpp\v4.0\V110\Microsoft.CppBuild.targets" from project "E:\Project\Openh264\Source_WP8\codec\build\windowsphone\all\WelsVPLip.vcxproj" (target "_BuildLinkAction" depends on it):
     1>Done building target "_Deploy" in project "WelsVPLip.vcxproj".
       Target "ComputeIntermediateSatelliteAssemblies" skipped, due to false condition; (@(ReferenceSatellitePaths->'%(DestinationSubDirectory)') != '') was evaluated as ( != '').
       Target "_CopyFilesMarkedCopyLocal" skipped, due to false condition; ('@(ReferenceCopyLocalPaths)' != '') was evaluated as ('' != '').
     1>Target "AssignTargetPaths" in file "C:\Program Files (x86)\MSBuild\12.0\bin\Microsoft.Common.CurrentVersion.targets" from project "E:\Project\Openh264\Source_WP8\codec\build\windowsphone\all\WelsVPLip.vcxproj" (target "GetCopyToOutputDirectoryItems" depends on it):
       Using "AssignTargetPath" task from assembly "Microsoft.Build.Tasks.v12.0, Version=12.0.0.0, Culture=neutral, PublicKeyToken=b03f5f7f11d50a3a".
       Task "AssignTargetPath"
       Done executing task "AssignTargetPath".
       Task "AssignTargetPath"
       Done executing task "AssignTargetPath".
       Task "AssignTargetPath"
       Done executing task "AssignTargetPath".
       Task "AssignTargetPath"
       Done executing task "AssignTargetPath".
       Task "AssignTargetPath" skipped, due to false condition; ('@(_DeploymentBaseManifestWithTargetPath)'=='' and '%(None.Extension)'=='.manifest') was evaluated as (''=='' and '.def'=='.manifest').
     1>Done building target "AssignTargetPaths" in project "WelsVPLip.vcxproj".
       Target "_SplitProjectReferencesByFileExistence" skipped. Previously built successfully.
     1>Target "GetCopyToOutputDirectoryXamlAppDefs" in file "C:\Windows\Microsoft.NET\Framework\v4.0.30319\Microsoft.Xaml.targets" from project "E:\Project\Openh264\Source_WP8\codec\build\windowsphone\all\WelsVPLip.vcxproj" (target "GetCopyToOutputDirectoryItems" depends on it):
       Task "AssignTargetPath"
       Done executing task "AssignTargetPath".
     1>Done building target "GetCopyToOutputDirectoryXamlAppDefs" in project "WelsVPLip.vcxproj".
     1>Target "GetCopyToOutputDirectoryItems" in file "C:\Program Files (x86)\MSBuild\12.0\bin\Microsoft.Common.CurrentVersion.targets" from project "E:\Project\Openh264\Source_WP8\codec\build\windowsphone\all\WelsVPLip.vcxproj" (target "_CopySourceItemsToOutputDirectory" depends on it):
       Task "MSBuild" skipped, due to false condition; ('@(_MSBuildProjectReferenceExistent)' != '' and '$(_GetChildProjectCopyToOutputDirectoryItems)' == 'true' and '%(_MSBuildProjectReferenceExistent.Private)' != 'false' and '$(UseCommonOutputDirectory)' != 'true') was evaluated as ('' != '' and 'true' == 'true' and '' != 'false' and 'false' != 'true').
       Task "AssignTargetPath"
       Done executing task "AssignTargetPath".
     1>Done building target "GetCopyToOutputDirectoryItems" in project "WelsVPLip.vcxproj".
       Target "_CopyOutOfDateSourceItemsToOutputDirectory" skipped, due to false condition; ( '@(_SourceItemsToCopyToOutputDirectory)' != '' ) was evaluated as ( '' != '' ).
       Target "_CopyOutOfDateSourceItemsToOutputDirectoryAlways" skipped, due to false condition; ( '@(_SourceItemsToCopyToOutputDirectoryAlways)' != '' ) was evaluated as ( '' != '' ).
     1>Target "_CopySourceItemsToOutputDirectory" in file "C:\Program Files (x86)\MSBuild\12.0\bin\Microsoft.Common.CurrentVersion.targets" from project "E:\Project\Openh264\Source_WP8\codec\build\windowsphone\all\WelsVPLip.vcxproj" (target "CopyFilesToOutputDirectory" depends on it):
     1>Done building target "_CopySourceItemsToOutputDirectory" in project "WelsVPLip.vcxproj".
       Target "_CopyAppConfigFile" skipped, due to false condition; ( '@(AppConfigWithTargetPath)' != '' ) was evaluated as ( '' != '' ).
       Target "_CopyManifestFiles" skipped, due to false condition; ( '$(_DeploymentCopyApplicationManifest)'=='true' or '$(GenerateClickOnceManifests)'=='true' ) was evaluated as ( ''=='true' or ''=='true' ).
     1>Target "_CheckForCompileOutputs" in file "C:\Program Files (x86)\MSBuild\12.0\bin\Microsoft.Common.CurrentVersion.targets" from project "E:\Project\Openh264\Source_WP8\codec\build\windowsphone\all\WelsVPLip.vcxproj" (target "CopyFilesToOutputDirectory" depends on it):
     1>Done building target "_CheckForCompileOutputs" in project "WelsVPLip.vcxproj".
       Target "_SGenCheckForOutputs" skipped, due to false condition; ('$(_SGenGenerateSerializationAssembliesConfig)' == 'On' or ('@(WebReferenceUrl)'!='' and '$(_SGenGenerateSerializationAssembliesConfig)' == 'Auto')) was evaluated as ('Off' == 'On' or (''!='' and 'Off' == 'Auto')).
     1>Target "CopyFilesToOutputDirectory" in file "C:\Program Files (x86)\MSBuild\12.0\bin\Microsoft.Common.CurrentVersion.targets" from project "E:\Project\Openh264\Source_WP8\codec\build\windowsphone\all\WelsVPLip.vcxproj" (target "PrepareForRun" depends on it):
       Task "Copy" skipped, due to false condition; ('$(CopyBuildOutputToOutputDirectory)' == 'true' and '$(SkipCopyBuildProduct)' != 'true') was evaluated as ('true' == 'true' and 'true' != 'true').
       Task "Message" skipped, due to false condition; ('$(CopyBuildOutputToOutputDirectory)' == 'true' and '$(SkipCopyBuildProduct)'!='true') was evaluated as ('true' == 'true' and 'true'!='true').
       Task "Copy" skipped, due to false condition; ('@(AddModules)' != '') was evaluated as ('' != '').
       Task "Copy" skipped, due to false condition; ('$(_SGenDllCreated)'=='true') was evaluated as ('false'=='true').
       Task "Copy" skipped, due to false condition; ('$(_DebugSymbolsProduced)'=='true' and '$(SkipCopyingSymbolsToOutputDirectory)' != 'true' and '$(CopyOutputSymbolsToOutputDirectory)'=='true') was evaluated as ('false'=='true' and '' != 'true' and 'true'=='true').
       Task "Copy" skipped, due to false condition; ('$(_DocumentationFileProduced)'=='true') was evaluated as ('false'=='true').
       Task "Copy" skipped, due to false condition; ('@(IntermediateSatelliteAssembliesWithTargetPath)' != '') was evaluated as ('' != '').
       Task "Copy" skipped, due to false condition; ('@(ReferenceComWrappersToCopyLocal)' != '' or '@(ResolvedIsolatedComModules)' != '' or '@(_DeploymentLooseManifestFile)' != '' or '@(NativeReferenceFile)' != '' ) was evaluated as ('' != '' or '' != '' or '' != '' or '' != '' ).
       Task "Copy" skipped, due to false condition; ('$(SkipCopyWinMDArtifact)' != 'true' and '@(WinMDExpArtifacts)' != '') was evaluated as ('' != 'true' and '' != '').
       Task "Message" skipped, due to false condition; ('$(SkipCopyWinMDArtifact)' != 'true' and '$(_WindowsMetadataOutputPath)' != '') was evaluated as ('' != 'true' and '' != '').
     1>Done building target "CopyFilesToOutputDirectory" in project "WelsVPLip.vcxproj".
     1>Target "PrepareForRun" in file "C:\Program Files (x86)\MSBuild\12.0\bin\Microsoft.Common.CurrentVersion.targets" from project "E:\Project\Openh264\Source_WP8\codec\build\windowsphone\all\WelsVPLip.vcxproj" (target "_BuildLinkAction" depends on it):
     1>Done building target "PrepareForRun" in project "WelsVPLip.vcxproj".
       Target "CustomBuildStep" skipped, due to false condition; ('@(CustomBuildStep)' != '' and '$(SelectedFiles)'=='') was evaluated as ('' != '' and ''=='').
     1>Target "PostBuildEvent" in file "C:\Program Files (x86)\MSBuild\Microsoft.Cpp\v4.0\V110\Microsoft.CppCommon.targets" from project "E:\Project\Openh264\Source_WP8\codec\build\windowsphone\all\WelsVPLip.vcxproj" (target "_BuildLinkAction" depends on it):
       Task "Message" skipped, due to false condition; ('%(PostBuildEvent.Message)' != '' and '%(PostBuildEvent.Command)' != '') was evaluated as ('' != '' and '' != '').
       Task "Exec" skipped, due to false condition; ('%(PostBuildEvent.Command)' != '') was evaluated as ('' != '').
     1>Done building target "PostBuildEvent" in project "WelsVPLip.vcxproj".
     1>Target "_BuildLinkAction" in file "C:\Program Files (x86)\MSBuild\Microsoft.Cpp\v4.0\V110\Microsoft.CppBuild.targets" from project "E:\Project\Openh264\Source_WP8\codec\build\windowsphone\all\WelsVPLip.vcxproj" (target "BuildLink" depends on it):
     1>Done building target "_BuildLinkAction" in project "WelsVPLip.vcxproj".
     1>Target "BuildLink" in file "C:\Program Files (x86)\MSBuild\12.0\bin\Microsoft.Common.CurrentVersion.targets" from project "E:\Project\Openh264\Source_WP8\codec\build\windowsphone\all\WelsVPLip.vcxproj" (target "Build" depends on it):
     1>Done building target "BuildLink" in project "WelsVPLip.vcxproj".
       Target "CreateTfsBuildInfoResource" skipped, due to false condition; ( $(AddBuildInfoToAssembly)==true ) was evaluated as ( false==true ).
     1>Target "AfterBuild" in file "C:\Program Files (x86)\MSBuild\Microsoft.Cpp\v4.0\V110\Microsoft.BuildSteps.Targets" from project "E:\Project\Openh264\Source_WP8\codec\build\windowsphone\all\WelsVPLip.vcxproj" (target "Build" depends on it):
     1>Done building target "AfterBuild" in project "WelsVPLip.vcxproj".
     1>Target "FinalizeBuildStatus" in file "C:\Program Files (x86)\MSBuild\Microsoft.Cpp\v4.0\V110\Microsoft.CppBuild.targets" from project "E:\Project\Openh264\Source_WP8\codec\build\windowsphone\all\WelsVPLip.vcxproj" (target "Build" depends on it):
       Task "Delete"
         Deleting file "ARM\Debug\WelsVPLip.unsuccessfulbuild".
       Done executing task "Delete".
       Task "Touch"
         Touching "ARM\Debug\WelsVPLip.lastbuildstate".
       Done executing task "Touch".
     1>Done building target "FinalizeBuildStatus" in project "WelsVPLip.vcxproj".
     1>Target "Build" in file "C:\Program Files (x86)\MSBuild\Microsoft.Cpp\v4.0\V110\Microsoft.BuildSteps.Targets" from project "E:\Project\Openh264\Source_WP8\codec\build\windowsphone\all\WelsVPLip.vcxproj" (entry point):
     1>Done building target "Build" in project "WelsVPLip.vcxproj".
     1>Done Building Project "E:\Project\Openh264\Source_WP8\codec\build\windowsphone\all\WelsVPLip.vcxproj" (Build target(s)).

Build succeeded.

Time Elapsed 00:00:07.25
