e:\project\openh264\source_wp8\codec\build\windowsphone\enc\windowsphoneruntimecomponent1\release\vc110.pdb
e:\project\openh264\source_wp8\bin\win32\release\windowsphoneruntimecomponent1.dll
e:\project\openh264\source_wp8\bin\win32\release\windowsphoneruntimecomponent1.winmd
e:\project\openh264\source_wp8\bin\win32\release\windowsphoneruntimecomponent1.pdb
e:\project\openh264\source_wp8\bin\win32\release\windowsphoneruntimecomponent1.lib
e:\project\openh264\source_wp8\bin\win32\release\windowsphoneruntimecomponent1.exp
e:\project\openh264\source_wp8\codec\build\windowsphone\enc\windowsphoneruntimecomponent1\release\read_config.obj
e:\project\openh264\source_wp8\codec\build\windowsphone\enc\windowsphoneruntimecomponent1\release\welsenc.obj
e:\project\openh264\source_wp8\codec\build\windowsphone\enc\windowsphoneruntimecomponent1\release\windowsphoneruntimecomponent1.obj
e:\project\openh264\source_wp8\codec\build\windowsphone\enc\windowsphoneruntimecomponent1\release\cl.4340.read.1.tlog
e:\project\openh264\source_wp8\codec\build\windowsphone\enc\windowsphoneruntimecomponent1\release\cl.4340.write.1.tlog
e:\project\openh264\source_wp8\codec\build\windowsphone\enc\windowsphoneruntimecomponent1\release\cl.572.read.1.tlog
e:\project\openh264\source_wp8\codec\build\windowsphone\enc\windowsphoneruntimecomponent1\release\cl.572.write.1.tlog
e:\project\openh264\source_wp8\codec\build\windowsphone\enc\windowsphoneruntimecomponent1\release\cl.5916.read.1.tlog
e:\project\openh264\source_wp8\codec\build\windowsphone\enc\windowsphoneruntimecomponent1\release\cl.5916.write.1.tlog
e:\project\openh264\source_wp8\codec\build\windowsphone\enc\windowsphoneruntimecomponent1\release\cl.command.1.tlog
e:\project\openh264\source_wp8\codec\build\windowsphone\enc\windowsphoneruntimecomponent1\release\cl.read.1.tlog
e:\project\openh264\source_wp8\codec\build\windowsphone\enc\windowsphoneruntimecomponent1\release\cl.write.1.tlog
e:\project\openh264\source_wp8\codec\build\windowsphone\enc\windowsphoneruntimecomponent1\release\link.command.1.tlog
e:\project\openh264\source_wp8\codec\build\windowsphone\enc\windowsphoneruntimecomponent1\release\link.read.1.tlog
e:\project\openh264\source_wp8\codec\build\windowsphone\enc\windowsphoneruntimecomponent1\release\link.write.1.tlog
e:\project\openh264\source_wp8\codec\build\windowsphone\enc\windowsphoneruntimecomponent1\release\windowsphoneruntimecomponent1.write.1.tlog
e:\project\openh264\source_wp8\codec\build\windowsphone\enc\windowsphoneruntimecomponent1\..\..\..\..\..\bin\win32\release\windowsphoneruntimecomponent1.dll
