e:\project\openh264\source_wp8\codec\build\windowsphone\enc\arm\release\md.obj
e:\project\openh264\source_wp8\codec\build\windowsphone\enc\arm\release\mc.obj
e:\project\openh264\source_wp8\codec\build\windowsphone\enc\arm\release\get_intra_predictor.obj
e:\project\openh264\source_wp8\codec\build\windowsphone\enc\arm\release\encode_mb_aux.obj
e:\project\openh264\source_wp8\codec\build\windowsphone\enc\arm\release\encoder_ext.obj
e:\project\openh264\source_wp8\codec\build\windowsphone\enc\arm\release\encoder_data_tables.obj
e:\project\openh264\source_wp8\codec\build\windowsphone\enc\arm\release\encoder.obj
e:\project\openh264\source_wp8\codec\build\windowsphone\enc\arm\release\decode_mb_aux.obj
e:\project\openh264\source_wp8\codec\build\windowsphone\enc\arm\release\deblocking.obj
e:\project\openh264\source_wp8\codec\build\windowsphone\enc\arm\release\au_set.obj
e:\project\openh264\source_wp8\codec\build\windowsphone\enc\arm\release\welsthreadlib.obj
e:\project\openh264\source_wp8\codec\build\windowsphone\enc\arm\release\utils.obj
e:\project\openh264\source_wp8\codec\build\windowsphone\enc\arm\release\sad_common.obj
e:\project\openh264\source_wp8\codec\build\windowsphone\enc\arm\release\intra_pred_common.obj
e:\project\openh264\source_wp8\codec\build\windowsphone\enc\arm\release\expand_pic.obj
e:\project\openh264\source_wp8\codec\build\windowsphone\enc\arm\release\deblocking_common.obj
e:\project\openh264\source_wp8\codec\build\windowsphone\enc\arm\release\crt_util_safe_x.obj
e:\project\openh264\source_wp8\codec\build\windowsphone\enc\arm\release\cpu.obj
e:\project\openh264\source_wp8\codec\build\windowsphone\enc\arm\release\copy_mb.obj
e:\project\openh264\source_wp8\codec\build\windowsphone\enc\arm\release\common_tables.obj
e:\project\openh264\source_wp8\codec\build\windowsphone\enc\arm\release\wels_preprocess.obj
e:\project\openh264\source_wp8\codec\build\windowsphone\enc\arm\release\svc_set_mb_syn_cavlc.obj
e:\project\openh264\source_wp8\codec\build\windowsphone\enc\arm\release\svc_set_mb_syn_cabac.obj
e:\project\openh264\source_wp8\codec\build\windowsphone\enc\arm\release\svc_motion_estimate.obj
e:\project\openh264\source_wp8\codec\build\windowsphone\enc\arm\release\svc_mode_decision.obj
e:\project\openh264\source_wp8\codec\build\windowsphone\enc\arm\release\svc_enc_slice_segment.obj
e:\project\openh264\source_wp8\codec\build\windowsphone\enc\arm\release\svc_encode_slice.obj
e:\project\openh264\source_wp8\codec\build\windowsphone\enc\arm\release\svc_encode_mb.obj
e:\project\openh264\source_wp8\codec\build\windowsphone\enc\arm\release\svc_base_layer_md.obj
e:\project\openh264\source_wp8\codec\build\windowsphone\enc\arm\release\slice_multi_threading.obj
e:\project\openh264\source_wp8\codec\build\windowsphone\enc\arm\release\set_mb_syn_cavlc.obj
e:\project\openh264\source_wp8\codec\build\windowsphone\enc\arm\release\set_mb_syn_cabac.obj
e:\project\openh264\source_wp8\codec\build\windowsphone\enc\arm\release\sample.obj
e:\project\openh264\source_wp8\codec\build\windowsphone\enc\arm\release\ref_list_mgr_svc.obj
e:\project\openh264\source_wp8\codec\build\windowsphone\enc\arm\release\ratectl.obj
e:\project\openh264\source_wp8\codec\build\windowsphone\enc\arm\release\property.obj
e:\project\openh264\source_wp8\codec\build\windowsphone\enc\arm\release\picture_handle.obj
e:\project\openh264\source_wp8\codec\build\windowsphone\enc\arm\release\nal_encap.obj
e:\project\openh264\source_wp8\codec\build\windowsphone\enc\arm\release\mv_pred.obj
e:\project\openh264\source_wp8\codec\build\windowsphone\enc\arm\release\memory_align.obj
e:\project\openh264\source_wp8\codec\build\windowsphone\enc\arm\release\vc110.pdb
e:\project\openh264\source_wp8\bin\arm\release\welsecore.lib
e:\project\openh264\source_wp8\codec\build\windowsphone\enc\arm\release\welsenccore.vcxprojresolveassemblyreference.cache
e:\project\openh264\source_wp8\codec\build\windowsphone\enc\arm\release\cl.command.1.tlog
e:\project\openh264\source_wp8\codec\build\windowsphone\enc\arm\release\cl.read.1.tlog
e:\project\openh264\source_wp8\codec\build\windowsphone\enc\arm\release\cl.write.1.tlog
e:\project\openh264\source_wp8\codec\build\windowsphone\enc\arm\release\lib-link.read.1.tlog
e:\project\openh264\source_wp8\codec\build\windowsphone\enc\arm\release\lib-link.write.1.tlog
e:\project\openh264\source_wp8\codec\build\windowsphone\enc\arm\release\lib.command.1.tlog
e:\project\openh264\source_wp8\codec\build\windowsphone\enc\.\..\..\..\..\bin\arm\release\welsecore.lib
