e:\project\openh264\source_wp8\codec\processing\build\windowsphone\arm\release\vaacalcfuncs.obj
e:\project\openh264\source_wp8\codec\processing\build\windowsphone\arm\release\scrolldetectionfuncs.obj
e:\project\openh264\source_wp8\codec\processing\build\windowsphone\arm\release\scrolldetection.obj
e:\project\openh264\source_wp8\codec\processing\build\windowsphone\arm\release\scenechangedetection.obj
e:\project\openh264\source_wp8\codec\processing\build\windowsphone\arm\release\imagerotatefuncs.obj
e:\project\openh264\source_wp8\codec\processing\build\windowsphone\arm\release\imagerotate.obj
e:\project\openh264\source_wp8\codec\processing\build\windowsphone\arm\release\downsamplefuncs.obj
e:\project\openh264\source_wp8\codec\processing\build\windowsphone\arm\release\downsample.obj
e:\project\openh264\source_wp8\codec\processing\build\windowsphone\arm\release\denoise_filter.obj
e:\project\openh264\source_wp8\codec\processing\build\windowsphone\arm\release\denoise.obj
e:\project\openh264\source_wp8\codec\processing\build\windowsphone\arm\release\complexityanalysis.obj
e:\project\openh264\source_wp8\codec\processing\build\windowsphone\arm\release\welsframeworkex.obj
e:\project\openh264\source_wp8\codec\processing\build\windowsphone\arm\release\welsframework.obj
e:\project\openh264\source_wp8\codec\processing\build\windowsphone\arm\release\memory.obj
e:\project\openh264\source_wp8\codec\processing\build\windowsphone\arm\release\backgrounddetection.obj
e:\project\openh264\source_wp8\codec\processing\build\windowsphone\arm\release\adaptivequantization.obj
e:\project\openh264\source_wp8\codec\processing\build\windowsphone\arm\release\welsthreadlib.obj
e:\project\openh264\source_wp8\codec\processing\build\windowsphone\arm\release\sad_common.obj
e:\project\openh264\source_wp8\codec\processing\build\windowsphone\arm\release\intra_pred_common.obj
e:\project\openh264\source_wp8\codec\processing\build\windowsphone\arm\release\cpu.obj
e:\project\openh264\source_wp8\codec\processing\build\windowsphone\arm\release\vaacalculation.obj
e:\project\openh264\source_wp8\codec\processing\build\windowsphone\arm\release\vc110.pdb
e:\project\openh264\source_wp8\bin\arm\release\welsvp.dll
e:\project\openh264\source_wp8\bin\arm\release\welsvp.pdb
e:\project\openh264\source_wp8\bin\arm\release\welsvp.lib
e:\project\openh264\source_wp8\bin\arm\release\welsvp.exp
e:\project\openh264\source_wp8\codec\processing\build\windowsphone\arm\release\cl.command.1.tlog
e:\project\openh264\source_wp8\codec\processing\build\windowsphone\arm\release\cl.read.1.tlog
e:\project\openh264\source_wp8\codec\processing\build\windowsphone\arm\release\cl.write.1.tlog
e:\project\openh264\source_wp8\codec\processing\build\windowsphone\arm\release\link.command.1.tlog
e:\project\openh264\source_wp8\codec\processing\build\windowsphone\arm\release\link.read.1.tlog
e:\project\openh264\source_wp8\codec\processing\build\windowsphone\arm\release\link.write.1.tlog
e:\project\openh264\source_wp8\codec\processing\build\windowsphone\arm\release\welsvp.write.1.tlog
e:\project\openh264\source_wp8\codec\processing\build\windowsphone\..\..\..\..\bin\arm\release\welsvp.dll
