e:\project\openh264\source_wp8\codec\processing\build\windowsphone\welsvprtc\arm\debug\vc110.pdb
e:\project\openh264\source_wp8\bin\arm\debug\welsvp.ilk
e:\project\openh264\source_wp8\bin\arm\debug\welsvp.dll
e:\project\openh264\source_wp8\bin\arm\debug\welsvprtc.winmd
e:\project\openh264\source_wp8\bin\arm\debug\welsvp.pdb
e:\project\openh264\source_wp8\bin\arm\debug\welsvp.lib
e:\project\openh264\source_wp8\bin\arm\debug\welsvp.exp
e:\project\openh264\source_wp8\codec\processing\build\windowsphone\welsvprtc\arm\debug\welsvprtc.vcxprojresolveassemblyreference.cache
e:\project\openh264\source_wp8\codec\processing\build\windowsphone\welsvprtc\arm\debug\adaptivequantization.obj
e:\project\openh264\source_wp8\codec\processing\build\windowsphone\welsvprtc\arm\debug\backgrounddetection.obj
e:\project\openh264\source_wp8\codec\processing\build\windowsphone\welsvprtc\arm\debug\complexityanalysis.obj
e:\project\openh264\source_wp8\codec\processing\build\windowsphone\welsvprtc\arm\debug\cpu.obj
e:\project\openh264\source_wp8\codec\processing\build\windowsphone\welsvprtc\arm\debug\denoise.obj
e:\project\openh264\source_wp8\codec\processing\build\windowsphone\welsvprtc\arm\debug\denoise_filter.obj
e:\project\openh264\source_wp8\codec\processing\build\windowsphone\welsvprtc\arm\debug\downsample.obj
e:\project\openh264\source_wp8\codec\processing\build\windowsphone\welsvprtc\arm\debug\downsamplefuncs.obj
e:\project\openh264\source_wp8\codec\processing\build\windowsphone\welsvprtc\arm\debug\imagerotate.obj
e:\project\openh264\source_wp8\codec\processing\build\windowsphone\welsvprtc\arm\debug\imagerotatefuncs.obj
e:\project\openh264\source_wp8\codec\processing\build\windowsphone\welsvprtc\arm\debug\intra_pred_common.obj
e:\project\openh264\source_wp8\codec\processing\build\windowsphone\welsvprtc\arm\debug\memory.obj
e:\project\openh264\source_wp8\codec\processing\build\windowsphone\welsvprtc\arm\debug\sad_common.obj
e:\project\openh264\source_wp8\codec\processing\build\windowsphone\welsvprtc\arm\debug\scenechangedetection.obj
e:\project\openh264\source_wp8\codec\processing\build\windowsphone\welsvprtc\arm\debug\scrolldetection.obj
e:\project\openh264\source_wp8\codec\processing\build\windowsphone\welsvprtc\arm\debug\scrolldetectionfuncs.obj
e:\project\openh264\source_wp8\codec\processing\build\windowsphone\welsvprtc\arm\debug\vaacalcfuncs.obj
e:\project\openh264\source_wp8\codec\processing\build\windowsphone\welsvprtc\arm\debug\vaacalculation.obj
e:\project\openh264\source_wp8\codec\processing\build\windowsphone\welsvprtc\arm\debug\welsframework.obj
e:\project\openh264\source_wp8\codec\processing\build\windowsphone\welsvprtc\arm\debug\welsframeworkex.obj
e:\project\openh264\source_wp8\codec\processing\build\windowsphone\welsvprtc\arm\debug\welsthreadlib.obj
e:\project\openh264\source_wp8\codec\processing\build\windowsphone\welsvprtc\arm\debug\cl.3984.read.1.tlog
e:\project\openh264\source_wp8\codec\processing\build\windowsphone\welsvprtc\arm\debug\cl.3984.write.1.tlog
e:\project\openh264\source_wp8\codec\processing\build\windowsphone\welsvprtc\arm\debug\cl.4272.read.1.tlog
e:\project\openh264\source_wp8\codec\processing\build\windowsphone\welsvprtc\arm\debug\cl.4272.write.1.tlog
e:\project\openh264\source_wp8\codec\processing\build\windowsphone\welsvprtc\arm\debug\cl.6736.read.1.tlog
e:\project\openh264\source_wp8\codec\processing\build\windowsphone\welsvprtc\arm\debug\cl.6736.write.1.tlog
e:\project\openh264\source_wp8\codec\processing\build\windowsphone\welsvprtc\arm\debug\cl.7256.read.1.tlog
e:\project\openh264\source_wp8\codec\processing\build\windowsphone\welsvprtc\arm\debug\cl.7256.write.1.tlog
e:\project\openh264\source_wp8\codec\processing\build\windowsphone\welsvprtc\arm\debug\cl.command.1.tlog
e:\project\openh264\source_wp8\codec\processing\build\windowsphone\welsvprtc\arm\debug\cl.read.1.tlog
e:\project\openh264\source_wp8\codec\processing\build\windowsphone\welsvprtc\arm\debug\cl.write.1.tlog
e:\project\openh264\source_wp8\codec\processing\build\windowsphone\welsvprtc\arm\debug\link.command.1.tlog
e:\project\openh264\source_wp8\codec\processing\build\windowsphone\welsvprtc\arm\debug\link.read.1.tlog
e:\project\openh264\source_wp8\codec\processing\build\windowsphone\welsvprtc\arm\debug\link.write.1.tlog
e:\project\openh264\source_wp8\codec\processing\build\windowsphone\welsvprtc\arm\debug\welsvprtc.write.1.tlog
e:\project\openh264\source_wp8\codec\processing\build\windowsphone\welsvprtc\..\..\..\..\..\bin\arm\debug\welsvp.dll
