Build started 1/8/2015 2:24:35 PM.
     1>Project "E:\Project\Openh264\Source_WP8\codec\processing\build\windowsphone\WelsVPRTC\WelsVPRTC.vcxproj" on node 4 (Rebuild target(s)).
     1>ClCompile:
         C:\Program Files (x86)\Microsoft Visual Studio 11.0\VC\WPSDK\WP80\bin\x86_arm\CL.exe /c /I../../../../common/inc /I../../../interface /I../../../src/common /IE:\Project\Openh264\Source_WP8\codec\processing\build\windowsphone\WelsVPRTC\ /I"Generated Files\\" /IARM\Debug\ /AI"C:\Program Files (x86)\Windows Phone Kits\8.0\Windows Metadata" /Zi /ZW /ZW:nostdlib /nologo /W3 /WX- /sdl /MP /Od /Oy- /D _WINRT_DLL /D _WINDLL /D _UNICODE /D UNICODE /D _DEBUG /D WINAPI_FAMILY=WINAPI_FAMILY_PHONE_APP /Gm- /EHsc /RTC1 /MDd /GS /fp:precise /Zc:wchar_t /Zc:forScope /Fo"ARM\Debug\\" /Fd"ARM\Debug\vc110.pdb" /Gd /TP /FU"C:\Program Files (x86)\Microsoft Visual Studio 11.0\VC\WPSDK\WP80\lib\arm\platform.winmd" /FU"C:\Program Files (x86)\Windows Phone Kits\8.0\Windows Metadata\Windows.winmd" /analyze- /errorReport:prompt ..\..\..\..\common\src\cpu.cpp ..\..\..\..\common\src\intra_pred_common.cpp ..\..\..\..\common\src\sad_common.cpp ..\..\..\..\common\src\WelsThreadLib.cpp ..\..\..\src\adaptivequantization\AdaptiveQuantization.cpp ..\..\..\src\backgrounddetection\BackgroundDetection.cpp ..\..\..\src\common\memory.cpp ..\..\..\src\common\WelsFrameWork.cpp ..\..\..\src\common\WelsFrameWorkEx.cpp ..\..\..\src\complexityanalysis\ComplexityAnalysis.cpp ..\..\..\src\denoise\denoise.cpp ..\..\..\src\denoise\denoise_filter.cpp ..\..\..\src\downsample\downsample.cpp ..\..\..\src\downsample\downsamplefuncs.cpp ..\..\..\src\imagerotate\imagerotate.cpp ..\..\..\src\imagerotate\imagerotatefuncs.cpp ..\..\..\src\scenechangedetection\SceneChangeDetection.cpp ..\..\..\src\scrolldetection\ScrollDetection.cpp ..\..\..\src\scrolldetection\ScrollDetectionFuncs.cpp ..\..\..\src\vaacalc\vaacalcfuncs.cpp ..\..\..\src\vaacalc\vaacalculation.cpp
         cpu.cpp
         intra_pred_common.cpp
         sad_common.cpp
         WelsThreadLib.cpp
         AdaptiveQuantization.cpp
         BackgroundDetection.cpp
         memory.cpp
         WelsFrameWork.cpp
         WelsFrameWorkEx.cpp
         ComplexityAnalysis.cpp
         denoise.cpp
         denoise_filter.cpp
         downsample.cpp
         downsamplefuncs.cpp
         imagerotate.cpp
         imagerotatefuncs.cpp
         SceneChangeDetection.cpp
         ScrollDetection.cpp
         ScrollDetectionFuncs.cpp
         vaacalcfuncs.cpp
         vaacalculation.cpp
       Link:
         C:\Program Files (x86)\Microsoft Visual Studio 11.0\VC\WPSDK\WP80\bin\x86_arm\link.exe /ERRORREPORT:PROMPT /OUT:"..\..\..\..\..\bin\ARM\Debug\welsvp.dll" /INCREMENTAL /NOLOGO WindowsPhoneCore.lib RuntimeObject.lib PhoneAppModelHost.lib /NODEFAULTLIB:ole32.lib /DEF:"../../../src/common/WelsVP.def" /MANIFEST:NO /DEBUG /PDB:"..\..\..\..\..\bin\ARM\Debug\welsvp.pdb" /SUBSYSTEM:CONSOLE /TLBID:1 /WINMD /WINMDFILE:"..\..\..\..\..\bin\ARM\Debug\WelsVPRTC.winmd" /DYNAMICBASE /NXCOMPAT /MACHINE:ARM /DLL ARM\Debug\cpu.obj
         ARM\Debug\intra_pred_common.obj
         ARM\Debug\sad_common.obj
         ARM\Debug\WelsThreadLib.obj
         ARM\Debug\AdaptiveQuantization.obj
         ARM\Debug\BackgroundDetection.obj
         ARM\Debug\memory.obj
         ARM\Debug\WelsFrameWork.obj
         ARM\Debug\WelsFrameWorkEx.obj
         ARM\Debug\ComplexityAnalysis.obj
         ARM\Debug\denoise.obj
         ARM\Debug\denoise_filter.obj
         ARM\Debug\downsample.obj
         ARM\Debug\downsamplefuncs.obj
         ARM\Debug\imagerotate.obj
         ARM\Debug\imagerotatefuncs.obj
         ARM\Debug\SceneChangeDetection.obj
         ARM\Debug\ScrollDetection.obj
         ARM\Debug\ScrollDetectionFuncs.obj
         ARM\Debug\vaacalcfuncs.obj
         ARM\Debug\vaacalculation.obj
            Creating library ..\..\..\..\..\bin\ARM\Debug\welsvp.lib and object ..\..\..\..\..\bin\ARM\Debug\welsvp.exp
         WelsVPRTC.vcxproj -> E:\Project\Openh264\Source_WP8\codec\processing\build\windowsphone\WelsVPRTC\..\..\..\..\..\bin\ARM\Debug\welsvp.dll
     1>Done Building Project "E:\Project\Openh264\Source_WP8\codec\processing\build\windowsphone\WelsVPRTC\WelsVPRTC.vcxproj" (Rebuild target(s)).

Build succeeded.

Time Elapsed 00:00:09.60
