e:\project\openh264\source_wp8\codec\build\windowsphone\dec\arm\debug\manage_dec_ref.obj
e:\project\openh264\source_wp8\codec\build\windowsphone\dec\arm\debug\get_intra_predictor.obj
e:\project\openh264\source_wp8\codec\build\windowsphone\dec\arm\debug\fmo.obj
e:\project\openh264\source_wp8\codec\build\windowsphone\dec\arm\debug\error_concealment.obj
e:\project\openh264\source_wp8\codec\build\windowsphone\dec\arm\debug\decode_slice.obj
e:\project\openh264\source_wp8\codec\build\windowsphone\dec\arm\debug\decode_mb_aux.obj
e:\project\openh264\source_wp8\codec\build\windowsphone\dec\arm\debug\decoder_data_tables.obj
e:\project\openh264\source_wp8\codec\build\windowsphone\dec\arm\debug\decoder_core.obj
e:\project\openh264\source_wp8\codec\build\windowsphone\dec\arm\debug\decoder.obj
e:\project\openh264\source_wp8\codec\build\windowsphone\dec\arm\debug\deblocking.obj
e:\project\openh264\source_wp8\codec\build\windowsphone\dec\arm\debug\cabac_decoder.obj
e:\project\openh264\source_wp8\codec\build\windowsphone\dec\arm\debug\bit_stream.obj
e:\project\openh264\source_wp8\codec\build\windowsphone\dec\arm\debug\au_parser.obj
e:\project\openh264\source_wp8\codec\build\windowsphone\dec\arm\debug\utils.obj
e:\project\openh264\source_wp8\codec\build\windowsphone\dec\arm\debug\expand_pic.obj
e:\project\openh264\source_wp8\codec\build\windowsphone\dec\arm\debug\deblocking_common.obj
e:\project\openh264\source_wp8\codec\build\windowsphone\dec\arm\debug\crt_util_safe_x.obj
e:\project\openh264\source_wp8\codec\build\windowsphone\dec\arm\debug\cpu.obj
e:\project\openh264\source_wp8\codec\build\windowsphone\dec\arm\debug\copy_mb.obj
e:\project\openh264\source_wp8\codec\build\windowsphone\dec\arm\debug\common_tables.obj
e:\project\openh264\source_wp8\codec\build\windowsphone\dec\arm\debug\rec_mb.obj
e:\project\openh264\source_wp8\codec\build\windowsphone\dec\arm\debug\pic_queue.obj
e:\project\openh264\source_wp8\codec\build\windowsphone\dec\arm\debug\parse_mb_syn_cavlc.obj
e:\project\openh264\source_wp8\codec\build\windowsphone\dec\arm\debug\parse_mb_syn_cabac.obj
e:\project\openh264\source_wp8\codec\build\windowsphone\dec\arm\debug\mv_pred.obj
e:\project\openh264\source_wp8\codec\build\windowsphone\dec\arm\debug\mem_align.obj
e:\project\openh264\source_wp8\codec\build\windowsphone\dec\arm\debug\memmgr_nal_unit.obj
e:\project\openh264\source_wp8\codec\build\windowsphone\dec\arm\debug\mc.obj
e:\project\openh264\source_wp8\codec\build\windowsphone\dec\arm\debug\vc110.pdb
e:\project\openh264\source_wp8\codec\build\windowsphone\dec\arm\debug\welscodectrace.obj
e:\project\openh264\source_wp8\codec\build\windowsphone\dec\arm\debug\welsdecoderext.obj
e:\project\openh264\source_wp8\codec\build\windowsphone\dec\arm\debug\d3d9_utils.obj
e:\project\openh264\source_wp8\codec\build\windowsphone\dec\arm\debug\h264dec.obj
e:\project\openh264\source_wp8\codec\build\windowsphone\dec\arm\debug\read_config.obj
e:\project\openh264\source_wp8\codec\build\windowsphone\dec\arm\debug\decoderrtcomponent.obj
e:\project\openh264\source_wp8\bin\arm\debug\decoderrtcomponentv1.lib
e:\project\openh264\source_wp8\bin\arm\debug\decoderrtcomponentv1.exp
e:\project\openh264\source_wp8\bin\arm\debug\welsdcore.lib
e:\project\openh264\source_wp8\bin\arm\debug\welsdec.ilk
e:\project\openh264\source_wp8\bin\arm\debug\welsdec.dll
e:\project\openh264\source_wp8\bin\arm\debug\welsdecplus.winmd
e:\project\openh264\source_wp8\bin\arm\debug\welsdec.pdb
e:\project\openh264\source_wp8\bin\arm\debug\decoderrtcomponentv1.ilk
e:\project\openh264\source_wp8\bin\arm\debug\decoderrtcomponentv1.dll
e:\project\openh264\source_wp8\bin\arm\debug\decoderrtcomponent.winmd
e:\project\openh264\source_wp8\bin\arm\debug\decoderrtcomponentv1.pdb
e:\project\openh264\source_wp8\bin\arm\debug\welsdec.lib
e:\project\openh264\source_wp8\bin\arm\debug\welsdec.exp
e:\project\openh264\source_wp8\codec\build\windowsphone\dec\arm\debug\cl.3300.read.1.tlog
e:\project\openh264\source_wp8\codec\build\windowsphone\dec\arm\debug\cl.3300.write.1.tlog
e:\project\openh264\source_wp8\codec\build\windowsphone\dec\arm\debug\cl.4176.read.1.tlog
e:\project\openh264\source_wp8\codec\build\windowsphone\dec\arm\debug\cl.4176.write.1.tlog
e:\project\openh264\source_wp8\codec\build\windowsphone\dec\arm\debug\cl.6588.read.1.tlog
e:\project\openh264\source_wp8\codec\build\windowsphone\dec\arm\debug\cl.6588.write.1.tlog
e:\project\openh264\source_wp8\codec\build\windowsphone\dec\arm\debug\cl.7744.read.1.tlog
e:\project\openh264\source_wp8\codec\build\windowsphone\dec\arm\debug\cl.7744.write.1.tlog
e:\project\openh264\source_wp8\codec\build\windowsphone\dec\arm\debug\cl.8348.read.1.tlog
e:\project\openh264\source_wp8\codec\build\windowsphone\dec\arm\debug\cl.8348.write.1.tlog
e:\project\openh264\source_wp8\codec\build\windowsphone\dec\arm\debug\cl.9816.read.1.tlog
e:\project\openh264\source_wp8\codec\build\windowsphone\dec\arm\debug\cl.9816.write.1.tlog
e:\project\openh264\source_wp8\codec\build\windowsphone\dec\arm\debug\cl.command.1.tlog
e:\project\openh264\source_wp8\codec\build\windowsphone\dec\arm\debug\cl.read.1.tlog
e:\project\openh264\source_wp8\codec\build\windowsphone\dec\arm\debug\cl.write.1.tlog
e:\project\openh264\source_wp8\codec\build\windowsphone\dec\arm\debug\decoderrtcomponentv1.write.1.tlog
e:\project\openh264\source_wp8\codec\build\windowsphone\dec\arm\debug\lib-link.read.1.tlog
e:\project\openh264\source_wp8\codec\build\windowsphone\dec\arm\debug\lib-link.write.1.tlog
e:\project\openh264\source_wp8\codec\build\windowsphone\dec\arm\debug\lib.command.1.tlog
e:\project\openh264\source_wp8\codec\build\windowsphone\dec\arm\debug\link.command.1.tlog
e:\project\openh264\source_wp8\codec\build\windowsphone\dec\arm\debug\link.read.1.tlog
e:\project\openh264\source_wp8\codec\build\windowsphone\dec\arm\debug\link.write.1.tlog
e:\project\openh264\source_wp8\codec\build\windowsphone\dec\arm\debug\welsdecplus.write.1.tlog
e:\project\openh264\source_wp8\codec\build\windowsphone\dec\..\..\..\..\bin\arm\debug\decoderrtcomponentv1.dll
