e:\project\openh264\source_wp8\codec\build\windowsphone\dec\welsdecplus\arm\debug\vc110.pdb
e:\project\openh264\source_wp8\bin\arm\debug\welsdec.ilk
e:\project\openh264\source_wp8\bin\arm\debug\welsdec.dll
e:\project\openh264\source_wp8\bin\arm\debug\welsdecplus.winmd
e:\project\openh264\source_wp8\bin\arm\debug\welsdec.pdb
e:\project\openh264\source_wp8\bin\arm\debug\welsdec.lib
e:\project\openh264\source_wp8\bin\arm\debug\welsdec.exp
e:\project\openh264\source_wp8\codec\build\windowsphone\dec\welsdecplus\arm\debug\welscodectrace.obj
e:\project\openh264\source_wp8\codec\build\windowsphone\dec\welsdecplus\arm\debug\welsdecoderext.obj
e:\project\openh264\source_wp8\codec\build\windowsphone\dec\welsdecplus\arm\debug\cl.11036.read.1.tlog
e:\project\openh264\source_wp8\codec\build\windowsphone\dec\welsdecplus\arm\debug\cl.11036.write.1.tlog
e:\project\openh264\source_wp8\codec\build\windowsphone\dec\welsdecplus\arm\debug\cl.9116.read.1.tlog
e:\project\openh264\source_wp8\codec\build\windowsphone\dec\welsdecplus\arm\debug\cl.9116.write.1.tlog
e:\project\openh264\source_wp8\codec\build\windowsphone\dec\welsdecplus\arm\debug\cl.command.1.tlog
e:\project\openh264\source_wp8\codec\build\windowsphone\dec\welsdecplus\arm\debug\cl.read.1.tlog
e:\project\openh264\source_wp8\codec\build\windowsphone\dec\welsdecplus\arm\debug\cl.write.1.tlog
e:\project\openh264\source_wp8\codec\build\windowsphone\dec\welsdecplus\arm\debug\link.command.1.tlog
e:\project\openh264\source_wp8\codec\build\windowsphone\dec\welsdecplus\arm\debug\link.read.1.tlog
e:\project\openh264\source_wp8\codec\build\windowsphone\dec\welsdecplus\arm\debug\link.write.1.tlog
e:\project\openh264\source_wp8\codec\build\windowsphone\dec\welsdecplus\arm\debug\welsdecplus.write.1.tlog
e:\project\openh264\source_wp8\codec\build\windowsphone\dec\welsdecplus\..\..\..\..\..\bin\arm\debug\welsdec.dll
