Build started 1/20/2015 1:15:34 PM.
     1>Project "E:\Project\Openh264\Source_WP8\codec\build\windowsphone\enc\WindowsPhoneRuntimeComponent1\WindowsPhoneRuntimeComponent1.vcxproj" on node 2 (Clean target(s)).
     1>Building with tools version "12.0".
     1>Target "_CheckForInvalidConfigurationAndPlatform" in file "C:\Program Files (x86)\MSBuild\12.0\bin\Microsoft.Common.CurrentVersion.targets" from project "E:\Project\Openh264\Source_WP8\codec\build\windowsphone\enc\WindowsPhoneRuntimeComponent1\WindowsPhoneRuntimeComponent1.vcxproj" (entry point):
       Task "Error" skipped, due to false condition; ( '$(_InvalidConfigurationError)' == 'true' ) was evaluated as ( '' == 'true' ).
       Task "Warning" skipped, due to false condition; ( '$(_InvalidConfigurationWarning)' == 'true' ) was evaluated as ( '' == 'true' ).
       Using "Message" task from assembly "Microsoft.Build.Tasks.v12.0, Version=12.0.0.0, Culture=neutral, PublicKeyToken=b03f5f7f11d50a3a".
       Task "Message"
         Configuration=Debug
       Done executing task "Message".
       Task "Message"
         Platform=ARM
       Done executing task "Message".
       Task "Error" skipped, due to false condition; ('$(OutDir)' != '' and !HasTrailingSlash('$(OutDir)')) was evaluated as ('..\..\..\..\..\bin\ARM\Debug\' != '' and !HasTrailingSlash('..\..\..\..\..\bin\ARM\Debug\')).
       Task "Error" skipped, due to false condition; ('$(BaseIntermediateOutputPath)' != '' and !HasTrailingSlash('$(BaseIntermediateOutputPath)')) was evaluated as ('obj\' != '' and !HasTrailingSlash('obj\')).
       Task "Error" skipped, due to false condition; ('$(IntermediateOutputPath)' != '' and !HasTrailingSlash('$(IntermediateOutputPath)')) was evaluated as ('ARM\Debug\' != '' and !HasTrailingSlash('ARM\Debug\')).
     1>Done building target "_CheckForInvalidConfigurationAndPlatform" in project "WindowsPhoneRuntimeComponent1.vcxproj".
     1>Target "MSBuild64BitCheck" in file "C:\Program Files (x86)\MSBuild\Microsoft\WindowsPhone\v8.0\Microsoft.Cpp.WindowsPhone.8.0.targets" from project "E:\Project\Openh264\Source_WP8\codec\build\windowsphone\enc\WindowsPhoneRuntimeComponent1\WindowsPhoneRuntimeComponent1.vcxproj" (entry point):
       Task "Error" skipped, due to false condition; ('$([System.Environment]::Is64BitProcess)'=='True') was evaluated as ('False'=='True').
     1>Done building target "MSBuild64BitCheck" in project "WindowsPhoneRuntimeComponent1.vcxproj".
     1>Target "_PrepareForClean" in file "C:\Program Files (x86)\MSBuild\Microsoft.Cpp\v4.0\V110\Microsoft.BuildSteps.Targets" from project "E:\Project\Openh264\Source_WP8\codec\build\windowsphone\enc\WindowsPhoneRuntimeComponent1\WindowsPhoneRuntimeComponent1.vcxproj" (target "Clean" depends on it):
       Using "Delete" task from assembly "Microsoft.Build.Tasks.v12.0, Version=12.0.0.0, Culture=neutral, PublicKeyToken=b03f5f7f11d50a3a".
       Task "Delete"
         Deleting file "ARM\Debug\WindowsPhoneRuntimeComponent1.lastbuildstate".
       Done executing task "Delete".
     1>Done building target "_PrepareForClean" in project "WindowsPhoneRuntimeComponent1.vcxproj".
     1>Target "BeforeClean" in file "C:\Program Files (x86)\MSBuild\12.0\bin\Microsoft.Common.CurrentVersion.targets" from project "E:\Project\Openh264\Source_WP8\codec\build\windowsphone\enc\WindowsPhoneRuntimeComponent1\WindowsPhoneRuntimeComponent1.vcxproj" (target "Clean" depends on it):
     1>Done building target "BeforeClean" in project "WindowsPhoneRuntimeComponent1.vcxproj".
       Target "UnmanagedUnregistration" skipped, due to false condition; ((('$(_AssemblyTimestampBeforeCompile)' != '$(_AssemblyTimestampAfterCompile)' or '$(RegisterForComInterop)' != 'true' or '$(OutputType)' != 'library') or
                           ('$(_AssemblyTimestampBeforeCompile)' == '')) and
                          Exists('@(_UnmanagedRegistrationCache)')) was evaluated as ((('' != '' or '' != 'true' or 'library' != 'library') or
                           ('' == '')) and
                          Exists('obj\WindowsPhoneRuntimeComponent1.vcxproj.UnmanagedRegistration.cache')).
     1>Target "CoreClean" in file "C:\Program Files (x86)\MSBuild\12.0\bin\Microsoft.Common.CurrentVersion.targets" from project "E:\Project\Openh264\Source_WP8\codec\build\windowsphone\enc\WindowsPhoneRuntimeComponent1\WindowsPhoneRuntimeComponent1.vcxproj" (target "Clean" depends on it):
       Task "Delete"
         File "ARM\Debug\\TempCA\WindowsPhoneRuntimeComponent1.pdb" doesn't exist. Skipping.
         File "ARM\Debug\\TempCA\WindowsPhoneRuntimeComponent1.dll" doesn't exist. Skipping.
       Done executing task "Delete".
       Using "ReadLinesFromFile" task from assembly "Microsoft.Build.Tasks.v12.0, Version=12.0.0.0, Culture=neutral, PublicKeyToken=b03f5f7f11d50a3a".
       Task "ReadLinesFromFile"
       Done executing task "ReadLinesFromFile".
       Using "FindUnderPath" task from assembly "Microsoft.Build.Tasks.v12.0, Version=12.0.0.0, Culture=neutral, PublicKeyToken=b03f5f7f11d50a3a".
       Task "FindUnderPath"
         Comparison path is "..\..\..\..\..\bin\ARM\Debug\".
       Done executing task "FindUnderPath".
       Task "FindUnderPath"
         Comparison path is "ARM\Debug\".
       Done executing task "FindUnderPath".
       Task "Delete"
       Done executing task "Delete".
       Using "RemoveDuplicates" task from assembly "Microsoft.Build.Tasks.v12.0, Version=12.0.0.0, Culture=neutral, PublicKeyToken=b03f5f7f11d50a3a".
       Task "RemoveDuplicates"
       Done executing task "RemoveDuplicates".
       Using "MakeDir" task from assembly "Microsoft.Build.Tasks.v12.0, Version=12.0.0.0, Culture=neutral, PublicKeyToken=b03f5f7f11d50a3a".
       Task "MakeDir"
       Done executing task "MakeDir".
       Using "WriteLinesToFile" task from assembly "Microsoft.Build.Tasks.v12.0, Version=12.0.0.0, Culture=neutral, PublicKeyToken=b03f5f7f11d50a3a".
       Task "WriteLinesToFile"
       Done executing task "WriteLinesToFile".
     1>Done building target "CoreClean" in project "WindowsPhoneRuntimeComponent1.vcxproj".
     1>Target "AssignProjectConfiguration" in file "C:\Program Files (x86)\MSBuild\12.0\bin\Microsoft.Common.CurrentVersion.targets" from project "E:\Project\Openh264\Source_WP8\codec\build\windowsphone\enc\WindowsPhoneRuntimeComponent1\WindowsPhoneRuntimeComponent1.vcxproj" (target "CleanReferencedProjects" depends on it):
       Using "AssignProjectConfiguration" task from assembly "Microsoft.Build.Tasks.v12.0, Version=12.0.0.0, Culture=neutral, PublicKeyToken=b03f5f7f11d50a3a".
       Task "AssignProjectConfiguration"
       Done executing task "AssignProjectConfiguration".
     1>Done building target "AssignProjectConfiguration" in project "WindowsPhoneRuntimeComponent1.vcxproj".
     1>Target "_SplitProjectReferencesByFileExistence" in file "C:\Program Files (x86)\MSBuild\12.0\bin\Microsoft.Common.CurrentVersion.targets" from project "E:\Project\Openh264\Source_WP8\codec\build\windowsphone\enc\WindowsPhoneRuntimeComponent1\WindowsPhoneRuntimeComponent1.vcxproj" (target "CleanReferencedProjects" depends on it):
       Task "ResolveNonMSBuildProjectOutput" skipped, due to false condition; ('$(BuildingInsideVisualStudio)'=='true' and '@(ProjectReferenceWithConfiguration)'!='') was evaluated as ('true'=='true' and ''!='').
     1>Done building target "_SplitProjectReferencesByFileExistence" in project "WindowsPhoneRuntimeComponent1.vcxproj".
     1>Target "CleanReferencedProjects" in file "C:\Program Files (x86)\MSBuild\12.0\bin\Microsoft.Common.CurrentVersion.targets" from project "E:\Project\Openh264\Source_WP8\codec\build\windowsphone\enc\WindowsPhoneRuntimeComponent1\WindowsPhoneRuntimeComponent1.vcxproj" (target "Clean" depends on it):
       Task "MSBuild" skipped, due to false condition; ('$(BuildingInsideVisualStudio)' != 'true' and '$(BuildProjectReferences)' == 'true' and '@(_MSBuildProjectReferenceExistent)' != '') was evaluated as ('true' != 'true' and 'true' == 'true' and '' != '').
     1>Done building target "CleanReferencedProjects" in project "WindowsPhoneRuntimeComponent1.vcxproj".
     1>Target "CleanPublishFolder" in file "C:\Program Files (x86)\MSBuild\12.0\bin\Microsoft.Common.CurrentVersion.targets" from project "E:\Project\Openh264\Source_WP8\codec\build\windowsphone\enc\WindowsPhoneRuntimeComponent1\WindowsPhoneRuntimeComponent1.vcxproj" (target "Clean" depends on it):
       Task "RemoveDir" skipped, due to false condition; ('$(PublishDir)'=='$(OutputPath)app.publish\' and Exists('$(PublishDir)')) was evaluated as ('..\..\..\..\..\bin\ARM\Debug\app.publish\'=='..\..\..\..\..\bin\ARM\Debug\app.publish\' and Exists('..\..\..\..\..\bin\ARM\Debug\app.publish\')).
     1>Done building target "CleanPublishFolder" in project "WindowsPhoneRuntimeComponent1.vcxproj".
     1>Target "AfterClean" in file "C:\Program Files (x86)\MSBuild\12.0\bin\Microsoft.Common.CurrentVersion.targets" from project "E:\Project\Openh264\Source_WP8\codec\build\windowsphone\enc\WindowsPhoneRuntimeComponent1\WindowsPhoneRuntimeComponent1.vcxproj" (target "Clean" depends on it):
     1>Done building target "AfterClean" in project "WindowsPhoneRuntimeComponent1.vcxproj".
     1>Target "BeforeCppClean" in file "C:\Program Files (x86)\MSBuild\Microsoft.Cpp\v4.0\V120\Microsoft.CppClean.targets" from project "E:\Project\Openh264\Source_WP8\codec\build\windowsphone\enc\WindowsPhoneRuntimeComponent1\WindowsPhoneRuntimeComponent1.vcxproj" (target "CppClean" depends on it):
     1>Done building target "BeforeCppClean" in project "WindowsPhoneRuntimeComponent1.vcxproj".
     1>Target "CoreCppClean" in file "C:\Program Files (x86)\MSBuild\Microsoft.Cpp\v4.0\V120\Microsoft.CppClean.targets" from project "E:\Project\Openh264\Source_WP8\codec\build\windowsphone\enc\WindowsPhoneRuntimeComponent1\WindowsPhoneRuntimeComponent1.vcxproj" (target "CppClean" depends on it):
       Task "MakeDir"
       Done executing task "MakeDir".
       Using "CppClean" task from assembly "C:\Program Files (x86)\MSBuild\Microsoft.Cpp\v4.0\V120\Microsoft.Build.CppTasks.Common.dll".
       Task "CppClean"
       Done executing task "CppClean".
       Task "WriteLinesToFile"
       Done executing task "WriteLinesToFile".
     1>Done building target "CoreCppClean" in project "WindowsPhoneRuntimeComponent1.vcxproj".
     1>Target "AfterCppClean" in file "C:\Program Files (x86)\MSBuild\Microsoft.Cpp\v4.0\V120\Microsoft.CppClean.targets" from project "E:\Project\Openh264\Source_WP8\codec\build\windowsphone\enc\WindowsPhoneRuntimeComponent1\WindowsPhoneRuntimeComponent1.vcxproj" (target "CppClean" depends on it):
     1>Done building target "AfterCppClean" in project "WindowsPhoneRuntimeComponent1.vcxproj".
     1>Target "PGInstrumentedClean" in file "C:\Program Files (x86)\MSBuild\Microsoft.Cpp\v4.0\V120\Microsoft.CppClean.targets" from project "E:\Project\Openh264\Source_WP8\codec\build\windowsphone\enc\WindowsPhoneRuntimeComponent1\WindowsPhoneRuntimeComponent1.vcxproj" (target "CppClean" depends on it):
       Task "Delete"
       Done executing task "Delete".
     1>Done building target "PGInstrumentedClean" in project "WindowsPhoneRuntimeComponent1.vcxproj".
     1>Target "CppClean" in file "C:\Program Files (x86)\MSBuild\Microsoft.Cpp\v4.0\V120\Microsoft.CppClean.targets" from project "E:\Project\Openh264\Source_WP8\codec\build\windowsphone\enc\WindowsPhoneRuntimeComponent1\WindowsPhoneRuntimeComponent1.vcxproj" (target "Clean" depends on it):
     1>Done building target "CppClean" in project "WindowsPhoneRuntimeComponent1.vcxproj".
     1>Target "Clean" in file "C:\Program Files (x86)\MSBuild\12.0\bin\Microsoft.Common.CurrentVersion.targets" from project "E:\Project\Openh264\Source_WP8\codec\build\windowsphone\enc\WindowsPhoneRuntimeComponent1\WindowsPhoneRuntimeComponent1.vcxproj" (entry point):
     1>Done building target "Clean" in project "WindowsPhoneRuntimeComponent1.vcxproj".
     1>Done Building Project "E:\Project\Openh264\Source_WP8\codec\build\windowsphone\enc\WindowsPhoneRuntimeComponent1\WindowsPhoneRuntimeComponent1.vcxproj" (Clean target(s)).

Build succeeded.

Time Elapsed 00:00:00.02
