e:\project\openh264\source_wp8\codec\build\windowsphone\enc\windowsphoneruntimecomponent1\arm\debug\vc110.pdb
e:\project\openh264\source_wp8\bin\arm\debug\windowsphoneruntimecomponent1.ilk
e:\project\openh264\source_wp8\bin\arm\debug\windowsphoneruntimecomponent1.dll
e:\project\openh264\source_wp8\bin\arm\debug\windowsphoneruntimecomponent1.winmd
e:\project\openh264\source_wp8\bin\arm\debug\windowsphoneruntimecomponent1.pdb
e:\project\openh264\source_wp8\bin\arm\debug\windowsphoneruntimecomponent1.lib
e:\project\openh264\source_wp8\bin\arm\debug\windowsphoneruntimecomponent1.exp
e:\project\openh264\source_wp8\codec\build\windowsphone\enc\windowsphoneruntimecomponent1\arm\debug\read_config.obj
e:\project\openh264\source_wp8\codec\build\windowsphone\enc\windowsphoneruntimecomponent1\arm\debug\welsenc.obj
e:\project\openh264\source_wp8\codec\build\windowsphone\enc\windowsphoneruntimecomponent1\arm\debug\windowsphoneruntimecomponent1.obj
e:\project\openh264\source_wp8\codec\build\windowsphone\enc\windowsphoneruntimecomponent1\arm\debug\cl.8928.read.1.tlog
e:\project\openh264\source_wp8\codec\build\windowsphone\enc\windowsphoneruntimecomponent1\arm\debug\cl.8928.write.1.tlog
e:\project\openh264\source_wp8\codec\build\windowsphone\enc\windowsphoneruntimecomponent1\arm\debug\cl.9564.read.1.tlog
e:\project\openh264\source_wp8\codec\build\windowsphone\enc\windowsphoneruntimecomponent1\arm\debug\cl.9564.write.1.tlog
e:\project\openh264\source_wp8\codec\build\windowsphone\enc\windowsphoneruntimecomponent1\arm\debug\cl.9972.read.1.tlog
e:\project\openh264\source_wp8\codec\build\windowsphone\enc\windowsphoneruntimecomponent1\arm\debug\cl.9972.write.1.tlog
e:\project\openh264\source_wp8\codec\build\windowsphone\enc\windowsphoneruntimecomponent1\arm\debug\cl.command.1.tlog
e:\project\openh264\source_wp8\codec\build\windowsphone\enc\windowsphoneruntimecomponent1\arm\debug\cl.read.1.tlog
e:\project\openh264\source_wp8\codec\build\windowsphone\enc\windowsphoneruntimecomponent1\arm\debug\cl.write.1.tlog
e:\project\openh264\source_wp8\codec\build\windowsphone\enc\windowsphoneruntimecomponent1\arm\debug\link.command.1.tlog
e:\project\openh264\source_wp8\codec\build\windowsphone\enc\windowsphoneruntimecomponent1\arm\debug\link.read.1.tlog
e:\project\openh264\source_wp8\codec\build\windowsphone\enc\windowsphoneruntimecomponent1\arm\debug\link.write.1.tlog
e:\project\openh264\source_wp8\codec\build\windowsphone\enc\windowsphoneruntimecomponent1\arm\debug\windowsphoneruntimecomponent1.write.1.tlog
e:\project\openh264\source_wp8\codec\build\windowsphone\enc\windowsphoneruntimecomponent1\..\..\..\..\..\bin\arm\debug\windowsphoneruntimecomponent1.dll
