e:\project\openh264\source_wp8\codec\build\windowsphone\enc\windowsphoneruntimecomponent1\arm\release\vc110.pdb
e:\project\openh264\source_wp8\bin\arm\release\windowsphoneruntimecomponent1.dll
e:\project\openh264\source_wp8\bin\arm\release\windowsphoneruntimecomponent1.winmd
e:\project\openh264\source_wp8\bin\arm\release\windowsphoneruntimecomponent1.pdb
e:\project\openh264\source_wp8\bin\arm\release\windowsphoneruntimecomponent1.lib
e:\project\openh264\source_wp8\bin\arm\release\windowsphoneruntimecomponent1.exp
e:\project\openh264\source_wp8\codec\build\windowsphone\enc\windowsphoneruntimecomponent1\arm\release\read_config.obj
e:\project\openh264\source_wp8\codec\build\windowsphone\enc\windowsphoneruntimecomponent1\arm\release\welsenc.obj
e:\project\openh264\source_wp8\codec\build\windowsphone\enc\windowsphoneruntimecomponent1\arm\release\windowsphoneruntimecomponent1.obj
e:\project\openh264\source_wp8\codec\build\windowsphone\enc\windowsphoneruntimecomponent1\arm\release\cl.4472.read.1.tlog
e:\project\openh264\source_wp8\codec\build\windowsphone\enc\windowsphoneruntimecomponent1\arm\release\cl.4472.write.1.tlog
e:\project\openh264\source_wp8\codec\build\windowsphone\enc\windowsphoneruntimecomponent1\arm\release\cl.4568.read.1.tlog
e:\project\openh264\source_wp8\codec\build\windowsphone\enc\windowsphoneruntimecomponent1\arm\release\cl.4568.write.1.tlog
e:\project\openh264\source_wp8\codec\build\windowsphone\enc\windowsphoneruntimecomponent1\arm\release\cl.9392.read.1.tlog
e:\project\openh264\source_wp8\codec\build\windowsphone\enc\windowsphoneruntimecomponent1\arm\release\cl.9392.write.1.tlog
e:\project\openh264\source_wp8\codec\build\windowsphone\enc\windowsphoneruntimecomponent1\arm\release\cl.command.1.tlog
e:\project\openh264\source_wp8\codec\build\windowsphone\enc\windowsphoneruntimecomponent1\arm\release\cl.read.1.tlog
e:\project\openh264\source_wp8\codec\build\windowsphone\enc\windowsphoneruntimecomponent1\arm\release\cl.write.1.tlog
e:\project\openh264\source_wp8\codec\build\windowsphone\enc\windowsphoneruntimecomponent1\arm\release\link.command.1.tlog
e:\project\openh264\source_wp8\codec\build\windowsphone\enc\windowsphoneruntimecomponent1\arm\release\link.read.1.tlog
e:\project\openh264\source_wp8\codec\build\windowsphone\enc\windowsphoneruntimecomponent1\arm\release\link.write.1.tlog
e:\project\openh264\source_wp8\codec\build\windowsphone\enc\windowsphoneruntimecomponent1\arm\release\windowsphoneruntimecomponent1.write.1.tlog
e:\project\openh264\source_wp8\codec\build\windowsphone\enc\windowsphoneruntimecomponent1\..\..\..\..\..\bin\arm\release\windowsphoneruntimecomponent1.dll
